RUN	demoAdvancedIk.DemoAdvanced	demoadvanced	1644847941244	 	3.6.1
USER	DemoAdvanced	START	1644847942245
REQUEST		request_0	1644847942263	1644847942408	OK	 
REQUEST		request_1	1644847944460	1644847944529	OK	 
REQUEST		request_2	1644847946534	1644847946616	OK	 
REQUEST		request_3	1644847947626	1644847947644	OK	 
REQUEST		request_4	1644847951654	1644847951685	OK	 
REQUEST		request_4 Redirect 1	1644847951687	1644847951705	OK	 
REQUEST		request_0	1644847952711	1644847952719	OK	 
USER	DemoAdvanced	START	1644847954229
REQUEST		request_5	1644847954229	1644847954282	OK	 
REQUEST		request_1	1644847954726	1644847954731	OK	 
REQUEST		request_2	1644847956737	1644847956754	OK	 
REQUEST		request_3	1644847957758	1644847957766	OK	 
REQUEST		request_6	1644847959289	1644847959306	OK	 
REQUEST		request_4	1644847961771	1644847961779	OK	 
REQUEST		request_4 Redirect 1	1644847961779	1644847961788	OK	 
REQUEST		request_0	1644847962792	1644847962797	OK	 
REQUEST		request_7	1644847964311	1644847964327	OK	 
REQUEST		request_1	1644847964801	1644847964805	OK	 
USER	DemoAdvanced	START	1644847966228
REQUEST		request_0	1644847966229	1644847966242	OK	 
REQUEST		request_2	1644847966808	1644847966815	OK	 
REQUEST		request_3	1644847967819	1644847967827	OK	 
REQUEST		request_1	1644847968243	1644847968249	OK	 
REQUEST		request_2	1644847970253	1644847970260	OK	 
REQUEST		request_8	1644847970334	1644847970358	OK	 
REQUEST		request_3	1644847971262	1644847971270	OK	 
REQUEST		request_4	1644847971828	1644847971834	OK	 
REQUEST		request_4 Redirect 1	1644847971834	1644847971844	OK	 
REQUEST		request_0	1644847972851	1644847972855	OK	 
REQUEST		request_9	1644847973361	1644847973381	OK	 
REQUEST		request_9 Redirect 1	1644847973381	1644847973392	OK	 
REQUEST		request_1	1644847974858	1644847974868	OK	 
REQUEST		request_4	1644847975273	1644847975279	OK	 
REQUEST		request_4 Redirect 1	1644847975279	1644847975289	OK	 
REQUEST		request_10	1644847975395	1644847975407	OK	 
REQUEST		request_0	1644847976294	1644847976298	OK	 
REQUEST		request_2	1644847976871	1644847976877	OK	 
REQUEST		request_3	1644847977880	1644847977887	OK	 
USER	DemoAdvanced	START	1644847978226
REQUEST		request_0	1644847978227	1644847978239	OK	 
REQUEST		request_1	1644847978300	1644847978304	OK	 
REQUEST		request_11	1644847979413	1644847979424	OK	 
REQUEST		request_11 Redirect 1	1644847979424	1644847979438	OK	 
REQUEST		request_1	1644847980241	1644847980247	OK	 
REQUEST		request_2	1644847980310	1644847980315	OK	 
REQUEST		request_3	1644847981319	1644847981326	OK	 
REQUEST		request_4	1644847981893	1644847981900	OK	 
REQUEST		request_4 Redirect 1	1644847981901	1644847981908	OK	 
REQUEST		request_2	1644847982252	1644847982261	OK	 
REQUEST		request_0	1644847982910	1644847982915	OK	 
REQUEST		request_3	1644847983268	1644847983274	OK	 
REQUEST		request_12	1644847984445	1644847984458	OK	 
REQUEST		request_1	1644847984920	1644847984924	OK	 
REQUEST		request_4	1644847985328	1644847985335	OK	 
REQUEST		request_4 Redirect 1	1644847985335	1644847985343	OK	 
REQUEST		request_0	1644847986347	1644847986350	OK	 
REQUEST		request_2	1644847986926	1644847986932	OK	 
REQUEST		request_4	1644847987276	1644847987284	OK	 
REQUEST		request_4 Redirect 1	1644847987284	1644847987293	OK	 
REQUEST		request_13	1644847987462	1644847987470	OK	 
REQUEST		request_5	1644847987471	1644847987481	OK	 
REQUEST		request_3	1644847987935	1644847987943	OK	 
REQUEST		request_0	1644847988295	1644847988301	OK	 
REQUEST		request_1	1644847988353	1644847988357	OK	 
USER	DemoAdvanced	START	1644847990228
REQUEST		request_5	1644847990229	1644847990246	OK	 
REQUEST		request_1	1644847990305	1644847990311	OK	 
REQUEST		request_2	1644847990362	1644847990367	OK	 
REQUEST		request_3	1644847991368	1644847991377	OK	 
REQUEST		request_4	1644847991944	1644847991949	OK	 
REQUEST		request_4 Redirect 1	1644847991949	1644847991956	OK	 
REQUEST		request_2	1644847992313	1644847992320	OK	 
REQUEST		request_6	1644847992486	1644847992496	OK	 
REQUEST		request_0	1644847992961	1644847992965	OK	 
REQUEST		request_3	1644847993327	1644847993338	OK	 
REQUEST		request_1	1644847994967	1644847994973	OK	 
REQUEST		request_6	1644847995250	1644847995260	OK	 
REQUEST		request_4	1644847995380	1644847995385	OK	 
REQUEST		request_4 Redirect 1	1644847995386	1644847995398	OK	 
REQUEST		request_5	1644847996401	1644847996408	OK	 
REQUEST		request_2	1644847996974	1644847996982	OK	 
REQUEST		request_4	1644847997341	1644847997348	OK	 
REQUEST		request_4 Redirect 1	1644847997348	1644847997366	OK	 
REQUEST		request_7	1644847997503	1644847997525	OK	 
REQUEST		request_3	1644847997988	1644847997995	OK	 
REQUEST		request_0	1644847998371	1644847998375	OK	 
REQUEST		request_7	1644848000265	1644848000278	OK	 
REQUEST		request_1	1644848000380	1644848000384	OK	 
REQUEST		request_6	1644848001410	1644848001419	OK	 
REQUEST		request_4	1644848002000	1644848002008	OK	 
REQUEST		request_4 Redirect 1	1644848002008	1644848002016	OK	 
REQUEST		request_2	1644848002386	1644848002393	OK	 
USER	DemoAdvanced	END	1644848003019
REQUEST		request_3	1644848003398	1644848003405	OK	 
REQUEST		request_8	1644848003527	1644848003537	OK	 
REQUEST		request_8	1644848006281	1644848006289	OK	 
REQUEST		request_7	1644848006423	1644848006431	OK	 
REQUEST		request_9	1644848006544	1644848006554	OK	 
REQUEST		request_9 Redirect 1	1644848006554	1644848006567	OK	 
REQUEST		request_4	1644848007409	1644848007417	OK	 
REQUEST		request_4 Redirect 1	1644848007417	1644848007425	OK	 
REQUEST		request_5	1644848008429	1644848008438	OK	 
REQUEST		request_10	1644848008570	1644848008578	OK	 
REQUEST		request_9	1644848009296	1644848009305	OK	 
REQUEST		request_9 Redirect 1	1644848009305	1644848009311	OK	 
REQUEST		request_10	1644848011314	1644848011323	OK	 
REQUEST		request_8	1644848012434	1644848012447	OK	 
REQUEST		request_11	1644848012585	1644848012593	OK	 
REQUEST		request_11 Redirect 1	1644848012594	1644848012603	OK	 
REQUEST		request_6	1644848013443	1644848013452	OK	 
REQUEST		request_11	1644848015326	1644848015334	OK	 
REQUEST		request_11 Redirect 1	1644848015334	1644848015343	OK	 
REQUEST		request_9	1644848015449	1644848015462	OK	 
REQUEST		request_9 Redirect 1	1644848015462	1644848015477	OK	 
REQUEST		request_10	1644848017480	1644848017491	OK	 
REQUEST		request_12	1644848017607	1644848017613	OK	 
REQUEST		request_7	1644848018455	1644848018467	OK	 
REQUEST		request_12	1644848020348	1644848020351	OK	 
REQUEST		request_13	1644848020617	1644848020623	OK	 
USER	DemoAdvanced	END	1644848020623
REQUEST		request_11	1644848021497	1644848021502	OK	 
REQUEST		request_11 Redirect 1	1644848021503	1644848021512	OK	 
REQUEST		request_13	1644848023355	1644848023358	OK	 
REQUEST		request_5	1644848023358	1644848023367	OK	 
REQUEST		request_8	1644848024471	1644848024479	OK	 
REQUEST		request_12	1644848026518	1644848026524	OK	 
REQUEST		request_9	1644848027482	1644848027490	OK	 
REQUEST		request_9 Redirect 1	1644848027490	1644848027499	OK	 
REQUEST		request_6	1644848028370	1644848028381	OK	 
REQUEST		request_10	1644848029505	1644848029513	OK	 
REQUEST		request_13	1644848029527	1644848029531	OK	 
USER	DemoAdvanced	END	1644848029531
REQUEST		request_7	1644848033388	1644848033401	OK	 
REQUEST		request_11	1644848033518	1644848033526	OK	 
REQUEST		request_11 Redirect 1	1644848033526	1644848033534	OK	 
REQUEST		request_12	1644848038540	1644848038545	OK	 
REQUEST		request_8	1644848039406	1644848039418	OK	 
REQUEST		request_13	1644848041551	1644848041554	OK	 
USER	DemoAdvanced	END	1644848041554
REQUEST		request_9	1644848042423	1644848042432	OK	 
REQUEST		request_9 Redirect 1	1644848042432	1644848042444	OK	 
REQUEST		request_10	1644848044446	1644848044456	OK	 
REQUEST		request_11	1644848048461	1644848048467	OK	 
REQUEST		request_11 Redirect 1	1644848048467	1644848048473	OK	 
REQUEST		request_12	1644848053476	1644848053481	OK	 
REQUEST		request_13	1644848056485	1644848056489	OK	 
USER	DemoAdvanced	END	1644848056489
