RUN	demoAdvancedIk.DemoAdvanced	demoadvanced	1644852502111	 	3.6.1
USER	DemoAdvanced	START	1644852503389
REQUEST		request_5	1644852503418	1644852503453	OK	 
USER	DemoAdvanced	START	1644852503481
REQUEST		request_5	1644852503482	1644852503498	OK	 
USER	DemoAdvanced	START	1644852503572
REQUEST		request_5	1644852503573	1644852503588	OK	 
USER	DemoAdvanced	START	1644852503666
REQUEST		request_0	1644852503666	1644852503678	OK	 
USER	DemoAdvanced	START	1644852503758
REQUEST		request_0	1644852503758	1644852503772	OK	 
USER	DemoAdvanced	START	1644852503847
REQUEST		request_0	1644852503848	1644852503861	OK	 
USER	DemoAdvanced	START	1644852503940
REQUEST		request_0	1644852503941	1644852503952	OK	 
USER	DemoAdvanced	START	1644852504036
REQUEST		request_0	1644852504037	1644852504048	OK	 
USER	DemoAdvanced	START	1644852504127
REQUEST		request_0	1644852504128	1644852504134	OK	 
USER	DemoAdvanced	START	1644852504223
REQUEST		request_0	1644852504223	1644852504228	OK	 
USER	DemoAdvanced	START	1644852504315
REQUEST		request_0	1644852504316	1644852504321	OK	 
USER	DemoAdvanced	START	1644852504396
REQUEST		request_0	1644852504397	1644852504402	OK	 
USER	DemoAdvanced	START	1644852505395
REQUEST		request_5	1644852505396	1644852505404	OK	 
REQUEST		request_1	1644852505681	1644852505686	OK	 
REQUEST		request_1	1644852505777	1644852505780	OK	 
REQUEST		request_1	1644852505864	1644852505868	OK	 
REQUEST		request_1	1644852505955	1644852505959	OK	 
REQUEST		request_1	1644852506050	1644852506053	OK	 
REQUEST		request_1	1644852506135	1644852506138	OK	 
REQUEST		request_1	1644852506232	1644852506235	OK	 
REQUEST		request_1	1644852506323	1644852506326	OK	 
USER	DemoAdvanced	START	1644852506395
REQUEST		request_0	1644852506396	1644852506401	OK	 
REQUEST		request_1	1644852506409	1644852506413	OK	 
USER	DemoAdvanced	START	1644852507396
REQUEST		request_0	1644852507397	1644852507402	OK	 
REQUEST		request_2	1644852507691	1644852507698	OK	 
REQUEST		request_2	1644852507784	1644852507790	OK	 
REQUEST		request_2	1644852507873	1644852507878	OK	 
REQUEST		request_2	1644852507961	1644852507969	OK	 
REQUEST		request_2	1644852508056	1644852508062	OK	 
REQUEST		request_2	1644852508140	1644852508146	OK	 
REQUEST		request_2	1644852508238	1644852508243	OK	 
REQUEST		request_2	1644852508329	1644852508334	OK	 
USER	DemoAdvanced	START	1644852508394
REQUEST		request_0	1644852508394	1644852508400	OK	 
REQUEST		request_1	1644852508406	1644852508409	OK	 
REQUEST		request_2	1644852508415	1644852508420	OK	 
ERROR	request_6: Failed to build request: No attribute named 'pet_type' is defined 	1644852508503
ERROR	request_6: Failed to build request: No attribute named 'pet_type' is defined 	1644852508504
REQUEST		request_5	1644852508509	1644852508518	OK	 
REQUEST		request_5	1644852508509	1644852508522	OK	 
ERROR	request_6: Failed to build request: No attribute named 'pet_type' is defined 	1644852508591
REQUEST		request_5	1644852508592	1644852508598	OK	 
REQUEST		request_3	1644852508706	1644852508713	OK	 
REQUEST		request_3	1644852508794	1644852508798	OK	 
REQUEST		request_3	1644852508881	1644852508886	OK	 
REQUEST		request_3	1644852508971	1644852508981	OK	 
REQUEST		request_3	1644852509066	1644852509071	OK	 
REQUEST		request_3	1644852509147	1644852509153	OK	 
REQUEST		request_3	1644852509245	1644852509251	OK	 
REQUEST		request_3	1644852509336	1644852509342	OK	 
USER	DemoAdvanced	START	1644852509395
REQUEST		request_0	1644852509395	1644852509403	OK	 
REQUEST		request_1	1644852509406	1644852509410	OK	 
REQUEST		request_3	1644852509422	1644852509429	OK	 
USER	DemoAdvanced	START	1644852510394
REQUEST		request_0	1644852510394	1644852510399	OK	 
REQUEST		request_1	1644852510406	1644852510410	OK	 
ERROR	request_6: Failed to build request: No attribute named 'pet_type' is defined 	1644852510415
REQUEST		request_2	1644852510415	1644852510423	OK	 
REQUEST		request_5	1644852510415	1644852510423	OK	 
USER	DemoAdvanced	START	1644852511397
REQUEST		request_0	1644852511397	1644852511404	OK	 
REQUEST		request_1	1644852511406	1644852511410	OK	 
REQUEST		request_2	1644852511415	1644852511423	OK	 
REQUEST		request_3	1644852511425	1644852511429	OK	 
USER	DemoAdvanced	START	1644852512393
REQUEST		request_0	1644852512393	1644852512400	OK	 
REQUEST		request_1	1644852512405	1644852512408	OK	 
REQUEST		request_2	1644852512415	1644852512422	OK	 
REQUEST		request_3	1644852512425	1644852512431	OK	 
REQUEST		request_4	1644852512719	1644852512725	OK	 
REQUEST		request_4 Redirect 1	1644852512727	1644852512740	OK	 
REQUEST		request_4	1644852512801	1644852512807	OK	 
REQUEST		request_4 Redirect 1	1644852512807	1644852512818	OK	 
REQUEST		request_4	1644852512888	1644852512894	OK	 
REQUEST		request_4 Redirect 1	1644852512895	1644852512907	OK	 
REQUEST		request_4	1644852512985	1644852512992	OK	 
REQUEST		request_4 Redirect 1	1644852512992	1644852513000	OK	 
REQUEST		request_4	1644852513072	1644852513078	OK	 
REQUEST		request_4 Redirect 1	1644852513078	1644852513087	OK	 
REQUEST		request_4	1644852513157	1644852513162	OK	 
REQUEST		request_4 Redirect 1	1644852513162	1644852513174	OK	 
REQUEST		request_4	1644852513253	1644852513259	OK	 
REQUEST		request_4 Redirect 1	1644852513259	1644852513267	OK	 
REQUEST		request_4	1644852513344	1644852513348	OK	 
REQUEST		request_4 Redirect 1	1644852513349	1644852513358	OK	 
REQUEST		request_1	1644852513407	1644852513410	OK	 
REQUEST		request_2	1644852513416	1644852513423	OK	 
REQUEST		request_3	1644852513426	1644852513433	OK	 
REQUEST		request_4	1644852513435	1644852513441	OK	 
REQUEST		request_4 Redirect 1	1644852513441	1644852513451	OK	 
ERROR	request_6: Failed to build request: No attribute named 'pet_type' is defined 	1644852513519
USER	DemoAdvanced	END	1644852513523
ERROR	request_6: Failed to build request: No attribute named 'pet_type' is defined 	1644852513523
USER	DemoAdvanced	END	1644852513524
ERROR	request_6: Failed to build request: No attribute named 'pet_type' is defined 	1644852513601
USER	DemoAdvanced	END	1644852513602
REQUEST		request_5	1644852513746	1644852513752	OK	 
REQUEST		request_0	1644852513822	1644852513825	OK	 
REQUEST		request_0	1644852513912	1644852513917	OK	 
REQUEST		request_0	1644852514006	1644852514009	OK	 
REQUEST		request_0	1644852514090	1644852514092	OK	 
REQUEST		request_5	1644852514180	1644852514184	OK	 
REQUEST		request_0	1644852514270	1644852514273	OK	 
REQUEST		request_0	1644852514361	1644852514364	OK	 
REQUEST		request_1	1644852514405	1644852514408	OK	 
REQUEST		request_2	1644852514412	1644852514417	OK	 
REQUEST		request_3	1644852514424	1644852514429	OK	 
REQUEST		request_0	1644852514456	1644852514459	OK	 
ERROR	request_6: Failed to build request: No attribute named 'pet_type' is defined 	1644852515426
REQUEST		request_2	1644852515415	1644852515427	OK	 
USER	DemoAdvanced	END	1644852515427
REQUEST		request_3	1644852515421	1644852515433	OK	 
REQUEST		request_4	1644852515431	1644852515450	OK	 
REQUEST		request_4 Redirect 1	1644852515450	1644852515493	OK	 
REQUEST		request_1	1644852515828	1644852515834	OK	 
REQUEST		request_1	1644852515922	1644852515925	OK	 
REQUEST		request_1	1644852516011	1644852516014	OK	 
REQUEST		request_1	1644852516094	1644852516097	OK	 
REQUEST		request_1	1644852516276	1644852516302	OK	 
REQUEST		request_1	1644852516365	1644852516494	OK	 
REQUEST		request_2	1644852516410	1644852516513	OK	 
REQUEST		request_0	1644852516495	1644852516533	OK	 
REQUEST		request_1	1644852516465	1644852516540	OK	 
REQUEST		request_4	1644852516433	1644852516545	OK	 
REQUEST		request_3	1644852516431	1644852516582	OK	 
REQUEST		request_4 Redirect 1	1644852516545	1644852516600	OK	 
REQUEST		request_4	1644852517438	1644852517444	OK	 
REQUEST		request_4 Redirect 1	1644852517445	1644852517463	OK	 
REQUEST		request_3	1644852517519	1644852517533	OK	 
REQUEST		request_0	1644852517608	1644852517613	OK	 
REQUEST		request_2	1644852517836	1644852517843	OK	 
REQUEST		request_2	1644852517931	1644852517935	OK	 
REQUEST		request_2	1644852518018	1644852518026	OK	 
REQUEST		request_2	1644852518099	1644852518108	OK	 
REQUEST		request_2	1644852518303	1644852518311	OK	 
REQUEST		request_4	1644852518431	1644852518439	OK	 
REQUEST		request_4 Redirect 1	1644852518440	1644852518461	OK	 
REQUEST		request_0	1644852518465	1644852518470	OK	 
REQUEST		request_2	1644852518498	1644852518511	OK	 
REQUEST		request_1	1644852518534	1644852518538	OK	 
REQUEST		request_2	1644852518545	1644852518558	OK	 
ERROR	request_6: Failed to build request: No attribute named 'pet_type' is defined 	1644852518754
REQUEST		request_5	1644852518754	1644852518773	OK	 
REQUEST		request_3	1644852518848	1644852518853	OK	 
REQUEST		request_3	1644852518937	1644852518947	OK	 
REQUEST		request_3	1644852519028	1644852519039	OK	 
REQUEST		request_3	1644852519110	1644852519114	OK	 
ERROR	request_6: Failed to build request: No attribute named 'pet_type' is defined 	1644852519187
REQUEST		request_5	1644852519187	1644852519200	OK	 
REQUEST		request_3	1644852519315	1644852519322	OK	 
REQUEST		request_4	1644852519437	1644852519447	OK	 
REQUEST		request_4 Redirect 1	1644852519448	1644852519462	OK	 
REQUEST		request_5	1644852519465	1644852519474	OK	 
REQUEST		request_3	1644852519516	1644852519529	OK	 
REQUEST		request_3	1644852519562	1644852519571	OK	 
REQUEST		request_1	1644852519614	1644852519616	OK	 
REQUEST		request_0	1644852520467	1644852520472	OK	 
REQUEST		request_1	1644852520475	1644852520481	OK	 
REQUEST		request_2	1644852520540	1644852520554	OK	 
REQUEST		request_4	1644852520587	1644852520599	OK	 
REQUEST		request_4 Redirect 1	1644852520599	1644852520622	OK	 
REQUEST		request_4	1644852521537	1644852521544	OK	 
REQUEST		request_4 Redirect 1	1644852521545	1644852521557	OK	 
REQUEST		request_3	1644852521557	1644852521566	OK	 
REQUEST		request_2	1644852521620	1644852521627	OK	 
REQUEST		request_0	1644852521629	1644852521632	OK	 
REQUEST		request_1	1644852522476	1644852522478	OK	 
REQUEST		request_2	1644852522486	1644852522491	OK	 
REQUEST		request_0	1644852522562	1644852522564	OK	 
REQUEST		request_3	1644852522629	1644852522634	OK	 
REQUEST		request_4	1644852522857	1644852522861	OK	 
REQUEST		request_4 Redirect 1	1644852522861	1644852522869	OK	 
REQUEST		request_4	1644852522953	1644852522959	OK	 
REQUEST		request_4 Redirect 1	1644852522959	1644852522972	OK	 
REQUEST		request_4	1644852523044	1644852523048	OK	 
REQUEST		request_4 Redirect 1	1644852523048	1644852523057	OK	 
REQUEST		request_4	1644852523120	1644852523125	OK	 
REQUEST		request_4 Redirect 1	1644852523125	1644852523138	OK	 
REQUEST		request_4	1644852523328	1644852523334	OK	 
REQUEST		request_4 Redirect 1	1644852523334	1644852523344	OK	 
REQUEST		request_3	1644852523495	1644852523500	OK	 
REQUEST		request_4	1644852523532	1644852523537	OK	 
REQUEST		request_4 Redirect 1	1644852523537	1644852523546	OK	 
REQUEST		request_4	1644852523577	1644852523582	OK	 
REQUEST		request_4 Redirect 1	1644852523582	1644852523591	OK	 
REQUEST		request_1	1644852523638	1644852523640	OK	 
ERROR	request_6: Failed to build request: No attribute named 'pet_type' is defined 	1644852523780
USER	DemoAdvanced	END	1644852523781
REQUEST		request_5	1644852523874	1644852523879	OK	 
REQUEST		request_0	1644852523973	1644852523979	OK	 
REQUEST		request_0	1644852524061	1644852524064	OK	 
REQUEST		request_0	1644852524139	1644852524142	OK	 
ERROR	request_6: Failed to build request: No attribute named 'pet_type' is defined 	1644852524201
USER	DemoAdvanced	END	1644852524201
REQUEST		request_5	1644852524346	1644852524352	OK	 
ERROR	request_6: Failed to build request: No attribute named 'pet_type' is defined 	1644852524479
REQUEST		request_5	1644852524480	1644852524490	OK	 
REQUEST		request_2	1644852524484	1644852524491	OK	 
REQUEST		request_0	1644852524551	1644852524554	OK	 
REQUEST		request_1	1644852524570	1644852524574	OK	 
REQUEST		request_0	1644852524594	1644852524596	OK	 
REQUEST		request_3	1644852525497	1644852525502	OK	 
REQUEST		request_4	1644852525569	1644852525574	OK	 
REQUEST		request_4 Redirect 1	1644852525575	1644852525585	OK	 
REQUEST		request_2	1644852525643	1644852525650	OK	 
REQUEST		request_1	1644852525984	1644852525986	OK	 
REQUEST		request_1	1644852526067	1644852526070	OK	 
REQUEST		request_1	1644852526145	1644852526147	OK	 
REQUEST		request_1	1644852526557	1644852526560	OK	 
REQUEST		request_2	1644852526577	1644852526583	OK	 
REQUEST		request_0	1644852526591	1644852526594	OK	 
REQUEST		request_1	1644852526597	1644852526600	OK	 
REQUEST		request_4	1644852526635	1644852526641	OK	 
REQUEST		request_4 Redirect 1	1644852526642	1644852526653	OK	 
REQUEST		request_3	1644852526656	1644852526663	OK	 
REQUEST		request_4	1644852527505	1644852527542	OK	 
REQUEST		request_4 Redirect 1	1644852527542	1644852527570	OK	 
REQUEST		request_3	1644852527586	1644852527601	OK	 
REQUEST		request_0	1644852527655	1644852527658	OK	 
REQUEST		request_2	1644852527988	1644852527996	OK	 
REQUEST		request_2	1644852528073	1644852528082	OK	 
REQUEST		request_2	1644852528149	1644852528154	OK	 
REQUEST		request_2	1644852528565	1644852528570	OK	 
REQUEST		request_0	1644852528575	1644852528577	OK	 
REQUEST		request_1	1644852528596	1644852528600	OK	 
REQUEST		request_2	1644852528603	1644852528608	OK	 
ERROR	request_6: Failed to build request: No attribute named 'pet_type' is defined 	1644852528881
REQUEST		request_5	1644852528881	1644852528895	OK	 
REQUEST		request_3	1644852529001	1644852529006	OK	 
REQUEST		request_3	1644852529089	1644852529093	OK	 
REQUEST		request_3	1644852529158	1644852529163	OK	 
ERROR	request_6: Failed to build request: No attribute named 'pet_type' is defined 	1644852529355
REQUEST		request_5	1644852529356	1644852529362	OK	 
ERROR	request_6: Failed to build request: No attribute named 'pet_type' is defined 	1644852529494
USER	DemoAdvanced	END	1644852529495
REQUEST		request_4	1644852529506	1644852529511	OK	 
REQUEST		request_4 Redirect 1	1644852529511	1644852529520	OK	 
REQUEST		request_3	1644852529575	1644852529579	OK	 
REQUEST		request_3	1644852529609	1644852529614	OK	 
REQUEST		request_1	1644852529663	1644852529665	OK	 
REQUEST		request_5	1644852530524	1644852530530	OK	 
REQUEST		request_1	1644852530582	1644852530585	OK	 
REQUEST		request_2	1644852530603	1644852530608	OK	 
REQUEST		request_4	1644852530665	1644852530671	OK	 
REQUEST		request_4 Redirect 1	1644852530671	1644852530680	OK	 
REQUEST		request_4	1644852531606	1644852531611	OK	 
REQUEST		request_3	1644852531611	1644852531627	OK	 
REQUEST		request_4 Redirect 1	1644852531611	1644852531629	OK	 
REQUEST		request_2	1644852531670	1644852531674	OK	 
REQUEST		request_0	1644852531684	1644852531688	OK	 
REQUEST		request_2	1644852532587	1644852532591	OK	 
REQUEST		request_0	1644852532634	1644852532637	OK	 
REQUEST		request_3	1644852532677	1644852532682	OK	 
REQUEST		request_4	1644852533009	1644852533015	OK	 
REQUEST		request_4 Redirect 1	1644852533015	1644852533023	OK	 
REQUEST		request_4	1644852533095	1644852533099	OK	 
REQUEST		request_4 Redirect 1	1644852533099	1644852533108	OK	 
REQUEST		request_4	1644852533169	1644852533175	OK	 
REQUEST		request_4 Redirect 1	1644852533175	1644852533183	OK	 
REQUEST		request_4	1644852533583	1644852533588	OK	 
REQUEST		request_4 Redirect 1	1644852533588	1644852533596	OK	 
REQUEST		request_3	1644852533596	1644852533601	OK	 
REQUEST		request_4	1644852533619	1644852533624	OK	 
REQUEST		request_4 Redirect 1	1644852533624	1644852533636	OK	 
REQUEST		request_1	1644852533694	1644852533697	OK	 
ERROR	request_6: Failed to build request: No attribute named 'pet_type' is defined 	1644852533897
USER	DemoAdvanced	END	1644852533897
REQUEST		request_0	1644852534025	1644852534028	OK	 
REQUEST		request_5	1644852534113	1644852534120	OK	 
REQUEST		request_0	1644852534187	1644852534190	OK	 
ERROR	request_6: Failed to build request: No attribute named 'pet_type' is defined 	1644852534365
USER	DemoAdvanced	END	1644852534365
REQUEST		request_0	1644852534600	1644852534604	OK	 
REQUEST		request_1	1644852534640	1644852534643	OK	 
REQUEST		request_0	1644852534639	1644852534644	OK	 
ERROR	request_6: Failed to build request: No attribute named 'pet_type' is defined 	1644852535535
REQUEST		request_5	1644852535536	1644852535541	OK	 
REQUEST		request_4	1644852535632	1644852535636	OK	 
REQUEST		request_4 Redirect 1	1644852535637	1644852535645	OK	 
REQUEST		request_2	1644852535702	1644852535707	OK	 
REQUEST		request_1	1644852536032	1644852536034	OK	 
REQUEST		request_1	1644852536194	1644852536196	OK	 
REQUEST		request_1	1644852536606	1644852536609	OK	 
REQUEST		request_1	1644852536644	1644852536648	OK	 
REQUEST		request_2	1644852536644	1644852536648	OK	 
REQUEST		request_0	1644852536650	1644852536653	OK	 
REQUEST		request_4	1644852536685	1644852536692	OK	 
REQUEST		request_4 Redirect 1	1644852536692	1644852536700	OK	 
REQUEST		request_3	1644852536708	1644852536714	OK	 
REQUEST		request_4	1644852537606	1644852537613	OK	 
REQUEST		request_4 Redirect 1	1644852537614	1644852537622	OK	 
REQUEST		request_3	1644852537652	1644852537657	OK	 
REQUEST		request_5	1644852537706	1644852537721	OK	 
REQUEST		request_2	1644852538036	1644852538041	OK	 
REQUEST		request_2	1644852538202	1644852538207	OK	 
REQUEST		request_2	1644852538615	1644852538619	OK	 
REQUEST		request_0	1644852538627	1644852538631	OK	 
REQUEST		request_2	1644852538652	1644852538663	OK	 
REQUEST		request_1	1644852538661	1644852538672	OK	 
REQUEST		request_3	1644852539047	1644852539052	OK	 
ERROR	request_6: Failed to build request: No attribute named 'pet_type' is defined 	1644852539125
REQUEST		request_5	1644852539126	1644852539133	OK	 
REQUEST		request_3	1644852539213	1644852539218	OK	 
REQUEST		request_3	1644852539623	1644852539627	OK	 
REQUEST		request_3	1644852539669	1644852539675	OK	 
ERROR	request_6: Failed to build request: No attribute named 'pet_type' is defined 	1644852540543
USER	DemoAdvanced	END	1644852540544
REQUEST		request_1	1644852540634	1644852540637	OK	 
REQUEST		request_2	1644852540675	1644852540681	OK	 
REQUEST		request_4	1644852540718	1644852540722	OK	 
REQUEST		request_4 Redirect 1	1644852540722	1644852540736	OK	 
REQUEST		request_4	1644852541662	1644852541667	OK	 
REQUEST		request_4 Redirect 1	1644852541667	1644852541675	OK	 
REQUEST		request_3	1644852541686	1644852541690	OK	 
REQUEST		request_0	1644852541740	1644852541743	OK	 
REQUEST		request_2	1644852542643	1644852542649	OK	 
REQUEST		request_0	1644852542680	1644852542683	OK	 
ERROR	request_6: Failed to build request: No attribute named 'pet_type' is defined 	1644852542724
REQUEST		request_5	1644852542725	1644852542729	OK	 
REQUEST		request_4	1644852543057	1644852543062	OK	 
REQUEST		request_4 Redirect 1	1644852543062	1644852543074	OK	 
REQUEST		request_4	1644852543223	1644852543227	OK	 
REQUEST		request_4 Redirect 1	1644852543228	1644852543236	OK	 
REQUEST		request_4	1644852543632	1644852543636	OK	 
REQUEST		request_4 Redirect 1	1644852543636	1644852543644	OK	 
REQUEST		request_3	1644852543650	1644852543654	OK	 
REQUEST		request_4	1644852543679	1644852543684	OK	 
REQUEST		request_4 Redirect 1	1644852543684	1644852543692	OK	 
REQUEST		request_1	1644852543748	1644852543751	OK	 
REQUEST		request_0	1644852544077	1644852544080	OK	 
ERROR	request_6: Failed to build request: No attribute named 'pet_type' is defined 	1644852544138
USER	DemoAdvanced	END	1644852544138
REQUEST		request_0	1644852544238	1644852544240	OK	 
REQUEST		request_0	1644852544647	1644852544649	OK	 
REQUEST		request_1	1644852544685	1644852544688	OK	 
REQUEST		request_0	1644852544694	1644852544696	OK	 
REQUEST		request_4	1644852545696	1644852545702	OK	 
REQUEST		request_4 Redirect 1	1644852545702	1644852545715	OK	 
REQUEST		request_2	1644852545756	1644852545761	OK	 
REQUEST		request_1	1644852546084	1644852546087	OK	 
REQUEST		request_1	1644852546247	1644852546250	OK	 
REQUEST		request_1	1644852546654	1644852546658	OK	 
REQUEST		request_2	1644852546690	1644852546694	OK	 
REQUEST		request_1	1644852546699	1644852546701	OK	 
REQUEST		request_0	1644852546721	1644852546723	OK	 
REQUEST		request_3	1644852546765	1644852546774	OK	 
REQUEST		request_4	1644852547660	1644852547666	OK	 
REQUEST		request_4 Redirect 1	1644852547666	1644852547678	OK	 
REQUEST		request_3	1644852547696	1644852547700	OK	 
ERROR	request_6: Failed to build request: No attribute named 'pet_type' is defined 	1644852547735
USER	DemoAdvanced	END	1644852547735
REQUEST		request_2	1644852548093	1644852548098	OK	 
REQUEST		request_2	1644852548256	1644852548261	OK	 
REQUEST		request_2	1644852548662	1644852548667	OK	 
REQUEST		request_0	1644852548681	1644852548684	OK	 
REQUEST		request_2	1644852548705	1644852548710	OK	 
REQUEST		request_1	1644852548729	1644852548733	OK	 
REQUEST		request_3	1644852549102	1644852549105	OK	 
REQUEST		request_3	1644852549267	1644852549271	OK	 
REQUEST		request_3	1644852549670	1644852549674	OK	 
REQUEST		request_3	1644852549714	1644852549718	OK	 
REQUEST		request_1	1644852550688	1644852550691	OK	 
REQUEST		request_2	1644852550737	1644852550744	OK	 
REQUEST		request_4	1644852550775	1644852550781	OK	 
REQUEST		request_4 Redirect 1	1644852550781	1644852550795	OK	 
REQUEST		request_4	1644852551705	1644852551712	OK	 
REQUEST		request_4 Redirect 1	1644852551712	1644852551720	OK	 
REQUEST		request_3	1644852551749	1644852551755	OK	 
REQUEST		request_0	1644852551801	1644852551804	OK	 
REQUEST		request_2	1644852552697	1644852552703	OK	 
REQUEST		request_0	1644852552726	1644852552729	OK	 
REQUEST		request_4	1644852553110	1644852553115	OK	 
REQUEST		request_4 Redirect 1	1644852553115	1644852553129	OK	 
REQUEST		request_4	1644852553275	1644852553280	OK	 
REQUEST		request_4 Redirect 1	1644852553280	1644852553289	OK	 
REQUEST		request_4	1644852553679	1644852553684	OK	 
REQUEST		request_4 Redirect 1	1644852553685	1644852553694	OK	 
REQUEST		request_3	1644852553708	1644852553713	OK	 
REQUEST		request_4	1644852553719	1644852553726	OK	 
REQUEST		request_4 Redirect 1	1644852553726	1644852553735	OK	 
REQUEST		request_1	1644852553807	1644852553810	OK	 
REQUEST		request_0	1644852554134	1644852554137	OK	 
REQUEST		request_0	1644852554294	1644852554297	OK	 
REQUEST		request_0	1644852554696	1644852554698	OK	 
REQUEST		request_1	1644852554733	1644852554736	OK	 
REQUEST		request_0	1644852554736	1644852554738	OK	 
REQUEST		request_4	1644852555760	1644852555765	OK	 
REQUEST		request_4 Redirect 1	1644852555765	1644852555775	OK	 
REQUEST		request_2	1644852555815	1644852555822	OK	 
REQUEST		request_1	1644852556139	1644852556142	OK	 
REQUEST		request_1	1644852556302	1644852556305	OK	 
REQUEST		request_1	1644852556703	1644852556708	OK	 
REQUEST		request_1	1644852556740	1644852556743	OK	 
REQUEST		request_2	1644852556740	1644852556744	OK	 
REQUEST		request_0	1644852556780	1644852556784	OK	 
REQUEST		request_3	1644852556827	1644852556832	OK	 
REQUEST		request_4	1644852557716	1644852557720	OK	 
REQUEST		request_4 Redirect 1	1644852557721	1644852557734	OK	 
REQUEST		request_3	1644852557749	1644852557754	OK	 
REQUEST		request_2	1644852558144	1644852558150	OK	 
REQUEST		request_2	1644852558310	1644852558315	OK	 
REQUEST		request_2	1644852558712	1644852558716	OK	 
REQUEST		request_0	1644852558739	1644852558741	OK	 
REQUEST		request_2	1644852558747	1644852558751	OK	 
REQUEST		request_1	1644852558786	1644852558789	OK	 
REQUEST		request_3	1644852559154	1644852559159	OK	 
REQUEST		request_3	1644852559317	1644852559321	OK	 
REQUEST		request_3	1644852559718	1644852559722	OK	 
REQUEST		request_3	1644852559754	1644852559759	OK	 
REQUEST		request_1	1644852560744	1644852560749	OK	 
REQUEST		request_2	1644852560793	1644852560803	OK	 
REQUEST		request_4	1644852560836	1644852560841	OK	 
REQUEST		request_4 Redirect 1	1644852560841	1644852560850	OK	 
REQUEST		request_4	1644852561760	1644852561767	OK	 
REQUEST		request_4 Redirect 1	1644852561767	1644852561775	OK	 
REQUEST		request_3	1644852561808	1644852561813	OK	 
REQUEST		request_0	1644852561855	1644852561859	OK	 
REQUEST		request_2	1644852562754	1644852562758	OK	 
REQUEST		request_0	1644852562779	1644852562782	OK	 
REQUEST		request_4	1644852563162	1644852563166	OK	 
REQUEST		request_4 Redirect 1	1644852563166	1644852563174	OK	 
REQUEST		request_4	1644852563327	1644852563332	OK	 
REQUEST		request_4 Redirect 1	1644852563332	1644852563341	OK	 
REQUEST		request_4	1644852563727	1644852563732	OK	 
REQUEST		request_4 Redirect 1	1644852563733	1644852563747	OK	 
REQUEST		request_4	1644852563761	1644852563766	OK	 
REQUEST		request_3	1644852563761	1644852563767	OK	 
REQUEST		request_4 Redirect 1	1644852563766	1644852563776	OK	 
REQUEST		request_1	1644852563864	1644852563868	OK	 
USER	DemoAdvanced	END	1644852564176
USER	DemoAdvanced	END	1644852564345
USER	DemoAdvanced	END	1644852564751
USER	DemoAdvanced	END	1644852564781
REQUEST		request_1	1644852564783	1644852564786	OK	 
REQUEST		request_4	1644852565817	1644852565822	OK	 
REQUEST		request_4 Redirect 1	1644852565823	1644852565837	OK	 
REQUEST		request_2	1644852565871	1644852565877	OK	 
REQUEST		request_2	1644852566790	1644852566795	OK	 
USER	DemoAdvanced	END	1644852566841
REQUEST		request_3	1644852566879	1644852566884	OK	 
REQUEST		request_4	1644852567770	1644852567774	OK	 
REQUEST		request_4 Redirect 1	1644852567774	1644852567789	OK	 
REQUEST		request_3	1644852567799	1644852567804	OK	 
USER	DemoAdvanced	END	1644852568792
REQUEST		request_4	1644852570890	1644852570895	OK	 
REQUEST		request_4 Redirect 1	1644852570895	1644852570906	OK	 
REQUEST		request_4	1644852571805	1644852571809	OK	 
REQUEST		request_4 Redirect 1	1644852571809	1644852571816	OK	 
USER	DemoAdvanced	END	1644852571907
USER	DemoAdvanced	END	1644852572823
