RUN	demoAdvancedIk.DemoAdvanced	demoadvanced	1644839542282	 	3.6.1
USER	DemoAdvanced	START	1644839543331
REQUEST		request_0	1644839543351	1644839543377	OK	 
REQUEST		request_1	1644839545419	1644839545424	OK	 
REQUEST		request_2	1644839547430	1644839547439	OK	 
REQUEST		request_3	1644839548445	1644839548455	OK	 
REQUEST		request_4	1644839552465	1644839552473	OK	 
REQUEST		request_4 Redirect 1	1644839552475	1644839552485	OK	 
USER	DemoAdvanced	END	1644839553493
USER	DemoAdvanced	START	1644839555320
REQUEST		request_5	1644839555321	1644839555338	OK	 
REQUEST		request_6	1644839560345	1644839560363	OK	 
REQUEST		request_7	1644839565368	1644839565383	OK	 
USER	DemoAdvanced	START	1644839567319
REQUEST		request_0	1644839567319	1644839567331	OK	 
REQUEST		request_1	1644839569333	1644839569339	OK	 
REQUEST		request_2	1644839571342	1644839571354	OK	 
REQUEST		request_8	1644839571390	1644839571414	OK	 
REQUEST		request_3	1644839572360	1644839572371	OK	 
REQUEST		request_9	1644839574417	1644839574428	OK	 
REQUEST		request_9 Redirect 1	1644839574429	1644839574442	OK	 
REQUEST		request_4	1644839576377	1644839576385	OK	 
REQUEST		request_4 Redirect 1	1644839576386	1644839576396	OK	 
REQUEST		request_10	1644839576447	1644839576458	OK	 
USER	DemoAdvanced	END	1644839577399
USER	DemoAdvanced	START	1644839579319
REQUEST		request_0	1644839579319	1644839579333	OK	 
REQUEST		request_11	1644839580463	1644839580472	OK	 
REQUEST		request_11 Redirect 1	1644839580472	1644839580481	OK	 
REQUEST		request_1	1644839581335	1644839581341	OK	 
REQUEST		request_2	1644839583344	1644839583351	OK	 
REQUEST		request_3	1644839584355	1644839584363	OK	 
REQUEST		request_12	1644839585485	1644839585492	OK	 
REQUEST		request_4	1644839588369	1644839588379	OK	 
REQUEST		request_4 Redirect 1	1644839588379	1644839588390	OK	 
REQUEST		request_13	1644839588494	1644839588499	OK	 
USER	DemoAdvanced	END	1644839588500
USER	DemoAdvanced	END	1644839589394
USER	DemoAdvanced	START	1644839591315
REQUEST		request_5	1644839591315	1644839591337	OK	 
REQUEST		request_6	1644839596339	1644839596356	OK	 
REQUEST		request_7	1644839601360	1644839601375	OK	 
REQUEST		request_8	1644839607382	1644839607396	OK	 
REQUEST		request_9	1644839610398	1644839610417	OK	 
REQUEST		request_9 Redirect 1	1644839610418	1644839610428	OK	 
REQUEST		request_10	1644839612430	1644839612439	OK	 
REQUEST		request_11	1644839616445	1644839616452	OK	 
REQUEST		request_11 Redirect 1	1644839616452	1644839616463	OK	 
REQUEST		request_12	1644839621467	1644839621471	OK	 
REQUEST		request_13	1644839624476	1644839624481	OK	 
USER	DemoAdvanced	END	1644839624481
