RUN	demoAdvancedIk.DemoAdvanced	demoadvanced	1644862819933	 	3.6.1
USER	DemoAdvanced	START	1644862821037
REQUEST		Open Home Page	1644862821061	1644862821083	OK	 
USER	DemoAdvanced	START	1644862821311
REQUEST		Open Home Page	1644862821312	1644862821323	OK	 
USER	DemoAdvanced	START	1644862821437
REQUEST		Open Home Page	1644862821437	1644862821451	OK	 
USER	DemoAdvanced	START	1644862821638
REQUEST		Open Home Page	1644862821638	1644862821652	OK	 
USER	DemoAdvanced	START	1644862821838
REQUEST		Open Home Page	1644862821838	1644862821850	OK	 
REQUEST		Get Find Owners Page	1644862822286	1644862822290	OK	 
REQUEST		Get Find Owners Page	1644862822920	1644862822923	OK	 
REQUEST		Get Find Owners Page	1644862823212	1644862823216	OK	 
REQUEST		Get Find Owners Page	1644862823223	1644862823226	OK	 
REQUEST		Get Find Owners Page	1644862823402	1644862823404	OK	 
REQUEST		GET Find Owners by Lastname	1644862824349	1644862824358	OK	 
REQUEST		GET Add Owner	1644862824363	1644862824368	OK	 
REQUEST		GET Owners Info	1644862824372	1644862824386	OK	 
REQUEST		GET Add Owner	1644862824606	1644862824611	OK	 
REQUEST		GET Find Owners by Lastname	1644862824606	1644862824614	OK	 
REQUEST		GET Owners Info	1644862824621	1644862824635	OK	 
REQUEST		GET Add Owner	1644862824989	1644862824993	OK	 
REQUEST		GET Open Edit Owner Page	1644862825712	1644862825717	OK	 
REQUEST		POST Add Owner	1644862825921	1644862825936	OK	 
REQUEST		Get Owners Info	1644862825938	1644862825950	OK	 
REQUEST		POST Add Owner	1644862826270	1644862826274	OK	 
REQUEST		Get Owners Info	1644862826275	1644862826289	OK	 
REQUEST		GET Open Edit Owner Page	1644862826408	1644862826417	OK	 
REQUEST		POST Add Owner	1644862826599	1644862826605	OK	 
REQUEST		Get Owners Info	1644862826605	1644862826621	OK	 
REQUEST		GET Add Pet	1644862827341	1644862827386	OK	 
REQUEST		POST Update Owner	1644862827499	1644862827504	OK	 
REQUEST		GET Owners Info	1644862827505	1644862827525	OK	 
REQUEST		GET Add Pet	1644862827940	1644862827947	OK	 
REQUEST		POST Update Owner	1644862828131	1644862828137	OK	 
REQUEST		GET Owners Info	1644862828137	1644862828149	OK	 
REQUEST		GET Add Pet	1644862828216	1644862828221	OK	 
REQUEST		POST Add Pet	1644862828507	1644862828512	OK	 
REQUEST		Get Owners Info	1644862828514	1644862828527	OK	 
REQUEST		POST Add Pet	1644862829132	1644862829139	OK	 
REQUEST		Get Owners Info	1644862829142	1644862829159	OK	 
REQUEST		GET Vets List	1644862829334	1644862829341	OK	 
REQUEST		GET Edit Pet Page	1644862829690	1644862829699	OK	 
REQUEST		POST Add Pet	1644862829769	1644862829776	OK	 
REQUEST		Get Owners Info	1644862829777	1644862829796	OK	 
REQUEST		GET Vets List	1644862829802	1644862829805	OK	 
REQUEST		Open Home Page	1644862830417	1644862830420	OK	 
REQUEST		POST Edit Pet Name	1644862830905	1644862830911	OK	 
REQUEST		GET Owners Info	1644862830911	1644862830924	OK	 
REQUEST		GET Edit Pet Page	1644862830992	1644862830999	OK	 
REQUEST		Open Home Page	1644862831567	1644862831569	OK	 
REQUEST		GET Edit Pet Page	1644862831832	1644862831841	OK	 
REQUEST		GET Add new visit	1644862832019	1644862832034	OK	 
USER	DemoAdvanced	START	1644862832088
REQUEST		Open Home Page	1644862832088	1644862832100	OK	 
REQUEST		Get Find Owners Page	1644862832237	1644862832241	OK	 
REQUEST		POST Edit Pet Name	1644862832539	1644862832546	OK	 
REQUEST		GET Owners Info	1644862832547	1644862832563	OK	 
REQUEST		Get Find Owners Page	1644862833327	1644862833330	OK	 
REQUEST		GET Find Owners by Lastname	1644862833383	1644862833393	OK	 
REQUEST		GET Owners Info	1644862833396	1644862833409	OK	 
REQUEST		Get Find Owners Page	1644862833503	1644862833506	OK	 
REQUEST		POST Edit Pet Name	1644862833609	1644862833621	OK	 
REQUEST		GET Owners Info	1644862833622	1644862833638	OK	 
REQUEST		POST Add new visit	1644862833845	1644862833851	OK	 
REQUEST		GET Owners Info	1644862833852	1644862833865	OK	 
REQUEST		GET Add new visit	1644862833999	1644862834012	OK	 
REQUEST		GET Open Edit Owner Page	1644862834490	1644862834496	OK	 
REQUEST		GET Add new visit	1644862835101	1644862835115	OK	 
REQUEST		GET Add Owner	1644862835159	1644862835161	OK	 
REQUEST		Open Home Page	1644862835187	1644862835191	OK	 
REQUEST		GET Add Owner	1644862835237	1644862835240	OK	 
REQUEST		POST Add new visit	1644862835465	1644862835470	OK	 
REQUEST		GET Owners Info	1644862835471	1644862835483	OK	 
REQUEST		POST Update Owner	1644862835743	1644862835748	OK	 
REQUEST		GET Owners Info	1644862835748	1644862835764	OK	 
REQUEST		POST Add Owner	1644862836483	1644862836490	OK	 
REQUEST		Get Owners Info	1644862836491	1644862836504	OK	 
REQUEST		Get Find Owners Page	1644862836520	1644862836523	OK	 
REQUEST		POST Add new visit	1644862836663	1644862836669	OK	 
REQUEST		GET Owners Info	1644862836669	1644862836682	OK	 
REQUEST		Open Home Page	1644862836787	1644862836790	OK	 
REQUEST		POST Add Owner	1644862836907	1644862836913	OK	 
REQUEST		GET Vets List	1644862836912	1644862836916	OK	 
REQUEST		Get Owners Info	1644862836914	1644862836927	OK	 
REQUEST		GET Add Pet	1644862837624	1644862837633	OK	 
REQUEST		GET Add Owner	1644862837787	1644862837792	OK	 
REQUEST		Open Home Page	1644862837832	1644862837835	OK	 
REQUEST		Get Find Owners Page	1644862838554	1644862838556	OK	 
REQUEST		Open Home Page	1644862838592	1644862838595	OK	 
REQUEST		GET Add Pet	1644862838879	1644862838885	OK	 
REQUEST		POST Add Owner	1644862839036	1644862839042	OK	 
REQUEST		Get Owners Info	1644862839043	1644862839057	OK	 
REQUEST		Get Find Owners Page	1644862839249	1644862839252	OK	 
REQUEST		GET Add Owner	1644862839650	1644862839654	OK	 
REQUEST		POST Add Pet	1644862839690	1644862839695	OK	 
REQUEST		Get Owners Info	1644862839697	1644862839709	OK	 
REQUEST		Get Find Owners Page	1644862840224	1644862840227	OK	 
REQUEST		POST Add Pet	1644862840344	1644862840355	OK	 
REQUEST		Get Owners Info	1644862840356	1644862840368	OK	 
REQUEST		GET Add Pet	1644862840392	1644862840397	OK	 
REQUEST		GET Find Owners by Lastname	1644862840581	1644862840592	OK	 
REQUEST		GET Owners Info	1644862840593	1644862840606	OK	 
REQUEST		POST Add Owner	1644862840714	1644862840718	OK	 
REQUEST		Get Owners Info	1644862840718	1644862840734	OK	 
REQUEST		GET Add Owner	1644862841437	1644862841440	OK	 
REQUEST		GET Edit Pet Page	1644862841672	1644862841680	OK	 
REQUEST		GET Edit Pet Page	1644862841872	1644862841882	OK	 
REQUEST		POST Add Pet	1644862842056	1644862842067	OK	 
REQUEST		Get Owners Info	1644862842069	1644862842085	OK	 
REQUEST		GET Open Edit Owner Page	1644862842288	1644862842292	OK	 
REQUEST		GET Add Pet	1644862842716	1644862842722	OK	 
REQUEST		POST Edit Pet Name	1644862842775	1644862842787	OK	 
REQUEST		GET Owners Info	1644862842788	1644862842810	OK	 
REQUEST		POST Add Owner	1644862843016	1644862843018	OK	 
REQUEST		Get Owners Info	1644862843019	1644862843031	OK	 
REQUEST		POST Edit Pet Name	1644862843535	1644862843542	OK	 
REQUEST		GET Owners Info	1644862843542	1644862843555	OK	 
REQUEST		GET Edit Pet Page	1644862843996	1644862844004	OK	 
USER	DemoAdvanced	START	1644862844053
REQUEST		Open Home Page	1644862844053	1644862844067	OK	 
REQUEST		POST Update Owner	1644862844127	1644862844135	OK	 
REQUEST		GET Owners Info	1644862844135	1644862844148	OK	 
REQUEST		POST Add Pet	1644862844698	1644862844704	OK	 
REQUEST		Get Owners Info	1644862844705	1644862844718	OK	 
REQUEST		GET Add new visit	1644862844725	1644862844740	OK	 
REQUEST		GET Add Pet	1644862844913	1644862844920	OK	 
REQUEST		Get Find Owners Page	1644862845128	1644862845132	OK	 
REQUEST		POST Edit Pet Name	1644862845263	1644862845273	OK	 
REQUEST		GET Owners Info	1644862845276	1644862845297	OK	 
REQUEST		GET Add new visit	1644862845282	1644862845300	OK	 
REQUEST		GET Vets List	1644862845428	1644862845431	OK	 
REQUEST		POST Add new visit	1644862846029	1644862846035	OK	 
REQUEST		GET Owners Info	1644862846036	1644862846049	OK	 
REQUEST		POST Add Pet	1644862846180	1644862846187	OK	 
REQUEST		Get Owners Info	1644862846188	1644862846201	OK	 
REQUEST		GET Edit Pet Page	1644862846311	1644862846317	OK	 
REQUEST		POST Add new visit	1644862846336	1644862846345	OK	 
REQUEST		GET Owners Info	1644862846347	1644862846360	OK	 
REQUEST		GET Add new visit	1644862846377	1644862846399	OK	 
REQUEST		GET Add Owner	1644862846484	1644862846490	OK	 
REQUEST		Open Home Page	1644862846866	1644862846869	OK	 
REQUEST		POST Edit Pet Name	1644862847441	1644862847447	OK	 
REQUEST		GET Owners Info	1644862847447	1644862847459	OK	 
REQUEST		GET Edit Pet Page	1644862847580	1644862847588	OK	 
REQUEST		Open Home Page	1644862847970	1644862847972	OK	 
REQUEST		Open Home Page	1644862848060	1644862848063	OK	 
REQUEST		POST Add new visit	1644862848083	1644862848088	OK	 
REQUEST		GET Owners Info	1644862848088	1644862848100	OK	 
REQUEST		POST Add Owner	1644862848318	1644862848322	OK	 
REQUEST		Get Owners Info	1644862848322	1644862848334	OK	 
REQUEST		Get Find Owners Page	1644862848478	1644862848481	OK	 
REQUEST		POST Edit Pet Name	1644862848738	1644862848749	OK	 
REQUEST		GET Owners Info	1644862848749	1644862848763	OK	 
REQUEST		GET Add new visit	1644862849262	1644862849282	OK	 
REQUEST		Get Find Owners Page	1644862849462	1644862849466	OK	 
REQUEST		Open Home Page	1644862849473	1644862849475	OK	 
REQUEST		GET Add Pet	1644862849837	1644862849845	OK	 
REQUEST		GET Add Owner	1644862849970	1644862849973	OK	 
REQUEST		Get Find Owners Page	1644862850031	1644862850034	OK	 
REQUEST		GET Add new visit	1644862850323	1644862850336	OK	 
REQUEST		POST Add Owner	1644862851001	1644862851006	OK	 
REQUEST		Get Owners Info	1644862851006	1644862851019	OK	 
REQUEST		GET Add Owner	1644862851150	1644862851156	OK	 
REQUEST		POST Add new visit	1644862851159	1644862851164	OK	 
REQUEST		GET Owners Info	1644862851165	1644862851177	OK	 
REQUEST		POST Add Pet	1644862851251	1644862851259	OK	 
REQUEST		Get Owners Info	1644862851260	1644862851272	OK	 
REQUEST		Get Find Owners Page	1644862851274	1644862851277	OK	 
REQUEST		GET Add Owner	1644862851297	1644862851299	OK	 
REQUEST		POST Add new visit	1644862851577	1644862851584	OK	 
REQUEST		GET Owners Info	1644862851584	1644862851598	OK	 
REQUEST		POST Add Owner	1644862852418	1644862852423	OK	 
REQUEST		Get Owners Info	1644862852423	1644862852442	OK	 
REQUEST		Open Home Page	1644862852665	1644862852668	OK	 
REQUEST		GET Add Pet	1644862852820	1644862852825	OK	 
REQUEST		POST Add Owner	1644862852915	1644862852918	OK	 
REQUEST		Get Owners Info	1644862852919	1644862852932	OK	 
REQUEST		GET Edit Pet Page	1644862853170	1644862853177	OK	 
REQUEST		Open Home Page	1644862853198	1644862853201	OK	 
REQUEST		GET Add Owner	1644862853310	1644862853313	OK	 
REQUEST		GET Add Pet	1644862854170	1644862854175	OK	 
REQUEST		Get Find Owners Page	1644862854377	1644862854382	OK	 
REQUEST		Get Find Owners Page	1644862854387	1644862854390	OK	 
REQUEST		POST Add Pet	1644862854392	1644862854401	OK	 
REQUEST		Get Owners Info	1644862854403	1644862854418	OK	 
REQUEST		GET Add Pet	1644862854460	1644862854467	OK	 
REQUEST		POST Add Owner	1644862854921	1644862854926	OK	 
REQUEST		Get Owners Info	1644862854927	1644862854944	OK	 
REQUEST		POST Edit Pet Name	1644862855018	1644862855025	OK	 
REQUEST		GET Owners Info	1644862855025	1644862855043	OK	 
REQUEST		POST Add Pet	1644862855738	1644862855749	OK	 
REQUEST		Get Owners Info	1644862855749	1644862855767	OK	 
REQUEST		POST Add Pet	1644862855808	1644862855814	OK	 
REQUEST		Get Owners Info	1644862855814	1644862855827	OK	 
REQUEST		GET Add Owner	1644862855895	1644862855899	OK	 
USER	DemoAdvanced	START	1644862856037
REQUEST		Open Home Page	1644862856038	1644862856051	OK	 
REQUEST		GET Add Owner	1644862856064	1644862856067	OK	 
REQUEST		GET Add new visit	1644862856167	1644862856181	OK	 
REQUEST		GET Edit Pet Page	1644862856323	1644862856329	OK	 
REQUEST		GET Add Pet	1644862856740	1644862856746	OK	 
REQUEST		GET Edit Pet Page	1644862857042	1644862857049	OK	 
REQUEST		POST Add new visit	1644862857192	1644862857196	OK	 
REQUEST		GET Owners Info	1644862857197	1644862857209	OK	 
REQUEST		POST Add Owner	1644862857626	1644862857630	OK	 
REQUEST		Get Owners Info	1644862857630	1644862857646	OK	 
REQUEST		Get Find Owners Page	1644862857686	1644862857689	OK	 
REQUEST		GET Edit Pet Page	1644862857806	1644862857813	OK	 
REQUEST		POST Add Owner	1644862857866	1644862857869	OK	 
REQUEST		Get Owners Info	1644862857869	1644862857887	OK	 
REQUEST		POST Edit Pet Name	1644862858112	1644862858119	OK	 
REQUEST		GET Owners Info	1644862858120	1644862858133	OK	 
REQUEST		POST Add Pet	1644862858566	1644862858573	OK	 
REQUEST		Get Owners Info	1644862858573	1644862858587	OK	 
REQUEST		POST Edit Pet Name	1644862858720	1644862858733	OK	 
REQUEST		GET Owners Info	1644862858733	1644862858747	OK	 
REQUEST		Open Home Page	1644862858744	1644862858749	OK	 
REQUEST		GET Add Owner	1644862859290	1644862859292	OK	 
REQUEST		POST Edit Pet Name	1644862859313	1644862859321	OK	 
REQUEST		GET Owners Info	1644862859321	1644862859341	OK	 
REQUEST		GET Add Pet	1644862859528	1644862859537	OK	 
REQUEST		GET Add new visit	1644862859624	1644862859638	OK	 
REQUEST		GET Add Pet	1644862859690	1644862859695	OK	 
REQUEST		GET Edit Pet Page	1644862860242	1644862860250	OK	 
REQUEST		Get Find Owners Page	1644862860273	1644862860276	OK	 
REQUEST		POST Add Owner	1644862860674	1644862860677	OK	 
REQUEST		Get Owners Info	1644862860677	1644862860693	OK	 
REQUEST		GET Add new visit	1644862860700	1644862860715	OK	 
REQUEST		GET Add new visit	1644862860953	1644862860968	OK	 
REQUEST		POST Add new visit	1644862860999	1644862861004	OK	 
REQUEST		GET Owners Info	1644862861004	1644862861022	OK	 
REQUEST		POST Add Pet	1644862861166	1644862861173	OK	 
REQUEST		Get Owners Info	1644862861174	1644862861193	OK	 
REQUEST		GET Add Owner	1644862861527	1644862861531	OK	 
REQUEST		POST Add Pet	1644862861687	1644862861693	OK	 
REQUEST		Get Owners Info	1644862861694	1644862861708	OK	 
REQUEST		GET Add Pet	1644862861777	1644862861782	OK	 
REQUEST		POST Add new visit	1644862861915	1644862861921	OK	 
REQUEST		GET Owners Info	1644862861922	1644862861939	OK	 
REQUEST		POST Edit Pet Name	1644862862013	1644862862021	OK	 
REQUEST		GET Owners Info	1644862862022	1644862862034	OK	 
REQUEST		Open Home Page	1644862862116	1644862862119	OK	 
REQUEST		GET Edit Pet Page	1644862862382	1644862862390	OK	 
REQUEST		POST Add Owner	1644862862870	1644862862874	OK	 
REQUEST		Get Owners Info	1644862862875	1644862862891	OK	 
REQUEST		POST Add new visit	1644862862929	1644862862935	OK	 
REQUEST		GET Owners Info	1644862862936	1644862862953	OK	 
REQUEST		GET Add new visit	1644862863280	1644862863295	OK	 
REQUEST		Open Home Page	1644862863548	1644862863551	OK	 
REQUEST		Get Find Owners Page	1644862863615	1644862863618	OK	 
REQUEST		GET Edit Pet Page	1644862863623	1644862863630	OK	 
REQUEST		POST Add Pet	1644862863745	1644862863751	OK	 
REQUEST		Get Owners Info	1644862863751	1644862863765	OK	 
REQUEST		POST Edit Pet Name	1644862864308	1644862864316	OK	 
REQUEST		GET Owners Info	1644862864317	1644862864332	OK	 
REQUEST		GET Add Pet	1644862864360	1644862864365	OK	 
REQUEST		POST Add new visit	1644862864389	1644862864396	OK	 
REQUEST		GET Owners Info	1644862864396	1644862864411	OK	 
REQUEST		Open Home Page	1644862864512	1644862864514	OK	 
REQUEST		Get Find Owners Page	1644862864928	1644862864932	OK	 
REQUEST		GET Add Owner	1644862865162	1644862865165	OK	 
REQUEST		GET Edit Pet Page	1644862865395	1644862865402	OK	 
REQUEST		POST Edit Pet Name	1644862865623	1644862865633	OK	 
REQUEST		GET Owners Info	1644862865634	1644862865647	OK	 
REQUEST		Get Find Owners Page	1644862865690	1644862865693	OK	 
REQUEST		POST Add Pet	1644862866079	1644862866084	OK	 
REQUEST		Get Owners Info	1644862866085	1644862866097	OK	 
REQUEST		GET Add new visit	1644862866110	1644862866132	OK	 
REQUEST		Open Home Page	1644862866322	1644862866324	OK	 
REQUEST		GET Find Owners by Lastname	1644862866554	1644862866565	OK	 
REQUEST		GET Owners Info	1644862866566	1644862866581	OK	 
REQUEST		POST Add Owner	1644862866928	1644862866932	OK	 
REQUEST		Get Owners Info	1644862866932	1644862866945	OK	 
REQUEST		GET Add Owner	1644862867170	1644862867175	OK	 
REQUEST		GET Edit Pet Page	1644862867246	1644862867261	OK	 
REQUEST		GET Add new visit	1644862867256	1644862867272	OK	 
REQUEST		POST Edit Pet Name	1644862867373	1644862867380	OK	 
REQUEST		GET Owners Info	1644862867380	1644862867392	OK	 
REQUEST		POST Add new visit	1644862867653	1644862867659	OK	 
REQUEST		GET Owners Info	1644862867660	1644862867673	OK	 
REQUEST		Get Find Owners Page	1644862867912	1644862867915	OK	 
REQUEST		GET Open Edit Owner Page	1644862867912	1644862867917	OK	 
USER	DemoAdvanced	START	1644862868065
REQUEST		Open Home Page	1644862868066	1644862868072	OK	 
REQUEST		POST Add new visit	1644862868278	1644862868283	OK	 
REQUEST		GET Owners Info	1644862868284	1644862868303	OK	 
REQUEST		POST Add Owner	1644862868624	1644862868627	OK	 
REQUEST		Get Owners Info	1644862868628	1644862868641	OK	 
REQUEST		GET Add Pet	1644862868735	1644862868746	OK	 
REQUEST		POST Edit Pet Name	1644862868969	1644862869000	OK	 
REQUEST		GET Owners Info	1644862869001	1644862869020	OK	 
REQUEST		GET Add new visit	1644862869428	1644862869446	OK	 
REQUEST		POST Update Owner	1644862869462	1644862869468	OK	 
REQUEST		GET Owners Info	1644862869469	1644862869487	OK	 
REQUEST		Get Find Owners Page	1644862869487	1644862869492	OK	 
REQUEST		Open Home Page	1644862869693	1644862869696	OK	 
REQUEST		GET Add Pet	1644862869811	1644862869823	OK	 
REQUEST		GET Add Owner	1644862869936	1644862869939	OK	 
REQUEST		POST Add Pet	1644862870130	1644862870137	OK	 
REQUEST		Get Owners Info	1644862870138	1644862870155	OK	 
REQUEST		Open Home Page	1644862870157	1644862870161	OK	 
REQUEST		GET Add new visit	1644862870662	1644862870681	OK	 
REQUEST		GET Vets List	1644862870983	1644862870987	OK	 
REQUEST		POST Add new visit	1644862871086	1644862871091	OK	 
REQUEST		GET Owners Info	1644862871092	1644862871105	OK	 
REQUEST		GET Find Owners by Lastname	1644862871345	1644862871356	OK	 
REQUEST		GET Owners Info	1644862871357	1644862871373	OK	 
REQUEST		GET Edit Pet Page	1644862871402	1644862871409	OK	 
REQUEST		POST Add Pet	1644862871526	1644862871531	OK	 
REQUEST		Get Owners Info	1644862871532	1644862871545	OK	 
REQUEST		Get Find Owners Page	1644862871602	1644862871604	OK	 
REQUEST		Get Find Owners Page	1644862871696	1644862871698	OK	 
REQUEST		POST Add Owner	1644862871952	1644862871955	OK	 
REQUEST		Get Owners Info	1644862871956	1644862871968	OK	 
REQUEST		POST Add new visit	1644862872283	1644862872288	OK	 
REQUEST		GET Owners Info	1644862872289	1644862872306	OK	 
REQUEST		Open Home Page	1644862872457	1644862872460	OK	 
REQUEST		GET Add Owner	1644862872935	1644862872938	OK	 
REQUEST		Open Home Page	1644862872937	1644862872940	OK	 
REQUEST		POST Edit Pet Name	1644862873000	1644862873009	OK	 
REQUEST		GET Owners Info	1644862873009	1644862873023	OK	 
REQUEST		GET Open Edit Owner Page	1644862873019	1644862873026	OK	 
REQUEST		GET Edit Pet Page	1644862873129	1644862873141	OK	 
REQUEST		GET Add Pet	1644862873438	1644862873442	OK	 
REQUEST		GET Add Owner	1644862873514	1644862873517	OK	 
REQUEST		Open Home Page	1644862873645	1644862873648	OK	 
REQUEST		Get Find Owners Page	1644862873755	1644862873758	OK	 
REQUEST		GET Add new visit	1644862874640	1644862874655	OK	 
REQUEST		Get Find Owners Page	1644862874747	1644862874749	OK	 
REQUEST		POST Update Owner	1644862874798	1644862874802	OK	 
REQUEST		Get Find Owners Page	1644862874815	1644862874817	OK	 
REQUEST		GET Owners Info	1644862874803	1644862874821	OK	 
REQUEST		POST Add Owner	1644862874961	1644862874964	OK	 
REQUEST		Get Owners Info	1644862874965	1644862874977	OK	 
REQUEST		POST Add Owner	1644862875139	1644862875142	OK	 
REQUEST		Get Owners Info	1644862875143	1644862875161	OK	 
REQUEST		GET Add Owner	1644862875201	1644862875206	OK	 
REQUEST		POST Edit Pet Name	1644862875211	1644862875220	OK	 
REQUEST		GET Owners Info	1644862875221	1644862875234	OK	 
REQUEST		POST Add Pet	1644862875243	1644862875247	OK	 
REQUEST		Get Owners Info	1644862875248	1644862875262	OK	 
REQUEST		POST Add new visit	1644862876006	1644862876011	OK	 
REQUEST		GET Owners Info	1644862876012	1644862876025	OK	 
REQUEST		GET Add Owner	1644862876121	1644862876125	OK	 
REQUEST		GET Add new visit	1644862876287	1644862876301	OK	 
REQUEST		GET Add Pet	1644862876505	1644862876509	OK	 
REQUEST		GET Vets List	1644862876589	1644862876593	OK	 
REQUEST		GET Add Owner	1644862876650	1644862876653	OK	 
REQUEST		GET Add Pet	1644862876810	1644862876815	OK	 
REQUEST		GET Edit Pet Page	1644862876814	1644862876828	OK	 
REQUEST		POST Add Owner	1644862877147	1644862877150	OK	 
REQUEST		Get Owners Info	1644862877150	1644862877165	OK	 
REQUEST		POST Add Owner	1644862877289	1644862877293	OK	 
REQUEST		Get Owners Info	1644862877293	1644862877306	OK	 
REQUEST		Open Home Page	1644862877343	1644862877346	OK	 
REQUEST		POST Add new visit	1644862877411	1644862877416	OK	 
REQUEST		GET Owners Info	1644862877417	1644862877430	OK	 
REQUEST		Open Home Page	1644862878030	1644862878032	OK	 
REQUEST		POST Edit Pet Name	1644862878091	1644862878102	OK	 
REQUEST		GET Owners Info	1644862878102	1644862878116	OK	 
REQUEST		POST Add Owner	1644862878112	1644862878117	OK	 
REQUEST		Get Owners Info	1644862878118	1644862878132	OK	 
REQUEST		POST Add Pet	1644862878142	1644862878152	OK	 
REQUEST		Get Owners Info	1644862878153	1644862878168	OK	 
REQUEST		POST Add Pet	1644862878322	1644862878328	OK	 
REQUEST		Get Owners Info	1644862878329	1644862878343	OK	 
REQUEST		GET Add Pet	1644862878981	1644862878987	OK	 
REQUEST		Open Home Page	1644862879028	1644862879030	OK	 
REQUEST		GET Add Pet	1644862879233	1644862879239	OK	 
REQUEST		GET Add Pet	1644862879354	1644862879359	OK	 
REQUEST		Get Find Owners Page	1644862879387	1644862879391	OK	 
REQUEST		GET Edit Pet Page	1644862879551	1644862879558	OK	 
REQUEST		GET Add new visit	1644862879827	1644862879842	OK	 
REQUEST		Get Find Owners Page	1644862880040	1644862880042	OK	 
USER	DemoAdvanced	START	1644862880049
REQUEST		Open Home Page	1644862880049	1644862880054	OK	 
REQUEST		Get Find Owners Page	1644862880170	1644862880172	OK	 
REQUEST		GET Edit Pet Page	1644862880168	1644862880176	OK	 
REQUEST		POST Add Pet	1644862880668	1644862880674	OK	 
REQUEST		Get Owners Info	1644862880674	1644862880687	OK	 
REQUEST		GET Add Owner	1644862880709	1644862880713	OK	 
REQUEST		POST Add Pet	1644862880893	1644862880898	OK	 
REQUEST		Get Owners Info	1644862880899	1644862880915	OK	 
REQUEST		POST Add Pet	1644862881179	1644862881184	OK	 
REQUEST		Get Owners Info	1644862881185	1644862881199	OK	 
REQUEST		POST Add new visit	1644862881264	1644862881270	OK	 
REQUEST		GET Owners Info	1644862881270	1644862881283	OK	 
REQUEST		POST Edit Pet Name	1644862881578	1644862881590	OK	 
REQUEST		GET Owners Info	1644862881590	1644862881604	OK	 
REQUEST		GET Edit Pet Page	1644862881727	1644862881736	OK	 
REQUEST		Get Find Owners Page	1644862881980	1644862881983	OK	 
REQUEST		GET Add Owner	1644862882092	1644862882095	OK	 
REQUEST		GET Add Owner	1644862882104	1644862882107	OK	 
REQUEST		POST Edit Pet Name	1644862882120	1644862882128	OK	 
REQUEST		POST Add Owner	1644862882129	1644862882134	OK	 
REQUEST		GET Owners Info	1644862882128	1644862882155	OK	 
REQUEST		Get Owners Info	1644862882135	1644862882155	OK	 
REQUEST		GET Add new visit	1644862882751	1644862882766	OK	 
REQUEST		GET Edit Pet Page	1644862882845	1644862882857	OK	 
REQUEST		GET Edit Pet Page	1644862882900	1644862882908	OK	 
REQUEST		POST Edit Pet Name	1644862882980	1644862882987	OK	 
REQUEST		GET Owners Info	1644862882987	1644862883001	OK	 
REQUEST		GET Add Owner	1644862883065	1644862883068	OK	 
REQUEST		POST Add Owner	1644862883309	1644862883313	OK	 
REQUEST		Get Owners Info	1644862883313	1644862883327	OK	 
USER	DemoAdvanced	END	1644862883341
REQUEST		GET Add new visit	1644862883446	1644862883465	OK	 
REQUEST		POST Add Owner	1644862883953	1644862883956	OK	 
REQUEST		GET Add Pet	1644862883956	1644862883964	OK	 
REQUEST		Get Owners Info	1644862883956	1644862883973	OK	 
REQUEST		POST Add Owner	1644862884304	1644862884307	OK	 
REQUEST		Get Owners Info	1644862884307	1644862884320	OK	 
REQUEST		POST Edit Pet Name	1644862884528	1644862884538	OK	 
REQUEST		GET Owners Info	1644862884539	1644862884554	OK	 
REQUEST		GET Add Pet	1644862884586	1644862884592	OK	 
REQUEST		POST Edit Pet Name	1644862884595	1644862884602	OK	 
REQUEST		GET Owners Info	1644862884602	1644862884616	OK	 
REQUEST		POST Add new visit	1644862884651	1644862884661	OK	 
REQUEST		GET Add new visit	1644862884642	1644862884662	OK	 
REQUEST		GET Owners Info	1644862884661	1644862884677	OK	 
REQUEST		POST Add new visit	1644862885339	1644862885344	OK	 
REQUEST		GET Owners Info	1644862885344	1644862885365	OK	 
REQUEST		POST Add Pet	1644862885396	1644862885401	OK	 
REQUEST		Get Owners Info	1644862885401	1644862885416	OK	 
REQUEST		GET Add Pet	1644862885611	1644862885617	OK	 
REQUEST		GET Add new visit	1644862885633	1644862885650	OK	 
USER	DemoAdvanced	END	1644862885800
REQUEST		GET Add Pet	1644862886169	1644862886174	OK	 
REQUEST		POST Add new visit	1644862886342	1644862886348	OK	 
REQUEST		GET Owners Info	1644862886348	1644862886372	OK	 
REQUEST		POST Add Pet	1644862886371	1644862886376	OK	 
REQUEST		Get Owners Info	1644862886377	1644862886396	OK	 
REQUEST		GET Add new visit	1644862886608	1644862886623	OK	 
REQUEST		POST Add Pet	1644862886800	1644862886806	OK	 
REQUEST		Get Owners Info	1644862886807	1644862886820	OK	 
USER	DemoAdvanced	END	1644862886934
REQUEST		GET Edit Pet Page	1644862887275	1644862887284	OK	 
REQUEST		POST Add Pet	1644862887527	1644862887533	OK	 
REQUEST		Get Owners Info	1644862887534	1644862887550	OK	 
REQUEST		POST Add new visit	1644862887594	1644862887601	OK	 
REQUEST		GET Owners Info	1644862887602	1644862887621	OK	 
REQUEST		GET Edit Pet Page	1644862887845	1644862887852	OK	 
REQUEST		Open Home Page	1644862887866	1644862887869	OK	 
REQUEST		GET Edit Pet Page	1644862887894	1644862887904	OK	 
REQUEST		POST Add new visit	1644862888075	1644862888080	OK	 
REQUEST		GET Owners Info	1644862888080	1644862888094	OK	 
REQUEST		Open Home Page	1644862888885	1644862888887	OK	 
REQUEST		POST Edit Pet Name	1644862889126	1644862889137	OK	 
REQUEST		GET Owners Info	1644862889138	1644862889152	OK	 
REQUEST		POST Edit Pet Name	1644862889334	1644862889340	OK	 
REQUEST		GET Owners Info	1644862889340	1644862889358	OK	 
REQUEST		Get Find Owners Page	1644862889477	1644862889481	OK	 
REQUEST		GET Edit Pet Page	1644862889545	1644862889552	OK	 
REQUEST		POST Edit Pet Name	1644862889842	1644862889855	OK	 
REQUEST		GET Owners Info	1644862889855	1644862889873	OK	 
REQUEST		Get Find Owners Page	1644862890003	1644862890005	OK	 
REQUEST		Open Home Page	1644862890018	1644862890020	OK	 
REQUEST		GET Add new visit	1644862890709	1644862890724	OK	 
REQUEST		Get Find Owners Page	1644862891175	1644862891178	OK	 
REQUEST		GET Add Owner	1644862891266	1644862891271	OK	 
REQUEST		GET Add new visit	1644862891286	1644862891301	OK	 
REQUEST		GET Add Owner	1644862891322	1644862891326	OK	 
REQUEST		POST Edit Pet Name	1644862891376	1644862891383	OK	 
REQUEST		GET Owners Info	1644862891383	1644862891396	OK	 
REQUEST		GET Add new visit	1644862891890	1644862891906	OK	 
REQUEST		POST Add new visit	1644862892376	1644862892382	OK	 
REQUEST		GET Owners Info	1644862892382	1644862892400	OK	 
REQUEST		POST Add Owner	1644862892479	1644862892482	OK	 
REQUEST		Get Owners Info	1644862892482	1644862892496	OK	 
REQUEST		GET Add Owner	1644862892593	1644862892595	OK	 
REQUEST		POST Add Owner	1644862892682	1644862892686	OK	 
REQUEST		Get Owners Info	1644862892687	1644862892701	OK	 
REQUEST		GET Add new visit	1644862892894	1644862892910	OK	 
REQUEST		POST Add new visit	1644862893291	1644862893297	OK	 
REQUEST		GET Owners Info	1644862893297	1644862893311	OK	 
USER	DemoAdvanced	END	1644862893606
REQUEST		POST Add new visit	1644862893605	1644862893610	OK	 
REQUEST		GET Owners Info	1644862893611	1644862893630	OK	 
REQUEST		POST Add new visit	1644862894012	1644862894017	OK	 
REQUEST		GET Owners Info	1644862894017	1644862894034	OK	 
REQUEST		GET Add Pet	1644862894139	1644862894145	OK	 
REQUEST		GET Add Pet	1644862894140	1644862894145	OK	 
REQUEST		POST Add Owner	1644862894384	1644862894387	OK	 
REQUEST		Get Owners Info	1644862894387	1644862894403	OK	 
USER	DemoAdvanced	END	1644862894840
REQUEST		Open Home Page	1644862895137	1644862895140	OK	 
REQUEST		Open Home Page	1644862895225	1644862895228	OK	 
REQUEST		GET Add Pet	1644862895685	1644862895691	OK	 
REQUEST		POST Add Pet	1644862895912	1644862895919	OK	 
REQUEST		Get Owners Info	1644862895920	1644862895935	OK	 
REQUEST		POST Add Pet	1644862895940	1644862895946	OK	 
REQUEST		Get Owners Info	1644862895947	1644862895967	OK	 
REQUEST		Get Find Owners Page	1644862896937	1644862896941	OK	 
REQUEST		Get Find Owners Page	1644862897116	1644862897118	OK	 
REQUEST		POST Add Pet	1644862897289	1644862897295	OK	 
REQUEST		Get Owners Info	1644862897295	1644862897309	OK	 
REQUEST		GET Edit Pet Page	1644862897356	1644862897363	OK	 
REQUEST		GET Edit Pet Page	1644862897730	1644862897737	OK	 
REQUEST		GET Find Owners by Lastname	1644862898190	1644862898200	OK	 
REQUEST		GET Owners Info	1644862898201	1644862898216	OK	 
REQUEST		GET Add Owner	1644862898392	1644862898396	OK	 
REQUEST		POST Edit Pet Name	1644862898457	1644862898463	OK	 
REQUEST		GET Owners Info	1644862898464	1644862898478	OK	 
REQUEST		GET Edit Pet Page	1644862898879	1644862898888	OK	 
REQUEST		POST Edit Pet Name	1644862899374	1644862899382	OK	 
REQUEST		GET Owners Info	1644862899382	1644862899398	OK	 
REQUEST		GET Open Edit Owner Page	1644862899452	1644862899457	OK	 
REQUEST		GET Add new visit	1644862899921	1644862899936	OK	 
REQUEST		POST Add Owner	1644862900186	1644862900191	OK	 
REQUEST		Get Owners Info	1644862900191	1644862900205	OK	 
REQUEST		POST Edit Pet Name	1644862900485	1644862900494	OK	 
REQUEST		GET Owners Info	1644862900494	1644862900509	OK	 
REQUEST		GET Add new visit	1644862900507	1644862900521	OK	 
REQUEST		POST Update Owner	1644862900734	1644862900739	OK	 
REQUEST		GET Owners Info	1644862900739	1644862900758	OK	 
REQUEST		POST Add new visit	1644862901040	1644862901045	OK	 
REQUEST		GET Owners Info	1644862901045	1644862901060	OK	 
REQUEST		POST Add new visit	1644862901832	1644862901838	OK	 
REQUEST		GET Owners Info	1644862901839	1644862901861	OK	 
REQUEST		GET Vets List	1644862901875	1644862901881	OK	 
REQUEST		GET Add new visit	1644862901872	1644862901887	OK	 
REQUEST		GET Add Pet	1644862902121	1644862902126	OK	 
REQUEST		Open Home Page	1644862903078	1644862903081	OK	 
REQUEST		Open Home Page	1644862903562	1644862903565	OK	 
REQUEST		POST Add new visit	1644862903709	1644862903715	OK	 
REQUEST		GET Owners Info	1644862903716	1644862903734	OK	 
REQUEST		Open Home Page	1644862903835	1644862903837	OK	 
REQUEST		POST Add Pet	1644862904059	1644862904069	OK	 
REQUEST		Get Owners Info	1644862904069	1644862904085	OK	 
REQUEST		Get Find Owners Page	1644862904508	1644862904512	OK	 
REQUEST		Get Find Owners Page	1644862904637	1644862904640	OK	 
USER	DemoAdvanced	END	1644862904975
REQUEST		Get Find Owners Page	1644862905012	1644862905014	OK	 
REQUEST		GET Edit Pet Page	1644862905565	1644862905573	OK	 
REQUEST		GET Add Owner	1644862906258	1644862906262	OK	 
REQUEST		GET Find Owners by Lastname	1644862906322	1644862906331	OK	 
REQUEST		GET Owners Info	1644862906332	1644862906347	OK	 
REQUEST		GET Add Owner	1644862906565	1644862906567	OK	 
REQUEST		POST Edit Pet Name	1644862906881	1644862906889	OK	 
REQUEST		GET Owners Info	1644862906889	1644862906909	OK	 
REQUEST		GET Open Edit Owner Page	1644862907554	1644862907558	OK	 
REQUEST		POST Add Owner	1644862907949	1644862907952	OK	 
REQUEST		Get Owners Info	1644862907952	1644862907971	OK	 
REQUEST		GET Add new visit	1644862907967	1644862907987	OK	 
REQUEST		POST Add Owner	1644862908079	1644862908081	OK	 
REQUEST		Get Owners Info	1644862908082	1644862908098	OK	 
REQUEST		POST Update Owner	1644862909258	1644862909263	OK	 
REQUEST		GET Owners Info	1644862909263	1644862909277	OK	 
REQUEST		POST Add new visit	1644862909381	1644862909385	OK	 
REQUEST		GET Owners Info	1644862909386	1644862909402	OK	 
REQUEST		GET Add Pet	1644862909447	1644862909453	OK	 
REQUEST		GET Add Pet	1644862909814	1644862909819	OK	 
REQUEST		POST Add Pet	1644862911033	1644862911039	OK	 
REQUEST		GET Vets List	1644862911049	1644862911054	OK	 
REQUEST		POST Add Pet	1644862911046	1644862911056	OK	 
REQUEST		Get Owners Info	1644862911039	1644862911068	OK	 
REQUEST		Get Owners Info	1644862911057	1644862911075	OK	 
REQUEST		Open Home Page	1644862911099	1644862911102	OK	 
REQUEST		GET Edit Pet Page	1644862912228	1644862912235	OK	 
REQUEST		Get Find Owners Page	1644862912602	1644862912605	OK	 
REQUEST		GET Edit Pet Page	1644862912623	1644862912629	OK	 
REQUEST		Open Home Page	1644862913052	1644862913055	OK	 
REQUEST		POST Edit Pet Name	1644862913356	1644862913364	OK	 
REQUEST		GET Owners Info	1644862913364	1644862913380	OK	 
REQUEST		GET Add Owner	1644862913796	1644862913800	OK	 
REQUEST		POST Edit Pet Name	1644862914291	1644862914298	OK	 
REQUEST		GET Owners Info	1644862914299	1644862914313	OK	 
REQUEST		GET Add new visit	1644862915076	1644862915098	OK	 
REQUEST		Get Find Owners Page	1644862915120	1644862915122	OK	 
REQUEST		POST Add Owner	1644862915524	1644862915528	OK	 
REQUEST		Get Owners Info	1644862915529	1644862915544	OK	 
REQUEST		GET Add new visit	1644862915838	1644862915854	OK	 
REQUEST		GET Add Pet	1644862916940	1644862916948	OK	 
REQUEST		POST Add new visit	1644862916981	1644862916987	OK	 
REQUEST		GET Owners Info	1644862916987	1644862917006	OK	 
REQUEST		POST Add new visit	1644862917178	1644862917191	OK	 
REQUEST		GET Find Owners by Lastname	1644862917191	1644862917204	OK	 
REQUEST		GET Owners Info	1644862917192	1644862917224	OK	 
REQUEST		GET Owners Info	1644862917205	1644862917239	OK	 
REQUEST		POST Add Pet	1644862918175	1644862918181	OK	 
REQUEST		Get Owners Info	1644862918181	1644862918200	OK	 
REQUEST		GET Open Edit Owner Page	1644862918706	1644862918711	OK	 
USER	DemoAdvanced	END	1644862918731
USER	DemoAdvanced	END	1644862918813
REQUEST		GET Edit Pet Page	1644862919665	1644862919677	OK	 
REQUEST		POST Update Owner	1644862920374	1644862920378	OK	 
REQUEST		GET Owners Info	1644862920379	1644862920402	OK	 
REQUEST		POST Edit Pet Name	1644862921433	1644862921444	OK	 
REQUEST		GET Owners Info	1644862921444	1644862921475	OK	 
REQUEST		GET Vets List	1644862922092	1644862922096	OK	 
REQUEST		GET Add new visit	1644862922900	1644862922917	OK	 
REQUEST		Open Home Page	1644862923355	1644862923358	OK	 
REQUEST		Get Find Owners Page	1644862924422	1644862924425	OK	 
REQUEST		POST Add new visit	1644862924742	1644862924749	OK	 
REQUEST		GET Owners Info	1644862924749	1644862924765	OK	 
REQUEST		GET Add Owner	1644862926222	1644862926230	OK	 
REQUEST		Open Home Page	1644862926462	1644862926467	OK	 
REQUEST		Get Find Owners Page	1644862927536	1644862927538	OK	 
REQUEST		POST Add Owner	1644862928120	1644862928122	OK	 
REQUEST		Get Owners Info	1644862928123	1644862928137	OK	 
REQUEST		GET Add Owner	1644862928887	1644862928890	OK	 
REQUEST		GET Add Pet	1644862929538	1644862929548	OK	 
REQUEST		POST Add Owner	1644862930738	1644862930744	OK	 
REQUEST		Get Owners Info	1644862930744	1644862930767	OK	 
REQUEST		POST Add Pet	1644862931036	1644862931043	OK	 
REQUEST		Get Owners Info	1644862931043	1644862931065	OK	 
REQUEST		GET Add Pet	1644862932344	1644862932350	OK	 
REQUEST		GET Edit Pet Page	1644862932932	1644862932944	OK	 
REQUEST		POST Edit Pet Name	1644862934036	1644862934044	OK	 
REQUEST		GET Owners Info	1644862934044	1644862934069	OK	 
REQUEST		POST Add Pet	1644862934170	1644862934176	OK	 
REQUEST		Get Owners Info	1644862934176	1644862934193	OK	 
REQUEST		GET Add new visit	1644862935152	1644862935172	OK	 
REQUEST		GET Edit Pet Page	1644862935488	1644862935494	OK	 
REQUEST		POST Edit Pet Name	1644862936636	1644862936643	OK	 
REQUEST		GET Owners Info	1644862936644	1644862936665	OK	 
REQUEST		POST Add new visit	1644862937090	1644862937095	OK	 
REQUEST		GET Owners Info	1644862937095	1644862937112	OK	 
REQUEST		GET Add new visit	1644862937955	1644862937973	OK	 
REQUEST		Open Home Page	1644862938298	1644862938304	OK	 
REQUEST		Get Find Owners Page	1644862939787	1644862939791	OK	 
REQUEST		POST Add new visit	1644862939992	1644862939999	OK	 
REQUEST		GET Owners Info	1644862939999	1644862940022	OK	 
REQUEST		GET Add Owner	1644862940914	1644862940918	OK	 
USER	DemoAdvanced	END	1644862941178
REQUEST		POST Add Owner	1644862942454	1644862942457	OK	 
REQUEST		Get Owners Info	1644862942457	1644862942480	OK	 
REQUEST		GET Add Pet	1644862944413	1644862944432	OK	 
REQUEST		POST Add Pet	1644862945828	1644862945835	OK	 
REQUEST		Get Owners Info	1644862945836	1644862945852	OK	 
REQUEST		GET Edit Pet Page	1644862947656	1644862947678	OK	 
REQUEST		POST Edit Pet Name	1644862948987	1644862948994	OK	 
REQUEST		GET Owners Info	1644862948994	1644862949015	OK	 
REQUEST		GET Add new visit	1644862950651	1644862950672	OK	 
REQUEST		POST Add new visit	1644862951921	1644862951933	OK	 
REQUEST		GET Owners Info	1644862951933	1644862951949	OK	 
USER	DemoAdvanced	END	1644862953850
