RUN	demoAdvancedIk.DemoAdvanced	demoadvanced	1644861110253	 	3.6.1
USER	DemoAdvanced	START	1644861111281
REQUEST		Open Home Page	1644861111316	1644861111337	OK	 
USER	DemoAdvanced	START	1644861111373
REQUEST		Open Home Page	1644861111373	1644861111386	OK	 
USER	DemoAdvanced	START	1644861111466
REQUEST		Open Home Page	1644861111466	1644861111478	OK	 
USER	DemoAdvanced	START	1644861111556
REQUEST		Open Home Page	1644861111556	1644861111568	OK	 
USER	DemoAdvanced	START	1644861111648
REQUEST		Open Home Page	1644861111648	1644861111659	OK	 
USER	DemoAdvanced	START	1644861111740
REQUEST		Open Home Page	1644861111741	1644861111752	OK	 
USER	DemoAdvanced	START	1644861111835
REQUEST		Open Home Page	1644861111835	1644861111845	OK	 
USER	DemoAdvanced	START	1644861111926
REQUEST		Open Home Page	1644861111926	1644861111938	OK	 
USER	DemoAdvanced	START	1644861112017
REQUEST		Open Home Page	1644861112017	1644861112022	OK	 
USER	DemoAdvanced	START	1644861112114
REQUEST		Open Home Page	1644861112114	1644861112119	OK	 
USER	DemoAdvanced	START	1644861112206
REQUEST		Open Home Page	1644861112206	1644861112210	OK	 
USER	DemoAdvanced	START	1644861112287
REQUEST		Open Home Page	1644861112287	1644861112291	OK	 
REQUEST		Get Find Owners Page	1644861112776	1644861112780	OK	 
REQUEST		Get Find Owners Page	1644861112890	1644861112893	OK	 
REQUEST		Get Find Owners Page	1644861112990	1644861112992	OK	 
REQUEST		Get Find Owners Page	1644861113106	1644861113110	OK	 
REQUEST		Get Find Owners Page	1644861113140	1644861113143	OK	 
REQUEST		Get Find Owners Page	1644861113200	1644861113204	OK	 
USER	DemoAdvanced	START	1644861113288
REQUEST		Open Home Page	1644861113288	1644861113292	OK	 
REQUEST		Get Find Owners Page	1644861113330	1644861113335	OK	 
REQUEST		Get Find Owners Page	1644861113623	1644861113626	OK	 
REQUEST		Get Find Owners Page	1644861113675	1644861113678	OK	 
REQUEST		Get Find Owners Page	1644861113865	1644861113868	OK	 
REQUEST		Get Find Owners Page	1644861113866	1644861113868	OK	 
REQUEST		GET Add Owner	1644861113907	1644861113911	OK	 
REQUEST		GET Find Owners by Lastname	1644861114035	1644861114040	OK	 
REQUEST		GET Find Owners by Lastname Redirect 1	1644861114042	1644861114047	OK	 
REQUEST		GET Owners Info	1644861114055	1644861114068	OK	 
REQUEST		Get Find Owners Page	1644861114247	1644861114250	OK	 
USER	DemoAdvanced	START	1644861114288
REQUEST		Open Home Page	1644861114288	1644861114293	OK	 
REQUEST		Get Find Owners Page	1644861114380	1644861114383	OK	 
REQUEST		GET Add Owner	1644861114654	1644861114657	OK	 
REQUEST		GET Add Owner	1644861114818	1644861114823	OK	 
REQUEST		GET Add Owner	1644861114899	1644861114903	OK	 
REQUEST		GET Add Owner	1644861114899	1644861114903	OK	 
REQUEST		GET Find Owners by Lastname	1644861114906	1644861114910	OK	 
REQUEST		GET Find Owners by Lastname Redirect 1	1644861114910	1644861114914	OK	 
REQUEST		GET Owners Info	1644861114915	1644861114918	OK	 
REQUEST		GET Find Owners by Lastname	1644861114923	1644861114926	OK	 
REQUEST		GET Find Owners by Lastname Redirect 1	1644861114926	1644861114932	OK	 
REQUEST		GET Owners Info	1644861114934	1644861114938	OK	 
REQUEST		GET Open Edit Owner Page	1644861115115	1644861115119	OK	 
REQUEST		GET Add Owner	1644861115171	1644861115175	OK	 
REQUEST		GET Add Owner	1644861115243	1644861115247	OK	 
USER	DemoAdvanced	START	1644861115287
REQUEST		Open Home Page	1644861115287	1644861115293	OK	 
REQUEST		GET Add Owner	1644861115345	1644861115349	OK	 
REQUEST		POST Add Owner	1644861115487	1644861115490	OK	 
REQUEST		POST Add Owner Redirect 1	1644861115490	1644861115493	KO	status.find.is(302), but actually found 200
REQUEST		Get Find Owners Page	1644861115751	1644861115753	OK	 
REQUEST		POST Add Owner	1644861115762	1644861115765	OK	 
REQUEST		POST Add Owner Redirect 1	1644861115765	1644861115768	KO	status.find.is(302), but actually found 200
REQUEST		GET Add Owner	1644861115812	1644861115816	OK	 
REQUEST		POST Add Owner	1644861115986	1644861115989	OK	 
REQUEST		POST Add Owner Redirect 1	1644861115989	1644861115992	KO	status.find.is(302), but actually found 200
REQUEST		GET Add Owner	1644861116108	1644861116111	OK	 
REQUEST		POST Add Owner	1644861116210	1644861116213	OK	 
REQUEST		POST Add Owner Redirect 1	1644861116214	1644861116217	KO	status.find.is(302), but actually found 200
REQUEST		POST Add Owner	1644861116271	1644861116276	OK	 
REQUEST		POST Add Owner Redirect 1	1644861116276	1644861116280	KO	status.find.is(302), but actually found 200
USER	DemoAdvanced	START	1644861116286
REQUEST		Open Home Page	1644861116286	1644861116291	OK	 
REQUEST		POST Add Owner	1644861116333	1644861116337	OK	 
REQUEST		POST Add Owner Redirect 1	1644861116337	1644861116340	KO	status.find.is(302), but actually found 200
REQUEST		Get Find Owners Page	1644861116695	1644861116698	OK	 
REQUEST		GET Open Edit Owner Page	1644861116723	1644861116727	OK	 
REQUEST		GET Add Pet	1644861116789	1644861116793	OK	 
REQUEST		GET Open Edit Owner Page	1644861116797	1644861116800	OK	 
REQUEST		POST Update Owner	1644861116807	1644861116811	OK	 
REQUEST		POST Update Owner Redirect 1	1644861116811	1644861116814	KO	status.find.is(302), but actually found 200
REQUEST		POST Add Owner	1644861117118	1644861117122	OK	 
REQUEST		POST Add Owner Redirect 1	1644861117123	1644861117126	KO	status.find.is(302), but actually found 200
REQUEST		POST Add Owner	1644861117168	1644861117171	OK	 
REQUEST		POST Add Owner Redirect 1	1644861117171	1644861117174	KO	status.find.is(302), but actually found 200
REQUEST		POST Add Owner	1644861117198	1644861117202	OK	 
REQUEST		POST Add Owner Redirect 1	1644861117202	1644861117205	KO	status.find.is(302), but actually found 200
REQUEST		GET Add Pet	1644861117223	1644861117228	OK	 
REQUEST		GET Add Pet	1644861117273	1644861117279	OK	 
USER	DemoAdvanced	START	1644861117287
REQUEST		Open Home Page	1644861117287	1644861117291	OK	 
REQUEST		GET Add Pet	1644861117683	1644861117688	OK	 
REQUEST		GET Add Owner	1644861117693	1644861117696	OK	 
REQUEST		POST Add Owner	1644861117726	1644861117729	OK	 
REQUEST		POST Add Owner Redirect 1	1644861117729	1644861117732	KO	status.find.is(302), but actually found 200
REQUEST		GET Add Pet	1644861117756	1644861117762	OK	 
REQUEST		POST Update Owner	1644861117823	1644861117827	OK	 
REQUEST		POST Update Owner Redirect 1	1644861117827	1644861117830	KO	status.find.is(302), but actually found 200
REQUEST		POST Add Pet	1644861117915	1644861117922	OK	 
REQUEST		POST Add Pet Redirect 1	1644861117922	1644861117926	OK	 
REQUEST		Get Owners Info	1644861117927	1644861117930	OK	 
REQUEST		GET Add Pet	1644861118012	1644861118017	OK	 
REQUEST		Get Find Owners Page	1644861118037	1644861118041	OK	 
REQUEST		POST Update Owner	1644861118214	1644861118218	OK	 
REQUEST		POST Update Owner Redirect 1	1644861118218	1644861118223	KO	status.find.is(302), but actually found 200
USER	DemoAdvanced	START	1644861118287
REQUEST		Open Home Page	1644861118288	1644861118295	OK	 
REQUEST		GET Add Owner	1644861118290	1644861118297	OK	 
REQUEST		POST Add Pet	1644861118376	1644861118381	OK	 
REQUEST		Get Owners Info	1644861118381	1644861118386	OK	 
REQUEST		GET Add Pet	1644861118429	1644861118434	OK	 
REQUEST		GET Add Pet	1644861118652	1644861118657	OK	 
REQUEST		GET Vets List	1644861118673	1644861118679	OK	 
REQUEST		GET Add Pet	1644861118848	1644861118852	OK	 
REQUEST		POST Add Pet	1644861118884	1644861118888	OK	 
REQUEST		Get Owners Info	1644861118889	1644861118893	OK	 
REQUEST		POST Add Pet	1644861119028	1644861119033	OK	 
REQUEST		Get Owners Info	1644861119034	1644861119038	OK	 
REQUEST		Get Find Owners Page	1644861119118	1644861119121	OK	 
REQUEST		GET Vets List	1644861119126	1644861119128	OK	 
REQUEST		POST Add Owner	1644861119250	1644861119253	OK	 
REQUEST		POST Add Owner Redirect 1	1644861119254	1644861119256	KO	status.find.is(302), but actually found 200
USER	DemoAdvanced	START	1644861119287
REQUEST		Open Home Page	1644861119287	1644861119291	OK	 
REQUEST		POST Add Pet	1644861119295	1644861119301	OK	 
REQUEST		Get Owners Info	1644861119302	1644861119306	OK	 
REQUEST		POST Add Owner	1644861119329	1644861119333	OK	 
REQUEST		POST Add Owner Redirect 1	1644861119333	1644861119340	KO	status.find.is(302), but actually found 200
REQUEST		GET Add Pet	1644861119409	1644861119413	OK	 
REQUEST		GET Add Owner	1644861119500	1644861119505	OK	 
REQUEST		GET Vets List	1644861119556	1644861119561	OK	 
REQUEST		Get Find Owners Page	1644861119592	1644861119595	OK	 
REQUEST		POST Add Pet	1644861119653	1644861119657	OK	 
REQUEST		Get Owners Info	1644861119658	1644861119662	OK	 
REQUEST		POST Add Pet	1644861119668	1644861119673	OK	 
REQUEST		Get Owners Info	1644861119674	1644861119677	OK	 
REQUEST		GET Edit Pet Page	1644861119724	1644861119728	OK	 
REQUEST		GET Edit Pet Page	1644861119812	1644861119816	OK	 
REQUEST		POST Add Pet	1644861119874	1644861119879	OK	 
REQUEST		Get Owners Info	1644861119880	1644861119884	OK	 
REQUEST		POST Add Pet	1644861119900	1644861119907	OK	 
REQUEST		Get Owners Info	1644861119907	1644861119911	OK	 
USER	DemoAdvanced	END	1644861119912
USER	DemoAdvanced	START	1644861119912
REQUEST		Open Home Page	1644861119912	1644861119922	OK	 
USER	DemoAdvanced	START	1644861120287
REQUEST		Open Home Page	1644861120287	1644861120292	OK	 
REQUEST		Get Find Owners Page	1644861120417	1644861120421	OK	 
REQUEST		GET Edit Pet Page	1644861120587	1644861120592	OK	 
REQUEST		GET Edit Pet Page	1644861120659	1644861120664	OK	 
REQUEST		GET Edit Pet Page	1644861120683	1644861120687	OK	 
REQUEST		GET Edit Pet Page	1644861120693	1644861120699	OK	 
REQUEST		POST Edit Pet Name	1644861120841	1644861120851	OK	 
REQUEST		POST Edit Pet Name Redirect 1	1644861120851	1644861120854	KO	status.find.is(302), but actually found 200
USER	DemoAdvanced	END	1644861120861
USER	DemoAdvanced	START	1644861120861
REQUEST		Open Home Page	1644861120861	1644861120865	OK	 
REQUEST		POST Add Owner	1644861120975	1644861120977	OK	 
REQUEST		POST Add Owner Redirect 1	1644861120977	1644861120980	KO	status.find.is(302), but actually found 200
REQUEST		GET Add Owner	1644861121012	1644861121016	OK	 
REQUEST		GET Add Pet	1644861121074	1644861121078	OK	 
REQUEST		GET Edit Pet Page	1644861121109	1644861121117	OK	 
REQUEST		POST Add Pet	1644861121198	1644861121204	OK	 
REQUEST		Get Owners Info	1644861121205	1644861121208	OK	 
REQUEST		GET Find Owners by Lastname	1644861121231	1644861121238	OK	 
REQUEST		GET Owners Info	1644861121241	1644861121244	OK	 
REQUEST		GET Add Pet	1644861121242	1644861121246	OK	 
USER	DemoAdvanced	END	1644861121320
REQUEST		Get Find Owners Page	1644861121356	1644861121360	OK	 
REQUEST		Get Find Owners Page	1644861121367	1644861121369	OK	 
REQUEST		GET Edit Pet Page	1644861121394	1644861121399	OK	 
REQUEST		POST Edit Pet Name	1644861121683	1644861121688	OK	 
REQUEST		POST Edit Pet Name Redirect 1	1644861121688	1644861121692	KO	status.find.is(302), but actually found 200
REQUEST		POST Edit Pet Name	1644861121716	1644861121721	OK	 
REQUEST		POST Edit Pet Name Redirect 1	1644861121721	1644861121725	KO	status.find.is(302), but actually found 200
REQUEST		POST Edit Pet Name	1644861121856	1644861121861	OK	 
REQUEST		POST Edit Pet Name Redirect 1	1644861121862	1644861121864	KO	status.find.is(302), but actually found 200
REQUEST		GET Edit Pet Page	1644861121899	1644861121904	OK	 
REQUEST		GET Add new visit	1644861121974	1644861121979	OK	 
REQUEST		GET Add Owner	1644861122025	1644861122027	OK	 
REQUEST		GET Add Pet	1644861122116	1644861122122	OK	 
REQUEST		POST Edit Pet Name	1644861122263	1644861122268	OK	 
REQUEST		POST Edit Pet Name Redirect 1	1644861122268	1644861122273	KO	status.find.is(302), but actually found 200
REQUEST		GET Edit Pet Page	1644861122286	1644861122290	OK	 
REQUEST		Get Find Owners Page	1644861122332	1644861122336	OK	 
REQUEST		POST Edit Pet Name	1644861122337	1644861122340	OK	 
REQUEST		POST Edit Pet Name Redirect 1	1644861122340	1644861122343	KO	status.find.is(302), but actually found 200
REQUEST		POST Add Pet	1644861122409	1644861122414	OK	 
REQUEST		Get Owners Info	1644861122415	1644861122419	OK	 
REQUEST		GET Add Owner	1644861122471	1644861122474	OK	 
REQUEST		GET Add Owner	1644861122666	1644861122669	OK	 
REQUEST		POST Edit Pet Name	1644861122693	1644861122700	OK	 
REQUEST		POST Edit Pet Name Redirect 1	1644861122700	1644861122703	KO	status.find.is(302), but actually found 200
REQUEST		POST Edit Pet Name	1644861122721	1644861122728	OK	 
REQUEST		POST Edit Pet Name Redirect 1	1644861122728	1644861122733	KO	status.find.is(302), but actually found 200
REQUEST		GET Open Edit Owner Page	1644861122817	1644861122821	OK	 
REQUEST		POST Add Owner	1644861122930	1644861122938	OK	 
REQUEST		POST Add Owner Redirect 1	1644861122938	1644861122940	KO	status.find.is(302), but actually found 200
REQUEST		POST Add Pet	1644861123009	1644861123014	OK	 
REQUEST		Get Owners Info	1644861123014	1644861123018	OK	 
REQUEST		POST Edit Pet Name	1644861123070	1644861123075	OK	 
REQUEST		POST Edit Pet Name Redirect 1	1644861123075	1644861123079	KO	status.find.is(302), but actually found 200
REQUEST		POST Add Pet	1644861123273	1644861123278	OK	 
REQUEST		Get Owners Info	1644861123278	1644861123282	OK	 
REQUEST		POST Edit Pet Name	1644861123347	1644861123356	OK	 
REQUEST		POST Edit Pet Name Redirect 1	1644861123356	1644861123359	KO	status.find.is(302), but actually found 200
REQUEST		GET Add new visit	1644861123378	1644861123382	OK	 
REQUEST		GET Add new visit	1644861123580	1644861123585	OK	 
REQUEST		POST Add new visit	1644861123589	1644861123592	OK	 
REQUEST		POST Add new visit Redirect 1	1644861123593	1644861123597	KO	status.find.is(302), but actually found 200
REQUEST		GET Add new visit	1644861123840	1644861123844	OK	 
REQUEST		POST Update Owner	1644861123849	1644861123854	OK	 
REQUEST		GET Add new visit	1644861123852	1644861123857	OK	 
REQUEST		POST Update Owner Redirect 1	1644861123854	1644861123860	KO	status.find.is(302), but actually found 200
REQUEST		POST Add Owner	1644861123869	1644861123872	OK	 
REQUEST		POST Add Owner Redirect 1	1644861123872	1644861123875	KO	status.find.is(302), but actually found 200
REQUEST		POST Add Owner	1644861123911	1644861123915	OK	 
REQUEST		POST Add Owner Redirect 1	1644861123915	1644861123919	KO	status.find.is(302), but actually found 200
REQUEST		GET Add new visit	1644861124073	1644861124077	OK	 
REQUEST		GET Find Owners by Lastname	1644861124118	1644861124121	OK	 
REQUEST		GET Owners Info	1644861124122	1644861124125	OK	 
REQUEST		GET Add new visit	1644861124196	1644861124201	OK	 
REQUEST		GET Add new visit	1644861124300	1644861124304	OK	 
REQUEST		GET Edit Pet Page	1644861124398	1644861124402	OK	 
REQUEST		POST Add Owner	1644861124532	1644861124535	OK	 
REQUEST		POST Add Owner Redirect 1	1644861124535	1644861124539	KO	status.find.is(302), but actually found 200
REQUEST		GET Add new visit	1644861124580	1644861124583	OK	 
REQUEST		GET Edit Pet Page	1644861124580	1644861124583	OK	 
REQUEST		GET Add Pet	1644861124624	1644861124627	OK	 
REQUEST		GET Add new visit	1644861124758	1644861124761	OK	 
REQUEST		POST Add new visit	1644861124845	1644861124849	OK	 
REQUEST		POST Add new visit Redirect 1	1644861124849	1644861124858	KO	status.find.is(302), but actually found 200
REQUEST		POST Add new visit	1644861124940	1644861124943	OK	 
REQUEST		GET Edit Pet Page	1644861124940	1644861124944	OK	 
REQUEST		POST Add new visit Redirect 1	1644861124943	1644861124948	KO	status.find.is(302), but actually found 200
REQUEST		POST Add new visit	1644861125016	1644861125020	OK	 
REQUEST		POST Add new visit Redirect 1	1644861125020	1644861125024	KO	status.find.is(302), but actually found 200
REQUEST		POST Add new visit	1644861125114	1644861125118	OK	 
REQUEST		POST Add new visit Redirect 1	1644861125118	1644861125124	KO	status.find.is(302), but actually found 200
REQUEST		POST Add new visit	1644861125308	1644861125312	OK	 
REQUEST		POST Add new visit Redirect 1	1644861125312	1644861125315	KO	status.find.is(302), but actually found 200
USER	DemoAdvanced	END	1644861125457
REQUEST		GET Vets List	1644861125528	1644861125536	OK	 
REQUEST		POST Edit Pet Name	1644861125587	1644861125595	OK	 
REQUEST		POST Edit Pet Name Redirect 1	1644861125596	1644861125599	KO	status.find.is(302), but actually found 200
REQUEST		GET Add Pet	1644861125631	1644861125637	OK	 
REQUEST		GET Add Pet	1644861125647	1644861125651	OK	 
REQUEST		GET Add Pet	1644861125675	1644861125678	OK	 
REQUEST		POST Add new visit	1644861125758	1644861125762	OK	 
REQUEST		POST Add new visit Redirect 1	1644861125762	1644861125766	KO	status.find.is(302), but actually found 200
REQUEST		POST Add new visit	1644861125815	1644861125819	OK	 
REQUEST		POST Add new visit Redirect 1	1644861125819	1644861125825	KO	status.find.is(302), but actually found 200
REQUEST		GET Open Edit Owner Page	1644861125833	1644861125836	OK	 
REQUEST		POST Add new visit	1644861126055	1644861126058	OK	 
REQUEST		POST Add new visit Redirect 1	1644861126059	1644861126066	KO	status.find.is(302), but actually found 200
REQUEST		POST Add Pet	1644861126104	1644861126109	OK	 
REQUEST		Get Owners Info	1644861126110	1644861126117	OK	 
REQUEST		POST Add new visit	1644861126114	1644861126118	OK	 
REQUEST		POST Add new visit Redirect 1	1644861126119	1644861126124	KO	status.find.is(302), but actually found 200
REQUEST		POST Edit Pet Name	1644861126490	1644861126499	OK	 
REQUEST		POST Edit Pet Name	1644861126491	1644861126505	OK	 
REQUEST		POST Edit Pet Name Redirect 1	1644861126505	1644861126512	KO	status.find.is(302), but actually found 200
REQUEST		POST Edit Pet Name Redirect 1	1644861126499	1644861126512	KO	status.find.is(302), but actually found 200
USER	DemoAdvanced	END	1644861126515
USER	DemoAdvanced	END	1644861126632
USER	DemoAdvanced	END	1644861126637
USER	DemoAdvanced	END	1644861126728
USER	DemoAdvanced	END	1644861126777
USER	DemoAdvanced	END	1644861126847
REQUEST		POST Add Pet	1644861126878	1644861126882	OK	 
REQUEST		Get Owners Info	1644861126883	1644861126887	OK	 
REQUEST		POST Update Owner	1644861126923	1644861126928	OK	 
REQUEST		POST Update Owner Redirect 1	1644861126928	1644861126932	KO	status.find.is(302), but actually found 200
USER	DemoAdvanced	END	1644861126980
REQUEST		POST Add Pet	1644861127036	1644861127042	OK	 
REQUEST		Get Owners Info	1644861127043	1644861127048	OK	 
REQUEST		POST Add Pet	1644861127195	1644861127198	OK	 
REQUEST		Get Owners Info	1644861127199	1644861127203	OK	 
REQUEST		GET Edit Pet Page	1644861127454	1644861127459	OK	 
REQUEST		GET Add new visit	1644861127504	1644861127509	OK	 
USER	DemoAdvanced	END	1644861127644
USER	DemoAdvanced	END	1644861127746
REQUEST		GET Add new visit	1644861127746	1644861127752	OK	 
USER	DemoAdvanced	END	1644861128063
REQUEST		GET Add new visit	1644861128406	1644861128410	OK	 
REQUEST		GET Vets List	1644861128430	1644861128434	OK	 
REQUEST		GET Edit Pet Page	1644861128489	1644861128494	OK	 
REQUEST		GET Edit Pet Page	1644861128571	1644861128575	OK	 
REQUEST		POST Edit Pet Name	1644861128807	1644861128811	OK	 
REQUEST		POST Edit Pet Name Redirect 1	1644861128811	1644861128815	KO	status.find.is(302), but actually found 200
REQUEST		GET Edit Pet Page	1644861128832	1644861128836	OK	 
REQUEST		POST Add new visit	1644861129050	1644861129054	OK	 
REQUEST		POST Add new visit Redirect 1	1644861129054	1644861129058	KO	status.find.is(302), but actually found 200
REQUEST		POST Add new visit	1644861129068	1644861129071	OK	 
REQUEST		POST Add new visit Redirect 1	1644861129072	1644861129076	KO	status.find.is(302), but actually found 200
REQUEST		POST Edit Pet Name	1644861129539	1644861129545	OK	 
REQUEST		POST Edit Pet Name Redirect 1	1644861129545	1644861129549	KO	status.find.is(302), but actually found 200
USER	DemoAdvanced	END	1644861129749
REQUEST		GET Add new visit	1644861130046	1644861130050	OK	 
REQUEST		POST Add new visit	1644861130246	1644861130250	OK	 
REQUEST		POST Add new visit Redirect 1	1644861130251	1644861130256	KO	status.find.is(302), but actually found 200
REQUEST		POST Edit Pet Name	1644861130344	1644861130348	OK	 
REQUEST		POST Edit Pet Name Redirect 1	1644861130348	1644861130352	KO	status.find.is(302), but actually found 200
USER	DemoAdvanced	END	1644861130390
REQUEST		POST Edit Pet Name	1644861130526	1644861130530	OK	 
REQUEST		POST Edit Pet Name Redirect 1	1644861130530	1644861130536	KO	status.find.is(302), but actually found 200
REQUEST		GET Add new visit	1644861130766	1644861130776	OK	 
USER	DemoAdvanced	END	1644861130965
USER	DemoAdvanced	END	1644861131343
REQUEST		GET Add new visit	1644861131590	1644861131596	OK	 
REQUEST		POST Add new visit	1644861131673	1644861131678	OK	 
REQUEST		POST Add new visit Redirect 1	1644861131678	1644861131683	KO	status.find.is(302), but actually found 200
REQUEST		POST Add new visit	1644861132107	1644861132111	OK	 
REQUEST		POST Add new visit Redirect 1	1644861132112	1644861132117	KO	status.find.is(302), but actually found 200
REQUEST		GET Add new visit	1644861132271	1644861132278	OK	 
USER	DemoAdvanced	END	1644861133041
REQUEST		POST Add new visit	1644861133315	1644861133322	OK	 
REQUEST		POST Add new visit Redirect 1	1644861133323	1644861133327	KO	status.find.is(302), but actually found 200
REQUEST		POST Add new visit	1644861133527	1644861133532	OK	 
REQUEST		POST Add new visit Redirect 1	1644861133532	1644861133538	KO	status.find.is(302), but actually found 200
USER	DemoAdvanced	END	1644861134021
USER	DemoAdvanced	END	1644861134929
USER	DemoAdvanced	END	1644861135368
