RUN	demoAdvancedIk.DemoAdvanced	demoadvanced	1644853514301	 	3.6.1
USER	DemoAdvanced	START	1644853515216
REQUEST		request_0	1644853515240	1644853515259	OK	 
USER	DemoAdvanced	START	1644853515306
REQUEST		request_0	1644853515306	1644853515340	OK	 
USER	DemoAdvanced	START	1644853515400
REQUEST		request_0	1644853515400	1644853515411	OK	 
USER	DemoAdvanced	START	1644853515491
REQUEST		request_0	1644853515492	1644853515502	OK	 
USER	DemoAdvanced	START	1644853515580
REQUEST		request_0	1644853515581	1644853515592	OK	 
USER	DemoAdvanced	START	1644853515673
REQUEST		request_5	1644853515673	1644853515689	OK	 
USER	DemoAdvanced	START	1644853515767
REQUEST		request_0	1644853515767	1644853515779	OK	 
USER	DemoAdvanced	START	1644853515854
REQUEST		request_0	1644853515854	1644853515865	OK	 
USER	DemoAdvanced	START	1644853515945
REQUEST		request_0	1644853515945	1644853515950	OK	 
USER	DemoAdvanced	START	1644853516036
REQUEST		request_0	1644853516037	1644853516042	OK	 
USER	DemoAdvanced	START	1644853516130
REQUEST		request_0	1644853516131	1644853516135	OK	 
USER	DemoAdvanced	START	1644853516222
REQUEST		request_0	1644853516223	1644853516226	OK	 
USER	DemoAdvanced	START	1644853517223
REQUEST		request_0	1644853517224	1644853517228	OK	 
REQUEST		request_1	1644853517300	1644853517304	OK	 
REQUEST		request_1	1644853517343	1644853517347	OK	 
REQUEST		request_1	1644853517414	1644853517418	OK	 
REQUEST		request_1	1644853517506	1644853517509	OK	 
REQUEST		request_1	1644853517595	1644853517599	OK	 
REQUEST		request_1	1644853517782	1644853517785	OK	 
REQUEST		request_1	1644853517869	1644853517872	OK	 
REQUEST		request_1	1644853517952	1644853517956	OK	 
REQUEST		request_1	1644853518044	1644853518049	OK	 
REQUEST		request_1	1644853518140	1644853518144	OK	 
USER	DemoAdvanced	START	1644853518223
REQUEST		request_0	1644853518223	1644853518229	OK	 
REQUEST		request_1	1644853518231	1644853518233	OK	 
USER	DemoAdvanced	START	1644853519223
REQUEST		request_0	1644853519224	1644853519231	OK	 
REQUEST		request_1	1644853519235	1644853519238	OK	 
REQUEST		request_2	1644853519310	1644853519317	OK	 
REQUEST		request_2	1644853519352	1644853519356	OK	 
REQUEST		request_2	1644853519420	1644853519426	OK	 
REQUEST		request_2	1644853519511	1644853519516	OK	 
REQUEST		request_2	1644853519603	1644853519609	OK	 
REQUEST		request_2	1644853519786	1644853519791	OK	 
REQUEST		request_2	1644853519877	1644853519886	OK	 
REQUEST		request_2	1644853519961	1644853519967	OK	 
REQUEST		request_2	1644853520050	1644853520055	OK	 
REQUEST		request_2	1644853520148	1644853520153	OK	 
USER	DemoAdvanced	START	1644853520224
REQUEST		request_0	1644853520225	1644853520234	OK	 
REQUEST		request_1	1644853520236	1644853520239	OK	 
REQUEST		request_2	1644853520238	1644853520243	OK	 
REQUEST		request_3	1644853520325	1644853520333	OK	 
REQUEST		request_3	1644853520362	1644853520367	OK	 
REQUEST		request_3	1644853520429	1644853520435	OK	 
REQUEST		request_3	1644853520519	1644853520526	OK	 
REQUEST		request_3	1644853520613	1644853520620	OK	 
REQUEST		request_6	1644853520696	1644853520705	OK	 
REQUEST		request_3	1644853520793	1644853520802	OK	 
REQUEST		request_3	1644853520893	1644853520899	OK	 
REQUEST		request_3	1644853520969	1644853520979	OK	 
REQUEST		request_3	1644853521056	1644853521064	OK	 
REQUEST		request_3	1644853521155	1644853521164	OK	 
USER	DemoAdvanced	START	1644853521222
REQUEST		request_5	1644853521222	1644853521237	OK	 
REQUEST		request_1	1644853521236	1644853521239	OK	 
REQUEST		request_2	1644853521244	1644853521253	OK	 
REQUEST		request_3	1644853521247	1644853521257	OK	 
USER	DemoAdvanced	START	1644853522223
REQUEST		request_0	1644853522223	1644853522232	OK	 
REQUEST		request_1	1644853522236	1644853522241	OK	 
REQUEST		request_2	1644853522247	1644853522252	OK	 
REQUEST		request_3	1644853522254	1644853522263	OK	 
USER	DemoAdvanced	START	1644853523223
REQUEST		request_0	1644853523223	1644853523230	OK	 
REQUEST		request_2	1644853523241	1644853523246	OK	 
REQUEST		request_3	1644853523255	1644853523260	OK	 
USER	DemoAdvanced	START	1644853524241
REQUEST		request_1	1644853524239	1644853524252	OK	 
REQUEST		request_2	1644853524245	1644853524257	OK	 
REQUEST		request_0	1644853524242	1644853524259	OK	 
REQUEST		request_3	1644853524253	1644853524261	OK	 
REQUEST		request_4	1644853524336	1644853524346	OK	 
REQUEST		request_4 Redirect 1	1644853524348	1644853524364	OK	 
REQUEST		request_4	1644853524374	1644853524381	OK	 
REQUEST		request_4 Redirect 1	1644853524381	1644853524396	OK	 
REQUEST		request_4	1644853524437	1644853524443	OK	 
REQUEST		request_4 Redirect 1	1644853524443	1644853524458	OK	 
REQUEST		request_4	1644853524528	1644853524533	OK	 
REQUEST		request_4 Redirect 1	1644853524534	1644853524545	OK	 
REQUEST		request_4	1644853524623	1644853524629	OK	 
REQUEST		request_4 Redirect 1	1644853524629	1644853524642	OK	 
REQUEST		request_4	1644853524803	1644853524809	OK	 
REQUEST		request_4 Redirect 1	1644853524809	1644853524861	OK	 
REQUEST		request_4	1644853524904	1644853524911	OK	 
REQUEST		request_4 Redirect 1	1644853524911	1644853524927	OK	 
REQUEST		request_4	1644853524981	1644853524989	OK	 
REQUEST		request_4 Redirect 1	1644853524989	1644853525006	OK	 
REQUEST		request_4	1644853525067	1644853525072	OK	 
REQUEST		request_4 Redirect 1	1644853525072	1644853525085	OK	 
REQUEST		request_4	1644853525165	1644853525170	OK	 
REQUEST		request_4 Redirect 1	1644853525170	1644853525181	OK	 
REQUEST		request_1	1644853525236	1644853525239	OK	 
REQUEST		request_4	1644853525262	1644853525269	OK	 
REQUEST		request_3	1644853525262	1644853525271	OK	 
REQUEST		request_4 Redirect 1	1644853525270	1644853525286	OK	 
REQUEST		request_0	1644853525368	1644853525371	OK	 
REQUEST		request_0	1644853525399	1644853525402	OK	 
REQUEST		request_0	1644853525461	1644853525464	OK	 
REQUEST		request_0	1644853525552	1644853525554	OK	 
REQUEST		request_0	1644853525648	1644853525650	OK	 
REQUEST		request_7	1644853525707	1644853525715	OK	 
REQUEST		request_5	1644853525866	1644853525880	OK	 
REQUEST		request_0	1644853525939	1644853525946	OK	 
REQUEST		request_0	1644853526011	1644853526014	OK	 
REQUEST		request_0	1644853526088	1644853526091	OK	 
REQUEST		request_0	1644853526185	1644853526188	OK	 
REQUEST		request_6	1644853526243	1644853526251	OK	 
REQUEST		request_2	1644853526257	1644853526262	OK	 
REQUEST		request_1	1644853526261	1644853526264	OK	 
REQUEST		request_4	1644853526269	1644853526341	OK	 
REQUEST		request_0	1644853526341	1644853526381	OK	 
REQUEST		request_4 Redirect 1	1644853526341	1644853526426	OK	 
REQUEST		request_2	1644853527243	1644853527247	OK	 
REQUEST		request_4	1644853527266	1644853527271	OK	 
REQUEST		request_3	1644853527266	1644853527272	OK	 
REQUEST		request_4 Redirect 1	1644853527271	1644853527288	OK	 
REQUEST		request_1	1644853527375	1644853527378	OK	 
REQUEST		request_1	1644853527404	1644853527407	OK	 
REQUEST		request_5	1644853527430	1644853527435	OK	 
REQUEST		request_1	1644853527468	1644853527472	OK	 
REQUEST		request_1	1644853527559	1644853527563	OK	 
REQUEST		request_1	1644853527654	1644853527657	OK	 
REQUEST		request_1	1644853527951	1644853527956	OK	 
REQUEST		request_1	1644853528018	1644853528022	OK	 
REQUEST		request_1	1644853528093	1644853528096	OK	 
REQUEST		request_1	1644853528191	1644853528195	OK	 
REQUEST		request_3	1644853528252	1644853528261	OK	 
REQUEST		request_4	1644853528263	1644853528271	OK	 
REQUEST		request_2	1644853528270	1644853528277	OK	 
REQUEST		request_4 Redirect 1	1644853528271	1644853528287	OK	 
REQUEST		request_0	1644853528292	1644853528295	OK	 
REQUEST		request_1	1644853528386	1644853528390	OK	 
REQUEST		request_4	1644853529277	1644853529282	OK	 
REQUEST		request_3	1644853529282	1644853529290	OK	 
REQUEST		request_5	1644853529293	1644853529307	OK	 
REQUEST		request_4 Redirect 1	1644853529282	1644853529307	OK	 
REQUEST		request_2	1644853529383	1644853529388	OK	 
REQUEST		request_2	1644853529409	1644853529415	OK	 
REQUEST		request_2	1644853529477	1644853529482	OK	 
REQUEST		request_2	1644853529568	1644853529573	OK	 
REQUEST		request_2	1644853529659	1644853529666	OK	 
REQUEST		request_2	1644853529961	1644853529966	OK	 
REQUEST		request_2	1644853530027	1644853530032	OK	 
REQUEST		request_2	1644853530100	1644853530105	OK	 
REQUEST		request_2	1644853530199	1644853530203	OK	 
REQUEST		request_1	1644853530302	1644853530305	OK	 
REQUEST		request_5	1644853530312	1644853530319	OK	 
REQUEST		request_3	1644853530393	1644853530399	OK	 
REQUEST		request_2	1644853530394	1644853530401	OK	 
REQUEST		request_3	1644853530418	1644853530424	OK	 
REQUEST		request_3	1644853530486	1644853530490	OK	 
REQUEST		request_3	1644853530579	1644853530585	OK	 
REQUEST		request_3	1644853530670	1644853530674	OK	 
REQUEST		request_6	1644853530886	1644853530892	OK	 
REQUEST		request_3	1644853530971	1644853530976	OK	 
REQUEST		request_3	1644853531038	1644853531044	OK	 
REQUEST		request_3	1644853531111	1644853531115	OK	 
REQUEST		request_3	1644853531211	1644853531274	OK	 
REQUEST		request_7	1644853531260	1644853531288	OK	 
REQUEST		request_4	1644853531280	1644853531300	OK	 
REQUEST		request_4 Redirect 1	1644853531300	1644853531392	OK	 
REQUEST		request_3	1644853531406	1644853531411	OK	 
REQUEST		request_8	1644853531722	1644853531750	OK	 
REQUEST		request_4	1644853532264	1644853532270	OK	 
REQUEST		request_4 Redirect 1	1644853532270	1644853532285	OK	 
REQUEST		request_2	1644853532308	1644853532315	OK	 
REQUEST		request_0	1644853532398	1644853532417	OK	 
REQUEST		request_6	1644853532442	1644853532460	OK	 
REQUEST		request_0	1644853533292	1644853533295	OK	 
REQUEST		request_4	1644853533292	1644853533298	OK	 
REQUEST		request_4 Redirect 1	1644853533298	1644853533314	OK	 
REQUEST		request_3	1644853533318	1644853533326	OK	 
REQUEST		request_5	1644853534323	1644853534362	OK	 
REQUEST		request_6	1644853534311	1644853534382	OK	 
REQUEST		request_4	1644853534409	1644853534430	OK	 
REQUEST		request_1	1644853534426	1644853534454	OK	 
REQUEST		request_4	1644853534428	1644853534454	OK	 
REQUEST		request_4 Redirect 1	1644853534431	1644853534495	OK	 
REQUEST		request_4	1644853534492	1644853534540	OK	 
REQUEST		request_4 Redirect 1	1644853534455	1644853534561	OK	 
REQUEST		request_4 Redirect 1	1644853534540	1644853534571	OK	 
REQUEST		request_4	1644853534586	1644853534592	OK	 
REQUEST		request_4 Redirect 1	1644853534593	1644853534607	OK	 
REQUEST		request_4	1644853534677	1644853534682	OK	 
REQUEST		request_4 Redirect 1	1644853534683	1644853534695	OK	 
REQUEST		request_9	1644853534757	1644853534766	OK	 
REQUEST		request_9 Redirect 1	1644853534767	1644853534784	OK	 
REQUEST		request_4	1644853534980	1644853534986	OK	 
REQUEST		request_4 Redirect 1	1644853534986	1644853534997	OK	 
REQUEST		request_4	1644853535049	1644853535057	OK	 
REQUEST		request_4 Redirect 1	1644853535057	1644853535084	OK	 
REQUEST		request_4	1644853535156	1644853535168	OK	 
REQUEST		request_4 Redirect 1	1644853535168	1644853535188	OK	 
REQUEST		request_4	1644853535279	1644853535284	OK	 
REQUEST		request_4 Redirect 1	1644853535285	1644853535297	OK	 
REQUEST		request_1	1644853535300	1644853535302	OK	 
REQUEST		request_6	1644853535324	1644853535330	OK	 
REQUEST		request_4	1644853535416	1644853535421	OK	 
REQUEST		request_4 Redirect 1	1644853535422	1644853535437	OK	 
REQUEST		request_0	1644853535498	1644853535501	OK	 
REQUEST		request_0	1644853535564	1644853535566	OK	 
REQUEST		request_0	1644853535577	1644853535579	OK	 
REQUEST		request_0	1644853535612	1644853535615	OK	 
REQUEST		request_0	1644853535696	1644853535698	OK	 
REQUEST		request_7	1644853535895	1644853535903	OK	 
REQUEST		request_0	1644853536002	1644853536005	OK	 
REQUEST		request_0	1644853536086	1644853536089	OK	 
REQUEST		request_0	1644853536190	1644853536193	OK	 
REQUEST		request_0	1644853536302	1644853536305	OK	 
REQUEST		request_0	1644853536442	1644853536446	OK	 
REQUEST		request_2	1644853536459	1644853536464	OK	 
REQUEST		request_10	1644853536786	1644853536799	OK	 
REQUEST		request_8	1644853537291	1644853537298	OK	 
REQUEST		request_2	1644853537308	1644853537312	OK	 
REQUEST		request_4	1644853537332	1644853537337	OK	 
REQUEST		request_4 Redirect 1	1644853537338	1644853537348	OK	 
REQUEST		request_7	1644853537466	1644853537475	OK	 
REQUEST		request_3	1644853537469	1644853537475	OK	 
REQUEST		request_1	1644853537506	1644853537509	OK	 
REQUEST		request_1	1644853537569	1644853537572	OK	 
REQUEST		request_1	1644853537586	1644853537589	OK	 
REQUEST		request_1	1644853537618	1644853537628	OK	 
REQUEST		request_1	1644853537702	1644853537706	OK	 
REQUEST		request_1	1644853538009	1644853538012	OK	 
REQUEST		request_1	1644853538094	1644853538097	OK	 
REQUEST		request_1	1644853538194	1644853538198	OK	 
REQUEST		request_1	1644853538308	1644853538311	OK	 
REQUEST		request_3	1644853538316	1644853538324	OK	 
REQUEST		request_0	1644853538353	1644853538356	OK	 
REQUEST		request_1	1644853538452	1644853538455	OK	 
REQUEST		request_6	1644853539367	1644853539375	OK	 
REQUEST		request_7	1644853539387	1644853539394	OK	 
REQUEST		request_2	1644853539511	1644853539515	OK	 
REQUEST		request_2	1644853539577	1644853539582	OK	 
REQUEST		request_2	1644853539594	1644853539598	OK	 
REQUEST		request_2	1644853539634	1644853539639	OK	 
REQUEST		request_2	1644853539710	1644853539715	OK	 
REQUEST		request_2	1644853540017	1644853540023	OK	 
REQUEST		request_2	1644853540102	1644853540107	OK	 
REQUEST		request_2	1644853540202	1644853540206	OK	 
REQUEST		request_9	1644853540304	1644853540313	OK	 
REQUEST		request_2	1644853540316	1644853540320	OK	 
REQUEST		request_9 Redirect 1	1644853540313	1644853540326	OK	 
REQUEST		request_7	1644853540335	1644853540341	OK	 
REQUEST		request_1	1644853540360	1644853540363	OK	 
REQUEST		request_2	1644853540458	1644853540464	OK	 
REQUEST		request_3	1644853540517	1644853540523	OK	 
REQUEST		request_3	1644853540586	1644853540591	OK	 
REQUEST		request_3	1644853540604	1644853540608	OK	 
REQUEST		request_3	1644853540644	1644853540651	OK	 
REQUEST		request_3	1644853540720	1644853540727	OK	 
REQUEST		request_11	1644853540802	1644853540813	OK	 
REQUEST		request_11 Redirect 1	1644853540813	1644853540824	OK	 
REQUEST		request_3	1644853541028	1644853541033	OK	 
REQUEST		request_3	1644853541110	1644853541117	OK	 
REQUEST		request_3	1644853541210	1644853541220	OK	 
REQUEST		request_3	1644853541325	1644853541332	OK	 
REQUEST		request_3	1644853541467	1644853541479	OK	 
REQUEST		request_4	1644853541478	1644853541484	OK	 
REQUEST		request_4 Redirect 1	1644853541484	1644853541497	OK	 
REQUEST		request_8	1644853541904	1644853541911	OK	 
REQUEST		request_4	1644853542329	1644853542336	OK	 
REQUEST		request_4 Redirect 1	1644853542336	1644853542347	OK	 
REQUEST		request_10	1644853542333	1644853542347	OK	 
REQUEST		request_2	1644853542365	1644853542370	OK	 
REQUEST		request_0	1644853542502	1644853542506	OK	 
REQUEST		request_0	1644853543353	1644853543355	OK	 
REQUEST		request_3	1644853543373	1644853543377	OK	 
REQUEST		request_8	1644853543482	1644853543500	OK	 
REQUEST		request_7	1644853544380	1644853544387	OK	 
REQUEST		request_1	1644853544508	1644853544512	OK	 
REQUEST		request_4	1644853544529	1644853544536	OK	 
REQUEST		request_4 Redirect 1	1644853544536	1644853544549	OK	 
REQUEST		request_4	1644853544594	1644853544601	OK	 
REQUEST		request_4 Redirect 1	1644853544601	1644853544611	OK	 
REQUEST		request_4	1644853544611	1644853544616	OK	 
REQUEST		request_4 Redirect 1	1644853544616	1644853544627	OK	 
REQUEST		request_4	1644853544657	1644853544664	OK	 
REQUEST		request_4 Redirect 1	1644853544664	1644853544675	OK	 
REQUEST		request_4	1644853544728	1644853544734	OK	 
REQUEST		request_4 Redirect 1	1644853544734	1644853544749	OK	 
REQUEST		request_9	1644853544916	1644853544929	OK	 
REQUEST		request_9 Redirect 1	1644853544929	1644853544942	OK	 
REQUEST		request_4	1644853545038	1644853545044	OK	 
REQUEST		request_4 Redirect 1	1644853545044	1644853545055	OK	 
REQUEST		request_4	1644853545118	1644853545124	OK	 
REQUEST		request_4 Redirect 1	1644853545125	1644853545137	OK	 
REQUEST		request_4	1644853545222	1644853545233	OK	 
REQUEST		request_4 Redirect 1	1644853545233	1644853545245	OK	 
REQUEST		request_4	1644853545336	1644853545342	OK	 
REQUEST		request_4 Redirect 1	1644853545342	1644853545352	OK	 
REQUEST		request_1	1644853545357	1644853545359	OK	 
REQUEST		request_8	1644853545399	1644853545412	OK	 
REQUEST		request_4	1644853545485	1644853545491	OK	 
REQUEST		request_4 Redirect 1	1644853545491	1644853545503	OK	 
REQUEST		request_0	1644853545552	1644853545555	OK	 
REQUEST		request_5	1644853545615	1644853545621	OK	 
REQUEST		request_0	1644853545633	1644853545635	OK	 
REQUEST		request_0	1644853545680	1644853545683	OK	 
REQUEST		request_0	1644853545751	1644853545753	OK	 
REQUEST		request_12	1644853545827	1644853545833	OK	 
REQUEST		request_0	1644853546057	1644853546060	OK	 
REQUEST		request_5	1644853546141	1644853546148	OK	 
REQUEST		request_0	1644853546250	1644853546253	OK	 
REQUEST		request_8	1644853546347	1644853546355	OK	 
REQUEST		request_0	1644853546354	1644853546358	OK	 
REQUEST		request_11	1644853546352	1644853546359	OK	 
REQUEST		request_11 Redirect 1	1644853546359	1644853546379	OK	 
REQUEST		request_0	1644853546508	1644853546511	OK	 
REQUEST		request_9	1644853546503	1644853546512	OK	 
REQUEST		request_2	1644853546516	1644853546528	OK	 
REQUEST		request_9 Redirect 1	1644853546512	1644853546529	OK	 
REQUEST		request_10	1644853546946	1644853546962	OK	 
REQUEST		request_2	1644853547361	1644853547367	OK	 
REQUEST		request_4	1644853547382	1644853547387	OK	 
REQUEST		request_4 Redirect 1	1644853547387	1644853547404	OK	 
REQUEST		request_3	1644853547533	1644853547538	OK	 
REQUEST		request_1	1644853547558	1644853547561	OK	 
REQUEST		request_1	1644853547640	1644853547643	OK	 
REQUEST		request_1	1644853547685	1644853547688	OK	 
REQUEST		request_1	1644853547758	1644853547760	OK	 
REQUEST		request_1	1644853548066	1644853548068	OK	 
REQUEST		request_1	1644853548255	1644853548257	OK	 
REQUEST		request_1	1644853548361	1644853548364	OK	 
REQUEST		request_3	1644853548371	1644853548376	OK	 
REQUEST		request_0	1644853548406	1644853548408	OK	 
REQUEST		request_9	1644853548416	1644853548424	OK	 
REQUEST		request_9 Redirect 1	1644853548424	1644853548435	OK	 
REQUEST		request_1	1644853548514	1644853548517	OK	 
REQUEST		request_10	1644853548535	1644853548548	OK	 
REQUEST		request_13	1644853548837	1644853548841	OK	 
REQUEST		request_0	1644853548842	1644853548849	OK	 
REQUEST		request_9	1644853549358	1644853549365	OK	 
REQUEST		request_9 Redirect 1	1644853549365	1644853549377	OK	 
REQUEST		request_2	1644853549565	1644853549569	OK	 
REQUEST		request_2	1644853549647	1644853549652	OK	 
REQUEST		request_2	1644853549692	1644853549697	OK	 
REQUEST		request_2	1644853549765	1644853549774	OK	 
REQUEST		request_2	1644853550074	1644853550080	OK	 
REQUEST		request_2	1644853550258	1644853550264	OK	 
REQUEST		request_2	1644853550370	1644853550377	OK	 
REQUEST		request_8	1644853550390	1644853550402	OK	 
REQUEST		request_1	1644853550414	1644853550417	OK	 
REQUEST		request_10	1644853550440	1644853550453	OK	 
REQUEST		request_2	1644853550523	1644853550530	OK	 
REQUEST		request_3	1644853550574	1644853550579	OK	 
REQUEST		request_6	1644853550627	1644853550635	OK	 
REQUEST		request_3	1644853550657	1644853550662	OK	 
REQUEST		request_3	1644853550702	1644853550709	OK	 
REQUEST		request_3	1644853550778	1644853550782	OK	 
REQUEST		request_1	1644853550852	1644853550857	OK	 
REQUEST		request_11	1644853550963	1644853550968	OK	 
REQUEST		request_11 Redirect 1	1644853550968	1644853550980	OK	 
REQUEST		request_3	1644853551081	1644853551086	OK	 
REQUEST		request_6	1644853551153	1644853551159	OK	 
REQUEST		request_3	1644853551270	1644853551274	OK	 
REQUEST		request_12	1644853551382	1644853551386	OK	 
REQUEST		request_3	1644853551382	1644853551388	OK	 
REQUEST		request_10	1644853551382	1644853551399	OK	 
REQUEST		request_3	1644853551533	1644853551541	OK	 
REQUEST		request_4	1644853551542	1644853551546	OK	 
REQUEST		request_4 Redirect 1	1644853551546	1644853551559	OK	 
REQUEST		request_4	1644853552381	1644853552386	OK	 
REQUEST		request_4 Redirect 1	1644853552386	1644853552398	OK	 
REQUEST		request_2	1644853552422	1644853552461	OK	 
REQUEST		request_11	1644853552555	1644853552581	OK	 
REQUEST		request_0	1644853552561	1644853552582	OK	 
REQUEST		request_11 Redirect 1	1644853552581	1644853552750	OK	 
REQUEST		request_2	1644853552861	1644853552868	OK	 
REQUEST		request_0	1644853553402	1644853553404	OK	 
REQUEST		request_9	1644853553407	1644853553419	OK	 
REQUEST		request_9 Redirect 1	1644853553419	1644853553432	OK	 
REQUEST		request_3	1644853553467	1644853553731	OK	 
REQUEST		request_3	1644853553871	1644853553876	OK	 
REQUEST		request_13	1644853554390	1644853554392	OK	 
REQUEST		request_0	1644853554392	1644853554394	OK	 
REQUEST		request_11	1644853554459	1644853554465	OK	 
REQUEST		request_11 Redirect 1	1644853554465	1644853554477	OK	 
REQUEST		request_4	1644853554581	1644853554587	OK	 
REQUEST		request_1	1644853554586	1644853554595	OK	 
REQUEST		request_4 Redirect 1	1644853554587	1644853554606	OK	 
REQUEST		request_4	1644853554665	1644853554670	OK	 
REQUEST		request_4 Redirect 1	1644853554670	1644853554681	OK	 
REQUEST		request_4	1644853554714	1644853554719	OK	 
REQUEST		request_4 Redirect 1	1644853554719	1644853554735	OK	 
REQUEST		request_4	1644853554787	1644853554793	OK	 
REQUEST		request_4 Redirect 1	1644853554793	1644853554805	OK	 
REQUEST		request_4	1644853555090	1644853555095	OK	 
REQUEST		request_4 Redirect 1	1644853555096	1644853555109	OK	 
REQUEST		request_4	1644853555278	1644853555283	OK	 
REQUEST		request_4 Redirect 1	1644853555283	1644853555299	OK	 
REQUEST		request_4	1644853555392	1644853555397	OK	 
REQUEST		request_11	1644853555402	1644853555407	OK	 
REQUEST		request_1	1644853555407	1644853555409	OK	 
REQUEST		request_4 Redirect 1	1644853555397	1644853555419	OK	 
REQUEST		request_11 Redirect 1	1644853555407	1644853555424	OK	 
REQUEST		request_10	1644853555434	1644853555448	OK	 
REQUEST		request_4	1644853555548	1644853555561	OK	 
REQUEST		request_0	1644853555609	1644853555624	OK	 
REQUEST		request_4 Redirect 1	1644853555561	1644853555636	OK	 
REQUEST		request_7	1644853555637	1644853555643	OK	 
REQUEST		request_0	1644853555683	1644853555685	OK	 
REQUEST		request_0	1644853555739	1644853555742	OK	 
REQUEST		request_0	1644853555807	1644853555809	OK	 
REQUEST		request_12	1644853556005	1644853556060	OK	 
REQUEST		request_0	1644853556110	1644853556112	OK	 
REQUEST		request_7	1644853556165	1644853556189	OK	 
REQUEST		request_0	1644853556301	1644853556304	OK	 
REQUEST		request_1	1644853556395	1644853556398	OK	 
REQUEST		request_0	1644853556424	1644853556427	OK	 
REQUEST		request_2	1644853556599	1644853556606	OK	 
REQUEST		request_5	1644853556639	1644853556645	OK	 
REQUEST		request_2	1644853557414	1644853557421	OK	 
REQUEST		request_3	1644853557609	1644853557615	OK	 
REQUEST		request_1	1644853557628	1644853557630	OK	 
REQUEST		request_1	1644853557690	1644853557692	OK	 
REQUEST		request_4	1644853557734	1644853557738	OK	 
REQUEST		request_1	1644853557747	1644853557749	OK	 
REQUEST		request_4 Redirect 1	1644853557738	1644853557755	OK	 
REQUEST		request_12	1644853557756	1644853557758	OK	 
REQUEST		request_1	1644853557814	1644853557817	OK	 
REQUEST		request_4	1644853557881	1644853557886	OK	 
REQUEST		request_4 Redirect 1	1644853557886	1644853557902	OK	 
REQUEST		request_1	1644853558117	1644853558123	OK	 
REQUEST		request_1	1644853558305	1644853558308	OK	 
REQUEST		request_2	1644853558402	1644853558407	OK	 
REQUEST		request_3	1644853558426	1644853558432	OK	 
REQUEST		request_1	1644853558430	1644853558433	OK	 
REQUEST		request_0	1644853558760	1644853558765	OK	 
REQUEST		request_0	1644853558907	1644853558910	OK	 
REQUEST		request_13	1644853559062	1644853559065	OK	 
REQUEST		request_0	1644853559065	1644853559067	OK	 
REQUEST		request_3	1644853559410	1644853559416	OK	 
REQUEST		request_11	1644853559452	1644853559459	OK	 
REQUEST		request_11 Redirect 1	1644853559459	1644853559470	OK	 
REQUEST		request_12	1644853559480	1644853559483	OK	 
REQUEST		request_2	1644853559634	1644853559639	OK	 
REQUEST		request_2	1644853559695	1644853559700	OK	 
REQUEST		request_2	1644853559752	1644853559759	OK	 
REQUEST		request_2	1644853559822	1644853559828	OK	 
REQUEST		request_2	1644853560126	1644853560133	OK	 
REQUEST		request_2	1644853560309	1644853560321	OK	 
REQUEST		request_12	1644853560430	1644853560436	OK	 
REQUEST		request_2	1644853560439	1644853560445	OK	 
REQUEST		request_3	1644853560641	1644853560646	OK	 
REQUEST		request_3	1644853560706	1644853560712	OK	 
REQUEST		request_13	1644853560759	1644853560763	OK	 
REQUEST		request_0	1644853560763	1644853560765	OK	 
REQUEST		request_3	1644853560764	1644853560768	OK	 
REQUEST		request_1	1644853560767	1644853560770	OK	 
REQUEST		request_3	1644853560830	1644853560837	OK	 
REQUEST		request_1	1644853560914	1644853560918	OK	 
REQUEST		request_1	1644853561073	1644853561077	OK	 
REQUEST		request_3	1644853561139	1644853561148	OK	 
REQUEST		request_3	1644853561328	1644853561351	OK	 
REQUEST		request_3	1644853561449	1644853561460	OK	 
REQUEST		request_4	1644853561616	1644853561622	OK	 
REQUEST		request_4 Redirect 1	1644853561622	1644853561640	OK	 
REQUEST		request_6	1644853561646	1644853561659	OK	 
REQUEST		request_8	1644853561644	1644853561659	OK	 
REQUEST		request_8	1644853562201	1644853562220	OK	 
REQUEST		request_4	1644853562434	1644853562440	OK	 
REQUEST		request_4 Redirect 1	1644853562440	1644853562457	OK	 
REQUEST		request_13	1644853562489	1644853562491	OK	 
REQUEST		request_0	1644853562491	1644853562494	OK	 
REQUEST		request_0	1644853562644	1644853562647	OK	 
REQUEST		request_1	1644853562770	1644853562774	OK	 
REQUEST		request_2	1644853562775	1644853562782	OK	 
REQUEST		request_2	1644853562925	1644853563076	OK	 
REQUEST		request_2	1644853563080	1644853563085	OK	 
REQUEST		request_4	1644853563422	1644853563427	OK	 
REQUEST		request_13	1644853563441	1644853563445	OK	 
REQUEST		request_4 Redirect 1	1644853563427	1644853563448	OK	 
REQUEST		request_5	1644853563445	1644853563451	OK	 
REQUEST		request_0	1644853563463	1644853563466	OK	 
REQUEST		request_3	1644853563789	1644853563797	OK	 
REQUEST		request_3	1644853564081	1644853564086	OK	 
REQUEST		request_3	1644853564089	1644853564094	OK	 
REQUEST		request_0	1644853564452	1644853564454	OK	 
REQUEST		request_12	1644853564474	1644853564477	OK	 
REQUEST		request_1	1644853564499	1644853564502	OK	 
REQUEST		request_1	1644853564653	1644853564656	OK	 
REQUEST		request_4	1644853564652	1644853564659	OK	 
REQUEST		request_4 Redirect 1	1644853564659	1644853564674	OK	 
REQUEST		request_9	1644853564663	1644853564676	OK	 
REQUEST		request_9 Redirect 1	1644853564677	1644853564693	OK	 
REQUEST		request_4	1644853564716	1644853564722	OK	 
REQUEST		request_4 Redirect 1	1644853564722	1644853564734	OK	 
REQUEST		request_4	1644853564773	1644853564778	OK	 
REQUEST		request_2	1644853564778	1644853564785	OK	 
REQUEST		request_4 Redirect 1	1644853564778	1644853564795	OK	 
REQUEST		request_4	1644853564883	1644853564942	OK	 
REQUEST		request_4 Redirect 1	1644853564942	1644853565020	OK	 
REQUEST		request_4	1644853565153	1644853565159	OK	 
REQUEST		request_4 Redirect 1	1644853565159	1644853565171	OK	 
REQUEST		request_9	1644853565224	1644853565236	OK	 
REQUEST		request_9 Redirect 1	1644853565236	1644853565253	OK	 
REQUEST		request_4	1644853565352	1644853565372	OK	 
REQUEST		request_4 Redirect 1	1644853565372	1644853565397	OK	 
REQUEST		request_4	1644853565465	1644853565469	OK	 
REQUEST		request_1	1644853565472	1644853565481	OK	 
REQUEST		request_4 Redirect 1	1644853565469	1644853565484	OK	 
REQUEST		request_5	1644853565680	1644853565686	OK	 
REQUEST		request_5	1644853565739	1644853565746	OK	 
REQUEST		request_3	1644853565788	1644853565794	OK	 
REQUEST		request_5	1644853565798	1644853565804	OK	 
REQUEST		request_0	1644853566025	1644853566028	OK	 
REQUEST		request_0	1644853566175	1644853566179	OK	 
REQUEST		request_0	1644853566404	1644853566418	OK	 
REQUEST		request_1	1644853566456	1644853566459	OK	 
REQUEST		request_0	1644853566486	1644853566488	OK	 
REQUEST		request_2	1644853566506	1644853566511	OK	 
REQUEST		request_2	1644853566662	1644853566670	OK	 
REQUEST		request_7	1644853566664	1644853566673	OK	 
REQUEST		request_10	1644853566697	1644853566712	OK	 
REQUEST		request_10	1644853567255	1644853567268	OK	 
REQUEST		request_13	1644853567480	1644853567485	OK	 
REQUEST		request_0	1644853567485	1644853567490	OK	 
REQUEST		request_2	1644853567486	1644853567493	OK	 
REQUEST		request_3	1644853567515	1644853567521	OK	 
REQUEST		request_3	1644853567673	1644853567678	OK	 
REQUEST		request_4	1644853567802	1644853567812	OK	 
REQUEST		request_4 Redirect 1	1644853567812	1644853567828	OK	 
REQUEST		request_1	1644853568032	1644853568034	OK	 
REQUEST		request_4	1644853568090	1644853568097	OK	 
REQUEST		request_4	1644853568099	1644853568107	OK	 
REQUEST		request_4 Redirect 1	1644853568097	1644853568119	OK	 
REQUEST		request_4 Redirect 1	1644853568107	1644853568121	OK	 
REQUEST		request_1	1644853568180	1644853568183	OK	 
REQUEST		request_1	1644853568421	1644853568424	OK	 
REQUEST		request_6	1644853568455	1644853568461	OK	 
REQUEST		request_2	1644853568462	1644853568467	OK	 
REQUEST		request_1	1644853568494	1644853568497	OK	 
REQUEST		request_3	1644853568498	1644853568504	OK	 
REQUEST		request_0	1644853568831	1644853568833	OK	 
REQUEST		request_0	1644853569121	1644853569125	OK	 
REQUEST		request_5	1644853569127	1644853569132	OK	 
REQUEST		request_3	1644853569471	1644853569478	OK	 
REQUEST		request_1	1644853569495	1644853569499	OK	 
REQUEST		request_4	1644853569798	1644853569803	OK	 
REQUEST		request_4 Redirect 1	1644853569803	1644853569815	OK	 
REQUEST		request_2	1644853570036	1644853570041	OK	 
REQUEST		request_2	1644853570188	1644853570193	OK	 
REQUEST		request_2	1644853570430	1644853570435	OK	 
REQUEST		request_2	1644853570502	1644853570506	OK	 
REQUEST		request_6	1644853570688	1644853570713	OK	 
REQUEST		request_11	1644853570714	1644853570726	OK	 
REQUEST		request_11 Redirect 1	1644853570726	1644853570745	OK	 
REQUEST		request_6	1644853570751	1644853570757	OK	 
REQUEST		request_6	1644853570809	1644853570816	OK	 
REQUEST		request_0	1644853570821	1644853570824	OK	 
REQUEST		request_1	1644853570835	1644853570838	OK	 
REQUEST		request_3	1644853571047	1644853571051	OK	 
REQUEST		request_1	1644853571165	1644853571184	OK	 
REQUEST		request_3	1644853571199	1644853571208	OK	 
REQUEST		request_11	1644853571273	1644853571280	OK	 
REQUEST		request_11 Redirect 1	1644853571280	1644853571297	OK	 
REQUEST		request_3	1644853571438	1644853571447	OK	 
REQUEST		request_3	1644853571507	1644853571512	OK	 
REQUEST		request_2	1644853571505	1644853571512	OK	 
REQUEST		request_4	1644853571526	1644853571532	OK	 
REQUEST		request_4 Redirect 1	1644853571532	1644853571544	OK	 
REQUEST		request_4	1644853571680	1644853571685	OK	 
REQUEST		request_4 Redirect 1	1644853571685	1644853571697	OK	 
REQUEST		request_4	1644853572506	1644853572513	OK	 
REQUEST		request_3	1644853572517	1644853572525	OK	 
REQUEST		request_4 Redirect 1	1644853572513	1644853572526	OK	 
REQUEST		request_0	1644853572546	1644853572550	OK	 
REQUEST		request_8	1644853572677	1644853572685	OK	 
REQUEST		request_0	1644853572702	1644853572705	OK	 
REQUEST		request_1	1644853572830	1644853572832	OK	 
REQUEST		request_2	1644853572843	1644853572847	OK	 
REQUEST		request_2	1644853573187	1644853573194	OK	 
REQUEST		request_7	1644853573465	1644853573473	OK	 
REQUEST		request_4	1644853573483	1644853573490	OK	 
REQUEST		request_4 Redirect 1	1644853573490	1644853573505	OK	 
REQUEST		request_0	1644853573530	1644853573532	OK	 
REQUEST		request_3	1644853573852	1644853573857	OK	 
REQUEST		request_6	1644853574138	1644853574145	OK	 
REQUEST		request_3	1644853574198	1644853574203	OK	 
REQUEST		request_0	1644853574508	1644853574511	OK	 
REQUEST		request_1	1644853574554	1644853574558	OK	 
REQUEST		request_1	1644853574710	1644853574715	OK	 
REQUEST		request_2	1644853574836	1644853574840	OK	 
REQUEST		request_4	1644853575056	1644853575060	OK	 
REQUEST		request_4 Redirect 1	1644853575060	1644853575081	OK	 
REQUEST		request_4	1644853575213	1644853575218	OK	 
REQUEST		request_4 Redirect 1	1644853575218	1644853575239	OK	 
REQUEST		request_4	1644853575452	1644853575457	OK	 
REQUEST		request_4 Redirect 1	1644853575457	1644853575473	OK	 
REQUEST		request_4	1644853575514	1644853575518	OK	 
REQUEST		request_4 Redirect 1	1644853575519	1644853575535	OK	 
REQUEST		request_1	1644853575537	1644853575540	OK	 
REQUEST		request_9	1644853575688	1644853575696	OK	 
REQUEST		request_9 Redirect 1	1644853575696	1644853575707	OK	 
REQUEST		request_7	1644853575714	1644853575725	OK	 
REQUEST		request_12	1644853575751	1644853575755	OK	 
REQUEST		