RUN	demoAdvancedIk.DemoAdvanced	demoadvanced	1644849821233	 	3.6.1
USER	DemoAdvanced	START	1644849822239
REQUEST		request_0	1644849822258	1644849822280	OK	 
USER	DemoAdvanced	START	1644849822331
REQUEST		request_0	1644849822332	1644849822345	OK	 
USER	DemoAdvanced	START	1644849822424
REQUEST		request_0	1644849822424	1644849822442	OK	 
USER	DemoAdvanced	START	1644849822513
REQUEST		request_0	1644849822514	1644849822530	OK	 
USER	DemoAdvanced	START	1644849822604
REQUEST		request_0	1644849822604	1644849822619	OK	 
USER	DemoAdvanced	START	1644849822698
REQUEST		request_0	1644849822698	1644849822712	OK	 
USER	DemoAdvanced	START	1644849822788
REQUEST		request_0	1644849822788	1644849822800	OK	 
USER	DemoAdvanced	START	1644849822879
REQUEST		request_0	1644849822879	1644849822891	OK	 
USER	DemoAdvanced	START	1644849822970
REQUEST		request_0	1644849822971	1644849822986	OK	 
USER	DemoAdvanced	START	1644849823063
REQUEST		request_0	1644849823063	1644849823069	OK	 
USER	DemoAdvanced	START	1644849823151
REQUEST		request_0	1644849823151	1644849823159	OK	 
USER	DemoAdvanced	START	1644849823252
REQUEST		request_5	1644849823253	1644849823267	OK	 
USER	DemoAdvanced	START	1644849824249
REQUEST		request_0	1644849824249	1644849824256	OK	 
REQUEST		request_1	1644849824323	1644849824329	OK	 
REQUEST		request_1	1644849824349	1644849824353	OK	 
REQUEST		request_1	1644849824449	1644849824455	OK	 
REQUEST		request_1	1644849824535	1644849824542	OK	 
REQUEST		request_1	1644849824623	1644849824632	OK	 
REQUEST		request_1	1644849824717	1644849824730	OK	 
REQUEST		request_1	1644849824803	1644849824807	OK	 
REQUEST		request_1	1644849824895	1644849824898	OK	 
REQUEST		request_1	1644849824987	1644849824991	OK	 
REQUEST		request_1	1644849825072	1644849825077	OK	 
REQUEST		request_1	1644849825161	1644849825166	OK	 
USER	DemoAdvanced	START	1644849825249
REQUEST		request_0	1644849825249	1644849825255	OK	 
USER	DemoAdvanced	START	1644849826249
REQUEST		request_0	1644849826250	1644849826256	OK	 
REQUEST		request_1	1644849826261	1644849826264	OK	 
REQUEST		request_2	1644849826336	1644849826343	OK	 
REQUEST		request_2	1644849826356	1644849826362	OK	 
REQUEST		request_2	1644849826461	1644849826468	OK	 
REQUEST		request_2	1644849826545	1644849826551	OK	 
REQUEST		request_2	1644849826635	1644849826641	OK	 
REQUEST		request_2	1644849826735	1644849826743	OK	 
REQUEST		request_2	1644849826810	1644849826816	OK	 
REQUEST		request_2	1644849826901	1644849826908	OK	 
REQUEST		request_2	1644849826993	1644849827000	OK	 
REQUEST		request_2	1644849827080	1644849827087	OK	 
REQUEST		request_2	1644849827170	1644849827177	OK	 
USER	DemoAdvanced	START	1644849827252
REQUEST		request_0	1644849827252	1644849827258	OK	 
REQUEST		request_1	1644849827261	1644849827264	OK	 
REQUEST		request_3	1644849827351	1644849827359	OK	 
REQUEST		request_3	1644849827366	1644849827370	OK	 
REQUEST		request_3	1644849827470	1644849827479	OK	 
REQUEST		request_3	1644849827557	1644849827562	OK	 
REQUEST		request_3	1644849827646	1644849827659	OK	 
REQUEST		request_3	1644849827748	1644849827753	OK	 
REQUEST		request_3	1644849827818	1644849827823	OK	 
REQUEST		request_3	1644849827912	1644849827917	OK	 
REQUEST		request_3	1644849828002	1644849828010	OK	 
REQUEST		request_3	1644849828089	1644849828094	OK	 
REQUEST		request_3	1644849828179	1644849828185	OK	 
USER	DemoAdvanced	START	1644849828251
REQUEST		request_0	1644849828252	1644849828258	OK	 
REQUEST		request_1	1644849828260	1644849828263	OK	 
REQUEST		request_2	1644849828270	1644849828279	OK	 
REQUEST		request_6	1644849828276	1644849828288	OK	 
USER	DemoAdvanced	START	1644849829250
REQUEST		request_0	1644849829251	1644849829256	OK	 
REQUEST		request_1	1644849829265	1644849829272	OK	 
REQUEST		request_2	1644849829266	1644849829288	OK	 
REQUEST		request_3	1644849829280	1644849829288	OK	 
USER	DemoAdvanced	START	1644849830252
REQUEST		request_0	1644849830252	1644849830267	OK	 
REQUEST		request_1	1644849830261	1644849830267	OK	 
REQUEST		request_2	1644849830269	1644849830278	OK	 
REQUEST		request_3	1644849830293	1644849830298	OK	 
USER	DemoAdvanced	START	1644849831252
REQUEST		request_0	1644849831252	1644849831259	OK	 
REQUEST		request_1	1644849831261	1644849831264	OK	 
REQUEST		request_2	1644849831276	1644849831287	OK	 
REQUEST		request_3	1644849831284	1644849831293	OK	 
REQUEST		request_4	1644849831361	1644849831366	OK	 
REQUEST		request_4	1644849831373	1644849831378	OK	 
REQUEST		request_4 Redirect 1	1644849831368	1644849831388	OK	 
REQUEST		request_4 Redirect 1	1644849831378	1644849831391	OK	 
REQUEST		request_4	1644849831481	1644849831488	OK	 
REQUEST		request_4 Redirect 1	1644849831488	1644849831496	OK	 
REQUEST		request_4	1644849831563	1644849831569	OK	 
REQUEST		request_4 Redirect 1	1644849831569	1644849831579	OK	 
REQUEST		request_4	1644849831664	1644849831669	OK	 
REQUEST		request_4 Redirect 1	1644849831669	1644849831676	OK	 
REQUEST		request_4	1644849831756	1644849831761	OK	 
REQUEST		request_4 Redirect 1	1644849831761	1644849831768	OK	 
REQUEST		request_4	1644849831825	1644849831829	OK	 
REQUEST		request_4 Redirect 1	1644849831830	1644849831838	OK	 
REQUEST		request_4	1644849831921	1644849831928	OK	 
REQUEST		request_4 Redirect 1	1644849831928	1644849831939	OK	 
REQUEST		request_4	1644849832011	1644849832052	OK	 
REQUEST		request_4 Redirect 1	1644849832052	1644849832061	OK	 
REQUEST		request_4	1644849832097	1644849832105	OK	 
REQUEST		request_4 Redirect 1	1644849832106	1644849832114	OK	 
REQUEST		request_4	1644849832188	1644849832193	OK	 
REQUEST		request_4 Redirect 1	1644849832193	1644849832202	OK	 
REQUEST		request_1	1644849832272	1644849832280	OK	 
REQUEST		request_2	1644849832272	1644849832282	OK	 
REQUEST		request_3	1644849832289	1644849832299	OK	 
REQUEST		request_0	1644849832395	1644849832399	OK	 
REQUEST		request_0	1644849832395	1644849832399	OK	 
REQUEST		request_5	1644849832501	1644849832515	OK	 
REQUEST		request_0	1644849832584	1644849832588	OK	 
REQUEST		request_0	1644849832681	1644849832685	OK	 
REQUEST		request_0	1644849832773	1644849832777	OK	 
REQUEST		request_5	1644849832839	1644849832845	OK	 
REQUEST		request_0	1644849832944	1644849832946	OK	 
REQUEST		request_5	1644849833066	1644849833075	OK	 
REQUEST		request_0	1644849833120	1644849833124	OK	 
REQUEST		request_0	1644849833207	1644849833210	OK	 
REQUEST		request_1	1644849833261	1644849833266	OK	 
REQUEST		request_2	1644849833265	1644849833273	OK	 
REQUEST		request_3	1644849833285	1644849833293	OK	 
REQUEST		request_4	1644849833291	1644849833306	OK	 
REQUEST		request_7	1644849833291	1644849833308	OK	 
REQUEST		request_4 Redirect 1	1644849833306	1644849833320	OK	 
REQUEST		request_3	1644849834280	1644849834285	OK	 
REQUEST		request_2	1644849834285	1644849834291	OK	 
REQUEST		request_4	1644849834303	1644849834309	OK	 
REQUEST		request_4 Redirect 1	1644849834309	1644849834317	OK	 
REQUEST		request_0	1644849834326	1644849834328	OK	 
REQUEST		request_1	1644849834403	1644849834406	OK	 
REQUEST		request_1	1644849834403	1644849834407	OK	 
REQUEST		request_1	1644849834593	1644849834596	OK	 
REQUEST		request_1	1644849834691	1644849834694	OK	 
REQUEST		request_1	1644849834781	1644849834784	OK	 
REQUEST		request_1	1644849834948	1644849834951	OK	 
REQUEST		request_1	1644849835127	1644849835130	OK	 
REQUEST		request_1	1644849835213	1644849835215	OK	 
REQUEST		request_2	1644849835271	1644849835279	OK	 
REQUEST		request_3	1644849835294	1644849835301	OK	 
REQUEST		request_4	1644849835294	1644849835304	OK	 
REQUEST		request_4 Redirect 1	1644849835304	1644849835312	OK	 
REQUEST		request_0	1644849835320	1644849835324	OK	 
REQUEST		request_3	1644849836285	1644849836294	OK	 
REQUEST		request_4	1644849836303	1644849836308	OK	 
REQUEST		request_4 Redirect 1	1644849836309	1644849836317	OK	 
REQUEST		request_0	1644849836318	1644849836321	OK	 
REQUEST		request_1	1644849836335	1644849836338	OK	 
REQUEST		request_2	1644849836411	1644849836417	OK	 
REQUEST		request_2	1644849836411	1644849836417	OK	 
REQUEST		request_2	1644849836602	1644849836608	OK	 
REQUEST		request_2	1644849836695	1644849836701	OK	 
REQUEST		request_2	1644849836786	1644849836793	OK	 
REQUEST		request_2	1644849836955	1644849836961	OK	 
REQUEST		request_2	1644849837135	1644849837143	OK	 
REQUEST		request_2	1644849837218	1644849837223	OK	 
REQUEST		request_4	1644849837296	1644849837301	OK	 
REQUEST		request_4 Redirect 1	1644849837301	1644849837308	OK	 
REQUEST		request_0	1644849837319	1644849837322	OK	 
REQUEST		request_1	1644849837328	1644849837331	OK	 
REQUEST		request_3	1644849837420	1644849837426	OK	 
REQUEST		request_3	1644849837420	1644849837426	OK	 
REQUEST		request_6	1644849837518	1644849837527	OK	 
REQUEST		request_3	1644849837610	1644849837615	OK	 
REQUEST		request_3	1644849837703	1644849837708	OK	 
REQUEST		request_3	1644849837796	1644849837802	OK	 
REQUEST		request_6	1644849837846	1644849837857	OK	 
REQUEST		request_3	1644849837962	1644849837967	OK	 
REQUEST		request_6	1644849838079	1644849838086	OK	 
REQUEST		request_3	1644849838146	1644849838154	OK	 
REQUEST		request_3	1644849838227	1644849838232	OK	 
REQUEST		request_4	1644849838289	1644849838297	OK	 
REQUEST		request_4 Redirect 1	1644849838298	1644849838304	OK	 
REQUEST		request_0	1644849838312	1644849838315	OK	 
REQUEST		request_1	1644849838327	1644849838331	OK	 
REQUEST		request_2	1644849838343	1644849838350	OK	 
REQUEST		request_4	1644849839303	1644849839307	OK	 
REQUEST		request_0	1644849839309	1644849839312	OK	 
REQUEST		request_4 Redirect 1	1644849839308	1644849839315	OK	 
REQUEST		request_8	1644849839312	1644849839320	OK	 
REQUEST		request_1	1644849839327	1644849839329	OK	 
REQUEST		request_2	1644849839334	1644849839339	OK	 
REQUEST		request_3	1644849839352	1644849839360	OK	 
REQUEST		request_4	1644849840298	1644849840306	OK	 
REQUEST		request_4 Redirect 1	1644849840306	1644849840316	OK	 
REQUEST		request_1	1644849840320	1644849840323	OK	 
REQUEST		request_0	1644849840320	1644849840325	OK	 
REQUEST		request_2	1644849840335	1644849840340	OK	 
REQUEST		request_3	1644849840344	1644849840357	OK	 
REQUEST		request_1	1644849841318	1644849841321	OK	 
REQUEST		request_5	1644849841320	1644849841326	OK	 
REQUEST		request_2	1644849841334	1644849841340	OK	 
REQUEST		request_3	1644849841344	1644849841349	OK	 
REQUEST		request_4	1644849841432	1644849841441	OK	 
REQUEST		request_4	1644849841432	1644849841441	OK	 
REQUEST		request_4 Redirect 1	1644849841441	1644849841450	OK	 
REQUEST		request_4 Redirect 1	1644849841441	1644849841454	OK	 
REQUEST		request_4	1644849841618	1644849841624	OK	 
REQUEST		request_4 Redirect 1	1644849841624	1644849841631	OK	 
REQUEST		request_4	1644849841712	1644849841717	OK	 
REQUEST		request_4 Redirect 1	1644849841718	1644849841724	OK	 
REQUEST		request_4	1644849841805	1644849841812	OK	 
REQUEST		request_4 Redirect 1	1644849841812	1644849841820	OK	 
REQUEST		request_4	1644849841973	1644849841978	OK	 
REQUEST		request_4 Redirect 1	1644849841979	1644849841986	OK	 
REQUEST		request_4	1644849842160	1644849842166	OK	 
REQUEST		request_4 Redirect 1	1644849842166	1644849842177	OK	 
REQUEST		request_4	1644849842236	1644849842242	OK	 
REQUEST		request_4 Redirect 1	1644849842243	1644849842254	OK	 
REQUEST		request_9	1644849842323	1644849842335	OK	 
REQUEST		request_1	1644849842331	1644849842336	OK	 
REQUEST		request_2	1644849842326	1644849842337	OK	 
REQUEST		request_9 Redirect 1	1644849842336	1644849842343	OK	 
REQUEST		request_3	1644849842342	1644849842348	OK	 
REQUEST		request_0	1644849842452	1644849842455	OK	 
REQUEST		request_0	1644849842455	1644849842458	OK	 
REQUEST		request_7	1644849842531	1644849842539	OK	 
REQUEST		request_0	1644849842636	1644849842640	OK	 
REQUEST		request_0	1644849842731	1644849842735	OK	 
REQUEST		request_0	1644849842827	1644849842830	OK	 
REQUEST		request_7	1644849842860	1644849842868	OK	 
REQUEST		request_0	1644849842991	1644849842994	OK	 
REQUEST		request_7	1644849843089	1644849843097	OK	 
REQUEST		request_5	1644849843179	1644849843185	OK	 
REQUEST		request_0	1644849843259	1644849843262	OK	 
REQUEST		request_2	1644849843322	1644849843328	OK	 
REQUEST		request_3	1644849843342	1644849843346	OK	 
REQUEST		request_4	1644849843365	1644849843370	OK	 
REQUEST		request_4 Redirect 1	1644849843370	1644849843380	OK	 
REQUEST		request_3	1644849844332	1644849844343	OK	 
REQUEST		request_2	1644849844340	1644849844346	OK	 
REQUEST		request_10	1644849844348	1644849844356	OK	 
REQUEST		request_4	1644849844362	1644849844366	OK	 
REQUEST		request_4 Redirect 1	1644849844367	1644849844375	OK	 
REQUEST		request_0	1644849844386	1644849844389	OK	 
REQUEST		request_1	1644849844461	1644849844464	OK	 
REQUEST		request_1	1644849844461	1644849844464	OK	 
REQUEST		request_1	1644849844642	1644849844646	OK	 
REQUEST		request_1	1644849844739	1644849844743	OK	 
REQUEST		request_1	1644849844834	1644849844838	OK	 
REQUEST		request_1	1644849845000	1644849845004	OK	 
REQUEST		request_1	1644849845265	1644849845267	OK	 
REQUEST		request_3	1644849845352	1644849845358	OK	 
REQUEST		request_4	1644849845352	1644849845358	OK	 
REQUEST		request_4 Redirect 1	1644849845358	1644849845369	OK	 
REQUEST		request_0	1644849845378	1644849845380	OK	 
REQUEST		request_6	1644849846327	1644849846336	OK	 
REQUEST		request_4	1644849846351	1644849846358	OK	 
REQUEST		request_4 Redirect 1	1644849846358	1644849846365	OK	 
REQUEST		request_0	1644849846374	1644849846377	OK	 
REQUEST		request_1	1644849846392	1644849846397	OK	 
REQUEST		request_2	1644849846468	1644849846474	OK	 
REQUEST		request_2	1644849846468	1644849846474	OK	 
REQUEST		request_2	1644849846651	1644849846656	OK	 
REQUEST		request_2	1644849846744	1644849846749	OK	 
REQUEST		request_2	1644849846842	1644849846848	OK	 
REQUEST		request_2	1644849847009	1644849847017	OK	 
REQUEST		request_2	1644849847273	1644849847278	OK	 
REQUEST		request_4	1644849847351	1644849847356	OK	 
REQUEST		request_4 Redirect 1	1644849847356	1644849847370	OK	 
REQUEST		request_0	1644849847370	1644849847373	OK	 
REQUEST		request_1	1644849847386	1644849847388	OK	 
REQUEST		request_3	1644849847476	1644849847483	OK	 
REQUEST		request_3	1644849847481	1644849847486	OK	 
REQUEST		request_3	1644849847661	1644849847666	OK	 
REQUEST		request_3	1644849847751	1644849847758	OK	 
REQUEST		request_3	1644849847851	1644849847858	OK	 
REQUEST		request_3	1644849848021	1644849848026	OK	 
REQUEST		request_6	1644849848186	1644849848194	OK	 
REQUEST		request_3	1644849848284	1644849848290	OK	 
REQUEST		request_4	1644849848345	1644849848350	OK	 
REQUEST		request_4 Redirect 1	1644849848350	1644849848357	OK	 
REQUEST		request_11	1644849848360	1644849848370	OK	 
REQUEST		request_0	1644849848373	1644849848375	OK	 
REQUEST		request_11 Redirect 1	1644849848370	1644849848377	OK	 
REQUEST		request_1	1644849848379	1644849848382	OK	 
REQUEST		request_2	1644849848401	1644849848408	OK	 
REQUEST		request_8	1644849848545	1644849848556	OK	 
REQUEST		request_8	1644849848873	1644849848879	OK	 
REQUEST		request_8	1644849849104	1644849849115	OK	 
REQUEST		request_0	1644849849360	1644849849365	OK	 
REQUEST		request_4	1644849849363	1644849849373	OK	 
REQUEST		request_4 Redirect 1	1644849849373	1644849849381	OK	 
REQUEST		request_1	1644849849378	1644849849382	OK	 
REQUEST		request_2	1644849849392	1644849849399	OK	 
REQUEST		request_3	1644849849411	1644849849419	OK	 
REQUEST		request_1	1644849850381	1644849850384	OK	 
REQUEST		request_0	1644849850387	1644849850391	OK	 
REQUEST		request_2	1644849850387	1644849850391	OK	 
REQUEST		request_3	1644849850403	1644849850407	OK	 
REQUEST		request_7	1644849851342	1644849851352	OK	 
REQUEST		request_1	1644849851369	1644849851374	OK	 
REQUEST		request_3	1644849851393	1644849851396	OK	 
REQUEST		request_2	1644849851387	1644849851396	OK	 
REQUEST		request_4	1644849851486	1644849851493	OK	 
REQUEST		request_4	1644849851491	1644849851496	OK	 
REQUEST		request_4 Redirect 1	1644849851493	1644849851504	OK	 
REQUEST		request_4 Redirect 1	1644849851496	1644849851506	OK	 
REQUEST		request_9	1644849851561	1644849851568	OK	 
REQUEST		request_9 Redirect 1	1644849851568	1644849851576	OK	 
REQUEST		request_4	1644849851669	1644849851674	OK	 
REQUEST		request_4 Redirect 1	1644849851674	1644849851680	OK	 
REQUEST		request_4	1644849851760	1644849851765	OK	 
REQUEST		request_4 Redirect 1	1644849851765	1644849851771	OK	 
REQUEST		request_4	1644849851860	1644849851864	OK	 
REQUEST		request_4 Redirect 1	1644849851864	1644849851870	OK	 
REQUEST		request_9	1644849851883	1644849851894	OK	 
REQUEST		request_9 Redirect 1	1644849851894	1644849851899	OK	 
REQUEST		request_4	1644849852028	1644849852034	OK	 
REQUEST		request_4 Redirect 1	1644849852034	1644849852045	OK	 
REQUEST		request_9	1644849852118	1644849852128	OK	 
REQUEST		request_9 Redirect 1	1644849852128	1644849852135	OK	 
REQUEST		request_4	1644849852292	1644849852301	OK	 
REQUEST		request_4 Redirect 1	1644849852301	1644849852308	OK	 
REQUEST		request_2	1644849852387	1644849852395	OK	 
REQUEST		request_1	1644849852392	1644849852398	OK	 
REQUEST		request_3	1644849852401	1644849852406	OK	 
REQUEST		request_0	1644849852508	1644849852512	OK	 
REQUEST		request_0	1644849852508	1644849852512	OK	 
REQUEST		request_0	1644849852684	1644849852688	OK	 
REQUEST		request_0	1644849852776	1644849852778	OK	 
REQUEST		request_0	1644849852874	1644849852877	OK	 
REQUEST		request_0	1644849853051	1644849853054	OK	 
REQUEST		request_7	1644849853195	1644849853202	OK	 
REQUEST		request_5	1644849853314	1644849853320	OK	 
REQUEST		request_2	1644849853379	1644849853385	OK	 
REQUEST		request_12	1644849853383	1644849853390	OK	 
REQUEST		request_3	1644849853401	1644849853406	OK	 
REQUEST		request_4	1644849853421	1644849853428	OK	 
REQUEST		request_4 Redirect 1	1644849853428	1644849853435	OK	 
REQUEST		request_10	1644849853577	1644849853586	OK	 
REQUEST		request_10	1644849853902	1644849853951	OK	 
REQUEST		request_10	1644849854141	1644849854148	OK	 
REQUEST		request_3	1644849854389	1644849854396	OK	 
REQUEST		request_2	1644849854401	1644849854405	OK	 
REQUEST		request_4	1644849854410	1644849854414	OK	 
REQUEST		request_4 Redirect 1	1644849854414	1644849854420	OK	 
REQUEST		request_0	1644849854439	1644849854442	OK	 
REQUEST		request_1	1644849854513	1644849854517	OK	 
REQUEST		request_1	1644849854513	1644849854518	OK	 
REQUEST		request_1	1644849854693	1644849854696	OK	 
REQUEST		request_1	1644849854783	1644849854785	OK	 
REQUEST		request_1	1644849854883	1644849854885	OK	 
REQUEST		request_1	1644849855058	1644849855061	OK	 
REQUEST		request_4	1644849855401	1644849855409	OK	 
REQUEST		request_3	1644849855409	1644849855413	OK	 
REQUEST		request_4 Redirect 1	1644849855409	1644849855416	OK	 
REQUEST		request_0	1644849855424	1644849855427	OK	 
REQUEST		request_13	1644849856392	1644849856398	OK	 
REQUEST		request_0	1644849856399	1644849856401	OK	 
REQUEST		request_4	1644849856410	1644849856416	OK	 
REQUEST		request_0	1644849856421	1644849856424	OK	 
REQUEST		request_4 Redirect 1	1644849856416	1644849856427	OK	 
REQUEST		request_1	1644849856448	1644849856452	OK	 
REQUEST		request_2	1644849856523	1644849856531	OK	 
REQUEST		request_2	1644849856523	1644849856532	OK	 
REQUEST		request_2	1644849856701	1644849856706	OK	 
REQUEST		request_2	1644849856789	1644849856795	OK	 
REQUEST		request_2	1644849856892	1644849856897	OK	 
REQUEST		request_2	1644849857067	1644849857073	OK	 
REQUEST		request_8	1644849857356	1644849857365	OK	 
REQUEST		request_4	1644849857410	1644849857418	OK	 
REQUEST		request_4 Redirect 1	1644849857418	1644849857424	OK	 
REQUEST		request_1	1644849857428	1644849857430	OK	 
REQUEST		request_0	1644849857433	1644849857435	OK	 
REQUEST		request_11	1644849857589	1644849857644	OK	 
REQUEST		request_3	1644849857534	1644849857645	OK	 
REQUEST		request_3	1644849857534	1644849857652	OK	 
REQUEST		request_11 Redirect 1	1644849857644	1644849857656	OK	 
REQUEST		request_3	1644849857710	1644849857717	OK	 
REQUEST		request_3	1644849857801	1644849857809	OK	 
REQUEST		request_3	1644849857901	1644849857906	OK	 
REQUEST		request_11	1644849857956	1644849857963	OK	 
REQUEST		request_11 Redirect 1	1644849857963	1644849857971	OK	 
REQUEST		request_3	1644849858077	1644849858083	OK	 
REQUEST		request_11	1644849858151	1644849858157	OK	 
REQUEST		request_11 Redirect 1	1644849858157	1644849858169	OK	 
REQUEST		request_6	1644849858322	1644849858329	OK	 
REQUEST		request_4	1644849858401	1644849858408	OK	 
REQUEST		request_1	1644849858407	1644849858412	OK	 
REQUEST		request_4 Redirect 1	1644849858408	1644849858421	OK	 
REQUEST		request_1	1644849858428	1644849858431	OK	 
REQUEST		request_0	1644849858428	1644849858431	OK	 
REQUEST		request_2	1644849858456	1644849858468	OK	 
REQUEST		request_8	1644849859207	1644849859218	OK	 
REQUEST		request_4	1644849859416	1644849859421	OK	 
REQUEST		request_4 Redirect 1	1644849859422	1644849859429	OK	 
REQUEST		request_0	1644849859424	1644849859432	OK	 
REQUEST		request_2	1644849859431	1644849859435	OK	 
REQUEST		request_1	1644849859440	1644849859442	OK	 
REQUEST		request_3	1644849859470	1644849859475	OK	 
REQUEST		request_9	1644849860369	1644849860376	OK	 
REQUEST		request_9 Redirect 1	1644849860376	1644849860382	OK	 
REQUEST		request_2	1644849860416	1644849860421	OK	 
REQUEST		request_0	1644849860434	1644849860437	OK	 
REQUEST		request_1	1644849860435	1644849860438	OK	 
REQUEST		request_3	1644849860437	1644849860441	OK	 
REQUEST		request_2	1644849860435	1644849860443	OK	 
REQUEST		request_3	1644849861424	1644849861429	OK	 
REQUEST		request_1	1644849861437	1644849861441	OK	 
REQUEST		request_2	1644849861445	1644849861450	OK	 
REQUEST		request_3	1644849861449	1644849861454	OK	 
REQUEST		request_4	1644849861651	1644849861659	OK	 
REQUEST		request_4	1644849861653	1644849861660	OK	 
REQUEST		request_4 Redirect 1	1644849861659	1644849861675	OK	 
REQUEST		request_4 Redirect 1	1644849861660	1644849861675	OK	 
REQUEST		request_4	1644849861722	1644849861727	OK	 
REQUEST		request_4 Redirect 1	1644849861727	1644849861740	OK	 
REQUEST		request_4	1644849861812	1644849861825	OK	 
REQUEST		request_4 Redirect 1	1644849861825	1644849861833	OK	 
REQUEST		request_4	1644849861911	1644849861918	OK	 
REQUEST		request_4 Redirect 1	1644849861918	1644849861931	OK	 
REQUEST		request_4	1644849862088	1644849862100	OK	 
REQUEST		request_4 Redirect 1	1644849862100	1644849862110	OK	 
REQUEST		request_9	1644849862219	1644849862233	OK	 
REQUEST		request_9 Redirect 1	1644849862233	1644849862242	OK	 
REQUEST		request_10	1644849862386	1644849862397	OK	 
REQUEST		request_1	1644849862440	1644849862444	OK	 
REQUEST		request_2	1644849862440	1644849862447	OK	 
REQUEST		request_3	1644849862452	1644849862457	OK	 
REQUEST		request_12	1644849862660	1644849862665	OK	 
REQUEST		request_0	1644849862680	1644849862684	OK	 
REQUEST		request_5	1644849862680	1644849862689	OK	 
REQUEST		request_0	1644849862745	1644849862750	OK	 
REQUEST		request_0	1644849862837	1644849862839	OK	 
REQUEST		request_0	1644849862932	1644849862935	OK	 
REQUEST		request_12	1644849862972	1644849862975	OK	 
REQUEST		request_5	1644849863112	1644849863120	OK	 
REQUEST		request_12	1644849863173	1644849863177	OK	 
REQUEST		request_7	1644849863334	1644849863341	OK	 
REQUEST		request_2	1644849863442	1644849863446	OK	 
REQUEST		request_3	1644849863451	1644849863457	OK	 
REQUEST		request_4	1644849863481	1644849863487	OK	 
REQUEST		request_4 Redirect 1	1644849863487	1644849863494	OK	 
REQUEST		request_10	1644849864248	1644849864257	OK	 
REQUEST		request_4	1644849864445	1644849864459	OK	 
REQUEST		request_3	1644849864451	1644849864461	OK	 
REQUEST		request_2	1644849864448	1644849864463	OK	 
REQUEST		request_4 Redirect 1	1644849864459	1644849864468	OK	 
REQUEST		request_0	1644849864499	1644849864503	OK	 
REQUEST		request_1	1644849864687	1644849864690	OK	 
REQUEST		request_1	1644849864754	1644849864757	OK	 
REQUEST		request_1	1644849864840	1644849864842	OK	 
REQUEST		request_1	1644849864939	1644849864942	OK	 
REQUEST		request_4	1644849865434	1644849865440	OK	 
REQUEST		request_4 Redirect 1	1644849865441	1644849865447	OK	 
REQUEST		request_4	1644849865456	1644849865462	OK	 
REQUEST		request_3	1644849865464	1644849865470	OK	 
REQUEST		request_0	1644849865472	1644849865475	OK	 
REQUEST		request_4 Redirect 1	1644849865462	1644849865475	OK	 
REQUEST		request_13	1644849865671	1644849865674	OK	 
REQUEST		request_0	1644849865675	1644849865678	OK	 
REQUEST		request_13	1644849865980	1644849865984	OK	 
REQUEST		request_5	1644849865984	1644849865990	OK	 
REQUEST		request_13	1644849866181	1644849866186	OK	 
REQUEST		request_0	1644849866186	1644849866189	OK	 
REQUEST		request_11	1644849866403	1644849866409	OK	 
REQUEST		request_11 Redirect 1	1644849866409	1644849866418	OK	 
REQUEST		request_0	1644849866451	1644849866453	OK	 
REQUEST		request_4	1644849866461	1644849866465	OK	 
REQUEST		request_4 Redirect 1	1644849866465	1644849866472	OK	 
REQUEST		request_0	1644849866482	1644849866484	OK	 
REQUEST		request_1	1644849866506	1644849866510	OK	 
REQUEST		request_2	1644849866691	1644849866698	OK	 
REQUEST		request_2	1644849866760	1644849866763	OK	 
REQUEST		request_2	1644849866845	1644849866849	OK	 
REQUEST		request_2	1644849866945	1644849866951	OK	 
REQUEST		request_4	1644849867459	1644849867463	OK	 
REQUEST		request_4 Redirect 1	1644849867463	1644849867470	OK	 
REQUEST		request_0	1644849867475	1644849867477	OK	 
REQUEST		request_1	1644849867476	1644849867480	OK	 
REQUEST		request_1	1644849867684	1644849867687	OK	 
REQUEST		request_6	1644849867690	1644849867702	OK	 
REQUEST		request_3	1644849867701	1644849867706	OK	 
REQUEST		request_3	1644849867767	1644849867772	OK	 
REQUEST		request_3	1644849867855	1644849867859	OK	 
REQUEST		request_3	1644849867955	1644849867961	OK	 
REQUEST		request_6	1644849868126	1644849868134	OK	 
REQUEST		request_1	1644849868191	1644849868195	OK	 
REQUEST		request_11	1644849868259	1644849868264	OK	 
REQUEST		request_11 Redirect 1	1644849868264	1644849868271	OK	 
REQUEST		request_1	1644849868458	1644849868461	OK	 
REQUEST		request_4	1644849868462	1644849868469	OK	 
REQUEST		request_4 Redirect 1	1644849868469	1644849868475	OK	 
REQUEST		request_0	1644849868476	1644849868478	OK	 
REQUEST		request_1	1644849868485	1644849868488	OK	 
REQUEST		request_2	1644849868515	1644849868518	OK	 
REQUEST		request_8	1644849869343	1644849869349	OK	 
REQUEST		request_0	1644849869479	1644849869482	OK	 
REQUEST		request_4	1644849869476	1644849869484	OK	 
REQUEST		request_1	1644849869481	1644849869487	OK	 
REQUEST		request_2	1644849869484	1644849869489	OK	 
REQUEST		request_4 Redirect 1	1644849869484	1644849869493	OK	 
REQUEST		request_3	1644849869522	1644849869527	OK	 
REQUEST		request_2	1644849869690	1644849869696	OK	 
REQUEST		request_2	1644849870201	1644849870205	OK	 
REQUEST		request_2	1644849870466	1644849870475	OK	 
REQUEST		request_1	1644849870484	1644849870494	OK	 
REQUEST		request_3	1644849870490	1644849870501	OK	 
REQUEST		request_2	1644849870490	1644849870505	OK	 
REQUEST		request_5	1644849870495	1644849870507	OK	 
REQUEST		request_3	1644849870701	1644849870708	OK	 
REQUEST		request_6	1644849870996	1644849871004	OK	 
REQUEST		request_3	1644849871209	1644849871215	OK	 
REQUEST		request_12	1644849871423	1644849871427	OK	 
REQUEST		request_3	1644849871478	1644849871485	OK	 
REQUEST		request_1	1644849871485	1644849871489	OK	 
REQUEST		request_2	1644849871490	1644849871497	OK	 
REQUEST		request_3	1644849871507	1644849871513	OK	 
REQUEST		request_4	1644849871709	1644849871723	OK	 
REQUEST		request_4 Redirect 1	1644849871723	1644849871734	OK	 
REQUEST		request_4	1644849871776	1644849871782	OK	 
REQUEST		request_4 Redirect 1	1644849871782	1644849871794	OK	 
REQUEST		request_4	1644849871861	1644849871865	OK	 
REQUEST		request_4 Redirect 1	1644849871866	1644849871874	OK	 
REQUEST		request_4	1644849871966	1644849871971	OK	 
REQUEST		request_4 Redirect 1	1644849871971	1644849871979	OK	 
REQUEST		request_9	1644849872351	1644849872359	OK	 
REQUEST		request_9 Redirect 1	1644849872359	1644849872367	OK	 
REQUEST		request_2	1644849872498	1644849872504	OK	 
REQUEST		request_3	1644849872502	1644849872513	OK	 
REQUEST		request_7	1644849872706	1644849872714	OK	 
REQUEST		request_0	1644849872739	1644849872742	OK	 
REQUEST		request_0	1644849872795	1644849872797	OK	 
REQUEST		request_0	1644849872876	1644849872879	OK	 
REQUEST		request_0	1644849872981	1644849872984	OK	 
REQUEST		request_7	1644849873140	1644849873147	OK	 
REQUEST		request_12	1644849873276	1644849873280	OK	 
REQUEST		request_2	1644849873494	1644849873500	OK	 
REQUEST		request_3	1644849873509	1644849873513	OK	 
REQUEST		request_4	1644849873530	1644849873536	OK	 
REQUEST		request_4 Redirect 1	1644849873536	1644849873546	OK	 
REQUEST		request_10	1644849874372	1644849874380	OK	 
REQUEST		request_13	1644849874428	1644849874431	OK	 
REQUEST		request_0	1644849874431	1644849874435	OK	 
REQUEST		request_4	1644849874505	1644849874510	OK	 
REQUEST		request_3	1644849874505	1644849874515	OK	 
REQUEST		request_4 Redirect 1	1644849874510	1644849874517	OK	 
REQUEST		request_0	1644849874551	1644849874553	OK	 
REQUEST		request_4	1644849874713	1644849874720	OK	 
REQUEST		request_4 Redirect 1	1644849874720	1644849874728	OK	 
REQUEST		request_1	1644849874747	1644849874750	OK	 
REQUEST		request_1	1644849874802	1644849874808	OK	 
REQUEST		request_1	1644849874884	1644849874887	OK	 
REQUEST		request_1	1644849874988	1644849874991	OK	 
REQUEST		request_4	1644849875216	1644849875222	OK	 
REQUEST		request_4 Redirect 1	1644849875222	1644849875245	OK	 
REQUEST		request_4	1644849875489	1644849875493	OK	 
REQUEST		request_4 Redirect 1	1644849875493	1644849875501	OK	 
REQUEST		request_6	1644849875509	1644849875515	OK	 
REQUEST		request_4	1644849875517	1644849875520	OK	 
REQUEST		request_4 Redirect 1	1644849875521	1644849875528	OK	 
REQUEST		request_5	1644849875522	1644849875532	OK	 
REQUEST		request_0	1644849875734	1644849875736	OK	 
REQUEST		request_7	1644849876004	1644849876011	OK	 
REQUEST		request_5	1644849876251	1644849876256	OK	 
REQUEST		request_13	1644849876284	1644849876288	OK	 
REQUEST		request_5	1644849876289	1644849876295	OK	 
REQUEST		request_1	1644849876439	1644849876445	OK	 
REQUEST		request_0	1644849876505	1644849876508	OK	 
REQUEST		request_4	1644849876516	1644849876526	OK	 
REQUEST		request_4 Redirect 1	1644849876527	1644849876548	OK	 
REQUEST		request_5	1644849876529	1644849876553	OK	 
REQUEST		request_1	1644849876554	1644849876561	OK	 
REQUEST		request_2	1644849876754	1644849876769	OK	 
REQUEST		request_2	1644849876814	1644849876831	OK	 
REQUEST		request_2	1644849876897	1644849876911	OK	 
REQUEST		request_2	1644849876994	1644849877114	OK	 
REQUEST		request_4	1644849877517	1644849877522	OK	 
REQUEST		request_4 Redirect 1	1644849877522	1644849877534	OK	 
REQUEST		request_0	1644849877553	1644849877556	OK	 
REQUEST		request_1	1644849877737	1644849877746	OK	 
REQUEST		request_3	1644849877774	1644849877801	OK	 
REQUEST		request_3	1644849877834	1644849877839	OK	 
REQUEST		request_3	1644849877915	1644849877920	OK	 
REQUEST		request_3	1644849878115	1644849878121	OK	 
REQUEST		request_11	1644849878384	1644849878389	OK	 
REQUEST		request_11 Redirect 1	1644849878390	1644849878405	OK	 
REQUEST		request_2	1644849878446	1644849878452	OK	 
REQUEST		request_1	1644849878513	1644849878519	OK	 
REQUEST		request_4	1644849878519	1644849878524	OK	 
REQUEST		request_4 Redirect 1	1644849878524	1644849878533	OK	 
REQUEST		request_0	1644849878540	1644849878544	OK	 
REQUEST		request_2	1644849878562	1644849878596	OK	 
REQUEST		request_8	1644849878716	1644849878733	OK	 
REQUEST		request_8	1644849879149	1644849879156	OK	 
REQUEST		request_3	1644849879453	1644849879462	OK	 
REQUEST		request_0	1644849879538	1644849879541	OK	 
REQUEST		request_1	1644849879559	1644849879561	OK	 
REQUEST		request_3	1644849879599	1644849879604	OK	 
REQUEST		request_2	1644849879751	1644849879755	OK	 
REQUEST		request_1	1644849880575	1644849880597	OK	 
REQUEST		request_2	1644849880531	1644849880600	OK	 
REQUEST		request_6	1644849880554	1644849880602	OK	 
REQUEST		request_7	1644849880531	1644849880602	OK	 
REQUEST		request_3	1644849880756	1644849880763	OK	 
REQUEST		request_6	1644849881258	1644849881269	OK	 
REQUEST		request_6	1644849881301	1644849881308	OK	 
REQUEST		request_1	1644849881546	1644849881549	OK	 
REQUEST		request_6	1644849881554	1644849881562	OK	 
REQUEST		request_2	1644849881565	1644849881571	OK	 
REQUEST		request_3	1644849881602	1644849881607	OK	 
REQUEST		request_9	1644849881739	1644849881746	OK	 
REQUEST		request_9 Redirect 1	1644849881746	1644849881759	OK	 
REQUEST		request_4	1644849881805	1644849881810	OK	 
REQUEST		request_4 Redirect 1	1644849881810	1644849881817	OK	 
REQUEST		request_4	1644849881844	1644849881848	OK	 
REQUEST		request_4 Redirect 1	1644849881848	1644849881855	OK	 
REQUEST		request_4	1644849881922	1644849881926	OK	 
REQUEST		request_4 Redirect 1	1644849881927	1644849881937	OK	 
REQUEST		request_8	1644849882017	1644849882023	OK	 
REQUEST		request_4	1644849882126	1644849882131	OK	 
REQUEST		request_4 Redirect 1	1644849882131	1644849882138	OK	 
REQUEST		request_9	1644849882161	1644849882170	OK	 
REQUEST		request_9 Redirect 1	1644849882170	1644849882178	OK	 
REQUEST		request_3	1644849882576	1644849882580	OK	 
REQUEST		request_2	1644849882601	1644849882606	OK	 
USER	DemoAdvanced	END	1644849882823
USER	DemoAdvanced	END	1644849882859
USER	DemoAdvanced	END	1644849882942
USER	DemoAdvanced	END	1644849883139
REQUEST		request_12	1644849883408	1644849883412	OK	 
REQUEST		request_4	1644849883466	1644849883472	OK	 
REQUEST		request_4 Redirect 1	1644849883472	1644849883478	OK	 
REQUEST		request_2	1644849883555	1644849883558	OK	 
REQUEST		request_4	1644849883605	1644849883611	OK	 
REQUEST		request_4 Redirect 1	1644849883611	1644849883617	OK	 
REQUEST		request_3	1644849883611	1644849883620	OK	 
REQUEST		request_10	1644849883763	1644849883772	OK	 
REQUEST		request_10	1644849884183	1644849884192	OK	 
REQUEST		request_0	1644849884484	1644849884488	OK	 
REQUEST		request_3	1644849884564	1644849884569	OK	 
USER	DemoAdvanced	END	1644849884620
REQUEST		request_4	1644849884764	1644849884768	OK	 
REQUEST		request_4 Redirect 1	1644849884768	1644849884775	OK	 
REQUEST		request_9	1644849885026	1644849885035	OK	 
REQUEST		request_9 Redirect 1	1644849885035	1644849885041	OK	 
REQUEST		request_7	1644849885604	1644849885613	OK	 
REQUEST		request_4	1644849885613	1644849885617	OK	 
REQUEST		request_4 Redirect 1	1644849885617	1644849885624	OK	 
USER	DemoAdvanced	END	1644849885776
REQUEST		request_7	1644849886272	1644849886279	OK	 
REQUEST		request_7	1644849886313	1644849886320	OK	 
REQUEST		request_13	1644849886415	1644849886418	OK	 
USER	DemoAdvanced	END	1644849886419
REQUEST		request_1	1644849886493	1644849886498	OK	 
REQUEST		request_7	1644849886568	1644849886580	OK	 
REQUEST		request_4	1644849886586	1644849886594	OK	 
REQUEST		request_4 Redirect 1	1644849886594	1644849886601	OK	 
REQUEST		request_8	1644849886607	1644849886618	OK	 
USER	DemoAdvanced	END	1644849886629
REQUEST		request_10	1644849887046	1644849887053	OK	 
USER	DemoAdvanced	END	1644849887606
REQUEST		request_4	1644849887626	1644849887633	OK	 
REQUEST		request_4 Redirect 1	1644849887633	1644849887639	OK	 
REQUEST		request_11	1644849887776	1644849887782	OK	 
REQUEST		request_11 Redirect 1	1644849887783	1644849887789	OK	 
REQUEST		request_11	1644849888196	1644849888203	OK	 
REQUEST		request_11 Redirect 1	1644849888203	1644849888210	OK	 
REQUEST		request_2	1644849888503	1644849888509	OK	 
REQUEST		request_4	1644849888572	1644849888578	OK	 
REQUEST		request_4 Redirect 1	1644849888578	1644849888586	OK	 
USER	DemoAdvanced	END	1644849888643
REQUEST		request_3	1644849889514	1644849889521	OK	 
USER	DemoAdvanced	END	1644849889588
REQUEST		request_9	1644849889623	1644849889633	OK	 
REQUEST		request_9 Redirect 1	1644849889633	1644849889639	OK	 
REQUEST		request_11	1644849891055	1644849891062	OK	 
REQUEST		request_11 Redirect 1	1644849891062	1644849891070	OK	 
REQUEST		request_8	1644849891617	1644849891625	OK	 
REQUEST		request_10	1644849891645	1644849891658	OK	 
REQUEST		request_8	1644849892284	1644849892293	OK	 
REQUEST		request_8	1644849892326	1644849892335	OK	 
REQUEST		request_8	1644849892584	1644849892591	OK	 
REQUEST		request_12	1644849892793	1644849892798	OK	 
REQUEST		request_12	1644849893215	1644849893218	OK	 
REQUEST		request_4	1644849893526	1644849893534	OK	 
REQUEST		request_4 Redirect 1	1644849893534	1644849893542	OK	 
USER	DemoAdvanced	END	1644849894545
REQUEST		request_9	1644849894629	1644849894635	OK	 
REQUEST		request_9 Redirect 1	1644849894635	1644849894643	OK	 
REQUEST		request_9	1644849895296	1644849895304	OK	 
REQUEST		request_9 Redirect 1	1644849895305	1644849895313	OK	 
REQUEST		request_9	1644849895336	1644849895344	OK	 
REQUEST		request_9 Redirect 1	1644849895344	1644849895350	OK	 
REQUEST		request_9	1644849895593	1644849895601	OK	 
REQUEST		request_9 Redirect 1	1644849895601	1644849895608	OK	 
REQUEST		request_11	1644849895663	1644849895668	OK	 
REQUEST		request_11 Redirect 1	1644849895668	1644849895675	OK	 
REQUEST		request_13	1644849895801	1644849895804	OK	 
USER	DemoAdvanced	END	1644849895804
REQUEST		request_12	1644849896075	1644849896079	OK	 
REQUEST		request_13	1644849896220	1644849896222	OK	 
USER	DemoAdvanced	END	1644849896223
REQUEST		request_10	1644849896647	1644849896655	OK	 
REQUEST		request_10	1644849897315	1644849897323	OK	 
REQUEST		request_10	1644849897354	1644849897361	OK	 
REQUEST		request_10	1644849897610	1644849897619	OK	 
REQUEST		request_13	1644849899084	1644849899088	OK	 
USER	DemoAdvanced	END	1644849899089
REQUEST		request_11	1644849900660	1644849900667	OK	 
REQUEST		request_11 Redirect 1	1644849900667	1644849900679	OK	 
REQUEST		request_12	1644849900679	1644849900683	OK	 
REQUEST		request_11	1644849901328	1644849901350	OK	 
REQUEST		request_11 Redirect 1	1644849901350	1644849901361	OK	 
REQUEST		request_11	1644849901363	1644849901368	OK	 
REQUEST		request_11 Redirect 1	1644849901368	1644849901376	OK	 
REQUEST		request_11	1644849901620	1644849901626	OK	 
REQUEST		request_11 Redirect 1	1644849901626	1644849901638	OK	 
REQUEST		request_13	1644849903685	1644849903687	OK	 
USER	DemoAdvanced	END	1644849903688
REQUEST		request_12	1644849905684	1644849905688	OK	 
REQUEST		request_12	1644849906366	1644849906370	OK	 
REQUEST		request_12	1644849906380	1644849906382	OK	 
REQUEST		request_12	1644849906644	1644849906647	OK	 
REQUEST		request_13	1644849908694	1644849908699	OK	 
USER	DemoAdvanced	END	1644849908700
REQUEST		request_13	1644849909372	1644849909376	OK	 
USER	DemoAdvanced	END	1644849909376
REQUEST		request_13	1644849909385	1644849909387	OK	 
USER	DemoAdvanced	END	1644849909388
REQUEST		request_13	1644849909651	1644849909655	OK	 
USER	DemoAdvanced	END	1644849909656
