RUN	demoAdvancedIk.DemoAdvanced	demoadvanced	1644853211762	 	3.6.1
USER	DemoAdvanced	START	1644853212476
USER	DemoAdvanced	START	1644853212567
REQUEST		request_5	1644853212568	1644853212587	OK	 
REQUEST		request_0	1644853212501	1644853212528	KO	xpath((.//h2[contains(text(),'Welcome')],Map())).find.exists preparation crashed: Could not parse response into a DOM Document: n.s.s.t.XPathException: org.xml.sax.SAXParseException; lineNumber: 1; columnNumber: 3; The markup in the document preceding the root element must be well-formed.
USER	DemoAdvanced	START	1644853212661
REQUEST		request_5	1644853212662	1644853212677	OK	 
USER	DemoAdvanced	START	1644853212751
REQUEST		request_0	1644853212751	1644853212762	KO	xpath((.//h2[contains(text(),'Welcome')],Map())).find.exists preparation crashed: Could not parse response into a DOM Document: n.s.s.t.XPathException: org.xml.sax.SAXParseException; lineNumber: 1; columnNumber: 3; The markup in the document preceding the root element must be well-formed.
USER	DemoAdvanced	START	1644853212847
REQUEST		request_0	1644853212847	1644853212858	KO	xpath((.//h2[contains(text(),'Welcome')],Map())).find.exists preparation crashed: Could not parse response into a DOM Document: n.s.s.t.XPathException: org.xml.sax.SAXParseException; lineNumber: 1; columnNumber: 3; The markup in the document preceding the root element must be well-formed.
USER	DemoAdvanced	START	1644853212939
REQUEST		request_0	1644853212940	1644853212951	KO	xpath((.//h2[contains(text(),'Welcome')],Map())).find.exists preparation crashed: Could not parse response into a DOM Document: n.s.s.t.XPathException: org.xml.sax.SAXParseException; lineNumber: 1; columnNumber: 3; The markup in the document preceding the root element must be well-formed.
USER	DemoAdvanced	START	1644853213031
REQUEST		request_0	1644853213032	1644853213043	KO	xpath((.//h2[contains(text(),'Welcome')],Map())).find.exists preparation crashed: Could not parse response into a DOM Document: n.s.s.t.XPathException: org.xml.sax.SAXParseException; lineNumber: 1; columnNumber: 3; The markup in the document preceding the root element must be well-formed.
USER	DemoAdvanced	START	1644853213123
REQUEST		request_0	1644853213124	1644853213135	KO	xpath((.//h2[contains(text(),'Welcome')],Map())).find.exists preparation crashed: Could not parse response into a DOM Document: n.s.s.t.XPathException: org.xml.sax.SAXParseException; lineNumber: 1; columnNumber: 3; The markup in the document preceding the root element must be well-formed.
USER	DemoAdvanced	START	1644853213213
REQUEST		request_0	1644853213214	1644853213218	KO	xpath((.//h2[contains(text(),'Welcome')],Map())).find.exists preparation crashed: Could not parse response into a DOM Document: n.s.s.t.XPathException: org.xml.sax.SAXParseException; lineNumber: 1; columnNumber: 3; The markup in the document preceding the root element must be well-formed.
USER	DemoAdvanced	START	1644853213305
REQUEST		request_0	1644853213306	1644853213310	KO	xpath((.//h2[contains(text(),'Welcome')],Map())).find.exists preparation crashed: Could not parse response into a DOM Document: n.s.s.t.XPathException: org.xml.sax.SAXParseException; lineNumber: 1; columnNumber: 3; The markup in the document preceding the root element must be well-formed.
USER	DemoAdvanced	START	1644853213397
REQUEST		request_5	1644853213398	1644853213410	OK	 
USER	DemoAdvanced	START	1644853213485
REQUEST		request_0	1644853213485	1644853213489	KO	xpath((.//h2[contains(text(),'Welcome')],Map())).find.exists preparation crashed: Could not parse response into a DOM Document: n.s.s.t.XPathException: org.xml.sax.SAXParseException; lineNumber: 1; columnNumber: 3; The markup in the document preceding the root element must be well-formed.
USER	DemoAdvanced	START	1644853214484
REQUEST		request_5	1644853214484	1644853214492	OK	 
REQUEST		request_1	1644853214651	1644853214655	OK	 
REQUEST		request_1	1644853214765	1644853214770	OK	 
REQUEST		request_1	1644853214860	1644853214863	OK	 
REQUEST		request_1	1644853214954	1644853214957	OK	 
REQUEST		request_1	1644853215046	1644853215049	OK	 
REQUEST		request_1	1644853215140	1644853215143	OK	 
REQUEST		request_1	1644853215222	1644853215226	OK	 
REQUEST		request_1	1644853215316	1644853215319	OK	 
USER	DemoAdvanced	START	1644853215484
REQUEST		request_0	1644853215484	1644853215493	KO	xpath((.//h2[contains(text(),'Welcome')],Map())).find.exists preparation crashed: Could not parse response into a DOM Document: n.s.s.t.XPathException: org.xml.sax.SAXParseException; lineNumber: 1; columnNumber: 3; The markup in the document preceding the root element must be well-formed.
REQUEST		request_1	1644853215493	1644853215498	OK	 
USER	DemoAdvanced	START	1644853216484
REQUEST		request_0	1644853216484	1644853216490	KO	xpath((.//h2[contains(text(),'Welcome')],Map())).find.exists preparation crashed: Could not parse response into a DOM Document: n.s.s.t.XPathException: org.xml.sax.SAXParseException; lineNumber: 1; columnNumber: 3; The markup in the document preceding the root element must be well-formed.
REQUEST		request_2	1644853216662	1644853216668	OK	 
REQUEST		request_2	1644853216774	1644853216779	OK	 
REQUEST		request_2	1644853216865	1644853216870	OK	 
REQUEST		request_2	1644853216960	1644853216966	OK	 
REQUEST		request_2	1644853217053	1644853217059	OK	 
REQUEST		request_2	1644853217145	1644853217150	OK	 
REQUEST		request_2	1644853217228	1644853217233	OK	 
REQUEST		request_2	1644853217323	1644853217328	OK	 
USER	DemoAdvanced	START	1644853217482
REQUEST		request_0	1644853217482	1644853217490	KO	xpath((.//h2[contains(text(),'Welcome')],Map())).find.exists preparation crashed: Could not parse response into a DOM Document: n.s.s.t.XPathException: org.xml.sax.SAXParseException; lineNumber: 1; columnNumber: 3; The markup in the document preceding the root element must be well-formed.
REQUEST		request_1	1644853217499	1644853217501	OK	 
REQUEST		request_2	1644853217503	1644853217513	OK	 
REQUEST		request_6	1644853217630	1644853217638	OK	 
REQUEST		request_3	1644853217674	1644853217680	OK	 
REQUEST		request_6	1644853217681	1644853217686	OK	 
REQUEST		request_3	1644853217782	1644853217788	OK	 
REQUEST		request_3	1644853217872	1644853217878	OK	 
REQUEST		request_3	1644853217968	1644853217973	OK	 
REQUEST		request_3	1644853218062	1644853218067	OK	 
REQUEST		request_3	1644853218155	1644853218160	OK	 
REQUEST		request_3	1644853218236	1644853218240	OK	 
REQUEST		request_3	1644853218331	1644853218336	OK	 
REQUEST		request_6	1644853218413	1644853218420	OK	 
USER	DemoAdvanced	START	1644853218483
REQUEST		request_0	1644853218483	1644853218491	KO	xpath((.//h2[contains(text(),'Welcome')],Map())).find.exists preparation crashed: Could not parse response into a DOM Document: n.s.s.t.XPathException: org.xml.sax.SAXParseException; lineNumber: 1; columnNumber: 3; The markup in the document preceding the root element must be well-formed.
REQUEST		request_1	1644853218491	1644853218494	OK	 
REQUEST		request_3	1644853218516	1644853218522	OK	 
USER	DemoAdvanced	START	1644853219483
REQUEST		request_0	1644853219483	1644853219491	KO	xpath((.//h2[contains(text(),'Welcome')],Map())).find.exists preparation crashed: Could not parse response into a DOM Document: n.s.s.t.XPathException: org.xml.sax.SAXParseException; lineNumber: 1; columnNumber: 3; The markup in the document preceding the root element must be well-formed.
REQUEST		request_1	1644853219497	1644853219501	OK	 
REQUEST		request_6	1644853219499	1644853219507	OK	 
REQUEST		request_2	1644853219507	1644853219512	OK	 
USER	DemoAdvanced	START	1644853220483
REQUEST		request_5	1644853220483	1644853220494	OK	 
REQUEST		request_1	1644853220497	1644853220501	OK	 
REQUEST		request_2	1644853220500	1644853220506	OK	 
REQUEST		request_3	1644853220517	1644853220524	OK	 
USER	DemoAdvanced	START	1644853221482
REQUEST		request_0	1644853221482	1644853221490	KO	xpath((.//h2[contains(text(),'Welcome')],Map())).find.exists preparation crashed: Could not parse response into a DOM Document: n.s.s.t.XPathException: org.xml.sax.SAXParseException; lineNumber: 1; columnNumber: 3; The markup in the document preceding the root element must be well-formed.
REQUEST		request_1	1644853221497	1644853221500	OK	 
REQUEST		request_3	1644853221509	1644853221527	OK	 
REQUEST		request_2	1644853221505	1644853221532	OK	 
REQUEST		request_4	1644853221686	1644853221726	OK	 
REQUEST		request_4 Redirect 1	1644853221729	1644853221755	OK	 
REQUEST		request_4	1644853221790	1644853221796	OK	 
REQUEST		request_4 Redirect 1	1644853221797	1644853221812	OK	 
REQUEST		request_4	1644853221880	1644853221943	OK	 
REQUEST		request_4 Redirect 1	1644853221943	1644853221965	OK	 
REQUEST		request_4	1644853221975	1644853221981	OK	 
REQUEST		request_4 Redirect 1	1644853221982	1644853221996	OK	 
REQUEST		request_4	1644853222068	1644853222077	OK	 
REQUEST		request_4 Redirect 1	1644853222077	1644853222096	OK	 
REQUEST		request_4	1644853222161	1644853222167	OK	 
REQUEST		request_4 Redirect 1	1644853222167	1644853222179	OK	 
REQUEST		request_4	1644853222242	1644853222247	OK	 
REQUEST		request_4 Redirect 1	1644853222248	1644853222266	OK	 
REQUEST		request_4	1644853222339	1644853222346	OK	 
REQUEST		request_4 Redirect 1	1644853222346	1644853222363	OK	 
REQUEST		request_2	1644853222504	1644853222512	OK	 
REQUEST		request_4	1644853222527	1644853222537	OK	 
REQUEST		request_3	1644853222533	1644853222542	OK	 
REQUEST		request_4 Redirect 1	1644853222537	1644853222552	OK	 
REQUEST		request_7	1644853222641	1644853222649	OK	 
REQUEST		request_7	1644853222689	1644853222697	OK	 
REQUEST		request_0	1644853222762	1644853222764	KO	xpath((.//h2[contains(text(),'Welcome')],Map())).find.exists preparation crashed: Could not parse response into a DOM Document: n.s.s.t.XPathException: org.xml.sax.SAXParseException; lineNumber: 1; columnNumber: 3; The markup in the document preceding the root element must be well-formed.
REQUEST		request_0	1644853222814	1644853222817	KO	xpath((.//h2[contains(text(),'Welcome')],Map())).find.exists preparation crashed: Could not parse response into a DOM Document: n.s.s.t.XPathException: org.xml.sax.SAXParseException; lineNumber: 1; columnNumber: 3; The markup in the document preceding the root element must be well-formed.
REQUEST		request_0	1644853222967	1644853222969	KO	xpath((.//h2[contains(text(),'Welcome')],Map())).find.exists preparation crashed: Could not parse response into a DOM Document: n.s.s.t.XPathException: org.xml.sax.SAXParseException; lineNumber: 1; columnNumber: 3; The markup in the document preceding the root element must be well-formed.
REQUEST		request_0	1644853223002	1644853223079	KO	xpath((.//h2[contains(text(),'Welcome')],Map())).find.exists preparation crashed: Could not parse response into a DOM Document: n.s.s.t.XPathException: org.xml.sax.SAXParseException; lineNumber: 1; columnNumber: 3; The markup in the document preceding the root element must be well-formed.
REQUEST		request_0	1644853223103	1644853223106	KO	xpath((.//h2[contains(text(),'Welcome')],Map())).find.exists preparation crashed: Could not parse response into a DOM Document: n.s.s.t.XPathException: org.xml.sax.SAXParseException; lineNumber: 1; columnNumber: 3; The markup in the document preceding the root element must be well-formed.
REQUEST		request_5	1644853223184	1644853223191	OK	 
REQUEST		request_0	1644853223268	1644853223271	KO	xpath((.//h2[contains(text(),'Welcome')],Map())).find.exists preparation crashed: Could not parse response into a DOM Document: n.s.s.t.XPathException: org.xml.sax.SAXParseException; lineNumber: 1; columnNumber: 3; The markup in the document preceding the root element must be well-formed.
REQUEST		request_0	1644853223365	1644853223368	KO	xpath((.//h2[contains(text(),'Welcome')],Map())).find.exists preparation crashed: Could not parse response into a DOM Document: n.s.s.t.XPathException: org.xml.sax.SAXParseException; lineNumber: 1; columnNumber: 3; The markup in the document preceding the root element must be well-formed.
REQUEST		request_7	1644853223423	1644853223431	OK	 
REQUEST		request_1	1644853223497	1644853223502	OK	 
REQUEST		request_2	1644853223507	1644853223513	OK	 
REQUEST		request_3	1644853223515	1644853223523	OK	 
REQUEST		request_0	1644853223558	1644853223561	KO	xpath((.//h2[contains(text(),'Welcome')],Map())).find.exists preparation crashed: Could not parse response into a DOM Document: n.s.s.t.XPathException: org.xml.sax.SAXParseException; lineNumber: 1; columnNumber: 3; The markup in the document preceding the root element must be well-formed.
REQUEST		request_7	1644853224511	1644853224520	OK	 
REQUEST		request_3	1644853224514	1644853224523	OK	 
REQUEST		request_4	1644853224528	1644853224537	OK	 
REQUEST		request_4 Redirect 1	1644853224537	1644853224560	OK	 
REQUEST		request_1	1644853224770	1644853224774	OK	 
REQUEST		request_1	1644853224823	1644853224826	OK	 
REQUEST		request_1	1644853224973	1644853224978	OK	 
REQUEST		request_1	1644853225082	1644853225084	OK	 
REQUEST		request_1	1644853225108	1644853225111	OK	 
REQUEST		request_1	1644853225273	1644853225277	OK	 
REQUEST		request_1	1644853225373	1644853225376	OK	 
REQUEST		request_6	1644853225498	1644853225508	OK	 
REQUEST		request_2	1644853225507	1644853225511	OK	 
REQUEST		request_4	1644853225531	1644853225539	OK	 
REQUEST		request_4 Redirect 1	1644853225539	1644853225548	OK	 
REQUEST		request_0	1644853225563	1644853225567	KO	xpath((.//h2[contains(text(),'Welcome')],Map())).find.exists preparation crashed: Could not parse response into a DOM Document: n.s.s.t.XPathException: org.xml.sax.SAXParseException; lineNumber: 1; columnNumber: 3; The markup in the document preceding the root element must be well-formed.
REQUEST		request_1	1644853225567	1644853225570	OK	 
REQUEST		request_3	1644853226514	1644853226522	OK	 
REQUEST		request_4	1644853226548	1644853226552	OK	 
REQUEST		request_0	1644853226554	1644853226557	KO	xpath((.//h2[contains(text(),'Welcome')],Map())).find.exists preparation crashed: Could not parse response into a DOM Document: n.s.s.t.XPathException: org.xml.sax.SAXParseException; lineNumber: 1; columnNumber: 3; The markup in the document preceding the root element must be well-formed.
REQUEST		request_4 Redirect 1	1644853226553	1644853226565	OK	 
REQUEST		request_2	1644853226778	1644853226783	OK	 
REQUEST		request_2	1644853226828	1644853226834	OK	 
REQUEST		request_2	1644853226982	1644853226990	OK	 
REQUEST		request_2	1644853227090	1644853227096	OK	 
REQUEST		request_2	1644853227114	1644853227119	OK	 
REQUEST		request_2	1644853227281	1644853227288	OK	 
REQUEST		request_2	1644853227380	1644853227386	OK	 
REQUEST		request_4	1644853227529	1644853227536	OK	 
REQUEST		request_4 Redirect 1	1644853227536	1644853227545	OK	 
REQUEST		request_0	1644853227569	1644853227571	KO	xpath((.//h2[contains(text(),'Welcome')],Map())).find.exists preparation crashed: Could not parse response into a DOM Document: n.s.s.t.XPathException: org.xml.sax.SAXParseException; lineNumber: 1; columnNumber: 3; The markup in the document preceding the root element must be well-formed.
REQUEST		request_1	1644853227573	1644853227576	OK	 
REQUEST		request_2	1644853227575	1644853227579	OK	 
REQUEST		request_3	1644853227788	1644853227794	OK	 
REQUEST		request_3	1644853227840	1644853227846	OK	 
REQUEST		request_3	1644853227994	1644853228002	OK	 
REQUEST		request_3	1644853228101	1644853228105	OK	 
REQUEST		request_3	1644853228124	1644853228130	OK	 
REQUEST		request_6	1644853228197	1644853228206	OK	 
REQUEST		request_3	1644853228292	1644853228297	OK	 
REQUEST		request_3	1644853228389	1644853228394	OK	 
REQUEST		request_4	1644853228531	1644853228538	OK	 
REQUEST		request_4 Redirect 1	1644853228539	1644853228547	OK	 
REQUEST		request_0	1644853228548	1644853228552	KO	xpath((.//h2[contains(text(),'Welcome')],Map())).find.exists preparation crashed: Could not parse response into a DOM Document: n.s.s.t.XPathException: org.xml.sax.SAXParseException; lineNumber: 1; columnNumber: 3; The markup in the document preceding the root element must be well-formed.
REQUEST		request_1	1644853228561	1644853228566	OK	 
REQUEST		request_3	1644853228582	1644853228587	OK	 
REQUEST		request_8	1644853228650	1644853228656	OK	 
REQUEST		request_8	1644853228703	1644853228709	OK	 
REQUEST		request_8	1644853229433	1644853229439	OK	 
REQUEST		request_0	1644853229552	1644853229555	KO	xpath((.//h2[contains(text(),'Welcome')],Map())).find.exists preparation crashed: Could not parse response into a DOM Document: n.s.s.t.XPathException: org.xml.sax.SAXParseException; lineNumber: 1; columnNumber: 3; The markup in the document preceding the root element must be well-formed.
REQUEST		request_1	1644853229574	1644853229578	OK	 
REQUEST		request_2	1644853229581	1644853229586	OK	 
REQUEST		request_7	1644853230511	1644853230518	OK	 
REQUEST		request_4	1644853230523	1644853230526	OK	 
REQUEST		request_8	1644853230523	1644853230528	OK	 
REQUEST		request_4 Redirect 1	1644853230527	1644853230537	OK	 
REQUEST		request_1	1644853230556	1644853230559	OK	 
REQUEST		request_2	1644853230572	1644853230581	OK	 
REQUEST		request_3	1644853230587	1644853230591	OK	 
REQUEST		request_0	1644853231542	1644853231545	KO	xpath((.//h2[contains(text(),'Welcome')],Map())).find.exists preparation crashed: Could not parse response into a DOM Document: n.s.s.t.XPathException: org.xml.sax.SAXParseException; lineNumber: 1; columnNumber: 3; The markup in the document preceding the root element must be well-formed.
REQUEST		request_1	1644853231559	1644853231562	OK	 
REQUEST		request_2	1644853231584	1644853231590	OK	 
REQUEST		request_3	1644853231585	1644853231591	OK	 
REQUEST		request_9	1644853231661	1644853231672	OK	 
REQUEST		request_9 Redirect 1	1644853231672	1644853231682	OK	 
REQUEST		request_9	1644853231714	1644853231723	OK	 
REQUEST		request_9 Redirect 1	1644853231723	1644853231737	OK	 
REQUEST		request_4	1644853231801	1644853231807	OK	 
REQUEST		request_4 Redirect 1	1644853231807	1644853231815	OK	 
REQUEST		request_4	1644853231851	1644853231857	OK	 
REQUEST		request_4 Redirect 1	1644853231857	1644853231866	OK	 
REQUEST		request_4	1644853232006	1644853232012	OK	 
REQUEST		request_4 Redirect 1	1644853232012	1644853232030	OK	 
REQUEST		request_4	1644853232111	1644853232116	OK	 
REQUEST		request_4 Redirect 1	1644853232116	1644853232129	OK	 
REQUEST		request_4	1644853232134	1644853232140	OK	 
REQUEST		request_4 Redirect 1	1644853232140	1644853232150	OK	 
REQUEST		request_4	1644853232299	1644853232308	OK	 
REQUEST		request_4 Redirect 1	1644853232308	1644853232318	OK	 
REQUEST		request_4	1644853232397	1644853232404	OK	 
REQUEST		request_4 Redirect 1	1644853232405	1644853232414	OK	 
REQUEST		request_9	1644853232442	1644853232453	OK	 
REQUEST		request_9 Redirect 1	1644853232453	1644853232462	OK	 
REQUEST		request_2	1644853232561	1644853232568	OK	 
REQUEST		request_4	1644853232588	1644853232593	OK	 
REQUEST		request_4 Redirect 1	1644853232593	1644853232605	OK	 
REQUEST		request_3	1644853232592	1644853232607	OK	 
REQUEST		request_0	1644853232820	1644853232822	KO	xpath((.//h2[contains(text(),'Welcome')],Map())).find.exists preparation crashed: Could not parse response into a DOM Document: n.s.s.t.XPathException: org.xml.sax.SAXParseException; lineNumber: 1; columnNumber: 3; The markup in the document preceding the root element must be well-formed.
REQUEST		request_0	1644853232872	1644853232875	KO	xpath((.//h2[contains(text(),'Welcome')],Map())).find.exists preparation crashed: Could not parse response into a DOM Document: n.s.s.t.XPathException: org.xml.sax.SAXParseException; lineNumber: 1; columnNumber: 3; The markup in the document preceding the root element must be well-formed.
REQUEST		request_5	1644853233032	1644853233039	OK	 
REQUEST		request_0	1644853233133	1644853233135	KO	xpath((.//h2[contains(text(),'Welcome')],Map())).find.exists preparation crashed: Could not parse response into a DOM Document: n.s.s.t.XPathException: org.xml.sax.SAXParseException; lineNumber: 1; columnNumber: 3; The markup in the document preceding the root element must be well-formed.
REQUEST		request_0	1644853233156	1644853233158	KO	xpath((.//h2[contains(text(),'Welcome')],Map())).find.exists preparation crashed: Could not parse response into a DOM Document: n.s.s.t.XPathException: org.xml.sax.SAXParseException; lineNumber: 1; columnNumber: 3; The markup in the document preceding the root element must be well-formed.
REQUEST		request_7	1644853233210	1644853233216	OK	 
REQUEST		request_0	1644853233322	1644853233325	KO	xpath((.//h2[contains(text(),'Welcome')],Map())).find.exists preparation crashed: Could not parse response into a DOM Document: n.s.s.t.XPathException: org.xml.sax.SAXParseException; lineNumber: 1; columnNumber: 3; The markup in the document preceding the root element must be well-formed.
REQUEST		request_0	1644853233419	1644853233423	KO	xpath((.//h2[contains(text(),'Welcome')],Map())).find.exists preparation crashed: Could not parse response into a DOM Document: n.s.s.t.XPathException: org.xml.sax.SAXParseException; lineNumber: 1; columnNumber: 3; The markup in the document preceding the root element must be well-formed.
REQUEST		request_9	1644853233532	1644853233543	OK	 
REQUEST		request_9 Redirect 1	1644853233543	1644853233553	OK	 
REQUEST		request_1	1644853233547	1644853233555	OK	 
REQUEST		request_2	1644853233567	1644853233573	OK	 
REQUEST		request_3	1644853233573	1644853233578	OK	 
REQUEST		request_0	1644853233606	1644853233608	KO	xpath((.//h2[contains(text(),'Welcome')],Map())).find.exists preparation crashed: Could not parse response into a DOM Document: n.s.s.t.XPathException: org.xml.sax.SAXParseException; lineNumber: 1; columnNumber: 3; The markup in the document preceding the root element must be well-formed.
REQUEST		request_10	1644853233684	1644853233694	OK	 
REQUEST		request_10	1644853233738	1644853233748	OK	 
REQUEST		request_10	1644853234464	1644853234475	OK	 
REQUEST		request_3	1644853234577	1644853234582	OK	 
REQUEST		request_4	1644853234597	1644853234604	OK	 
REQUEST		request_4 Redirect 1	1644853234604	1644853234615	OK	 
REQUEST		request_1	1644853234827	1644853234831	OK	 
REQUEST		request_1	1644853234876	1644853234881	OK	 
REQUEST		request_1	1644853235139	1644853235142	OK	 
REQUEST		request_1	1644853235164	1644853235167	OK	 
REQUEST		request_1	1644853235332	1644853235334	OK	 
REQUEST		request_1	1644853235426	1644853235428	OK	 
REQUEST		request_2	1644853235556	1644853235560	OK	 
REQUEST		request_10	1644853235555	1644853235564	OK	 
REQUEST		request_4	1644853235597	1644853235601	OK	 
REQUEST		request_4 Redirect 1	1644853235601	1644853235611	OK	 
REQUEST		request_1	1644853235613	1644853235615	OK	 
REQUEST		request_0	1644853235622	1644853235625	KO	xpath((.//h2[contains(text(),'Welcome')],Map())).find.exists preparation crashed: Could not parse response into a DOM Document: n.s.s.t.XPathException: org.xml.sax.SAXParseException; lineNumber: 1; columnNumber: 3; The markup in the document preceding the root element must be well-formed.
REQUEST		request_8	1644853236522	1644853236529	OK	 
REQUEST		request_3	1644853236564	1644853236568	OK	 
REQUEST		request_4	1644853236609	1644853236614	OK	 
REQUEST		request_0	1644853236613	1644853236616	KO	xpath((.//h2[contains(text(),'Welcome')],Map())).find.exists preparation crashed: Could not parse response into a DOM Document: n.s.s.t.XPathException: org.xml.sax.SAXParseException; lineNumber: 1; columnNumber: 3; The markup in the document preceding the root element must be well-formed.
REQUEST		request_4 Redirect 1	1644853236614	1644853236624	OK	 
REQUEST		request_2	1644853236836	1644853236842	OK	 
REQUEST		request_2	1644853236883	1644853236888	OK	 
REQUEST		request_2	1644853237147	1644853237153	OK	 
REQUEST		request_2	1644853237170	1644853237175	OK	 
REQUEST		request_2	1644853237339	1644853237344	OK	 
REQUEST		request_2	1644853237430	1644853237434	OK	 
REQUEST		request_4	1644853237582	1644853237587	OK	 
REQUEST		request_4 Redirect 1	1644853237587	1644853237595	OK	 
REQUEST		request_2	1644853237622	1644853237627	OK	 
REQUEST		request_0	1644853237630	1644853237633	KO	xpath((.//h2[contains(text(),'Welcome')],Map())).find.exists preparation crashed: Could not parse response into a DOM Document: n.s.s.t.XPathException: org.xml.sax.SAXParseException; lineNumber: 1; columnNumber: 3; The markup in the document preceding the root element must be well-formed.
REQUEST		request_1	1644853237631	1644853237637	OK	 
REQUEST		request_11	1644853237698	1644853237703	OK	 
REQUEST		request_11 Redirect 1	1644853237703	1644853237712	OK	 
REQUEST		request_11	1644853237748	1644853237753	OK	 
REQUEST		request_11 Redirect 1	1644853237753	1644853237763	OK	 
REQUEST		request_3	1644853237847	1644853237853	OK	 
REQUEST		request_3	1644853237894	1644853237899	OK	 
REQUEST		request_6	1644853238042	1644853238060	OK	 
REQUEST		request_3	1644853238158	1644853238163	OK	 
REQUEST		request_3	1644853238181	1644853238188	OK	 
REQUEST		request_3	1644853238349	1644853238354	OK	 
REQUEST		request_3	1644853238438	1644853238445	OK	 
REQUEST		request_11	1644853238480	1644853238491	OK	 
REQUEST		request_11 Redirect 1	1644853238491	1644853238500	OK	 
REQUEST		request_4	1644853238583	1644853238589	OK	 
REQUEST		request_4 Redirect 1	1644853238589	1644853238597	OK	 
REQUEST		request_0	1644853238597	1644853238599	KO	xpath((.//h2[contains(text(),'Welcome')],Map())).find.exists preparation crashed: Could not parse response into a DOM Document: n.s.s.t.XPathException: org.xml.sax.SAXParseException; lineNumber: 1; columnNumber: 3; The markup in the document preceding the root element must be well-formed.
REQUEST		request_1	1644853238622	1644853238624	OK	 
REQUEST		request_3	1644853238632	1644853238637	OK	 
REQUEST		request_8	1644853239218	1644853239227	OK	 
REQUEST		request_9	1644853239532	1644853239539	OK	 
REQUEST		request_9 Redirect 1	1644853239540	1644853239549	OK	 
REQUEST		request_11	1644853239566	1644853239573	OK	 
REQUEST		request_11 Redirect 1	1644853239573	1644853239583	OK	 
REQUEST		request_5	1644853239603	1644853239610	OK	 
REQUEST		request_1	1644853239634	1644853239639	OK	 
REQUEST		request_2	1644853239638	1644853239642	OK	 
REQUEST		request_4	1644853240573	1644853240578	OK	 
REQUEST		request_4 Redirect 1	1644853240578	1644853240591	OK	 
REQUEST		request_1	1644853240605	1644853240608	OK	 
REQUEST		request_2	1644853240630	1644853240636	OK	 
REQUEST		request_3	1644853240643	1644853240649	OK	 
REQUEST		request_10	1644853241555	1644853241566	OK	 
REQUEST		request_0	1644853241597	1644853241600	KO	xpath((.//h2[contains(text(),'Welcome')],Map())).find.exists preparation crashed: Could not parse response into a DOM Document: n.s.s.t.XPathException: org.xml.sax.SAXParseException; lineNumber: 1; columnNumber: 3; The markup in the document preceding the root element must be well-formed.
REQUEST		request_3	1644853241638	1644853241645	OK	 
REQUEST		request_2	1644853241640	1644853241648	OK	 
REQUEST		request_4	1644853241855	1644853241859	OK	 
REQUEST		request_4 Redirect 1	1644853241859	1644853241868	OK	 
REQUEST		request_4	1644853241905	1644853241909	OK	 
REQUEST		request_4 Redirect 1	1644853241910	1644853241918	OK	 
REQUEST		request_4	1644853242168	1644853242173	OK	 
REQUEST		request_4 Redirect 1	1644853242173	1644853242184	OK	 
REQUEST		request_4	1644853242189	1644853242194	OK	 
REQUEST		request_4 Redirect 1	1644853242194	1644853242204	OK	 
REQUEST		request_9	1644853242229	1644853242240	OK	 
REQUEST		request_9 Redirect 1	1644853242240	1644853242248	OK	 
REQUEST		request_4	1644853242355	1644853242360	OK	 
REQUEST		request_4 Redirect 1	1644853242360	1644853242369	OK	 
REQUEST		request_4	1644853242449	1644853242453	OK	 
REQUEST		request_4 Redirect 1	1644853242453	1644853242463	OK	 
REQUEST		request_2	1644853242614	1644853242620	OK	 
REQUEST		request_4	1644853242642	1644853242650	OK	 
REQUEST		request_4 Redirect 1	1644853242650	1644853242660	OK	 
REQUEST		request_3	1644853242653	1644853242662	OK	 
REQUEST		request_12	1644853242716	1644853242721	OK	 
REQUEST		request_12	1644853242767	1644853242771	OK	 
REQUEST		request_0	1644853242873	1644853242876	KO	xpath((.//h2[contains(text(),'Welcome')],Map())).find.exists preparation crashed: Could not parse response into a DOM Document: n.s.s.t.XPathException: org.xml.sax.SAXParseException; lineNumber: 1; columnNumber: 3; The markup in the document preceding the root element must be well-formed.
REQUEST		request_0	1644853242922	1644853242924	KO	xpath((.//h2[contains(text(),'Welcome')],Map())).find.exists preparation crashed: Could not parse response into a DOM Document: n.s.s.t.XPathException: org.xml.sax.SAXParseException; lineNumber: 1; columnNumber: 3; The markup in the document preceding the root element must be well-formed.
REQUEST		request_7	1644853243063	1644853243070	OK	 
REQUEST		request_0	1644853243188	1644853243190	KO	xpath((.//h2[contains(text(),'Welcome')],Map())).find.exists preparation crashed: Could not parse response into a DOM Document: n.s.s.t.XPathException: org.xml.sax.SAXParseException; lineNumber: 1; columnNumber: 3; The markup in the document preceding the root element must be well-formed.
REQUEST		request_0	1644853243207	1644853243209	KO	xpath((.//h2[contains(text(),'Welcome')],Map())).find.exists preparation crashed: Could not parse response into a DOM Document: n.s.s.t.XPathException: org.xml.sax.SAXParseException; lineNumber: 1; columnNumber: 3; The markup in the document preceding the root element must be well-formed.
REQUEST		request_0	1644853243372	1644853243375	KO	xpath((.//h2[contains(text(),'Welcome')],Map())).find.exists preparation crashed: Could not parse response into a DOM Document: n.s.s.t.XPathException: org.xml.sax.SAXParseException; lineNumber: 1; columnNumber: 3; The markup in the document preceding the root element must be well-formed.
REQUEST		request_0	1644853243468	1644853243471	KO	xpath((.//h2[contains(text(),'Welcome')],Map())).find.exists preparation crashed: Could not parse response into a DOM Document: n.s.s.t.XPathException: org.xml.sax.SAXParseException; lineNumber: 1; columnNumber: 3; The markup in the document preceding the root element must be well-formed.
REQUEST		request_12	1644853243505	1644853243508	OK	 
REQUEST		request_1	1644853243605	1644853243608	OK	 
REQUEST		request_3	1644853243626	1644853243630	OK	 
REQUEST		request_5	1644853243662	1644853243669	OK	 
REQUEST		request_10	1644853244254	1644853244263	OK	 
REQUEST		request_12	1644853244587	1644853244595	OK	 
REQUEST		request_6	1644853244613	1644853244620	OK	 
REQUEST		request_4	1644853244651	1644853244657	OK	 
REQUEST		request_4 Redirect 1	1644853244657	1644853244672	OK	 
REQUEST		request_1	1644853244882	1644853244885	OK	 
REQUEST		request_1	1644853244929	1644853244933	OK	 
REQUEST		request_1	1644853245196	1644853245199	OK	 
REQUEST		request_1	1644853245212	1644853245215	OK	 
REQUEST		request_1	1644853245382	1644853245385	OK	 
REQUEST		request_1	1644853245473	1644853245476	OK	 
REQUEST		request_11	1644853245572	1644853245578	OK	 
REQUEST		request_11 Redirect 1	1644853245578	1644853245586	OK	 
REQUEST		request_2	1644853245613	1644853245618	OK	 
REQUEST		request_4	1644853245647	1644853245651	OK	 
REQUEST		request_4 Redirect 1	1644853245651	1644853245660	OK	 
REQUEST		request_5	1644853245676	1644853245680	OK	 
REQUEST		request_13	1644853245723	1644853245726	OK	 
REQUEST		request_0	1644853245727	1644853245730	KO	xpath((.//h2[contains(text(),'Welcome')],Map())).find.exists preparation crashed: Could not parse response into a DOM Document: n.s.s.t.XPathException: org.xml.sax.SAXParseException; lineNumber: 1; columnNumber: 3; The markup in the document preceding the root element must be well-formed.
REQUEST		request_13	1644853245773	1644853245780	OK	 
REQUEST		request_0	1644853245780	1644853245783	KO	xpath((.//h2[contains(text(),'Welcome')],Map())).find.exists preparation crashed: Could not parse response into a DOM Document: n.s.s.t.XPathException: org.xml.sax.SAXParseException; lineNumber: 1; columnNumber: 3; The markup in the document preceding the root element must be well-formed.
REQUEST		request_13	1644853246514	1644853246517	OK	 
REQUEST		request_0	1644853246518	1644853246537	KO	xpath((.//h2[contains(text(),'Welcome')],Map())).find.exists preparation crashed: Could not parse response into a DOM Document: n.s.s.t.XPathException: org.xml.sax.SAXParseException; lineNumber: 1; columnNumber: 3; The markup in the document preceding the root element must be well-formed.
REQUEST		request_3	1644853246622	1644853246630	OK	 
REQUEST		request_5	1644853246665	1644853246675	OK	 
REQUEST		request_4	1644853246666	1644853246676	OK	 
REQUEST		request_4 Redirect 1	1644853246676	1644853246692	OK	 
REQUEST		request_2	1644853246887	1644853246893	OK	 
REQUEST		request_2	1644853246934	1644853246940	OK	 
REQUEST		request_2	1644853247203	1644853247213	OK	 
REQUEST		request_2	1644853247217	1644853247224	OK	 
REQUEST		request_2	1644853247386	1644853247391	OK	 
REQUEST		request_2	1644853247481	1644853247489	OK	 
REQUEST		request_13	1644853247600	1644853247603	OK	 
REQUEST		request_0	1644853247604	1644853247606	KO	xpath((.//h2[contains(text(),'Welcome')],Map())).find.exists preparation crashed: Could not parse response into a DOM Document: n.s.s.t.XPathException: org.xml.sax.SAXParseException; lineNumber: 1; columnNumber: 3; The markup in the document preceding the root element must be well-formed.
REQUEST		request_4	1644853247633	1644853247637	OK	 
REQUEST		request_4 Redirect 1	1644853247638	1644853247648	OK	 
REQUEST		request_0	1644853247693	1644853247695	KO	xpath((.//h2[contains(text(),'Welcome')],Map())).find.exists preparation crashed: Could not parse response into a DOM Document: n.s.s.t.XPathException: org.xml.sax.SAXParseException; lineNumber: 1; columnNumber: 3; The markup in the document preceding the root element must be well-formed.
REQUEST		request_1	1644853247735	1644853247738	OK	 
REQUEST		request_1	1644853247787	1644853247790	OK	 
REQUEST		request_3	1644853247895	1644853247902	OK	 
REQUEST		request_3	1644853247943	1644853247948	OK	 
REQUEST		request_3	1644853248216	1644853248221	OK	 
REQUEST		request_3	1644853248229	1644853248236	OK	 
REQUEST		request_11	1644853248268	1644853248273	OK	 
REQUEST		request_11 Redirect 1	1644853248273	1644853248282	OK	 
REQUEST		request_3	1644853248396	1644853248402	OK	 
REQUEST		request_3	1644853248495	1644853248501	OK	 
REQUEST		request_1	1644853248542	1644853248546	OK	 
REQUEST		request_0	1644853248654	1644853248656	KO	xpath((.//h2[contains(text(),'Welcome')],Map())).find.exists preparation crashed: Could not parse response into a DOM Document: n.s.s.t.XPathException: org.xml.sax.SAXParseException; lineNumber: 1; columnNumber: 3; The markup in the document preceding the root element must be well-formed.
REQUEST		request_6	1644853248674	1644853248680	OK	 
REQUEST		request_8	1644853249074	1644853249082	OK	 
REQUEST		request_1	1644853249608	1644853249611	OK	 
REQUEST		request_7	1644853249622	1644853249627	OK	 
REQUEST		request_1	1644853249699	1644853249702	OK	 
REQUEST		request_2	1644853249741	1644853249745	OK	 
REQUEST		request_2	1644853249792	1644853249796	OK	 
REQUEST		request_2	1644853250549	1644853250560	OK	 
REQUEST		request_12	1644853250589	1644853250593	OK	 
REQUEST		request_4	1644853250634	1644853250638	OK	 
REQUEST		request_4 Redirect 1	1644853250638	1644853250646	OK	 
REQUEST		request_1	1644853250661	1644853250664	OK	 
REQUEST		request_6	1644853250683	1644853250688	OK	 
REQUEST		request_3	1644853250749	1644853250753	OK	 
REQUEST		request_3	1644853250798	1644853250803	OK	 
REQUEST		request_3	1644853251561	1644853251569	OK	 
REQUEST		request_2	1644853251613	1644853251618	OK	 
REQUEST		request_0	1644853251650	1644853251655	KO	xpath((.//h2[contains(text(),'Welcome')],Map())).find.exists preparation crashed: Could not parse response into a DOM Document: n.s.s.t.XPathException: org.xml.sax.SAXParseException; lineNumber: 1; columnNumber: 3; The markup in the document preceding the root element must be well-formed.
REQUEST		request_6	1644853251680	1644853251686	OK	 
REQUEST		request_2	1644853251707	1644853251712	OK	 
REQUEST		request_4	1644853251906	1644853251911	OK	 
REQUEST		request_4 Redirect 1	1644853251912	1644853251921	OK	 
REQUEST		request_4	1644853251953	1644853251957	OK	 
REQUEST		request_4 Redirect 1	1644853251957	1644853251970	OK	 
REQUEST		request_9	1644853252086	1644853252096	OK	 
REQUEST		request_9 Redirect 1	1644853252096	1644853252105	OK	 
REQUEST		request_4	1644853252222	1644853252227	OK	 
REQUEST		request_4 Redirect 1	1644853252227	1644853252237	OK	 
REQUEST		request_4	1644853252237	1644853252241	OK	 
REQUEST		request_4 Redirect 1	1644853252242	1644853252251	OK	 
REQUEST		request_4	1644853252403	1644853252407	OK	 
REQUEST		request_4 Redirect 1	1644853252408	1644853252416	OK	 
REQUEST		request_4	1644853252504	1644853252508	OK	 
REQUEST		request_4 Redirect 1	1644853252508	1644853252521	OK	 
REQUEST		request_3	1644853252620	1644853252626	OK	 
REQUEST		request_2	1644853252666	1644853252672	OK	 
REQUEST		request_3	1644853252717	1644853252722	OK	 
REQUEST		request_0	1644853252926	1644853252930	KO	xpath((.//h2[contains(text(),'Welcome')],Map())).find.exists preparation crashed: Could not parse response into a DOM Document: n.s.s.t.XPathException: org.xml.sax.SAXParseException; lineNumber: 1; columnNumber: 3; The markup in the document preceding the root element must be well-formed.
REQUEST		request_5	1644853252973	1644853252981	OK	 
REQUEST		request_0	1644853253242	1644853253246	KO	xpath((.//h2[contains(text(),'Welcome')],Map())).find.exists preparation crashed: Could not parse response into a DOM Document: n.s.s.t.XPathException: org.xml.sax.SAXParseException; lineNumber: 1; columnNumber: 3; The markup in the document preceding the root element must be well-formed.
REQUEST		request_0	1644853253255	1644853253258	KO	xpath((.//h2[contains(text(),'Welcome')],Map())).find.exists preparation crashed: Could not parse response into a DOM Document: n.s.s.t.XPathException: org.xml.sax.SAXParseException; lineNumber: 1; columnNumber: 3; The markup in the document preceding the root element must be well-formed.
REQUEST		request_12	1644853253287	1644853253289	OK	 
REQUEST		request_0	1644853253422	1644853253424	KO	xpath((.//h2[contains(text(),'Welcome')],Map())).find.exists preparation crashed: Could not parse response into a DOM Document: n.s.s.t.XPathException: org.xml.sax.SAXParseException; lineNumber: 1; columnNumber: 3; The markup in the document preceding the root element must be well-formed.
REQUEST		request_0	1644853253528	1644853253531	KO	xpath((.//h2[contains(text(),'Welcome')],Map())).find.exists preparation crashed: Could not parse response into a DOM Document: n.s.s.t.XPathException: org.xml.sax.SAXParseException; lineNumber: 1; columnNumber: 3; The markup in the document preceding the root element must be well-formed.
REQUEST		request_13	1644853253598	1644853253601	OK	 
REQUEST		request_5	1644853253601	1644853253605	OK	 
REQUEST		request_1	1644853253657	1644853253661	OK	 
REQUEST		request_3	1644853253677	1644853253681	OK	 
REQUEST		request_7	1644853253685	1644853253694	OK	 
REQUEST		request_10	1644853254111	1644853254123	OK	 
REQUEST		request_4	1644853254754	1644853254759	OK	 
REQUEST		request_4 Redirect 1	1644853254760	1644853254768	OK	 
REQUEST		request_4	1644853254805	1644853254809	OK	 
REQUEST		request_4 Redirect 1	1644853254809	1644853254822	OK	 
REQUEST		request_1	1644853254936	1644853254939	OK	 
REQUEST		request_1	1644853255248	1644853255251	OK	 
REQUEST		request_1	1644853255260	1644853255263	OK	 
REQUEST		request_1	1644853255428	1644853255431	OK	 
REQUEST		request_1	1644853255537	1644853255540	OK	 
REQUEST		request_4	1644853255573	1644853255578	OK	 
REQUEST		request_4 Redirect 1	1644853255578	1644853255587	OK	 
REQUEST		request_8	1644853255629	1644853255635	OK	 
REQUEST		request_2	1644853255663	1644853255668	OK	 
REQUEST		request_7	1644853255692	1644853255698	OK	 
REQUEST		request_5	1644853255773	1644853255778	OK	 
REQUEST		request_5	1644853255827	1644853255832	OK	 
REQUEST		request_13	1644853256292	1644853256295	OK	 
REQUEST		request_0	1644853256296	1644853256298	KO	xpath((.//h2[contains(text(),'Welcome')],Map())).find.exists preparation crashed: Could not parse response into a DOM Document: n.s.s.t.XPathException: org.xml.sax.SAXParseException; lineNumber: 1; columnNumber: 3; The markup in the document preceding the root element must be well-formed.
REQUEST		request_0	1644853256590	1644853256593	KO	xpath((.//h2[contains(text(),'Welcome')],Map())).find.exists preparation crashed: Could not parse response into a DOM Document: n.s.s.t.XPathException: org.xml.sax.SAXParseException; lineNumber: 1; columnNumber: 3; The markup in the document preceding the root element must be well-formed.
REQUEST		request_4	1644853256628	1644853256633	OK	 
REQUEST		request_4 Redirect 1	1644853256633	1644853256643	OK	 
REQUEST		request_3	1644853256672	1644853256677	OK	 
REQUEST		request_7	1644853256690	1644853256699	OK	 
REQUEST		request_4	1644853256728	1644853256734	OK	 
REQUEST		request_4 Redirect 1	1644853256734	1644853256747	OK	 
REQUEST		request_2	1644853256940	1644853256946	OK	 
REQUEST		request_2	1644853257256	1644853257260	OK	 
REQUEST		request_2	1644853257268	1644853257273	OK	 
REQUEST		request_2	1644853257435	1644853257440	OK	 
REQUEST		request_2	1644853257542	1644853257547	OK	 
REQUEST		request_5	1644853257645	1644853257652	OK	 
REQUEST		request_4	1644853257686	1644853257697	OK	 
REQUEST		request_4 Redirect 1	1644853257697	1644853257707	OK	 
REQUEST		request_0	1644853257748	1644853257752	KO	xpath((.//h2[contains(text(),'Welcome')],Map())).find.exists preparation crashed: Could not parse response into a DOM Document: n.s.s.t.XPathException: org.xml.sax.SAXParseException; lineNumber: 1; columnNumber: 3; The markup in the document preceding the root element must be well-formed.
REQUEST		request_3	1644853257949	1644853257958	OK	 
REQUEST		request_6	1644853257987	1644853257994	OK	 
REQUEST		request_11	1644853258124	1644853258132	OK	 
REQUEST		request_11 Redirect 1	1644853258132	1644853258141	OK	 
REQUEST		request_3	1644853258264	1644853258269	OK	 
REQUEST		request_3	1644853258278	1644853258283	OK	 
REQUEST		request_1	1644853258303	1644853258307	OK	 
REQUEST		request_3	1644853258445	1644853258451	OK	 
REQUEST		request_3	1644853258553	1644853258558	OK	 
REQUEST		request_1	1644853258595	1644853258598	OK	 
REQUEST		request_6	1644853258609	1644853258615	OK	 
REQUEST		request_9	1644853258638	1644853258645	OK	 
REQUEST		request_9 Redirect 1	1644853258645	1644853258654	OK	 
REQUEST		request_0	1644853258713	1644853258715	KO	xpath((.//h2[contains(text(),'Welcome')],Map())).find.exists preparation crashed: Could not parse response into a DOM Document: n.s.s.t.XPathException: org.xml.sax.SAXParseException; lineNumber: 1; columnNumber: 3; The markup in the document preceding the root element must be well-formed.
REQUEST		request_8	1644853259697	1644853259704	OK	 
REQUEST		request_1	1644853259756	1644853259759	OK	 
REQUEST		request_2	1644853260309	1644853260316	OK	 
REQUEST		request_2	1644853260599	1644853260603	OK	 
REQUEST		request_10	1644853260655	1644853260667	OK	 
REQUEST		request_4	1644853260681	1644853260687	OK	 
REQUEST		request_4 Redirect 1	1644853260687	1644853260699	OK	 
REQUEST		request_1	1644853260720	1644853260722	OK	 
REQUEST		request_6	1644853260779	1644853260788	OK	 
REQUEST		request_6	1644853260837	1644853260845	OK	 
REQUEST		request_3	1644853261320	1644853261325	OK	 
REQUEST		request_3	1644853261606	1644853261612	OK	 
REQUEST		request_8	1644853261702	1644853261709	OK	 
REQUEST		request_0	1644853261702	1644853261709	KO	xpath((.//h2[contains(text(),'Welcome')],Map())).find.exists preparation crashed: Could not parse response into a DOM Document: n.s.s.t.XPathException: org.xml.sax.SAXParseException; lineNumber: 1; columnNumber: 3; The markup in the document preceding the root element must be well-formed.
REQUEST		request_2	1644853261762	1644853261772	OK	 
REQUEST		request_4	1644853261962	1644853261967	OK	 
REQUEST		request_4 Redirect 1	1644853261968	1644853261976	OK	 
REQUEST		request_4	1644853262274	1644853262282	OK	 
REQUEST		request_4	1644853262285	1644853262294	OK	 
REQUEST		request_4 Redirect 1	1644853262282	1644853262301	OK	 
REQUEST		request_4 Redirect 1	1644853262294	1644853262304	OK	 
REQUEST		request_4	1644853262452	1644853262457	OK	 
REQUEST		request_4 Redirect 1	1644853262458	1644853262472	OK	 
REQUEST		request_4	1644853262559	1644853262565	OK	 
REQUEST		request_4 Redirect 1	1644853262565	1644853262578	OK	 
REQUEST		request_6	1644853262655	1644853262660	OK	 
REQUEST		request_8	1644853262702	1644853262710	OK	 
REQUEST		request_9	1644853262705	1644853262714	OK	 
REQUEST		request_9 Redirect 1	1644853262714	1644853262723	OK	 
REQUEST		request_2	1644853262727	1644853262730	OK	 
REQUEST		request_3	1644853262777	1644853262782	OK	 
REQUEST		request_0	1644853262978	1644853262981	KO	xpath((.//h2[contains(text(),'Welcome')],Map())).find.exists preparation crashed: Could not parse response into a DOM Document: n.s.s.t.XPathException: org.xml.sax.SAXParseException; lineNumber: 1; columnNumber: 3; The markup in the document preceding the root element must be well-formed.
REQUEST		request_7	1644853262999	1644853263007	OK	 
REQUEST		request_12	1644853263143	1644853263148	OK	 
REQUEST		request_0	1644853263302	1644853263305	KO	xpath((.//h2[contains(text(),'Welcome')],Map())).find.exists preparation crashed: Could not parse response into a DOM Document: n.s.s.t.XPathException: org.xml.sax.SAXParseException; lineNumber: 1; columnNumber: 3; The markup in the document preceding the root element must be well-formed.
REQUEST		request_0	1644853263305	1644853263307	KO	xpath((.//h2[contains(text(),'Welcome')],Map())).find.exists preparation crashed: Could not parse response into a DOM Document: n.s.s.t.XPathException: org.xml.sax.SAXParseException; lineNumber: 1; columnNumber: 3; The markup in the document preceding the root element must be well-formed.
REQUEST		request_0	1644853263477	1644853263480	KO	xpath((.//h2[contains(text(),'Welcome')],Map())).find.exists preparation crashed: Could not parse response into a DOM Document: n.s.s.t.XPathException: org.xml.sax.SAXParseException; lineNumber: 1; columnNumber: 3; The markup in the document preceding the root element must be well-formed.
REQUEST		request_5	1644853263584	1644853263589	OK	 
REQUEST		request_7	1644853263618	1644853263624	OK	 
REQUEST		request_1	1644853263713	1644853263718	OK	 
REQUEST		request_3	1644853263735	1644853263739	OK	 
REQUEST		request_11	1644853264670	1644853264680	OK	 
REQUEST		request_11 Redirect 1	1644853264680	1644853264690	OK	 
REQUEST		request_9	1644853264713	1644853264724	OK	 
REQUEST		request_9 Redirect 1	1644853264724	1644853264746	OK	 
REQUEST		request_10	1644853264727	1644853264747	OK	 
REQUEST		request_1	1644853264985	1644853264988	OK	 
REQUEST		request_1	1644853265310	1644853265313	OK	 
REQUEST		request_1	1644853265310	1644853265314	OK	 
REQUEST		request_4	1644853265327	1644853265332	OK	 
REQUEST		request_4 Redirect 1	1644853265332	1644853265341	OK	 
REQUEST		request_1	1644853265485	1644853265490	OK	 
REQUEST		request_4	1644853265614	1644853265622	OK	 
REQUEST		request_4 Redirect 1	1644853265622	1644853265632	OK	 
REQUEST		request_9	1644853265711	1644853265718	OK	 
REQUEST		request_2	1644853265722	1644853265729	OK	 
REQUEST		request_9 Redirect 1	1644853265718	1644853265734	OK	 
REQUEST		request_7	1644853265793	1644853265800	OK	 
REQUEST		request_7	1644853265847	1644853265852	OK	 
REQUEST		request_13	1644853266151	1644853266154	OK	 
REQUEST		request_0	1644853266155	1644853266158	KO	xpath((.//h2[contains(text(),'Welcome')],Map())).find.exists preparation crashed: Could not parse response into a DOM Document: n.s.s.t.XPathException: org.xml.sax.SAXParseException; lineNumber: 1; columnNumber: 3; The markup in the document preceding the root element must be well-formed.
REQUEST		request_0	1644853266344	1644853266347	KO	xpath((.//h2[contains(text(),'Welcome')],Map())).find.exists preparation crashed: Could not parse response into a DOM Document: n.s.s.t.XPathException: org.xml.sax.SAXParseException; lineNumber: 1; columnNumber: 3; The markup in the document preceding the root element must be well-formed.
REQUEST		request_0	1644853266637	1644853266641	KO	xpath((.//h2[contains(text(),'Welcome')],Map())).find.exists preparation crashed: Could not parse response into a DOM Document: n.s.s.t.XPathException: org.xml.sax.SAXParseException; lineNumber: 1; columnNumber: 3; The markup in the document preceding the root element must be well-formed.
REQUEST		request_3	1644853266734	1644853266741	OK	 
REQUEST		request_10	1644853266752	1644853266761	OK	 
REQUEST		request_4	1644853266786	1644853266790	OK	 
REQUEST		request_4 Redirect 1	1644853266791	1644853266800	OK	 
REQUEST		request_2	1644853266991	1644853266996	OK	 
REQUEST		request_2	1644853267317	1644853267322	OK	 
REQUEST		request_2	1644853267318	1644853267323	OK	 
REQUEST		request_2	1644853267493	1644853267498	OK	 
REQUEST		request_7	1644853267662	1644853267673	OK	 
REQUEST		request_4	1644853267740	1644853267751	OK	 
REQUEST		request_10	1644853267738	1644853267752	OK	 
REQUEST		request_4 Redirect 1	1644853267751	1644853267760	OK	 
REQUEST		request_0	1644853267805	1644853267808	KO	xpath((.//h2[contains(text(),'Welcome')],Map())).find.exists preparation crashed: Could not parse response into a DOM Document: n.s.s.t.XPathException: org.xml.sax.SAXParseException; lineNumber: 1; columnNumber: 3; The markup in the document preceding the root element must be well-formed.
REQUEST		request_3	1644853268002	1644853268008	OK	 
REQUEST		request_1	1644853268159	1644853268162	OK	 
REQUEST		request_3	1644853268328	1644853268333	OK	 
REQUEST		request_3	1644853268328	1644853268333	OK	 
REQUEST		request_1	1644853268352	1644853268355	OK	 
REQUEST		request_3	1644853268502	1644853268507	OK	 
REQUEST		request_6	1644853268595	1644853268603	OK	 
REQUEST		request_1	1644853268645	1644853268648	OK	 
REQUEST		request_11	1644853268752	1644853268762	OK	 
REQUEST		request_5	1644853268765	1644853268770	OK	 
REQUEST		request_11 Redirect 1	1644853268762	1644853268772	OK	 
REQUEST		request_8	1644853269008	1644853269018	OK	 
REQUEST		request_8	1644853269629	1644853269636	OK	 
REQUEST		request_12	1644853269693	1644853269697	OK	 
REQUEST		request_1	1644853269813	1644853269816	OK	 
REQUEST		request_2	1644853270165	1644853270174	OK	 
REQUEST		request_2	1644853270356	1644853270360	OK	 
REQUEST		request_2	1644853270653	1644853270659	OK	 
REQUEST		request_4	1644853270743	1644853270748	OK	 
REQUEST		request_4 Redirect 1	1644853270748	1644853270759	OK	 
REQUEST		request_11	1644853270763	1644853270767	OK	 
REQUEST		request_11 Redirect 1	1644853270767	1644853270780	OK	 
REQUEST		request_3	1644853271179	1644853271185	OK	 
REQUEST		request_3	1644853271364	1644853271370	OK	 
REQUEST		request_3	1644853271663	1644853271668	OK	 
REQUEST		request_11	1644853271754	1644853271760	OK	 
REQUEST		request_0	1644853271764	1644853271767	KO	xpath((.//h2[contains(text(),'Welcome')],Map())).find.exists preparation crashed: Could not parse response into a DOM Document: n.s.s.t.XPathException: org.xml.sax.SAXParseException; lineNumber: 1; columnNumber: 3; The markup in the document preceding the root element must be well-formed.
REQUEST		request_11 Redirect 1	1644853271760	1644853271770	OK	 
REQUEST		request_8	1644853271803	1644853271810	OK	 
REQUEST		request_2	1644853271818	1644853271821	OK	 
REQUEST		request_8	1644853271858	1644853271864	OK	 
REQUEST		request_4	1644853272009	1644853272015	OK	 
REQUEST		request_9	1644853272020	1644853272027	OK	 
REQUEST		request_4 Redirect 1	1644853272015	1644853272030	OK	 
REQUEST		request_9 Redirect 1	1644853272027	1644853272036	OK	 
REQUEST		request_4	1644853272338	1644853272342	OK	 
REQUEST		request_4	1644853272338	1644853272343	OK	 
REQUEST		request_4 Redirect 1	1644853272342	1644853272353	OK	 
REQUEST		request_4 Redirect 1	1644853272343	1644853272356	OK	 
REQUEST		request_4	1644853272512	1644853272517	OK	 
REQUEST		request_4 Redirect 1	1644853272518	1644853272526	OK	 
REQUEST		request_9	1644853272640	1644853272648	OK	 
REQUEST		request_9 Redirect 1	1644853272648	1644853272658	OK	 
REQUEST		request_13	1644853272701	1644853272703	OK	 
REQUEST		request_0	1644853272703	1644853272705	KO	xpath((.//h2[contains(text(),'Welcome')],Map())).find.exists preparation crashed: Could not parse response into a DOM Document: n.s.s.t.XPathException: org.xml.sax.SAXParseException; lineNumber: 1; columnNumber: 3; The markup in the document preceding the root element must be well-formed.
REQUEST		request_3	1644853272826	1644853272830	OK	 
USER	DemoAdvanced	END	1644853273035
USER	DemoAdvanced	END	1644853273355
USER	DemoAdvanced	END	1644853273361
USER	DemoAdvanced	END	1644853273531
REQUEST		request_7	1644853273609	1644853273618	OK	 
REQUEST		request_8	1644853273676	1644853273682	OK	 
REQUEST		request_12	1644853273773	1644853273777	OK	 
REQUEST		request_1	1644853273773	1644853273779	OK	 
REQUEST		request_6	1644853273773	1644853273782	OK	 
REQUEST		request_10	1644853274042	1644853274058	OK	 
REQUEST		request_10	1644853274663	1644853274673	OK	 
REQUEST		request_1	1644853274708	1644853274711	OK	 
REQUEST		request_9	1644853274811	1644853274819	OK	 
REQUEST		request_9 Redirect 1	1644853274819	1644853274828	OK	 
REQUEST		request_9	1644853274868	1644853274875	OK	 
REQUEST		request_9 Redirect 1	1644853274876	1644853274885	OK	 
REQUEST		request_4	1644853275186	1644853275191	OK	 
REQUEST		request_4 Redirect 1	1644853275191	1644853275205	OK	 
REQUEST		request_4	1644853275372	1644853275376	OK	 
REQUEST		request_4 Redirect 1	1644853275376	1644853275387	OK	 
REQUEST		request_4	1644853275673	1644853275677	OK	 
REQUEST		request_4 Redirect 1	1644853275677	1644853275692	OK	 
REQUEST		request_12	1644853275784	1644853275788	OK	 
REQUEST		request_2	1644853275784	1644853275794	OK	 
USER	DemoAdvanced	END	1644853276209
USER	DemoAdvanced	END	1644853276392
REQUEST		request_9	1644853276685	1644853276694	OK	 
USER	DemoAdvanced	END	1644853276698
REQUEST		request_9 Redirect 1	1644853276694	1644853276704	OK	 
REQUEST		request_2	1644853276717	1644853276722	OK	 
REQUEST		request_12	1644853276772	1644853276776	OK	 
REQUEST		request_13	1644853276782	1644853276785	OK	 
USER	DemoAdvanced	END	1644853276785
REQUEST		request_3	1644853276799	1644853276805	OK	 
REQUEST		request_4	1644853276835	1644853276840	OK	 
REQUEST		request_10	1644853276834	1644853276847	OK	 
REQUEST		request_4 Redirect 1	1644853276840	1644853276852	OK	 
REQUEST		request_10	1644853276888	1644853276897	OK	 
REQUEST		request_3	1644853277723	1644853277727	OK	 
USER	DemoAdvanced	END	1644853277853
REQUEST		request_11	1644853278061	1644853278066	OK	 
REQUEST		request_11 Redirect 1	1644853278067	1644853278080	OK	 
REQUEST		request_11	1644853278677	1644853278682	OK	 
REQUEST		request_11 Redirect 1	1644853278683	1644853278692	OK	 
REQUEST		request_10	1644853278706	1644853278717	OK	 
REQUEST		request_7	1644853278783	1644853278790	OK	 
REQUEST		request_13	1644853278794	1644853278797	OK	 
USER	DemoAdvanced	END	1644853278797
REQUEST		request_8	1644853279619	1644853279627	OK	 
REQUEST		request_13	1644853279779	1644853279782	OK	 
USER	DemoAdvanced	END	1644853279782
REQUEST		request_4	1644853280810	1644853280814	OK	 
REQUEST		request_4 Redirect 1	1644853280814	1644853280827	OK	 
REQUEST		request_11	1644853280850	1644853280854	OK	 
REQUEST		request_11 Redirect 1	1644853280855	1644853280865	OK	 
REQUEST		request_11	1644853280903	1644853280908	OK	 
REQUEST		request_11 Redirect 1	1644853280908	1644853280921	OK	 
REQUEST		request_4	1644853281729	1644853281733	OK	 
REQUEST		request_4 Redirect 1	1644853281733	1644853281742	OK	 
USER	DemoAdvanced	END	1644853281830
REQUEST		request_9	1644853282630	1644853282639	OK	 
REQUEST		request_9 Redirect 1	1644853282639	1644853282649	OK	 
REQUEST		request_11	1644853282719	1644853282725	OK	 
REQUEST		request_11 Redirect 1	1644853282725	1644853282734	OK	 
USER	DemoAdvanced	END	1644853282748
REQUEST		request_12	1644853283083	1644853283087	OK	 
REQUEST		request_12	1644853283697	1644853283700	OK	 
REQUEST		request_10	1644853284650	1644853284660	OK	 
REQUEST		request_8	1644853284792	1644853284798	OK	 
REQUEST		request_12	1644853285868	1644853285871	OK	 
REQUEST		request_12	1644853285924	1644853285927	OK	 
REQUEST		request_13	1644853286091	1644853286093	OK	 
USER	DemoAdvanced	END	1644853286094
REQUEST		request_13	1644853286701	1644853286705	OK	 
USER	DemoAdvanced	END	1644853286705
REQUEST		request_12	1644853287739	1644853287745	OK	 
REQUEST		request_9	1644853287802	1644853287809	OK	 
REQUEST		request_9 Redirect 1	1644853287809	1644853287825	OK	 
REQUEST		request_11	1644853288661	1644853288669	OK	 
REQUEST		request_11 Redirect 1	1644853288669	1644853288686	OK	 
REQUEST		request_13	1644853288873	1644853288879	OK	 
USER	DemoAdvanced	END	1644853288880
REQUEST		request_13	1644853288933	1644853288944	OK	 
USER	DemoAdvanced	END	1644853288946
REQUEST		request_10	1644853289829	1644853289843	OK	 
REQUEST		request_13	1644853290749	1644853290751	OK	 
USER	DemoAdvanced	END	1644853290751
REQUEST		request_12	1644853293691	1644853293694	OK	 
REQUEST		request_11	1644853293848	1644853293853	OK	 
REQUEST		request_11 Redirect 1	1644853293853	1644853293864	OK	 
REQUEST		request_13	1644853296700	1644853296704	OK	 
USER	DemoAdvanced	END	1644853296705
REQUEST		request_12	1644853298870	1644853298874	OK	 
REQUEST		request_13	1644853301879	1644853301883	OK	 
USER	DemoAdvanced	END	1644853301883
