RUN	demoAdvancedIk.DemoAdvanced	demoadvanced	1644853325806	 	3.6.1
USER	DemoAdvanced	START	1644853326560
USER	DemoAdvanced	START	1644853326650
REQUEST		request_0	1644853326582	1644853326608	KO	xpath((h2[contains(text(),'Welcome')],Map())).find.exists preparation crashed: Could not parse response into a DOM Document: n.s.s.t.XPathException: org.xml.sax.SAXParseException; lineNumber: 1; columnNumber: 3; The markup in the document preceding the root element must be well-formed.
REQUEST		request_0	1644853326650	1644853326662	KO	xpath((h2[contains(text(),'Welcome')],Map())).find.exists preparation crashed: Could not parse response into a DOM Document: n.s.s.t.XPathException: org.xml.sax.SAXParseException; lineNumber: 1; columnNumber: 3; The markup in the document preceding the root element must be well-formed.
USER	DemoAdvanced	START	1644853326742
REQUEST		request_0	1644853326742	1644853326760	KO	xpath((h2[contains(text(),'Welcome')],Map())).find.exists preparation crashed: Could not parse response into a DOM Document: n.s.s.t.XPathException: org.xml.sax.SAXParseException; lineNumber: 1; columnNumber: 3; The markup in the document preceding the root element must be well-formed.
USER	DemoAdvanced	START	1644853326836
REQUEST		request_0	1644853326837	1644853326847	KO	xpath((h2[contains(text(),'Welcome')],Map())).find.exists preparation crashed: Could not parse response into a DOM Document: n.s.s.t.XPathException: org.xml.sax.SAXParseException; lineNumber: 1; columnNumber: 3; The markup in the document preceding the root element must be well-formed.
USER	DemoAdvanced	START	1644853326924
REQUEST		request_0	1644853326924	1644853326935	KO	xpath((h2[contains(text(),'Welcome')],Map())).find.exists preparation crashed: Could not parse response into a DOM Document: n.s.s.t.XPathException: org.xml.sax.SAXParseException; lineNumber: 1; columnNumber: 3; The markup in the document preceding the root element must be well-formed.
USER	DemoAdvanced	START	1644853327021
REQUEST		request_0	1644853327022	1644853327033	KO	xpath((h2[contains(text(),'Welcome')],Map())).find.exists preparation crashed: Could not parse response into a DOM Document: n.s.s.t.XPathException: org.xml.sax.SAXParseException; lineNumber: 1; columnNumber: 3; The markup in the document preceding the root element must be well-formed.
USER	DemoAdvanced	START	1644853327113
REQUEST		request_0	1644853327114	1644853327125	KO	xpath((h2[contains(text(),'Welcome')],Map())).find.exists preparation crashed: Could not parse response into a DOM Document: n.s.s.t.XPathException: org.xml.sax.SAXParseException; lineNumber: 1; columnNumber: 3; The markup in the document preceding the root element must be well-formed.
USER	DemoAdvanced	START	1644853327204
REQUEST		request_0	1644853327205	1644853327216	KO	xpath((h2[contains(text(),'Welcome')],Map())).find.exists preparation crashed: Could not parse response into a DOM Document: n.s.s.t.XPathException: org.xml.sax.SAXParseException; lineNumber: 1; columnNumber: 3; The markup in the document preceding the root element must be well-formed.
USER	DemoAdvanced	START	1644853327297
REQUEST		request_0	1644853327297	1644853327303	KO	xpath((h2[contains(text(),'Welcome')],Map())).find.exists preparation crashed: Could not parse response into a DOM Document: n.s.s.t.XPathException: org.xml.sax.SAXParseException; lineNumber: 1; columnNumber: 3; The markup in the document preceding the root element must be well-formed.
USER	DemoAdvanced	START	1644853327384
REQUEST		request_5	1644853327385	1644853327393	OK	 
USER	DemoAdvanced	START	1644853327481
REQUEST		request_0	1644853327481	1644853327487	KO	xpath((h2[contains(text(),'Welcome')],Map())).find.exists preparation crashed: Could not parse response into a DOM Document: n.s.s.t.XPathException: org.xml.sax.SAXParseException; lineNumber: 1; columnNumber: 3; The markup in the document preceding the root element must be well-formed.
USER	DemoAdvanced	START	1644853327566
REQUEST		request_0	1644853327567	1644853327572	KO	xpath((h2[contains(text(),'Welcome')],Map())).find.exists preparation crashed: Could not parse response into a DOM Document: n.s.s.t.XPathException: org.xml.sax.SAXParseException; lineNumber: 1; columnNumber: 3; The markup in the document preceding the root element must be well-formed.
USER	DemoAdvanced	START	1644853328568
REQUEST		request_0	1644853328568	1644853328576	KO	xpath((h2[contains(text(),'Welcome')],Map())).find.exists preparation crashed: Could not parse response into a DOM Document: n.s.s.t.XPathException: org.xml.sax.SAXParseException; lineNumber: 1; columnNumber: 3; The markup in the document preceding the root element must be well-formed.
REQUEST		request_1	1644853328738	1644853328743	OK	 
REQUEST		request_1	1644853328738	1644853328743	OK	 
REQUEST		request_1	1644853328763	1644853328767	OK	 
REQUEST		request_1	1644853328849	1644853328851	OK	 
REQUEST		request_1	1644853328938	1644853328941	OK	 
REQUEST		request_1	1644853329037	1644853329041	OK	 
REQUEST		request_1	1644853329129	1644853329132	OK	 
REQUEST		request_1	1644853329218	1644853329221	OK	 
REQUEST		request_1	1644853329306	1644853329310	OK	 
REQUEST		request_1	1644853329490	1644853329494	OK	 
USER	DemoAdvanced	START	1644853329568
REQUEST		request_1	1644853329575	1644853329578	OK	 
REQUEST		request_0	1644853329569	1644853329577	KO	xpath((h2[contains(text(),'Welcome')],Map())).find.exists preparation crashed: Could not parse response into a DOM Document: n.s.s.t.XPathException: org.xml.sax.SAXParseException; lineNumber: 1; columnNumber: 3; The markup in the document preceding the root element must be well-formed.
USER	DemoAdvanced	START	1644853330567
REQUEST		request_0	1644853330567	1644853330572	KO	xpath((h2[contains(text(),'Welcome')],Map())).find.exists preparation crashed: Could not parse response into a DOM Document: n.s.s.t.XPathException: org.xml.sax.SAXParseException; lineNumber: 1; columnNumber: 3; The markup in the document preceding the root element must be well-formed.
REQUEST		request_1	1644853330579	1644853330583	OK	 
REQUEST		request_2	1644853330753	1644853330762	OK	 
REQUEST		request_2	1644853330753	1644853330762	OK	 
REQUEST		request_2	1644853330771	1644853330780	OK	 
REQUEST		request_2	1644853330854	1644853330865	OK	 
REQUEST		request_2	1644853330947	1644853330953	OK	 
REQUEST		request_2	1644853331045	1644853331050	OK	 
REQUEST		request_2	1644853331134	1644853331140	OK	 
REQUEST		request_2	1644853331223	1644853331228	OK	 
REQUEST		request_2	1644853331312	1644853331317	OK	 
REQUEST		request_2	1644853331497	1644853331504	OK	 
USER	DemoAdvanced	START	1644853331567
REQUEST		request_5	1644853331567	1644853331580	OK	 
REQUEST		request_2	1644853331580	1644853331602	OK	 
REQUEST		request_1	1644853331580	1644853331607	OK	 
REQUEST		request_3	1644853331770	1644853331780	OK	 
REQUEST		request_3	1644853331771	1644853331902	OK	 
REQUEST		request_3	1644853331782	1644853331910	OK	 
REQUEST		request_3	1644853331870	1644853331969	OK	 
REQUEST		request_3	1644853331955	1644853332157	OK	 
REQUEST		request_3	1644853332075	1644853332349	OK	 
USER	DemoAdvanced	START	1644853332573
REQUEST		request_3	1644853332142	1644853332714	OK	 
REQUEST		request_3	1644853332508	1644853332732	OK	 
REQUEST		request_2	1644853332589	1644853332733	OK	 
REQUEST		request_3	1644853332232	1644853332737	OK	 
REQUEST		request_1	1644853332578	1644853332737	OK	 
REQUEST		request_3	1644853332607	1644853332823	OK	 
REQUEST		request_6	1644853332421	1644853332823	OK	 
REQUEST		request_3	1644853332320	1644853332823	OK	 
REQUEST		request_5	1644853332573	1644853332827	OK	 
USER	DemoAdvanced	START	1644853333558
REQUEST		request_5	1644853333558	1644853333571	OK	 
REQUEST		request_2	1644853333612	1644853333623	OK	 
REQUEST		request_3	1644853333734	1644853333746	OK	 
USER	DemoAdvanced	START	1644853334566
REQUEST		request_0	1644853334567	1644853334572	KO	xpath((h2[contains(text(),'Welcome')],Map())).find.exists preparation crashed: Could not parse response into a DOM Document: n.s.s.t.XPathException: org.xml.sax.SAXParseException; lineNumber: 1; columnNumber: 3; The markup in the document preceding the root element must be well-formed.
REQUEST		request_3	1644853334627	1644853334631	OK	 
REQUEST		request_2	1644853334742	1644853334748	OK	 
USER	DemoAdvanced	START	1644853335569
REQUEST		request_0	1644853335569	1644853335576	KO	xpath((h2[contains(text(),'Welcome')],Map())).find.exists preparation crashed: Could not parse response into a DOM Document: n.s.s.t.XPathException: org.xml.sax.SAXParseException; lineNumber: 1; columnNumber: 3; The markup in the document preceding the root element must be well-formed.
REQUEST		request_3	1644853335754	1644853335759	OK	 
REQUEST		request_4	1644853335786	1644853335792	OK	 
REQUEST		request_4 Redirect 1	1644853335794	1644853335807	OK	 
REQUEST		request_4	1644853335908	1644853335914	OK	 
REQUEST		request_4	1644853335913	1644853335920	OK	 
REQUEST		request_4 Redirect 1	1644853335914	1644853335930	OK	 
REQUEST		request_4 Redirect 1	1644853335920	1644853335931	OK	 
REQUEST		request_4	1644853335975	1644853335979	OK	 
REQUEST		request_4 Redirect 1	1644853335979	1644853335990	OK	 
REQUEST		request_4	1644853336163	1644853336168	OK	 
REQUEST		request_4 Redirect 1	1644853336168	1644853336177	OK	 
REQUEST		request_4	1644853336353	1644853336359	OK	 
REQUEST		request_4 Redirect 1	1644853336359	1644853336369	OK	 
REQUEST		request_1	1644853336576	1644853336581	OK	 
REQUEST		request_6	1644853336588	1644853336596	OK	 
REQUEST		request_4	1644853336721	1644853336735	OK	 
REQUEST		request_4	1644853336739	1644853336747	OK	 
REQUEST		request_4	1644853336738	1644853336752	OK	 
REQUEST		request_4 Redirect 1	1644853336735	1644853336754	OK	 
REQUEST		request_4 Redirect 1	1644853336748	1644853336762	OK	 
REQUEST		request_4 Redirect 1	1644853336752	1644853336767	OK	 
REQUEST		request_0	1644853336814	1644853336818	KO	xpath((h2[contains(text(),'Welcome')],Map())).find.exists preparation crashed: Could not parse response into a DOM Document: n.s.s.t.XPathException: org.xml.sax.SAXParseException; lineNumber: 1; columnNumber: 3; The markup in the document preceding the root element must be well-formed.
REQUEST		request_4	1644853336827	1644853336836	OK	 
REQUEST		request_4	1644853336827	1644853336838	OK	 
REQUEST		request_4 Redirect 1	1644853336836	1644853336851	OK	 
REQUEST		request_4 Redirect 1	1644853336839	1644853336863	OK	 
REQUEST		request_0	1644853336938	1644853336941	KO	xpath((h2[contains(text(),'Welcome')],Map())).find.exists preparation crashed: Could not parse response into a DOM Document: n.s.s.t.XPathException: org.xml.sax.SAXParseException; lineNumber: 1; columnNumber: 3; The markup in the document preceding the root element must be well-formed.
REQUEST		request_5	1644853336938	1644853336945	OK	 
REQUEST		request_0	1644853336995	1644853336998	KO	xpath((h2[contains(text(),'Welcome')],Map())).find.exists preparation crashed: Could not parse response into a DOM Document: n.s.s.t.XPathException: org.xml.sax.SAXParseException; lineNumber: 1; columnNumber: 3; The markup in the document preceding the root element must be well-formed.
REQUEST		request_0	1644853337179	1644853337183	KO	xpath((h2[contains(text(),'Welcome')],Map())).find.exists preparation crashed: Could not parse response into a DOM Document: n.s.s.t.XPathException: org.xml.sax.SAXParseException; lineNumber: 1; columnNumber: 3; The markup in the document preceding the root element must be well-formed.
REQUEST		request_0	1644853337371	1644853337374	KO	xpath((h2[contains(text(),'Welcome')],Map())).find.exists preparation crashed: Could not parse response into a DOM Document: n.s.s.t.XPathException: org.xml.sax.SAXParseException; lineNumber: 1; columnNumber: 3; The markup in the document preceding the root element must be well-formed.
REQUEST		request_1	1644853337581	1644853337585	OK	 
REQUEST		request_4	1644853337750	1644853337755	OK	 
REQUEST		request_0	1644853337758	1644853337761	KO	xpath((h2[contains(text(),'Welcome')],Map())).find.exists preparation crashed: Could not parse response into a DOM Document: n.s.s.t.XPathException: org.xml.sax.SAXParseException; lineNumber: 1; columnNumber: 3; The markup in the document preceding the root element must be well-formed.
REQUEST		request_0	1644853337767	1644853337774	KO	xpath((h2[contains(text(),'Welcome')],Map())).find.exists preparation crashed: Could not parse response into a DOM Document: n.s.s.t.XPathException: org.xml.sax.SAXParseException; lineNumber: 1; columnNumber: 3; The markup in the document preceding the root element must be well-formed.
REQUEST		request_0	1644853337774	1644853337778	KO	xpath((h2[contains(text(),'Welcome')],Map())).find.exists preparation crashed: Could not parse response into a DOM Document: n.s.s.t.XPathException: org.xml.sax.SAXParseException; lineNumber: 1; columnNumber: 3; The markup in the document preceding the root element must be well-formed.
REQUEST		request_4 Redirect 1	1644853337755	1644853337781	OK	 
REQUEST		request_7	1644853337828	1644853337842	OK	 
REQUEST		request_6	1644853337834	1644853337849	OK	 
REQUEST		request_0	1644853337856	1644853337860	KO	xpath((h2[contains(text(),'Welcome')],Map())).find.exists preparation crashed: Could not parse response into a DOM Document: n.s.s.t.XPathException: org.xml.sax.SAXParseException; lineNumber: 1; columnNumber: 3; The markup in the document preceding the root element must be well-formed.
REQUEST		request_0	1644853337870	1644853337875	KO	xpath((h2[contains(text(),'Welcome')],Map())).find.exists preparation crashed: Could not parse response into a DOM Document: n.s.s.t.XPathException: org.xml.sax.SAXParseException; lineNumber: 1; columnNumber: 3; The markup in the document preceding the root element must be well-formed.
REQUEST		request_6	1644853338575	1644853338581	OK	 
REQUEST		request_2	1644853338585	1644853338591	OK	 
REQUEST		request_4	1644853338637	1644853338643	OK	 
REQUEST		request_4 Redirect 1	1644853338643	1644853338661	OK	 
REQUEST		request_5	1644853338788	1644853338796	OK	 
REQUEST		request_1	1644853338821	1644853338824	OK	 
REQUEST		request_1	1644853338947	1644853338950	OK	 
REQUEST		request_1	1644853339001	1644853339004	OK	 
REQUEST		request_1	1644853339189	1644853339192	OK	 
REQUEST		request_1	1644853339378	1644853339382	OK	 
REQUEST		request_2	1644853339588	1644853339594	OK	 
REQUEST		request_3	1644853339597	1644853339603	OK	 
REQUEST		request_0	1644853339689	1644853339693	KO	xpath((h2[contains(text(),'Welcome')],Map())).find.exists preparation crashed: Could not parse response into a DOM Document: n.s.s.t.XPathException: org.xml.sax.SAXParseException; lineNumber: 1; columnNumber: 3; The markup in the document preceding the root element must be well-formed.
REQUEST		request_1	1644853339766	1644853339770	OK	 
REQUEST		request_4	1644853339766	1644853339773	OK	 
REQUEST		request_1	1644853339779	1644853339782	OK	 
REQUEST		request_1	1644853339782	1644853339785	OK	 
REQUEST		request_4 Redirect 1	1644853339773	1644853339785	OK	 
REQUEST		request_1	1644853339865	1644853339868	OK	 
REQUEST		request_1	1644853339881	1644853339884	OK	 
REQUEST		request_3	1644853340598	1644853340604	OK	 
REQUEST		request_5	1644853340787	1644853340794	OK	 
REQUEST		request_2	1644853340829	1644853340833	OK	 
REQUEST		request_2	1644853340953	1644853340959	OK	 
REQUEST		request_2	1644853341006	1644853341012	OK	 
REQUEST		request_2	1644853341197	1644853341201	OK	 
REQUEST		request_2	1644853341386	1644853341392	OK	 
REQUEST		request_7	1644853341603	1644853341610	OK	 
REQUEST		request_1	1644853341699	1644853341704	OK	 
REQUEST		request_2	1644853341774	1644853341780	OK	 
REQUEST		request_2	1644853341788	1644853341793	OK	 
REQUEST		request_2	1644853341790	1644853341796	OK	 
REQUEST		request_3	1644853341838	1644853341846	OK	 
REQUEST		request_2	1644853341869	1644853341874	OK	 
REQUEST		request_2	1644853341889	1644853341893	OK	 
REQUEST		request_6	1644853341947	1644853341955	OK	 
REQUEST		request_3	1644853341963	1644853341968	OK	 
REQUEST		request_3	1644853342014	1644853342020	OK	 
REQUEST		request_3	1644853342208	1644853342213	OK	 
REQUEST		request_3	1644853342397	1644853342401	OK	 
REQUEST		request_3	1644853342782	1644853342788	OK	 
REQUEST		request_3	1644853342798	1644853342805	OK	 
REQUEST		request_3	1644853342798	1644853342805	OK	 
REQUEST		request_7	1644853342850	1644853342859	OK	 
REQUEST		request_3	1644853342879	1644853342884	OK	 
REQUEST		request_3	1644853342899	1644853342905	OK	 
REQUEST		request_7	1644853343585	1644853343595	OK	 
REQUEST		request_4	1644853343608	1644853343613	OK	 
REQUEST		request_4 Redirect 1	1644853343613	1644853343624	OK	 
REQUEST		request_2	1644853343705	1644853343713	OK	 
REQUEST		request_6	1644853343801	1644853343808	OK	 
REQUEST		request_8	1644853343847	1644853343853	OK	 
REQUEST		request_4	1644853344608	1644853344616	OK	 
REQUEST		request_4 Redirect 1	1644853344616	1644853344625	OK	 
REQUEST		request_0	1644853344629	1644853344632	KO	xpath((h2[contains(text(),'Welcome')],Map())).find.exists preparation crashed: Could not parse response into a DOM Document: n.s.s.t.XPathException: org.xml.sax.SAXParseException; lineNumber: 1; columnNumber: 3; The markup in the document preceding the root element must be well-formed.
REQUEST		request_3	1644853344714	1644853344720	OK	 
REQUEST		request_5	1644853345628	1644853345636	OK	 
REQUEST		request_6	1644853345797	1644853345803	OK	 
REQUEST		request_4	1644853345851	1644853345855	OK	 
REQUEST		request_4 Redirect 1	1644853345855	1644853345865	OK	 
REQUEST		request_4	1644853345972	1644853345978	OK	 
REQUEST		request_4 Redirect 1	1644853345979	1644853345992	OK	 
REQUEST		request_4	1644853346026	1644853346032	OK	 
REQUEST		request_4 Redirect 1	1644853346032	1644853346041	OK	 
REQUEST		request_4	1644853346214	1644853346219	OK	 
REQUEST		request_4 Redirect 1	1644853346219	1644853346236	OK	 
REQUEST		request_4	1644853346405	1644853346411	OK	 
REQUEST		request_4 Redirect 1	1644853346411	1644853346420	OK	 
REQUEST		request_1	1644853346638	1644853346643	OK	 
REQUEST		request_4	1644853346793	1644853346798	OK	 
REQUEST		request_4 Redirect 1	1644853346798	1644853346808	OK	 
REQUEST		request_4	1644853346810	1644853346814	OK	 
REQUEST		request_4	1644853346810	1644853346818	OK	 
REQUEST		request_4 Redirect 1	1644853346815	1644853346833	OK	 
REQUEST		request_4 Redirect 1	1644853346818	1644853346835	OK	 
REQUEST		request_9	1644853346859	1644853346866	OK	 
REQUEST		request_0	1644853346870	1644853346871	KO	xpath((h2[contains(text(),'Welcome')],Map())).find.exists preparation crashed: Could not parse response into a DOM Document: n.s.s.t.XPathException: org.xml.sax.SAXParseException; lineNumber: 1; columnNumber: 3; The markup in the document preceding the root element must be well-formed.
REQUEST		request_9 Redirect 1	1644853346866	1644853346878	OK	 
REQUEST		request_4	1644853346889	1644853346894	OK	 
REQUEST		request_4 Redirect 1	1644853346894	1644853346906	OK	 
REQUEST		request_4	1644853346910	1644853346914	OK	 
REQUEST		request_4 Redirect 1	1644853346914	1644853346924	OK	 
REQUEST		request_7	1644853346961	1644853346969	OK	 
REQUEST		request_0	1644853346997	1644853347000	KO	xpath((h2[contains(text(),'Welcome')],Map())).find.exists preparation crashed: Could not parse response into a DOM Document: n.s.s.t.XPathException: org.xml.sax.SAXParseException; lineNumber: 1; columnNumber: 3; The markup in the document preceding the root element must be well-formed.
REQUEST		request_5	1644853347047	1644853347054	OK	 
REQUEST		request_0	1644853347240	1644853347243	KO	xpath((h2[contains(text(),'Welcome')],Map())).find.exists preparation crashed: Could not parse response into a DOM Document: n.s.s.t.XPathException: org.xml.sax.SAXParseException; lineNumber: 1; columnNumber: 3; The markup in the document preceding the root element must be well-formed.
REQUEST		request_0	1644853347422	1644853347425	KO	xpath((h2[contains(text(),'Welcome')],Map())).find.exists preparation crashed: Could not parse response into a DOM Document: n.s.s.t.XPathException: org.xml.sax.SAXParseException; lineNumber: 1; columnNumber: 3; The markup in the document preceding the root element must be well-formed.
REQUEST		request_8	1644853347614	1644853347623	OK	 
REQUEST		request_0	1644853347814	1644853347817	KO	xpath((h2[contains(text(),'Welcome')],Map())).find.exists preparation crashed: Could not parse response into a DOM Document: n.s.s.t.XPathException: org.xml.sax.SAXParseException; lineNumber: 1; columnNumber: 3; The markup in the document preceding the root element must be well-formed.
REQUEST		request_0	1644853347839	1644853347843	KO	xpath((h2[contains(text(),'Welcome')],Map())).find.exists preparation crashed: Could not parse response into a DOM Document: n.s.s.t.XPathException: org.xml.sax.SAXParseException; lineNumber: 1; columnNumber: 3; The markup in the document preceding the root element must be well-formed.
REQUEST		request_0	1644853347839	1644853347843	KO	xpath((h2[contains(text(),'Welcome')],Map())).find.exists preparation crashed: Could not parse response into a DOM Document: n.s.s.t.XPathException: org.xml.sax.SAXParseException; lineNumber: 1; columnNumber: 3; The markup in the document preceding the root element must be well-formed.
REQUEST		request_0	1644853347911	1644853347914	KO	xpath((h2[contains(text(),'Welcome')],Map())).find.exists preparation crashed: Could not parse response into a DOM Document: n.s.s.t.XPathException: org.xml.sax.SAXParseException; lineNumber: 1; columnNumber: 3; The markup in the document preceding the root element must be well-formed.
REQUEST		request_0	1644853347927	1644853347929	KO	xpath((h2[contains(text(),'Welcome')],Map())).find.exists preparation crashed: Could not parse response into a DOM Document: n.s.s.t.XPathException: org.xml.sax.SAXParseException; lineNumber: 1; columnNumber: 3; The markup in the document preceding the root element must be well-formed.
REQUEST		request_2	1644853348647	1644853348652	OK	 
REQUEST		request_4	1644853348721	1644853348726	OK	 
REQUEST		request_4 Redirect 1	1644853348726	1644853348736	OK	 
REQUEST		request_7	1644853348813	1644853348819	OK	 
REQUEST		request_8	1644853348863	1644853348869	OK	 
REQUEST		request_1	1644853348877	1644853348880	OK	 
REQUEST		request_10	1644853348883	1644853348896	OK	 
REQUEST		request_1	1644853349004	1644853349006	OK	 
REQUEST		request_1	1644853349247	1644853349250	OK	 
REQUEST		request_1	1644853349427	1644853349429	OK	 
REQUEST		request_8	1644853349597	1644853349604	OK	 
REQUEST		request_3	1644853349655	1644853349662	OK	 
REQUEST		request_0	1644853349738	1644853349741	KO	xpath((h2[contains(text(),'Welcome')],Map())).find.exists preparation crashed: Could not parse response into a DOM Document: n.s.s.t.XPathException: org.xml.sax.SAXParseException; lineNumber: 1; columnNumber: 3; The markup in the document preceding the root element must be well-formed.
REQUEST		request_1	1644853349821	1644853349823	OK	 
REQUEST		request_1	1644853349848	1644853349851	OK	 
REQUEST		request_1	1644853349848	1644853349851	OK	 
REQUEST		request_1	1644853349921	1644853349924	OK	 
REQUEST		request_1	1644853349935	1644853349938	OK	 
REQUEST		request_9	1644853350627	1644853350633	OK	 
REQUEST		request_6	1644853350639	1644853350645	OK	 
REQUEST		request_9 Redirect 1	1644853350633	1644853350648	OK	 
REQUEST		request_7	1644853350809	1644853350815	OK	 
REQUEST		request_2	1644853350883	1644853350888	OK	 
REQUEST		request_2	1644853351011	1644853351016	OK	 
REQUEST		request_2	1644853351253	1644853351259	OK	 
REQUEST		request_2	1644853351435	1644853351445	OK	 
REQUEST		request_1	1644853351747	1644853351750	OK	 
REQUEST		request_2	1644853351827	1644853351832	OK	 
REQUEST		request_2	1644853351853	1644853351862	OK	 
REQUEST		request_2	1644853351853	1644853351862	OK	 
REQUEST		request_9	1644853351872	1644853351882	OK	 
REQUEST		request_9 Redirect 1	1644853351882	1644853351893	OK	 
REQUEST		request_3	1644853351893	1644853351902	OK	 
REQUEST		request_2	1644853351927	1644853351933	OK	 
REQUEST		request_2	1644853351944	1644853351953	OK	 
REQUEST		request_3	1644853352021	1644853352027	OK	 
REQUEST		request_6	1644853352060	1644853352067	OK	 
REQUEST		request_3	1644853352263	1644853352268	OK	 
REQUEST		request_3	1644853352447	1644853352452	OK	 
REQUEST		request_9	1644853352608	1644853352616	OK	 
REQUEST		request_9 Redirect 1	1644853352616	1644853352627	OK	 
REQUEST		request_10	1644853352649	1644853352661	OK	 
REQUEST		request_3	1644853352838	1644853352843	OK	 
REQUEST		request_3	1644853352863	1644853352867	OK	 
REQUEST		request_3	1644853352867	1644853352872	OK	 
REQUEST		request_11	1644853352902	1644853352907	OK	 
REQUEST		request_11 Redirect 1	1644853352907	1644853352917	OK	 
REQUEST		request_3	1644853352938	1644853352943	OK	 
REQUEST		request_3	1644853352957	1644853352962	OK	 
REQUEST		request_8	1644853352974	1644853352980	OK	 
REQUEST		request_4	1644853353663	1644853353668	OK	 
REQUEST		request_4 Redirect 1	1644853353668	1644853353677	OK	 
REQUEST		request_2	1644853353756	1644853353761	OK	 
REQUEST		request_10	1644853353898	1644853353915	OK	 
REQUEST		request_10	1644853354628	1644853354639	OK	 
REQUEST		request_0	1644853354679	1644853354683	KO	xpath((h2[contains(text(),'Welcome')],Map())).find.exists preparation crashed: Could not parse response into a DOM Document: n.s.s.t.XPathException: org.xml.sax.SAXParseException; lineNumber: 1; columnNumber: 3; The markup in the document preceding the root element must be well-formed.
REQUEST		request_3	1644853354765	1644853354771	OK	 
REQUEST		request_8	1644853354821	1644853354838	OK	 
REQUEST		request_7	1644853355647	1644853355653	OK	 
REQUEST		request_4	1644853355907	1644853355911	OK	 
REQUEST		request_4 Redirect 1	1644853355912	1644853355925	OK	 
REQUEST		request_9	1644853355986	1644853355998	OK	 
REQUEST		request_9 Redirect 1	1644853355998	1644853356007	OK	 
REQUEST		request_4	1644853356032	1644853356037	OK	 
REQUEST		request_4 Redirect 1	1644853356037	1644853356048	OK	 
REQUEST		request_4	1644853356271	1644853356275	OK	 
REQUEST		request_4 Redirect 1	1644853356275	1644853356291	OK	 
REQUEST		request_4	1644853356453	1644853356458	OK	 
REQUEST		request_4 Redirect 1	1644853356458	1644853356479	OK	 
REQUEST		request_11	1644853356668	1644853356676	OK	 
REQUEST		request_11 Redirect 1	1644853356676	1644853356686	OK	 
REQUEST		request_1	1644853356688	1644853356692	OK	 
REQUEST		request_8	1644853356817	1644853356824	OK	 
REQUEST		request_4	1644853356847	1644853356851	OK	 
REQUEST		request_4 Redirect 1	1644853356852	1644853356867	OK	 
REQUEST		request_4	1644853356870	1644853356877	OK	 
REQUEST		request_4	1644853356875	1644853356887	OK	 
REQUEST		request_4 Redirect 1	1644853356878	1644853356888	OK	 
REQUEST		request_4 Redirect 1	1644853356887	1644853356902	OK	 
REQUEST		request_5	1644853356929	1644853356934	OK	 
REQUEST		request_4	1644853356947	1644853356954	OK	 
REQUEST		request_4 Redirect 1	1644853356954	1644853356965	OK	 
REQUEST		request_4	1644853356968	1644853356972	OK	 
REQUEST		request_4 Redirect 1	1644853356973	1644853356982	OK	 
REQUEST		request_0	1644853357052	1644853357054	KO	xpath((h2[contains(text(),'Welcome')],Map())).find.exists preparation crashed: Could not parse response into a DOM Document: n.s.s.t.XPathException: org.xml.sax.SAXParseException; lineNumber: 1; columnNumber: 3; The markup in the document preceding the root element must be well-formed.
REQUEST		request_7	1644853357072	1644853357078	OK	 
REQUEST		request_0	1644853357297	1644853357299	KO	xpath((h2[contains(text(),'Welcome')],Map())).find.exists preparation crashed: Could not parse response into a DOM Document: n.s.s.t.XPathException: org.xml.sax.SAXParseException; lineNumber: 1; columnNumber: 3; The markup in the document preceding the root element must be well-formed.
REQUEST		request_0	1644853357484	1644853357487	KO	xpath((h2[contains(text(),'Welcome')],Map())).find.exists preparation crashed: Could not parse response into a DOM Document: n.s.s.t.XPathException: org.xml.sax.SAXParseException; lineNumber: 1; columnNumber: 3; The markup in the document preceding the root element must be well-formed.
REQUEST		request_9	1644853357844	1644853357851	OK	 
REQUEST		request_9 Redirect 1	1644853357851	1644853357865	OK	 
REQUEST		request_5	1644853357870	1644853357878	OK	 
REQUEST		request_0	1644853357893	1644853357896	KO	xpath((h2[contains(text(),'Welcome')],Map())).find.exists preparation crashed: Could not parse response into a DOM Document: n.s.s.t.XPathException: org.xml.sax.SAXParseException; lineNumber: 1; columnNumber: 3; The markup in the document preceding the root element must be well-formed.
REQUEST		request_0	1644853357905	1644853357908	KO	xpath((h2[contains(text(),'Welcome')],Map())).find.exists preparation crashed: Could not parse response into a DOM Document: n.s.s.t.XPathException: org.xml.sax.SAXParseException; lineNumber: 1; columnNumber: 3; The markup in the document preceding the root element must be well-formed.
REQUEST		request_11	1644853357916	1644853357920	OK	 
REQUEST		request_12	1644853357923	1644853357927	OK	 
REQUEST		request_11 Redirect 1	1644853357921	1644853357932	OK	 
REQUEST		request_0	1644853357970	1644853357973	KO	xpath((h2[contains(text(),'Welcome')],Map())).find.exists preparation crashed: Could not parse response into a DOM Document: n.s.s.t.XPathException: org.xml.sax.SAXParseException; lineNumber: 1; columnNumber: 3; The markup in the document preceding the root element must be well-formed.
REQUEST		request_0	1644853357987	1644853357991	KO	xpath((h2[contains(text(),'Welcome')],Map())).find.exists preparation crashed: Could not parse response into a DOM Document: n.s.s.t.XPathException: org.xml.sax.SAXParseException; lineNumber: 1; columnNumber: 3; The markup in the document preceding the root element must be well-formed.
REQUEST		request_10	1644853358013	1644853358026	OK	 
REQUEST		request_11	1644853358645	1644853358650	OK	 
REQUEST		request_11 Redirect 1	1644853358650	1644853358660	OK	 
REQUEST		request_2	1644853358695	1644853358711	OK	 
REQUEST		request_4	1644853358776	1644853358781	OK	 
REQUEST		request_4 Redirect 1	1644853358782	1644853358791	OK	 
REQUEST		request_1	1644853359060	1644853359063	OK	 
REQUEST		request_1	1644853359301	1644853359303	OK	 
REQUEST		request_1	1644853359493	1644853359495	OK	 
REQUEST		request_3	1644853359715	1644853359721	OK	 
REQUEST		request_0	1644853359797	1644853359801	KO	xpath((h2[contains(text(),'Welcome')],Map())).find.exists preparation crashed: Could not parse response into a DOM Document: n.s.s.t.XPathException: org.xml.sax.SAXParseException; lineNumber: 1; columnNumber: 3; The markup in the document preceding the root element must be well-formed.
REQUEST		request_9	1644853359826	1644853359833	OK	 
REQUEST		request_9 Redirect 1	1644853359833	1644853359844	OK	 
REQUEST		request_10	1644853359870	1644853359882	OK	 
REQUEST		request_1	1644853359901	1644853359904	OK	 
REQUEST		request_1	1644853359913	1644853359915	OK	 
REQUEST		request_1	1644853359976	1644853359979	OK	 
REQUEST		request_1	1644853359994	1644853359996	OK	 
REQUEST		request_13	1644853360932	1644853360936	OK	 
REQUEST		request_0	1644853360938	1644853360940	KO	xpath((h2[contains(text(),'Welcome')],Map())).find.exists preparation crashed: Could not parse response into a DOM Document: n.s.s.t.XPathException: org.xml.sax.SAXParseException; lineNumber: 1; columnNumber: 3; The markup in the document preceding the root element must be well-formed.
REQUEST		request_2	1644853361068	1644853361073	OK	 
REQUEST		request_2	1644853361309	1644853361313	OK	 
REQUEST		request_2	1644853361500	1644853361506	OK	 
REQUEST		request_8	1644853361655	1644853361665	OK	 
REQUEST		request_12	1644853361692	1644853361695	OK	 
REQUEST		request_1	1644853361805	1644853361808	OK	 
REQUEST		request_10	1644853361846	1644853361860	OK	 
REQUEST		request_2	1644853361909	1644853361915	OK	 
REQUEST		request_2	1644853361920	1644853361925	OK	 
REQUEST		request_6	1644853361940	1644853361948	OK	 
REQUEST		request_2	1644853361985	1644853361990	OK	 
REQUEST		request_2	1644853361997	1644853362001	OK	 
REQUEST		request_11	1644853362029	1644853362035	OK	 
REQUEST		request_11 Redirect 1	1644853362035	1644853362046	OK	 
REQUEST		request_3	1644853362078	1644853362085	OK	 
REQUEST		request_3	1644853362317	1644853362323	OK	 
REQUEST		request_3	1644853362508	1644853362513	OK	 
REQUEST		request_6	1644853362883	1644853362890	OK	 
REQUEST		request_3	1644853362918	1644853362923	OK	 
REQUEST		request_3	1644853362929	1644853362933	OK	 
REQUEST		request_12	1644853362937	1644853362942	OK	 
REQUEST		request_1	1644853362942	1644853362944	OK	 
REQUEST		request_3	1644853362992	1644853362997	OK	 
REQUEST		request_3	1644853363006	1644853363011	OK	 
REQUEST		request_8	1644853363083	1644853363090	OK	 
REQUEST		request_12	1644853363664	1644853363670	OK	 
REQUEST		request_4	1644853363725	1644853363730	OK	 
REQUEST		request_4 Redirect 1	1644853363730	1644853363740	OK	 
REQUEST		request_2	1644853363814	1644853363820	OK	 
REQUEST		request_11	1644853363888	1644853363897	OK	 
REQUEST		request_11 Redirect 1	1644853363897	1644853363908	OK	 
REQUEST		request_9	1644853364667	1644853364676	OK	 
REQUEST		request_9 Redirect 1	1644853364676	1644853364686	OK	 
REQUEST		request_13	1644853364697	1644853364699	OK	 
REQUEST		request_0	1644853364700	1644853364703	KO	xpath((h2[contains(text(),'Welcome')],Map())).find.exists preparation crashed: Could not parse response into a DOM Document: n.s.s.t.XPathException: org.xml.sax.SAXParseException; lineNumber: 1; columnNumber: 3; The markup in the document preceding the root element must be well-formed.
REQUEST		request_0	1644853364746	1644853364749	KO	xpath((h2[contains(text(),'Welcome')],Map())).find.exists preparation crashed: Could not parse response into a DOM Document: n.s.s.t.XPathException: org.xml.sax.SAXParseException; lineNumber: 1; columnNumber: 3; The markup in the document preceding the root element must be well-formed.
REQUEST		request_3	1644853364821	1644853364827	OK	 
REQUEST		request_2	1644853364948	1644853364954	OK	 
REQUEST		request_11	1644853365863	1644853365869	OK	 
REQUEST		request_11 Redirect 1	1644853365869	1644853365889	OK	 
REQUEST		request_13	1644853365943	1644853365946	OK	 
REQUEST		request_0	1644853365946	1644853365948	KO	xpath((h2[contains(text(),'Welcome')],Map())).find.exists preparation crashed: Could not parse response into a DOM Document: n.s.s.t.XPathException: org.xml.sax.SAXParseException; lineNumber: 1; columnNumber: 3; The markup in the document preceding the root element must be well-formed.
REQUEST		request_3	1644853365959	1644853365963	OK	 
REQUEST		request_4	1644853366090	1644853366096	OK	 
REQUEST		request_9	1644853366095	1644853366102	OK	 
REQUEST		request_4 Redirect 1	1644853366096	1644853366107	OK	 
REQUEST		request_9 Redirect 1	1644853366103	1644853366116	OK	 
REQUEST		request_4	1644853366328	1644853366333	OK	 
REQUEST		request_4 Redirect 1	1644853366333	1644853366347	OK	 
REQUEST		request_4	1644853366517	1644853366522	OK	 
REQUEST		request_4 Redirect 1	1644853366522	1644853366533	OK	 
REQUEST		request_13	1644853366674	1644853366677	OK	 
REQUEST		request_0	1644853366677	1644853366679	KO	xpath((h2[contains(text(),'Welcome')],Map())).find.exists preparation crashed: Could not parse response into a DOM Document: n.s.s.t.XPathException: org.xml.sax.SAXParseException; lineNumber: 1; columnNumber: 3; The markup in the document preceding the root element must be well-formed.
REQUEST		request_10	1644853366692	1644853366705	OK	 
REQUEST		request_1	1644853366709	1644853366713	OK	 
REQUEST		request_1	1644853366754	1644853366756	OK	 
REQUEST		request_4	1644853366926	1644853366932	OK	 
REQUEST		request_4	1644853366934	1644853366940	OK	 
REQUEST		request_4 Redirect 1	1644853366932	1644853366945	OK	 
REQUEST		request_4 Redirect 1	1644853366940	1644853366950	OK	 
REQUEST		request_7	1644853366950	1644853366958	OK	 
REQUEST		request_4	1644853367002	1644853367006	OK	 
REQUEST		request_4 Redirect 1	1644853367006	1644853367016	OK	 
REQUEST		request_4	1644853367016	1644853367020	OK	 
REQUEST		request_4 Redirect 1	1644853367020	1644853367030	OK	 
REQUEST		request_12	1644853367050	1644853367053	OK	 
REQUEST		request_0	1644853367110	1644853367112	KO	xpath((h2[contains(text(),'Welcome')],Map())).find.exists preparation crashed: Could not parse response into a DOM Document: n.s.s.t.XPathException: org.xml.sax.SAXParseException; lineNumber: 1; columnNumber: 3; The markup in the document preceding the root element must be well-formed.
REQUEST		request_0	1644853367352	1644853367354	KO	xpath((h2[contains(text(),'Welcome')],Map())).find.exists preparation crashed: Could not parse response into a DOM Document: n.s.s.t.XPathException: org.xml.sax.SAXParseException; lineNumber: 1; columnNumber: 3; The markup in the document preceding the root element must be well-formed.
REQUEST		request_0	1644853367535	1644853367537	KO	xpath((h2[contains(text(),'Welcome')],Map())).find.exists preparation crashed: Could not parse response into a DOM Document: n.s.s.t.XPathException: org.xml.sax.SAXParseException; lineNumber: 1; columnNumber: 3; The markup in the document preceding the root element must be well-formed.
REQUEST		request_7	1644853367893	1644853367900	OK	 
REQUEST		request_5	1644853367947	1644853367953	OK	 
REQUEST		request_1	1644853367951	1644853367954	OK	 
REQUEST		request_0	1644853367951	1644853367954	KO	xpath((h2[contains(text(),'Welcome')],Map())).find.exists preparation crashed: Could not parse response into a DOM Document: n.s.s.t.XPathException: org.xml.sax.SAXParseException; lineNumber: 1; columnNumber: 3; The markup in the document preceding the root element must be well-formed.
REQUEST		request_0	1644853368018	1644853368019	KO	xpath((h2[contains(text(),'Welcome')],Map())).find.exists preparation crashed: Could not parse response into a DOM Document: n.s.s.t.XPathException: org.xml.sax.SAXParseException; lineNumber: 1; columnNumber: 3; The markup in the document preceding the root element must be well-formed.
REQUEST		request_0	1644853368033	1644853368036	KO	xpath((h2[contains(text(),'Welcome')],Map())).find.exists preparation crashed: Could not parse response into a DOM Document: n.s.s.t.XPathException: org.xml.sax.SAXParseException; lineNumber: 1; columnNumber: 3; The markup in the document preceding the root element must be well-formed.
REQUEST		request_10	1644853368118	1644853368132	OK	 
REQUEST		request_1	1644853368685	1644853368687	OK	 
REQUEST		request_2	1644853368717	1644853368723	OK	 
REQUEST		request_2	1644853368758	1644853368762	OK	 
REQUEST		request_4	1644853368831	1644853368835	OK	 
REQUEST		request_4 Redirect 1	1644853368836	1644853368845	OK	 
REQUEST		request_12	1644853368913	1644853368916	OK	 
REQUEST		request_1	1644853369117	1644853369120	OK	 
REQUEST		request_1	1644853369358	1644853369361	OK	 
REQUEST		request_1	1644853369542	1644853369545	OK	 
REQUEST		request_3	1644853369725	1644853369732	OK	 
REQUEST		request_3	1644853369768	1644853369773	OK	 
REQUEST		request_5	1644853369850	1644853369856	OK	 
REQUEST		request_1	1644853369959	1644853369963	OK	 
REQUEST		request_2	1644853369959	1644853369965	OK	 
REQUEST		request_4	1644853369969	1644853369973	OK	 
REQUEST		request_4 Redirect 1	1644853369973	1644853369983	OK	 
REQUEST		request_1	1644853370025	1644853370026	OK	 
REQUEST		request_1	1644853370041	1644853370044	OK	 
REQUEST		request_13	1644853370058	1644853370061	OK	 
REQUEST		request_5	1644853370061	1644853370067	OK	 
REQUEST		request_2	1644853370692	1644853370698	OK	 
REQUEST		request_11	1644853370709	1644853370714	OK	 
REQUEST		request_11 Redirect 1	1644853370715	1644853370726	OK	 
REQUEST		request_12	1644853370892	1644853370896	OK	 
REQUEST		request_3	1644853370970	1644853370976	OK	 
REQUEST		request_0	1644853370986	1644853370990	KO	xpath((h2[contains(text(),'Welcome')],Map())).find.exists preparation crashed: Could not parse response into a DOM Document: n.s.s.t.XPathException: org.xml.sax.SAXParseException; lineNumber: 1; columnNumber: 3; The markup in the document preceding the root element must be well-formed.
REQUEST		request_2	1644853371124	1644853371128	OK	 
REQUEST		request_2	1644853371367	1644853371372	OK	 
REQUEST		request_2	1644853371549	1644853371555	OK	 
REQUEST		request_3	1644853371703	1644853371708	OK	 
REQUEST		request_13	1644853371920	1644853371923	OK	 
REQUEST		request_0	1644853371923	1644853371926	KO	xpath((h2[contains(text(),'Welcome')],Map())).find.exists preparation crashed: Could not parse response into a DOM Document: n.s.s.t.XPathException: org.xml.sax.SAXParseException; lineNumber: 1; columnNumber: 3; The markup in the document preceding the root element must be well-formed.
REQUEST		request_2	1644853371966	1644853371971	OK	 
REQUEST		request_2	1644853372028	1644853372032	OK	 
REQUEST		request_2	1644853372047	1644853372052	OK	 
REQUEST		request_11	1644853372136	1644853372142	OK	 
REQUEST		request_3	1644853372133	1644853372143	OK	 
REQUEST		request_11 Redirect 1	1644853372142	1644853372152	OK	 
REQUEST		request_3	1644853372375	1644853372380	OK	 
REQUEST		request_3	1644853372559	1644853372566	OK	 
REQUEST		request_6	1644853372957	1644853372970	OK	 
REQUEST		request_8	1644853372963	1644853372972	OK	 
REQUEST		request_3	1644853372974	1644853372980	OK	 
REQUEST		request_1	1644853372995	1644853373000	OK	 
REQUEST		request_3	1644853373036	1644853373043	OK	 
REQUEST		request_3	1644853373058	1644853373065	OK	 
REQUEST		request_4	1644853373736	1644853373742	OK	 
REQUEST		request_4 Redirect 1	1644853373742	1644853373753	OK	 
REQUEST		request_4	1644853373776	1644853373781	OK	 
REQUEST		request_4 Redirect 1	1644853373781	1644853373797	OK	 
REQUEST		request_13	1644853373901	1644853373904	OK	 
REQUEST		request_0	1644853373904	1644853373910	KO	xpath((h2[contains(text(),'Welcome')],Map())).find.exists preparation crashed: Could not parse response into a DOM Document: n.s.s.t.XPathException: org.xml.sax.SAXParseException; lineNumber: 1; columnNumber: 3; The markup in the document preceding the root element must be well-formed.
REQUEST		request_8	1644853373904	1644853373912	OK	 
REQUEST		request_1	1644853373928	1644853373930	OK	 
REQUEST		request_0	1644853374759	1644853374762	KO	xpath((h2[contains(text(),'Welcome')],Map())).find.exists preparation crashed: Could not parse response into a DOM Document: n.s.s.t.XPathException: org.xml.sax.SAXParseException; lineNumber: 1; columnNumber: 3; The markup in the document preceding the root element must be well-formed.
REQUEST		request_0	1644853374803	1644853374805	KO	xpath((h2[contains(text(),'Welcome')],Map())).find.exists preparation crashed: Could not parse response into a DOM Document: n.s.s.t.XPathException: org.xml.sax.SAXParseException; lineNumber: 1; columnNumber: 3; The markup in the document preceding the root element must be well-formed.
REQUEST		request_6	1644853374861	1644853374867	OK	 
REQUEST		request_4	1644853374977	1644853374985	OK	 
REQUEST		request_4 Redirect 1	1644853374985	1644853374997	OK	 
REQUEST		request_2	1644853375006	1644853375011	OK	 
REQUEST		request_6	1644853375073	1644853375084	OK	 
REQUEST		request_4	1644853375710	1644853375714	OK	 
REQUEST		request_4 Redirect 1	1644853375714	1644853375728	OK	 
REQUEST		request_12	1644853375733	1644853375737	OK	 
REQUEST		request_1	1644853375912	1644853375914	OK	 
REQUEST		request_2	1644853375935	1644853375939	OK	 
REQUEST		request_9	1644853375975	1644853375983	OK	 
REQUEST		request_9 Redirect 1	1644853375983	1644853375994	OK	 
REQUEST		request_0	1644853376002	1644853376010	KO	xpath((h2[contains(text(),'Welcome')],Map())).find.exists preparation crashed: Could not parse response into a DOM Document: n.s.s.t.XPathException: org.xml.sax.SAXParseException; lineNumber: 1; columnNumber: 3; The markup in the document preceding the root element must be well-formed.
REQUEST		request_3	1644853376012	1644853376018	OK	 
REQUEST		request_4	1644853376149	1644853376154	OK	 
REQUEST		request_4 Redirect 1	1644853376154	1644853376169	OK	 
REQUEST		request_4	1644853376386	1644853376391	OK	 
REQUEST		request_4 Redirect 1	1644853376391	1644853376407	OK	 
REQUEST		request_4	1644853376569	1644853376574	OK	 
REQUEST		request_4 Redirect 1	1644853376574	1644853376585	OK	 
REQUEST		request_0	1644853376729	1644853376731	KO	xpath((h2[contains(text(),'Welcome')],Map())).find.exists preparation crashed: Could not parse response into a DOM Document: n.s.s.t.XPathException: org.xml.sax.SAXParseException; lineNumber: 1; columnNumber: 3; The markup in the document preceding the root element must be well-formed.
REQUEST		request_1	1644853376765	1644853376769	OK	 
REQUEST		request_1	1644853376808	1644853376811	OK	 
REQUEST		request_9	1644853376914	1644853376922	OK	 
REQUEST		request_9 Redirect 1	1644853376922	1644853376933	OK	 
REQUEST		request_3	1644853376942	1644853376946	OK	 
REQUEST		request_4	1644853376980	1644853376991	OK	 
REQUEST		request_4 Redirect 1	1644853376991	1644853377002	OK	 
REQUEST		request_4	1644853377044	1644853377049	OK	 
REQUEST		request_4 Redirect 1	1644853377049	1644853377066	OK	 
REQUEST		request_4	1644853377066	1644853377073	OK	 
REQUEST		request_4 Redirect 1	1644853377073	1644853377087	OK	 
REQUEST		request_12	1644853377156	1644853377158	OK	 
REQUEST		request_5	1644853377174	1644853377180	OK	 
REQUEST		request_5	1644853377408	1644853377413	OK	 
REQUEST		request_5	1644853377590	1644853377596	OK	 
REQUEST		request_2	1644853377915	1644853377922	OK	 
REQUEST		request_7	1644853377975	1644853377981	OK	 
REQUEST		request_0	1644853378008	1644853378013	KO	xpath((h2[contains(text(),'Welcome')],Map())).find.exists preparation crashed: Could not parse response into a DOM Document: n.s.s.t.XPathException: org.xml.sax.SAXParseException; lineNumber: 1; columnNumber: 3; The markup in the document preceding the root element must be well-formed.
REQUEST		request_1	1644853378016	1644853378019	OK	 
REQUEST		request_10	1644853377999	1644853378019	OK	 
REQUEST		request_0	1644853378071	1644853378073	KO	xpath((h2[contains(text(),'Welcome')],Map())).find.exists preparation crashed: Could not parse response into a DOM Document: n.s.s.t.XPathException: org.xml.sax.SAXParseException; lineNumber: 1; columnNumber: 3; The markup in the document preceding the root element must be well-formed.
REQUEST		request_5	1644853378092	1644853378103	OK	 
REQUEST		request_1	1644853378735	1644853378737	OK	 
REQUEST		request_13	1644853378741	1644853378743	OK	 
REQUEST		request_0	1644853378744	1644853378745	KO	xpath((h2[contains(text(),'Welcome')],Map())).find.exists preparation crashed: Could not parse response into a DOM Document: n.s.s.t.XPathException: org.xml.sax.SAXParseException; lineNumber: 1; columnNumber: 3; The markup in the document preceding the root element must be well-formed.
REQUEST		request_2	1644853378772	1644853378777	OK	 
REQUEST		request_2	1644853378817	1644853378823	OK	 
REQUEST		request_3	1644853378928	1644853378932	OK	 
REQUEST		request_10	1644853378935	1644853378945	OK	 
REQUEST		request_3	1644853379782	1644853379788	OK	 
REQUEST		request_3	1644853379828	1644853379832	OK	 
REQUEST		request_7	1644853379873	1644853379878	OK	 
REQUEST		request_1	1644853380017	1644853380019	OK	 
REQUEST		request_4	1644853380022	1644853380027	OK	 
REQUEST		request_2	1644853380023	1644853380030	OK	 
REQUEST		request_4 Redirect 1	1644853380027	1644853380038	OK	 
REQUEST		request_1	1644853380077	1644853380080	OK	 
REQUEST		request_7	1644853380089	1644853380096	OK	 
REQUEST		request_13	1644853380160	1644853380162	OK	 
REQUEST		request_5	1644853380163	1644853380167	OK	 
REQUEST		request_2	1644853380742	1644853380747	OK	 
REQUEST		request_1	1644853380751	1644853380753	OK	 
REQUEST		request_4	1644853380949	1644853380953	OK	 
REQUEST		request_4 Redirect 1	1644853380953	1644853380964	OK	 
REQUEST		request_3	1644853381034	1644853381042	OK	 
REQUEST		request_0	1644853381043	1644853381046	KO	xpath((h2[contains(text(),'Welcome')],Map())).find.exists preparation crashed: Could not parse response into a DOM Document: n.s.s.t.XPathException: org.xml.sax.SAXParseException; lineNumber: 1; columnNumber: 3; The markup in the document preceding the root element must be well-formed.
REQUEST		request_3	1644853381753	1644853381759	OK	 
REQUEST		request_0	1644853381967	1644853381970	KO	xpath((h2[contains(text(),'Welcome')],Map())).find.exists preparation crashed: Could not parse response into a DOM Document: n.s.s.t.XPathException: org.xml.sax.SAXParseException; lineNumber: 1; columnNumber: 3; The markup in the document preceding the root element must be well-formed.
REQUEST		request_2	1644853382024	1644853382029	OK	 
REQUEST		request_11	1644853382024	1644853382030	OK	 
REQUEST		request_11 Redirect 1	1644853382030	1644853382044	OK	 
REQUEST		request_2	1644853382084	1644853382090	OK	 
REQUEST		request_6	1644853382185	1644853382193	OK	 
REQUEST		request_6	1644853382415	1644853382421	OK	 
REQUEST		request_6	1644853382601	1644853382610	OK	 
REQUEST		request_2	1644853382758	1644853382763	OK	 
REQUEST		request_4	1644853382937	1644853382942	OK	 
REQUEST		request_4 Redirect 1	1644853382942	1644853382953	OK	 
REQUEST		request_11	1644853382950	1644853382956	OK	 
REQUEST		request_11 Redirect 1	1644853382956	1644853382967	OK	 
REQUEST		request_3	1644853383030	1644853383036	OK	 
REQUEST		request_1	1644853383050	1644853383054	OK	 
REQUEST		request_3	1644853383094	1644853383099	OK	 
REQUEST		request_6	1644853383108	1644853383118	OK	 
REQUEST		request_3	1644853383765	1644853383770	OK	 
REQUEST		request_4	1644853383792	1644853383797	OK	 
REQUEST		request_4 Redirect 1	1644853383797	1644853383810	OK	 
REQUEST		request_4	1644853383836	1644853383841	OK	 
REQUEST		request_4 Redirect 1	1644853383841	1644853383859	OK	 
REQUEST		request_0	1644853383956	1644853383958	KO	xpath((h2[contains(text(),'Welcome')],Map())).find.exists preparation crashed: Could not parse response into a DOM Document: n.s.s.t.XPathException: org.xml.sax.SAXParseException; lineNumber: 1; columnNumber: 3; The markup in the document preceding the root element must be well-formed.
REQUEST		request_1	1644853383973	1644853383976	OK	 
REQUEST		request_8	1644853383986	1644853383993	OK	 
REQUEST		request_5	1644853384811	1644853384818	OK	 
REQUEST		request_0	1644853384860	1644853384863	KO	xpath((h2[contains(text(),'Welcome')],Map())).find.exists preparation crashed: Could not parse response into a DOM Document: n.s.s.t.XPathException: org.xml.sax.SAXParseException; lineNumber: 1; columnNumber: 3; The markup in the document preceding the root element must be well-formed.
REQUEST		request_4	1644853385044	1644853385049	OK	 
REQUEST		request_4 Redirect 1	1644853385050	1644853385064	OK	 
REQUEST		request_2	1644853385060	1644853385068	OK	 
REQUEST		request_6	1644853385171	1644853385177	OK	 
REQUEST		request_4	1644853385760	1644853385770	OK	 
REQUEST		request_4 Redirect 1	1644853385770	1644853385793	OK	 
REQUEST		request_8	1644853385883	1644853385891	OK	 
REQUEST		request_1	1644853385962	1644853385965	OK	 
REQUEST		request_2	1644853385979	1644853385984	OK	 
REQUEST		request_0	1644853386067	1644853386071	KO	xpath((h2[contains(text(),'Welcome')],Map())).find.exists preparation crashed: Could not parse response into a DOM Document: n.s.s.t.XPathException: org.xml.sax.SAXParseException; lineNumber: 1; columnNumber: 3; The markup in the document preceding the root element must be well-formed.
REQUEST		request_3	1644853386074	1644853386079	OK	 
REQUEST		request_8	1644853386098	1644853386108	OK	 
REQUEST		request_0	1644853386798	1644853386800	KO	xpath((h2[contains(text(),'Welcome')],Map())).find.exists preparation crashed: Could not parse response into a DOM Document: n.s.s.t.XPathException: org.xml.sax.SAXParseException; lineNumber: 1; columnNumber: 3; The markup in the document preceding the root element must be well-formed.
REQUEST		request_1	1644853386869	1644853386872	OK	 
REQUEST		request_3	1644853386989	1644853386994	OK	 
REQUEST		request_9	1644853386999	1644853387005	OK	 
REQUEST		request_9 Redirect 1	1644853387005	1644853387019	OK	 
REQUEST		request_4	1644853387041	1644853387045	OK	 
REQUEST		request_4 Redirect 1	1644853387046	1644853387057	OK	 
REQUEST		request_12	1644853387046	1644853387058	OK	 
REQUEST		request_4	1644853387102	1644853387109	OK	 
REQUEST		request_4 Redirect 1	1644853387109	1644853387122	OK	 
REQUEST		request_7	1644853387198	1644853387208	OK	 
REQUEST		request_7	1644853387426	1644853387432	OK	 
REQUEST		request_7	1644853387614	1644853387620	OK	 
REQUEST		request_4	1644853387772	1644853387778	OK	 
REQUEST		request_4 Redirect 1	1644853387778	1644853387790	OK	 
REQUEST		request_2	1644853387966	1644853387971	OK	 
REQUEST		request_12	1644853387973	1644853387976	OK	 
USER	DemoAdvanced	END	1644853388065
REQUEST		request_1	1644853388075	1644853388078	OK	 
USER	DemoAdvanced	END	1644853388125
REQUEST		request_7	1644853388124	1644853388132	OK	 
REQUEST		request_0	1644853388797	1644853388801	KO	xpath((h2[contains(text(),'Welcome')],Map())).find.exists preparation crashed: Could not parse response into a DOM Document: n.s.s.t.XPathException: org.xml.sax.SAXParseException; lineNumber: 1; columnNumber: 3; The markup in the document preceding the root element must be well-formed.
REQUEST		request_1	1644853388804	1644853388806	OK	 
REQUEST		request_2	1644853388876	1644853388880	OK	 
REQUEST		request_9	1644853388896	1644853388904	OK	 
REQUEST		request_9 Redirect 1	1644853388904	1644853388927	OK	 
REQUEST		request_3	1644853388972	1644853388978	OK	 
REQUEST		request_10	1644853389022	1644853389040	OK	 
REQUEST		request_9	1644853389114	1644853389122	OK	 
REQUEST		request_9 Redirect 1	1644853389122	1644853389133	OK	 
REQUEST		request_6	1644853389822	1644853389829	OK	 
REQUEST		request_3	1644853389883	1644853389888	OK	 
REQUEST		request_13	1644853390060	1644853390062	OK	 
USER	DemoAdvanced	END	1644853390063
REQUEST		request_2	1644853390083	1644853390088	OK	 
REQUEST		request_4	1644853390083	1644853390088	OK	 
REQUEST		request_4 Redirect 1	1644853390089	1644853390103	OK	 
REQUEST		request_7	1644853390181	1644853390191	OK	 
REQUEST		request_1	1644853390803	1644853390808	OK	 
REQUEST		request_2	1644853390810	1644853390815	OK	 
REQUEST		request_10	1644853390929	1644853390944	OK	 
REQUEST		request_13	1644853390978	1644853390980	OK	 
USER	DemoAdvanced	END	1644853390980
REQUEST		request_4	1644853390996	1644853391001	OK	 
REQUEST		request_4 Redirect 1	1644853391001	1644853391019	OK	 
REQUEST		request_3	1644853391091	1644853391097	OK	 
USER	DemoAdvanced	END	1644853391108
REQUEST		request_10	1644853391137	1644853391158	OK	 
REQUEST		request_3	1644853391819	1644853391825	OK	 
USER	DemoAdvanced	END	1644853392024
REQUEST		request_2	1644853392813	1644853392818	OK	 
REQUEST		request_4	1644853392979	1644853392984	OK	 
REQUEST		request_4 Redirect 1	1644853392984	1644853392995	OK	 
REQUEST		request_11	1644853393041	1644853393047	OK	 
REQUEST		request_11 Redirect 1	1644853393047	1644853393058	OK	 
REQUEST		request_8	1644853393209	1644853393218	OK	 
REQUEST		request_8	1644853393436	1644853393446	OK	 
REQUEST		request_8	1644853393623	1644853393631	OK	 
REQUEST		request_3	1644853393823	1644853393828	OK	 
REQUEST		request_4	1644853393890	1644853393895	OK	 
REQUEST		request_4 Redirect 1	1644853393895	1644853393913	OK	 
USER	DemoAdvanced	END	1644853393997
REQUEST		request_8	1644853394133	1644853394141	OK	 
REQUEST		request_7	1644853394831	1644853394839	OK	 
USER	DemoAdvanced	END	1644853394917
REQUEST		request_11	1644853394949	1644853394955	OK	 
REQUEST		request_11 Redirect 1	1644853394955	1644853394966	OK	 
REQUEST		request_4	1644853395102	1644853395106	OK	 
REQUEST		request_4 Redirect 1	1644853395106	1644853395117	OK	 
REQUEST		request_11	1644853395160	1644853395164	OK	 
REQUEST		request_11 Redirect 1	1644853395164	1644853395180	OK	 
REQUEST		request_4	1644853395830	1644853395835	OK	 
REQUEST		request_4 Redirect 1	1644853395836	1644853395847	OK	 
USER	DemoAdvanced	END	1644853396118
REQUEST		request_8	1644853396192	1644853396199	OK	 
REQUEST		request_9	1644853396223	1644853396231	OK	 
REQUEST		request_9 Redirect 1	1644853396231	1644853396243	OK	 
REQUEST		request_9	1644853396449	1644853396456	OK	 
REQUEST		request_9 Redirect 1	1644853396456	1644853396471	OK	 
REQUEST		request_9	1644853396634	1644853396640	OK	 
REQUEST		request_9 Redirect 1	1644853396640	1644853396651	OK	 
USER	DemoAdvanced	END	1644853396854
REQUEST		request_9	1644853397145	1644853397152	OK	 
REQUEST		request_9 Redirect 1	1644853397152	1644853397164	OK	 
REQUEST		request_4	1644853397832	1644853397836	OK	 
REQUEST		request_4 Redirect 1	1644853397836	1644853397850	OK	 
REQUEST		request_12	1644853398063	1644853398066	OK	 
REQUEST		request_10	1644853398246	1644853398261	OK	 
REQUEST		request_10	1644853398474	1644853398486	OK	 
REQUEST		request_10	1644853398655	1644853398668	OK	 
USER	DemoAdvanced	END	1644853398855
REQUEST		request_10	1644853399170	1644853399183	OK	 
REQUEST		request_9	1644853399201	1644853399211	OK	 
REQUEST		request_9 Redirect 1	1644853399211	1644853399222	OK	 
REQUEST		request_12	1644853399970	1644853399973	OK	 
REQUEST		request_12	1644853400186	1644853400188	OK	 
REQUEST		request_8	1644853400842	1644853400849	OK	 
REQUEST		request_13	1644853401069	1644853401072	OK	 
USER	DemoAdvanced	END	1644853401072
REQUEST		request_10	1644853401229	1644853401242	OK	 
REQUEST		request_11	1644853402264	1644853402270	OK	 
REQUEST		request_11 Redirect 1	1644853402270	1644853402284	OK	 
REQUEST		request_11	1644853402492	1644853402498	OK	 
REQUEST		request_11 Redirect 1	1644853402498	1644853402511	OK	 
REQUEST		request_11	1644853402673	1644853402680	OK	 
REQUEST		request_11 Redirect 1	1644853402680	1644853402692	OK	 
REQUEST		request_13	1644853402979	1644853402982	OK	 
USER	DemoAdvanced	END	1644853402982
REQUEST		request_11	1644853403188	1644853403195	OK	 
REQUEST		request_13	1644853403194	1644853403199	OK	 
USER	DemoAdvanced	END	1644853403199
REQUEST		request_11 Redirect 1	1644853403195	1644853403216	OK	 
REQUEST		request_9	1644853403854	1644853403864	OK	 
REQUEST		request_9 Redirect 1	1644853403864	1644853403882	OK	 
REQUEST		request_11	1644853405248	1644853405253	OK	 
REQUEST		request_11 Redirect 1	1644853405253	1644853405266	OK	 
REQUEST		request_10	1644853405883	1644853405896	OK	 
REQUEST		request_12	1644853407288	1644853407294	OK	 
REQUEST		request_12	1644853407515	1644853407517	OK	 
REQUEST		request_12	1644853407696	1644853407700	OK	 
REQUEST		request_12	1644853408221	1644853408226	OK	 
REQUEST		request_11	1644853409901	1644853409907	OK	 
REQUEST		request_11 Redirect 1	1644853409907	1644853409918	OK	 
REQUEST		request_12	1644853410271	1644853410274	OK	 
REQUEST		request_13	1644853410298	1644853410300	OK	 
USER	DemoAdvanced	END	1644853410300
REQUEST		request_13	1644853410521	1644853410523	OK	 
USER	DemoAdvanced	END	1644853410524
REQUEST		request_13	1644853410705	1644853410707	OK	 
USER	DemoAdvanced	END	1644853410707
REQUEST		request_13	1644853411232	1644853411235	OK	 
USER	DemoAdvanced	END	1644853411235
REQUEST		request_13	1644853413279	1644853413283	OK	 
USER	DemoAdvanced	END	1644853413283
REQUEST		request_12	1644853414925	1644853414929	OK	 
REQUEST		request_13	1644853417932	1644853417936	OK	 
USER	DemoAdvanced	END	1644853417937
