RUN	demoAdvancedIk.DemoAdvanced	demoadvanced	1644849985006	 	3.6.1
USER	DemoAdvanced	START	1644849985943
REQUEST		request_0	1644849985971	1644849985995	OK	 
USER	DemoAdvanced	START	1644849986036
REQUEST		request_0	1644849986037	1644849986051	OK	 
USER	DemoAdvanced	START	1644849986123
REQUEST		request_0	1644849986124	1644849986135	OK	 
USER	DemoAdvanced	START	1644849986218
REQUEST		request_0	1644849986219	1644849986230	OK	 
USER	DemoAdvanced	START	1644849986310
REQUEST		request_0	1644849986310	1644849986321	OK	 
USER	DemoAdvanced	START	1644849986402
REQUEST		request_5	1644849986403	1644849986419	OK	 
USER	DemoAdvanced	START	1644849986495
REQUEST		request_5	1644849986496	1644849986510	OK	 
USER	DemoAdvanced	START	1644849986588
REQUEST		request_0	1644849986588	1644849986601	OK	 
USER	DemoAdvanced	START	1644849986676
REQUEST		request_0	1644849986676	1644849986681	OK	 
USER	DemoAdvanced	START	1644849986768
REQUEST		request_0	1644849986769	1644849986774	OK	 
USER	DemoAdvanced	START	1644849986858
REQUEST		request_0	1644849986858	1644849986863	OK	 
USER	DemoAdvanced	START	1644849986948
REQUEST		request_0	1644849986949	1644849986955	OK	 
USER	DemoAdvanced	START	1644849987948
REQUEST		request_0	1644849987948	1644849987956	OK	 
REQUEST		request_1	1644849988056	1644849988062	OK	 
REQUEST		request_1	1644849988055	1644849988063	OK	 
REQUEST		request_1	1644849988140	1644849988146	OK	 
REQUEST		request_1	1644849988234	1644849988238	OK	 
REQUEST		request_1	1644849988326	1644849988331	OK	 
REQUEST		request_1	1644849988603	1644849988606	OK	 
REQUEST		request_1	1644849988686	1644849988690	OK	 
REQUEST		request_1	1644849988777	1644849988780	OK	 
REQUEST		request_1	1644849988865	1644849988871	OK	 
USER	DemoAdvanced	START	1644849988948
REQUEST		request_0	1644849988948	1644849988955	OK	 
REQUEST		request_1	1644849988961	1644849988964	OK	 
USER	DemoAdvanced	START	1644849989948
REQUEST		request_0	1644849989948	1644849989955	OK	 
REQUEST		request_1	1644849989963	1644849989967	OK	 
REQUEST		request_2	1644849990066	1644849990075	OK	 
REQUEST		request_2	1644849990069	1644849990078	OK	 
REQUEST		request_2	1644849990149	1644849990154	OK	 
REQUEST		request_2	1644849990240	1644849990247	OK	 
REQUEST		request_2	1644849990336	1644849990340	OK	 
REQUEST		request_2	1644849990609	1644849990618	OK	 
REQUEST		request_2	1644849990692	1644849990699	OK	 
REQUEST		request_2	1644849990786	1644849990792	OK	 
REQUEST		request_2	1644849990873	1644849990877	OK	 
USER	DemoAdvanced	START	1644849990947
REQUEST		request_0	1644849990948	1644849990955	OK	 
REQUEST		request_1	1644849990961	1644849990965	OK	 
REQUEST		request_2	1644849990969	1644849990974	OK	 
REQUEST		request_3	1644849991083	1644849991089	OK	 
REQUEST		request_3	1644849991083	1644849991089	OK	 
REQUEST		request_3	1644849991161	1644849991166	OK	 
REQUEST		request_3	1644849991249	1644849991254	OK	 
REQUEST		request_3	1644849991346	1644849991352	OK	 
REQUEST		request_6	1644849991426	1644849991437	OK	 
REQUEST		request_6	1644849991513	1644849991524	OK	 
REQUEST		request_3	1644849991623	1644849991629	OK	 
REQUEST		request_3	1644849991703	1644849991707	OK	 
REQUEST		request_3	1644849991794	1644849991798	OK	 
REQUEST		request_3	1644849991881	1644849991887	OK	 
USER	DemoAdvanced	START	1644849991948
REQUEST		request_0	1644849991948	1644849991958	OK	 
REQUEST		request_1	1644849991961	1644849991963	OK	 
REQUEST		request_2	1644849991972	1644849991976	OK	 
REQUEST		request_3	1644849991979	1644849991989	OK	 
USER	DemoAdvanced	START	1644849992948
REQUEST		request_0	1644849992948	1644849992957	OK	 
REQUEST		request_1	1644849992961	1644849992965	OK	 
REQUEST		request_2	1644849992969	1644849992973	OK	 
REQUEST		request_3	1644849992982	1644849992986	OK	 
USER	DemoAdvanced	START	1644849993947
REQUEST		request_0	1644849993948	1644849993956	OK	 
REQUEST		request_1	1644849993961	1644849993965	OK	 
REQUEST		request_2	1644849993969	1644849993975	OK	 
REQUEST		request_3	1644849993980	1644849993985	OK	 
USER	DemoAdvanced	START	1644849994947
REQUEST		request_0	1644849994947	1644849994959	OK	 
REQUEST		request_1	1644849994963	1644849994969	OK	 
REQUEST		request_2	1644849994969	1644849994977	OK	 
REQUEST		request_3	1644849994981	1644849994987	OK	 
REQUEST		request_4	1644849995092	1644849995099	OK	 
REQUEST		request_4 Redirect 1	1644849995101	1644849995110	OK	 
REQUEST		request_4	1644849995097	1644849995112	OK	 
REQUEST		request_4 Redirect 1	1644849995112	1644849995121	OK	 
REQUEST		request_4	1644849995168	1644849995175	OK	 
REQUEST		request_4 Redirect 1	1644849995175	1644849995188	OK	 
REQUEST		request_4	1644849995256	1644849995262	OK	 
REQUEST		request_4 Redirect 1	1644849995262	1644849995269	OK	 
REQUEST		request_4	1644849995354	1644849995359	OK	 
REQUEST		request_4 Redirect 1	1644849995360	1644849995368	OK	 
REQUEST		request_4	1644849995636	1644849995641	OK	 
REQUEST		request_4 Redirect 1	1644849995642	1644849995651	OK	 
REQUEST		request_4	1644849995708	1644849995715	OK	 
REQUEST		request_4 Redirect 1	1644849995715	1644849995723	OK	 
REQUEST		request_4	1644849995801	1644849995806	OK	 
REQUEST		request_4 Redirect 1	1644849995806	1644849995814	OK	 
REQUEST		request_4	1644849995890	1644849995894	OK	 
REQUEST		request_4 Redirect 1	1644849995895	1644849995902	OK	 
REQUEST		request_1	1644849995961	1644849995965	OK	 
REQUEST		request_2	1644849995970	1644849995974	OK	 
REQUEST		request_3	1644849995980	1644849995985	OK	 
REQUEST		request_4	1644849995990	1644849995994	OK	 
REQUEST		request_4 Redirect 1	1644849995995	1644849996002	OK	 
REQUEST		request_0	1644849996111	1644849996115	OK	 
REQUEST		request_0	1644849996127	1644849996131	OK	 
REQUEST		request_0	1644849996191	1644849996193	OK	 
REQUEST		request_0	1644849996272	1644849996275	OK	 
REQUEST		request_5	1644849996372	1644849996379	OK	 
REQUEST		request_7	1644849996439	1644849996446	OK	 
REQUEST		request_7	1644849996527	1644849996535	OK	 
REQUEST		request_0	1644849996654	1644849996657	OK	 
REQUEST		request_0	1644849996729	1644849996731	OK	 
REQUEST		request_0	1644849996816	1644849996820	OK	 
REQUEST		request_0	1644849996904	1644849996907	OK	 
REQUEST		request_1	1644849996964	1644849996969	OK	 
REQUEST		request_2	1644849996972	1644849996977	OK	 
REQUEST		request_3	1644849996980	1644849996985	OK	 
REQUEST		request_4	1644849996990	1644849997001	OK	 
REQUEST		request_4 Redirect 1	1644849997001	1644849997009	OK	 
REQUEST		request_0	1644849997005	1644849997009	OK	 
REQUEST		request_2	1644849997970	1644849997974	OK	 
REQUEST		request_3	1644849997981	1644849997986	OK	 
REQUEST		request_4	1644849997989	1644849997994	OK	 
REQUEST		request_4 Redirect 1	1644849997994	1644849998002	OK	 
REQUEST		request_0	1644849998013	1644849998017	OK	 
REQUEST		request_1	1644849998119	1644849998124	OK	 
REQUEST		request_1	1644849998136	1644849998138	OK	 
REQUEST		request_1	1644849998197	1644849998200	OK	 
REQUEST		request_1	1644849998276	1644849998279	OK	 
REQUEST		request_1	1644849998661	1644849998664	OK	 
REQUEST		request_1	1644849998736	1644849998739	OK	 
REQUEST		request_1	1644849998821	1644849998824	OK	 
REQUEST		request_1	1644849998908	1644849998912	OK	 
REQUEST		request_2	1644849998974	1644849998979	OK	 
REQUEST		request_3	1644849998976	1644849998985	OK	 
REQUEST		request_4	1644849998990	1644849998996	OK	 
REQUEST		request_4 Redirect 1	1644849998997	1644849999004	OK	 
REQUEST		request_0	1644849999007	1644849999010	OK	 
REQUEST		request_1	1644849999013	1644849999015	OK	 
REQUEST		request_3	1644849999983	1644849999998	OK	 
REQUEST		request_4	1644849999989	1644850000000	OK	 
REQUEST		request_4 Redirect 1	1644850000001	1644850000009	OK	 
REQUEST		request_0	1644850000008	1644850000010	OK	 
REQUEST		request_1	1644850000018	1644850000021	OK	 
REQUEST		request_2	1644850000129	1644850000136	OK	 
REQUEST		request_2	1644850000142	1644850000146	OK	 
REQUEST		request_2	1644850000205	1644850000211	OK	 
REQUEST		request_2	1644850000280	1644850000285	OK	 
REQUEST		request_2	1644850000669	1644850000674	OK	 
REQUEST		request_2	1644850000742	1644850000747	OK	 
REQUEST		request_2	1644850000827	1644850000833	OK	 
REQUEST		request_2	1644850000914	1644850000920	OK	 
REQUEST		request_4	1644850000988	1644850000993	OK	 
REQUEST		request_4 Redirect 1	1644850000993	1644850001005	OK	 
REQUEST		request_0	1644850001014	1644850001016	OK	 
REQUEST		request_1	1644850001014	1644850001017	OK	 
REQUEST		request_2	1644850001019	1644850001024	OK	 
REQUEST		request_3	1644850001140	1644850001145	OK	 
REQUEST		request_3	1644850001148	1644850001152	OK	 
REQUEST		request_3	1644850001215	1644850001221	OK	 
REQUEST		request_3	1644850001288	1644850001294	OK	 
REQUEST		request_6	1644850001381	1644850001391	OK	 
REQUEST		request_3	1644850001680	1644850001685	OK	 
REQUEST		request_3	1644850001752	1644850001756	OK	 
REQUEST		request_3	1644850001836	1644850001840	OK	 
REQUEST		request_3	1644850001925	1644850001928	OK	 
REQUEST		request_4	1644850001989	1644850002000	OK	 
REQUEST		request_4 Redirect 1	1644850002000	1644850002009	OK	 
REQUEST		request_0	1644850002011	1644850002014	OK	 
REQUEST		request_1	1644850002013	1644850002016	OK	 
REQUEST		request_2	1644850002023	1644850002027	OK	 
REQUEST		request_3	1644850002030	1644850002034	OK	 
REQUEST		request_8	1644850002451	1644850002457	OK	 
REQUEST		request_8	1644850002539	1644850002545	OK	 
REQUEST		request_4	1644850002988	1644850002994	OK	 
REQUEST		request_4 Redirect 1	1644850002994	1644850003003	OK	 
REQUEST		request_5	1644850003014	1644850003020	OK	 
REQUEST		request_1	1644850003021	1644850003025	OK	 
REQUEST		request_2	1644850003021	1644850003031	OK	 
REQUEST		request_3	1644850003031	1644850003037	OK	 
REQUEST		request_4	1644850004001	1644850004009	OK	 
REQUEST		request_5	1644850004009	1644850004014	OK	 
REQUEST		request_4 Redirect 1	1644850004010	1644850004020	OK	 
REQUEST		request_1	1644850004018	1644850004021	OK	 
REQUEST		request_2	1644850004020	1644850004025	OK	 
REQUEST		request_3	1644850004036	1644850004041	OK	 
REQUEST		request_5	1644850005021	1644850005027	OK	 
REQUEST		request_2	1644850005027	1644850005033	OK	 
REQUEST		request_3	1644850005027	1644850005035	OK	 
REQUEST		request_4	1644850005149	1644850005153	OK	 
REQUEST		request_4	1644850005156	1644850005160	OK	 
REQUEST		request_4 Redirect 1	1644850005153	1644850005164	OK	 
REQUEST		request_4 Redirect 1	1644850005161	1644850005172	OK	 
REQUEST		request_4	1644850005226	1644850005230	OK	 
REQUEST		request_4 Redirect 1	1644850005230	1644850005237	OK	 
REQUEST		request_4	1644850005296	1644850005300	OK	 
REQUEST		request_4 Redirect 1	1644850005300	1644850005307	OK	 
REQUEST		request_9	1644850005463	1644850005471	OK	 
REQUEST		request_9 Redirect 1	1644850005471	1644850005478	OK	 
REQUEST		request_9	1644850005546	1644850005552	OK	 
REQUEST		request_9 Redirect 1	1644850005552	1644850005569	OK	 
REQUEST		request_4	1644850005689	1644850005694	OK	 
REQUEST		request_4 Redirect 1	1644850005694	1644850005701	OK	 
REQUEST		request_4	1644850005758	1644850005762	OK	 
REQUEST		request_4 Redirect 1	1644850005762	1644850005773	OK	 
REQUEST		request_4	1644850005841	1644850005846	OK	 
REQUEST		request_4 Redirect 1	1644850005847	1644850005853	OK	 
REQUEST		request_4	1644850005931	1644850005936	OK	 
REQUEST		request_4 Redirect 1	1644850005936	1644850005943	OK	 
REQUEST		request_2	1644850006023	1644850006027	OK	 
REQUEST		request_3	1644850006038	1644850006043	OK	 
REQUEST		request_4	1644850006040	1644850006046	OK	 
REQUEST		request_4 Redirect 1	1644850006046	1644850006053	OK	 
REQUEST		request_0	1644850006169	1644850006173	OK	 
REQUEST		request_0	1644850006177	1644850006179	OK	 
REQUEST		request_0	1644850006241	1644850006248	OK	 
REQUEST		request_0	1644850006314	1644850006316	OK	 
REQUEST		request_7	1644850006395	1644850006406	OK	 
REQUEST		request_0	1644850006707	1644850006709	OK	 
REQUEST		request_0	1644850006779	1644850006782	OK	 
REQUEST		request_0	1644850006857	1644850006860	OK	 
REQUEST		request_5	1644850006947	1644850006954	OK	 
REQUEST		request_3	1644850007031	1644850007037	OK	 
REQUEST		request_4	1644850007038	1644850007044	OK	 
REQUEST		request_4 Redirect 1	1644850007044	1644850007051	OK	 
REQUEST		request_0	1644850007058	1644850007060	OK	 
REQUEST		request_10	1644850007479	1644850007494	OK	 
REQUEST		request_10	1644850007571	1644850007580	OK	 
REQUEST		request_6	1644850008023	1644850008030	OK	 
REQUEST		request_4	1644850008047	1644850008052	OK	 
REQUEST		request_4 Redirect 1	1644850008053	1644850008061	OK	 
REQUEST		request_5	1644850008055	1644850008064	OK	 
REQUEST		request_1	1644850008179	1644850008185	OK	 
REQUEST		request_1	1644850008186	1644850008188	OK	 
REQUEST		request_1	1644850008250	1644850008253	OK	 
REQUEST		request_1	1644850008321	1644850008325	OK	 
REQUEST		request_1	1644850008715	1644850008717	OK	 
REQUEST		request_1	1644850008786	1644850008790	OK	 
REQUEST		request_1	1644850008863	1644850008866	OK	 
REQUEST		request_6	1644850009020	1644850009028	OK	 
REQUEST		request_4	1644850009037	1644850009043	OK	 
REQUEST		request_4 Redirect 1	1644850009043	1644850009055	OK	 
REQUEST		request_1	1644850009064	1644850009066	OK	 
REQUEST		request_0	1644850009064	1644850009067	OK	 
REQUEST		request_6	1644850010032	1644850010040	OK	 
REQUEST		request_4	1644850010048	1644850010052	OK	 
REQUEST		request_0	1644850010060	1644850010064	OK	 
REQUEST		request_4 Redirect 1	1644850010053	1644850010064	OK	 
REQUEST		request_2	1644850010191	1644850010197	OK	 
REQUEST		request_2	1644850010193	1644850010201	OK	 
REQUEST		request_2	1644850010258	1644850010262	OK	 
REQUEST		request_2	1644850010329	1644850010334	OK	 
REQUEST		request_2	1644850010719	1644850010725	OK	 
REQUEST		request_2	1644850010795	1644850010801	OK	 
REQUEST		request_2	1644850010870	1644850010875	OK	 
REQUEST		request_4	1644850011038	1644850011045	OK	 
REQUEST		request_4 Redirect 1	1644850011045	1644850011053	OK	 
REQUEST		request_1	1644850011071	1644850011074	OK	 
REQUEST		request_5	1644850011071	1644850011082	OK	 
REQUEST		request_2	1644850011071	1644850011082	OK	 
REQUEST		request_3	1644850011201	1644850011206	OK	 
REQUEST		request_3	1644850011206	1644850011212	OK	 
REQUEST		request_3	1644850011268	1644850011275	OK	 
REQUEST		request_3	1644850011339	1644850011345	OK	 
REQUEST		request_11	1644850011498	1644850011503	OK	 
REQUEST		request_11 Redirect 1	1644850011503	1644850011514	OK	 
REQUEST		request_11	1644850011581	1644850011587	OK	 
REQUEST		request_11 Redirect 1	1644850011587	1644850011595	OK	 
REQUEST		request_3	1644850011730	1644850011736	OK	 
REQUEST		request_3	1644850011806	1644850011812	OK	 
REQUEST		request_3	1644850011879	1644850011884	OK	 
REQUEST		request_6	1644850011959	1644850011967	OK	 
REQUEST		request_0	1644850012059	1644850012062	OK	 
REQUEST		request_1	1644850012068	1644850012072	OK	 
REQUEST		request_3	1644850012087	1644850012092	OK	 
REQUEST		request_8	1644850012408	1644850012418	OK	 
REQUEST		request_7	1644850013034	1644850013040	OK	 
REQUEST		request_6	1644850013069	1644850013077	OK	 
REQUEST		request_2	1644850013078	1644850013082	OK	 
REQUEST		request_7	1644850014033	1644850014041	OK	 
REQUEST		request_1	1644850014067	1644850014071	OK	 
REQUEST		request_2	1644850014075	1644850014080	OK	 
REQUEST		request_3	1644850014086	1644850014091	OK	 
REQUEST		request_7	1644850015044	1644850015050	OK	 
REQUEST		request_3	1644850015093	1644850015118	OK	 
REQUEST		request_4	1644850015224	1644850015398	OK	 
REQUEST		request_4	1644850015212	1644850015398	OK	 
REQUEST		request_4	1644850015349	1644850015805	OK	 
REQUEST		request_4	1644850015277	1644850015983	OK	 
REQUEST		request_4 Redirect 1	1644850015398	1644850015990	OK	 
REQUEST		request_4	1644850015886	1644850015991	OK	 
REQUEST		request_4	1644850015814	1644850016039	OK	 
REQUEST		request_4 Redirect 1	1644850015805	1644850016039	OK	 
REQUEST		request_4	1644850015736	1644850016041	OK	 
REQUEST		request_2	1644850016072	1644850016204	OK	 
REQUEST		request_4	1644850016095	1644850016206	OK	 
REQUEST		request_6	1644850016086	1644850016211	OK	 
REQUEST		request_4 Redirect 1	1644850016039	1644850016262	OK	 
REQUEST		request_4 Redirect 1	1644850015398	1644850016262	OK	 
REQUEST		request_4 Redirect 1	1644850016041	1644850016262	OK	 
REQUEST		request_9	1644850015421	1644850016262	OK	 
REQUEST		request_4 Redirect 1	1644850015991	1644850016263	OK	 
REQUEST		request_4 Redirect 1	1644850015983	1644850016263	OK	 
REQUEST		request_4 Redirect 1	1644850016207	1644850016282	OK	 
REQUEST		request_9 Redirect 1	1644850016262	1644850016285	OK	 
REQUEST		request_12	1644850016519	1644850016524	OK	 
REQUEST		request_12	1644850016600	1644850016603	OK	 
REQUEST		request_7	1644850016972	1644850016978	OK	 
REQUEST		request_0	1644850016993	1644850016997	OK	 
REQUEST		request_0	1644850017040	1644850017043	OK	 
REQUEST		request_3	1644850017209	1644850017214	OK	 
REQUEST		request_0	1644850017265	1644850017267	OK	 
REQUEST		request_0	1644850017266	1644850017270	OK	 
REQUEST		request_0	1644850017266	1644850017271	OK	 
REQUEST		request_0	1644850017268	1644850017274	OK	 
REQUEST		request_0	1644850017268	1644850017274	OK	 
REQUEST		request_0	1644850017286	1644850017288	OK	 
REQUEST		request_4	1644850018099	1644850018113	OK	 
REQUEST		request_7	1644850018098	1644850018113	OK	 
REQUEST		request_4 Redirect 1	1644850018113	1644850018147	OK	 
REQUEST		request_10	1644850018290	1644850018301	OK	 
REQUEST		request_1	1644850019003	1644850019007	OK	 
REQUEST		request_8	1644850019043	1644850019049	OK	 
REQUEST		request_1	1644850019047	1644850019049	OK	 
REQUEST		request_4	1644850019122	1644850019129	OK	 
REQUEST		request_4 Redirect 1	1644850019129	1644850019136	OK	 
REQUEST		request_0	1644850019150	1644850019152	OK	 
REQUEST		request_1	1644850019272	1644850019275	OK	 
REQUEST		request_1	1644850019275	1644850019278	OK	 
REQUEST		request_1	1644850019277	1644850019281	OK	 
REQUEST		request_1	1644850019278	1644850019283	OK	 
REQUEST		request_1	1644850019280	1644850019284	OK	 
REQUEST		request_1	1644850019290	1644850019293	OK	 
REQUEST		request_13	1644850019529	1644850019532	OK	 
REQUEST		request_0	1644850019533	1644850019536	OK	 
REQUEST		request_13	1644850019607	1644850019610	OK	 
REQUEST		request_0	1644850019610	1644850019612	OK	 
REQUEST		request_8	1644850020043	1644850020051	OK	 
REQUEST		request_0	1644850020141	1644850020144	OK	 
REQUEST		request_2	1644850021013	1644850021019	OK	 
REQUEST		request_2	1644850021051	1644850021057	OK	 
REQUEST		request_8	1644850021056	1644850021064	OK	 
REQUEST		request_1	1644850021155	1644850021157	OK	 
REQUEST		request_7	1644850021217	1644850021225	OK	 
REQUEST		request_4	1644850021219	1644850021227	OK	 
REQUEST		request_4 Redirect 1	1644850021227	1644850021235	OK	 
REQUEST		request_2	1644850021280	1644850021285	OK	 
REQUEST		request_2	1644850021282	1644850021292	OK	 
REQUEST		request_2	1644850021289	1644850021300	OK	 
REQUEST		request_2	1644850021286	1644850021303	OK	 
REQUEST		request_2	1644850021289	1644850021304	OK	 
REQUEST		request_2	1644850021298	1644850021305	OK	 
REQUEST		request_1	1644850021541	1644850021543	OK	 
REQUEST		request_1	1644850021614	1644850021617	OK	 
REQUEST		request_3	1644850022023	1644850022032	OK	 
REQUEST		request_9	1644850022054	1644850022063	OK	 
REQUEST		request_3	1644850022061	1644850022074	OK	 
REQUEST		request_9 Redirect 1	1644850022063	1644850022078	OK	 
REQUEST		request_1	1644850022148	1644850022150	OK	 
REQUEST		request_0	1644850022238	1644850022241	OK	 
REQUEST		request_3	1644850022291	1644850022295	OK	 
REQUEST		request_3	1644850022296	1644850022304	OK	 
REQUEST		request_3	1644850022307	1644850022328	OK	 
REQUEST		request_11	1644850022307	1644850022332	OK	 
REQUEST		request_3	1644850022311	1644850022332	OK	 
REQUEST		request_3	1644850022311	1644850022332	OK	 
REQUEST		request_3	1644850022308	1644850022334	OK	 
REQUEST		request_11 Redirect 1	1644850022332	1644850022346	OK	 
REQUEST		request_8	1644850022983	1644850022991	OK	 
REQUEST		request_9	1644850023056	1644850023063	OK	 
REQUEST		request_9 Redirect 1	1644850023063	1644850023072	OK	 
REQUEST		request_2	1644850023159	1644850023166	OK	 
REQUEST		request_2	1644850023547	1644850023551	OK	 
REQUEST		request_2	1644850023619	1644850023624	OK	 
REQUEST		request_9	1644850024068	1644850024074	OK	 
REQUEST		request_9 Redirect 1	1644850024075	1644850024087	OK	 
REQUEST		request_10	1644850024080	1644850024090	OK	 
REQUEST		request_8	1644850024118	1644850024125	OK	 
REQUEST		request_2	1644850024154	1644850024159	OK	 
REQUEST		request_3	1644850024168	1644850024173	OK	 
REQUEST		request_1	1644850024247	1644850024251	OK	 
REQUEST		request_3	1644850024553	1644850024558	OK	 
REQUEST		request_3	1644850024626	1644850024631	OK	 
REQUEST		request_10	1644850025076	1644850025084	OK	 
REQUEST		request_3	1644850025162	1644850025167	OK	 
REQUEST		request_9	1644850025992	1644850025999	OK	 
REQUEST		request_9 Redirect 1	1644850025999	1644850026007	OK	 
REQUEST		request_4	1644850026036	1644850026040	OK	 
REQUEST		request_4 Redirect 1	1644850026040	1644850026048	OK	 
REQUEST		request_4	1644850026079	1644850026088	OK	 
REQUEST		request_4 Redirect 1	1644850026088	1644850026095	OK	 
REQUEST		request_10	1644850026090	1644850026103	OK	 
REQUEST		request_2	1644850026256	1644850026262	OK	 
REQUEST		request_4	1644850026297	1644850026302	OK	 
REQUEST		request_4 Redirect 1	1644850026302	1644850026309	OK	 
REQUEST		request_4	1644850026307	1644850026316	OK	 
REQUEST		request_4 Redirect 1	1644850026317	1644850026324	OK	 
REQUEST		request_4	1644850026330	1644850026335	OK	 
REQUEST		request_4	1644850026336	1644850026343	OK	 
REQUEST		request_4	1644850026336	1644850026344	OK	 
REQUEST		request_4	1644850026336	1644850026348	OK	 
REQUEST		request_4 Redirect 1	1644850026336	1644850026354	OK	 
REQUEST		request_4 Redirect 1	1644850026344	1644850026358	OK	 
REQUEST		request_4 Redirect 1	1644850026349	1644850026364	OK	 
REQUEST		request_4 Redirect 1	1644850026343	1644850026366	OK	 
REQUEST		request_0	1644850027052	1644850027057	OK	 
REQUEST		request_0	1644850027102	1644850027104	OK	 
REQUEST		request_9	1644850027128	1644850027136	OK	 
REQUEST		request_9 Redirect 1	1644850027136	1644850027143	OK	 
REQUEST		request_8	1644850027231	1644850027238	OK	 
REQUEST		request_3	1644850027268	1644850027275	OK	 
REQUEST		request_0	1644850027311	1644850027314	OK	 
REQUEST		request_0	1644850027329	1644850027332	OK	 
REQUEST		request_12	1644850027352	1644850027356	OK	 
REQUEST		request_0	1644850027356	1644850027357	OK	 
REQUEST		request_5	1644850027362	1644850027367	OK	 
REQUEST		request_0	1644850027370	1644850027379	OK	 
REQUEST		request_5	1644850027370	1644850027386	OK	 
REQUEST		request_10	1644850028010	1644850028020	OK	 
REQUEST		request_11	1644850028092	1644850028097	OK	 
REQUEST		request_11 Redirect 1	1644850028097	1644850028106	OK	 
REQUEST		request_4	1644850028176	1644850028181	OK	 
REQUEST		request_4 Redirect 1	1644850028181	1644850028189	OK	 
REQUEST		request_4	1644850028561	1644850028565	OK	 
REQUEST		request_4 Redirect 1	1644850028566	1644850028573	OK	 
REQUEST		request_4	1644850028636	1644850028648	OK	 
REQUEST		request_4 Redirect 1	1644850028648	1644850028661	OK	 
REQUEST		request_1	1644850029061	1644850029066	OK	 
REQUEST		request_11	1644850029087	1644850029091	OK	 
REQUEST		request_11 Redirect 1	1644850029092	1644850029100	OK	 
REQUEST		request_1	1644850029106	1644850029108	OK	 
REQUEST		request_10	1644850029146	1644850029154	OK	 
REQUEST		request_4	1644850029171	1644850029179	OK	 
REQUEST		request_4 Redirect 1	1644850029180	1644850029188	OK	 
REQUEST		request_5	1644850029190	1644850029196	OK	 
REQUEST		request_1	1644850029319	1644850029322	OK	 
REQUEST		request_1	1644850029338	1644850029341	OK	 
REQUEST		request_1	1644850029362	1644850029365	OK	 
REQUEST		request_1	1644850029385	1644850029387	OK	 
REQUEST		request_0	1644850029577	1644850029580	OK	 
REQUEST		request_0	1644850029663	1644850029667	OK	 
REQUEST		request_11	1644850030105	1644850030109	OK	 
REQUEST		request_11 Redirect 1	1644850030109	1644850030120	OK	 
REQUEST		request_5	1644850030193	1644850030198	OK	 
REQUEST		request_9	1644850030243	1644850030253	OK	 
REQUEST		request_9 Redirect 1	1644850030253	1644850030265	OK	 
REQUEST		request_13	1644850030361	1644850030364	OK	 
REQUEST		request_0	1644850030364	1644850030366	OK	 
REQUEST		request_2	1644850031069	1644850031074	OK	 
REQUEST		request_2	1644850031111	1644850031116	OK	 
REQUEST		request_4	1644850031281	1644850031285	OK	 
REQUEST		request_4 Redirect 1	1644850031285	1644850031296	OK	 
REQUEST		request_2	1644850031327	1644850031331	OK	 
REQUEST		request_2	1644850031346	1644850031352	OK	 
REQUEST		request_2	1644850031369	1644850031373	OK	 
REQUEST		request_2	1644850031393	1644850031398	OK	 
REQUEST		request_1	1644850031586	1644850031588	OK	 
REQUEST		request_1	1644850031669	1644850031672	OK	 
REQUEST		request_11	1644850032026	1644850032032	OK	 
REQUEST		request_11 Redirect 1	1644850032032	1644850032039	OK	 
REQUEST		request_3	1644850032078	1644850032086	OK	 
REQUEST		request_3	1644850032121	1644850032126	OK	 
REQUEST		request_10	1644850032271	1644850032278	OK	 
REQUEST		request_0	1644850032301	1644850032305	OK	 
REQUEST		request_3	1644850032336	1644850032340	OK	 
REQUEST		request_3	1644850032353	1644850032360	OK	 
REQUEST		request_1	1644850032372	1644850032377	OK	 
REQUEST		request_3	1644850032378	1644850032384	OK	 
REQUEST		request_6	1644850032372	1644850032384	OK	 
REQUEST		request_6	1644850032389	1644850032395	OK	 
REQUEST		request_3	1644850032403	1644850032409	OK	 
REQUEST		request_12	1644850033111	1644850033116	OK	 
REQUEST		request_11	1644850033156	1644850033161	OK	 
REQUEST		request_11 Redirect 1	1644850033161	1644850033170	OK	 
REQUEST		request_2	1644850033589	1644850033594	OK	 
REQUEST		request_2	1644850033677	1644850033682	OK	 
REQUEST		request_12	1644850034104	1644850034108	OK	 
REQUEST		request_6	1644850034197	1644850034205	OK	 
REQUEST		request_1	1644850034311	1644850034315	OK	 
REQUEST		request_2	1644850034382	1644850034387	OK	 
REQUEST		request_3	1644850034597	1644850034603	OK	 
REQUEST		request_3	1644850034687	1644850034691	OK	 
REQUEST		request_12	1644850035122	1644850035124	OK	 
REQUEST		request_6	1644850035201	1644850035206	OK	 
REQUEST		request_3	1644850035393	1644850035397	OK	 
REQUEST		request_4	1644850036088	1644850036108	OK	 
REQUEST		request_13	1644850036118	1644850036124	OK	 
REQUEST		request_4 Redirect 1	1644850036109	1644850036136	OK	 
REQUEST		request_0	1644850036124	1644850036136	OK	 
REQUEST		request_4	1644850036131	1644850036139	OK	 
REQUEST		request_4 Redirect 1	1644850036139	1644850036147	OK	 
REQUEST		request_11	1644850036283	1644850036289	OK	 
REQUEST		request_11 Redirect 1	1644850036289	1644850036300	OK	 
REQUEST		request_2	1644850036318	1644850036322	OK	 
REQUEST		request_4	1644850036342	1644850036348	OK	 
REQUEST		request_4 Redirect 1	1644850036348	1644850036355	OK	 
REQUEST		request_4	1644850036362	1644850036366	OK	 
REQUEST		request_4 Redirect 1	1644850036367	1644850036374	OK	 
REQUEST		request_4	1644850036390	1644850036394	OK	 
REQUEST		request_4 Redirect 1	1644850036394	1644850036402	OK	 
REQUEST		request_4	1644850036414	1644850036420	OK	 
REQUEST		request_4 Redirect 1	1644850036420	1644850036427	OK	 
REQUEST		request_12	1644850037042	1644850037045	OK	 
REQUEST		request_13	1644850037114	1644850037117	OK	 
REQUEST		request_0	1644850037118	1644850037121	OK	 
REQUEST		request_5	1644850037141	1644850037147	OK	 
REQUEST		request_0	1644850037152	1644850037155	OK	 
REQUEST		request_3	1644850037325	1644850037331	OK	 
REQUEST		request_0	1644850037359	1644850037362	OK	 
REQUEST		request_5	1644850037379	1644850037384	OK	 
REQUEST		request_7	1644850037386	1644850037391	OK	 
REQUEST		request_7	1644850037400	1644850037407	OK	 
REQUEST		request_0	1644850037406	1644850037410	OK	 
REQUEST		request_0	1644850037431	1644850037434	OK	 
REQUEST		request_13	1644850038127	1644850038129	OK	 
REQUEST		request_0	1644850038129	1644850038132	OK	 
REQUEST		request_1	1644850038141	1644850038143	OK	 
REQUEST		request_12	1644850038172	1644850038175	OK	 
REQUEST		request_4	1644850038609	1644850038613	OK	 
REQUEST		request_4 Redirect 1	1644850038614	1644850038621	OK	 
REQUEST		request_4	1644850038694	1644850038698	OK	 
REQUEST		request_4 Redirect 1	1644850038699	1644850038706	OK	 
REQUEST		request_1	1644850039125	1644850039129	OK	 
REQUEST		request_1	1644850039159	1644850039161	OK	 
REQUEST		request_7	1644850039208	1644850039214	OK	 
REQUEST		request_1	1644850039367	1644850039370	OK	 
REQUEST		request_4	1644850039403	1644850039409	OK	 
REQUEST		request_1	1644850039415	1644850039418	OK	 
REQUEST		request_4 Redirect 1	1644850039409	1644850039421	OK	 
REQUEST		request_1	1644850039436	1644850039440	OK	 
REQUEST		request_0	1644850039627	1644850039630	OK	 
REQUEST		request_0	1644850039713	1644850039716	OK	 
REQUEST		request_13	1644850040047	1644850040051	OK	 
REQUEST		request_0	1644850040051	1644850040054	OK	 
REQUEST		request_1	1644850040136	1644850040138	OK	 
REQUEST		request_2	1644850040149	1644850040154	OK	 
REQUEST		request_7	1644850040210	1644850040216	OK	 
REQUEST		request_0	1644850040426	1644850040428	OK	 
REQUEST		request_2	1644850041133	1644850041137	OK	 
REQUEST		request_3	1644850041158	1644850041164	OK	 
REQUEST		request_2	1644850041163	1644850041167	OK	 
REQUEST		request_13	1644850041179	1644850041181	OK	 
REQUEST		request_5	1644850041181	1644850041187	OK	 
REQUEST		request_12	1644850041306	1644850041310	OK	 
REQUEST		request_4	1644850041336	1644850041342	OK	 
REQUEST		request_4 Redirect 1	1644850041342	1644850041351	OK	 
REQUEST		request_2	1644850041376	1644850041382	OK	 
REQUEST		request_2	1644850041422	1644850041428	OK	 
REQUEST		request_2	1644850041444	1644850041450	OK	 
REQUEST		request_1	1644850041636	1644850041638	OK	 
REQUEST		request_1	1644850041717	1644850041721	OK	 
REQUEST		request_1	1644850042059	1644850042062	OK	 
REQUEST		request_3	1644850042142	1644850042147	OK	 
REQUEST		request_2	1644850042143	1644850042152	OK	 
REQUEST		request_6	1644850042152	1644850042158	OK	 
REQUEST		request_3	1644850042169	1644850042174	OK	 
REQUEST		request_5	1644850042355	1644850042361	OK	 
REQUEST		request_6	1644850042386	1644850042393	OK	 
REQUEST		request_3	1644850042386	1644850042393	OK	 
REQUEST		request_1	1644850042430	1644850042434	OK	 
REQUEST		request_3	1644850042429	1644850042436	OK	 
REQUEST		request_3	1644850042455	1644850042461	OK	 
REQUEST		request_3	1644850043158	1644850043165	OK	 
REQUEST		request_8	1644850043396	1644850043403	OK	 
REQUEST		request_8	1644850043411	1644850043418	OK	 
REQUEST		request_2	1644850043641	1644850043645	OK	 
REQUEST		request_2	1644850043726	1644850043732	OK	 
REQUEST		request_2	1644850044065	1644850044069	OK	 
REQUEST		request_13	1644850044314	1644850044319	OK	 
REQUEST		request_0	1644850044319	1644850044322	OK	 
REQUEST		request_2	1644850044439	1644850044444	OK	 
REQUEST		request_3	1644850044647	1644850044653	OK	 
REQUEST		request_3	1644850044736	1644850044740	OK	 
REQUEST		request_3	1644850045074	1644850045078	OK	 
REQUEST		request_4	1644850045167	1644850045173	OK	 
REQUEST		request_4 Redirect 1	1644850045174	1644850045186	OK	 
REQUEST		request_8	1644850045216	1644850045223	OK	 
REQUEST		request_3	1644850045448	1644850045454	OK	 
REQUEST		request_4	1644850046152	1644850046157	OK	 
REQUEST		request_4 Redirect 1	1644850046157	1644850046167	OK	 
REQUEST		request_4	1644850046180	1644850046186	OK	 
REQUEST		request_4 Redirect 1	1644850046186	1644850046195	OK	 
REQUEST		request_6	1644850046190	1644850046196	OK	 
REQUEST		request_0	1644850046190	1644850046197	OK	 
REQUEST		request_8	1644850046218	1644850046225	OK	 
REQUEST		request_1	1644850046324	1644850046329	OK	 
REQUEST		request_4	1644850046398	1644850046411	OK	 
REQUEST		request_9	1644850046408	1644850046416	OK	 
REQUEST		request_4 Redirect 1	1644850046411	1644850046422	OK	 
REQUEST		request_9	1644850046421	1644850046428	OK	 
REQUEST		request_9 Redirect 1	1644850046417	1644850046429	OK	 
REQUEST		request_9 Redirect 1	1644850046428	1644850046436	OK	 
REQUEST		request_4	1644850046441	1644850046445	OK	 
REQUEST		request_4 Redirect 1	1644850046445	1644850046452	OK	 
REQUEST		request_4	1644850046467	1644850046474	OK	 
REQUEST		request_4 Redirect 1	1644850046474	1644850046487	OK	 
REQUEST		request_7	1644850047160	1644850047165	OK	 
REQUEST		request_4	1644850047169	1644850047175	OK	 
REQUEST		request_5	1644850047171	1644850047176	OK	 
REQUEST		request_4 Redirect 1	1644850047175	1644850047183	OK	 
USER	DemoAdvanced	END	1644850047202
REQUEST		request_6	1644850047366	1644850047380	OK	 
REQUEST		request_7	1644850047397	1644850047405	OK	 
USER	DemoAdvanced	END	1644850047428
USER	DemoAdvanced	END	1644850047458
USER	DemoAdvanced	END	1644850047491
REQUEST		request_0	1644850048186	1644850048188	OK	 
REQUEST		request_1	1644850048201	1644850048208	OK	 
REQUEST		request_9	1644850048226	1644850048232	OK	 
REQUEST		request_9 Redirect 1	1644850048232	1644850048239	OK	 
REQUEST		request_2	1644850048335	1644850048340	OK	 
REQUEST		request_10	1644850048432	1644850048444	OK	 
REQUEST		request_10	1644850048441	1644850048460	OK	 
REQUEST		request_4	1644850048658	1644850048670	OK	 
REQUEST		request_4 Redirect 1	1644850048670	1644850048683	OK	 
REQUEST		request_4	1644850048742	1644850048748	OK	 
REQUEST		request_4 Redirect 1	1644850048748	1644850048762	OK	 
REQUEST		request_4	1644850049079	1644850049085	OK	 
REQUEST		request_4 Redirect 1	1644850049085	1644850049098	OK	 
REQUEST		request_9	1644850049227	1644850049235	OK	 
REQUEST		request_9 Redirect 1	1644850049235	1644850049254	OK	 
REQUEST		request_3	1644850049343	1644850049349	OK	 
REQUEST		request_4	1644850049455	1644850049462	OK	 
REQUEST		request_4 Redirect 1	1644850049463	1644850049471	OK	 
USER	DemoAdvanced	END	1644850049686
USER	DemoAdvanced	END	1644850049769
USER	DemoAdvanced	END	1644850050100
REQUEST		request_1	1644850050191	1644850050196	OK	 
REQUEST		request_2	1644850050210	1644850050214	OK	 
REQUEST		request_10	1644850050242	1644850050250	OK	 
USER	DemoAdvanced	END	1644850050477
REQUEST		request_7	1644850051198	1644850051213	OK	 
REQUEST		request_3	1644850051216	1644850051220	OK	 
REQUEST		request_10	1644850051260	1644850051268	OK	 
REQUEST		request_6	1644850052179	1644850052188	OK	 
REQUEST		request_2	1644850052197	1644850052209	OK	 
REQUEST		request_7	1644850052386	1644850052396	OK	 
REQUEST		request_11	1644850052449	1644850052456	OK	 
REQUEST		request_11 Redirect 1	1644850052456	1644850052479	OK	 
REQUEST		request_11	1644850052462	1644850052486	OK	 
REQUEST		request_11 Redirect 1	1644850052486	1644850052500	OK	 
REQUEST		request_8	1644850053166	1644850053175	OK	 
REQUEST		request_3	1644850053213	1644850053221	OK	 
REQUEST		request_4	1644850053354	1644850053360	OK	 
REQUEST		request_4 Redirect 1	1644850053360	1644850053372	OK	 
REQUEST		request_8	1644850053410	1644850053417	OK	 
REQUEST		request_11	1644850054253	1644850054258	OK	 
REQUEST		request_11 Redirect 1	1644850054258	1644850054266	OK	 
USER	DemoAdvanced	END	1644850054377
REQUEST		request_4	1644850055224	1644850055228	OK	 
REQUEST		request_4 Redirect 1	1644850055228	1644850055236	OK	 
REQUEST		request_11	1644850055273	1644850055278	OK	 
REQUEST		request_11 Redirect 1	1644850055278	1644850055290	OK	 
REQUEST		request_9	1644850056181	1644850056187	OK	 
REQUEST		request_9 Redirect 1	1644850056187	1644850056199	OK	 
USER	DemoAdvanced	END	1644850056241
REQUEST		request_9	1644850056419	1644850056428	OK	 
REQUEST		request_9 Redirect 1	1644850056428	1644850056440	OK	 
REQUEST		request_7	1644850057194	1644850057213	OK	 
REQUEST		request_8	1644850057217	1644850057243	OK	 
REQUEST		request_4	1644850057226	1644850057244	OK	 
REQUEST		request_4 Redirect 1	1644850057244	1644850057258	OK	 
REQUEST		request_12	1644850057482	1644850057486	OK	 
REQUEST		request_12	1644850057503	1644850057507	OK	 
REQUEST		request_10	1644850058201	1644850058211	OK	 
USER	DemoAdvanced	END	1644850058263
REQUEST		request_8	1644850058400	1644850058410	OK	 
REQUEST		request_10	1644850058443	1644850058459	OK	 
REQUEST		request_12	1644850059267	1644850059271	OK	 
REQUEST		request_9	1644850060247	1644850060265	OK	 
REQUEST		request_9 Redirect 1	1644850060265	1644850060274	OK	 
REQUEST		request_12	1644850060295	1644850060297	OK	 
REQUEST		request_13	1644850060490	1644850060492	OK	 
USER	DemoAdvanced	END	1644850060493
REQUEST		request_13	1644850060512	1644850060516	OK	 
USER	DemoAdvanced	END	1644850060516
REQUEST		request_9	1644850061415	1644850061422	OK	 
REQUEST		request_9 Redirect 1	1644850061422	1644850061432	OK	 
REQUEST		request_11	1644850062217	1644850062221	OK	 
REQUEST		request_11 Redirect 1	1644850062221	1644850062234	OK	 
REQUEST		request_13	1644850062272	1644850062276	OK	 
USER	DemoAdvanced	END	1644850062277
REQUEST		request_10	1644850062275	1644850062287	OK	 
REQUEST		request_11	1644850062464	1644850062471	OK	 
REQUEST		request_11 Redirect 1	1644850062471	1644850062484	OK	 
REQUEST		request_8	1644850063218	1644850063231	OK	 
REQUEST		request_13	1644850063302	1644850063305	OK	 
USER	DemoAdvanced	END	1644850063305
REQUEST		request_10	1644850063436	1644850063445	OK	 
REQUEST		request_9	1644850066236	1644850066244	OK	 
REQUEST		request_9 Redirect 1	1644850066244	1644850066254	OK	 
REQUEST		request_11	1644850066288	1644850066293	OK	 
REQUEST		request_11 Redirect 1	1644850066293	1644850066302	OK	 
REQUEST		request_12	1644850067236	1644850067241	OK	 
REQUEST		request_11	1644850067449	1644850067454	OK	 
REQUEST		request_11 Redirect 1	1644850067454	1644850067462	OK	 
REQUEST		request_12	1644850067489	1644850067492	OK	 
REQUEST		request_10	1644850068255	1644850068266	OK	 
REQUEST		request_13	1644850070242	1644850070246	OK	 
USER	DemoAdvanced	END	1644850070246
REQUEST		request_13	1644850070496	1644850070500	OK	 
USER	DemoAdvanced	END	1644850070501
REQUEST		request_12	1644850071309	1644850071313	OK	 
REQUEST		request_11	1644850072269	1644850072280	OK	 
REQUEST		request_11 Redirect 1	1644850072280	1644850072289	OK	 
REQUEST		request_12	1644850072466	1644850072470	OK	 
REQUEST		request_13	1644850074317	1644850074320	OK	 
USER	DemoAdvanced	END	1644850074321
REQUEST		request_13	1644850075478	1644850075492	OK	 
USER	DemoAdvanced	END	1644850075492
REQUEST		request_12	1644850077294	1644850077298	OK	 
REQUEST		request_13	1644850080304	1644850080307	OK	 
USER	DemoAdvanced	END	1644850080307
