RUN	demoAdvancedIk.DemoAdvanced	demoadvanced	1644861177797	 	3.6.1
USER	DemoAdvanced	START	1644861178516
REQUEST		Open Home Page	1644861178543	1644861178562	OK	 
USER	DemoAdvanced	START	1644861178607
REQUEST		Open Home Page	1644861178607	1644861178619	OK	 
USER	DemoAdvanced	START	1644861178700
REQUEST		Open Home Page	1644861178700	1644861178712	OK	 
USER	DemoAdvanced	START	1644861178791
REQUEST		Open Home Page	1644861178792	1644861178803	OK	 
USER	DemoAdvanced	START	1644861178884
REQUEST		Open Home Page	1644861178884	1644861178895	OK	 
USER	DemoAdvanced	START	1644861178975
REQUEST		Open Home Page	1644861178975	1644861178985	OK	 
USER	DemoAdvanced	START	1644861179067
REQUEST		Open Home Page	1644861179067	1644861179078	OK	 
USER	DemoAdvanced	START	1644861179158
REQUEST		Open Home Page	1644861179158	1644861179169	OK	 
USER	DemoAdvanced	START	1644861179251
REQUEST		Open Home Page	1644861179251	1644861179255	OK	 
USER	DemoAdvanced	START	1644861179341
REQUEST		Open Home Page	1644861179341	1644861179346	OK	 
USER	DemoAdvanced	START	1644861179432
REQUEST		Open Home Page	1644861179433	1644861179437	OK	 
USER	DemoAdvanced	START	1644861179525
REQUEST		Open Home Page	1644861179525	1644861179529	OK	 
REQUEST		Get Find Owners Page	1644861179941	1644861179946	OK	 
REQUEST		Get Find Owners Page	1644861180109	1644861180113	OK	 
REQUEST		Get Find Owners Page	1644861180318	1644861180322	OK	 
REQUEST		Get Find Owners Page	1644861180468	1644861180471	OK	 
REQUEST		Get Find Owners Page	1644861180518	1644861180521	OK	 
USER	DemoAdvanced	START	1644861180524
REQUEST		Open Home Page	1644861180524	1644861180528	OK	 
REQUEST		Get Find Owners Page	1644861180604	1644861180606	OK	 
REQUEST		Get Find Owners Page	1644861180680	1644861180684	OK	 
REQUEST		Get Find Owners Page	1644861180719	1644861180722	OK	 
REQUEST		Get Find Owners Page	1644861180749	1644861180753	OK	 
REQUEST		Get Find Owners Page	1644861180892	1644861180895	OK	 
REQUEST		Get Find Owners Page	1644861181031	1644861181034	OK	 
REQUEST		GET Add Owner	1644861181242	1644861181246	OK	 
REQUEST		Get Find Owners Page	1644861181339	1644861181343	OK	 
REQUEST		GET Add Owner	1644861181489	1644861181493	OK	 
USER	DemoAdvanced	START	1644861181523
REQUEST		Open Home Page	1644861181523	1644861181529	OK	 
REQUEST		GET Add Owner	1644861181575	1644861181579	OK	 
REQUEST		GET Add Owner	1644861181642	1644861181646	OK	 
REQUEST		GET Add Owner	1644861181648	1644861181651	OK	 
REQUEST		GET Add Owner	1644861181774	1644861181777	OK	 
REQUEST		GET Find Owners by Lastname	1644861181824	1644861181828	OK	 
REQUEST		GET Owners Info	1644861181835	1644861181840	OK	 
REQUEST		GET Find Owners by Lastname	1644861182064	1644861182072	OK	 
REQUEST		GET Owners Info	1644861182074	1644861182082	OK	 
REQUEST		GET Add Owner	1644861182127	1644861182130	OK	 
REQUEST		Get Find Owners Page	1644861182415	1644861182419	OK	 
REQUEST		POST Add Owner	1644861182414	1644861182419	OK	 
REQUEST		Get Owners Info	1644861182421	1644861182428	OK	 
USER	DemoAdvanced	START	1644861182523
REQUEST		Open Home Page	1644861182523	1644861182528	OK	 
REQUEST		POST Add Owner	1644861182585	1644861182589	OK	 
REQUEST		Get Owners Info	1644861182589	1644861182599	OK	 
REQUEST		GET Find Owners by Lastname	1644861182686	1644861182691	OK	 
REQUEST		GET Owners Info	1644861182693	1644861182702	OK	 
REQUEST		POST Add Owner	1644861182875	1644861182880	OK	 
REQUEST		Get Owners Info	1644861182880	1644861182886	OK	 
REQUEST		GET Add Owner	1644861182906	1644861182909	OK	 
REQUEST		GET Add Owner	1644861182906	1644861182909	OK	 
REQUEST		POST Add Owner	1644861182934	1644861182938	OK	 
REQUEST		Get Owners Info	1644861182938	1644861182944	OK	 
REQUEST		Get Find Owners Page	1644861182994	1644861182998	OK	 
REQUEST		POST Add Owner	1644861183116	1644861183120	OK	 
REQUEST		Get Owners Info	1644861183120	1644861183126	OK	 
REQUEST		POST Add Owner	1644861183315	1644861183319	OK	 
REQUEST		Get Owners Info	1644861183319	1644861183324	OK	 
REQUEST		GET Open Edit Owner Page	1644861183362	1644861183366	OK	 
USER	DemoAdvanced	START	1644861183523
REQUEST		Open Home Page	1644861183523	1644861183529	OK	 
REQUEST		POST Add Owner	1644861183568	1644861183571	OK	 
REQUEST		Get Owners Info	1644861183572	1644861183578	OK	 
REQUEST		GET Open Edit Owner Page	1644861183636	1644861183640	OK	 
REQUEST		GET Add Pet	1644861183689	1644861183695	OK	 
REQUEST		GET Open Edit Owner Page	1644861183835	1644861183838	OK	 
REQUEST		GET Find Owners by Lastname	1644861183848	1644861183853	OK	 
REQUEST		GET Owners Info	1644861183854	1644861183859	OK	 
REQUEST		GET Add Pet	1644861183908	1644861183912	OK	 
REQUEST		POST Add Owner	1644861183923	1644861183931	OK	 
REQUEST		Get Owners Info	1644861183931	1644861183942	OK	 
REQUEST		Get Find Owners Page	1644861183944	1644861183947	OK	 
REQUEST		POST Add Owner	1644861184163	1644861184166	OK	 
REQUEST		Get Owners Info	1644861184167	1644861184175	OK	 
REQUEST		GET Add Pet	1644861184411	1644861184416	OK	 
REQUEST		GET Add Owner	1644861184425	1644861184427	OK	 
REQUEST		POST Update Owner	1644861184491	1644861184496	OK	 
REQUEST		GET Owners Info	1644861184498	1644861184504	OK	 
USER	DemoAdvanced	START	1644861184524
REQUEST		Open Home Page	1644861184524	1644861184530	OK	 
REQUEST		Get Find Owners Page	1644861184782	1644861184785	OK	 
REQUEST		GET Add Pet	1644861184941	1644861184946	OK	 
REQUEST		GET Add Pet	1644861185115	1644861185119	OK	 
REQUEST		GET Add Owner	1644861185130	1644861185135	OK	 
REQUEST		GET Add Pet	1644861185314	1644861185320	OK	 
REQUEST		POST Update Owner	1644861185328	1644861185331	OK	 
REQUEST		GET Owners Info	1644861185332	1644861185337	OK	 
REQUEST		GET Open Edit Owner Page	1644861185432	1644861185438	OK	 
REQUEST		GET Add Pet	1644861185515	1644861185519	OK	 
USER	DemoAdvanced	START	1644861185524
REQUEST		Open Home Page	1644861185524	1644861185533	OK	 
REQUEST		POST Add Owner	1644861185548	1644861185552	OK	 
REQUEST		Get Owners Info	1644861185553	1644861185558	OK	 
REQUEST		POST Update Owner	1644861185593	1644861185597	OK	 
REQUEST		GET Owners Info	1644861185598	1644861185605	OK	 
REQUEST		POST Add Pet	1644861185630	1644861185637	OK	 
REQUEST		Get Owners Info	1644861185638	1644861185645	OK	 
REQUEST		GET Add Pet	1644861185689	1644861185694	OK	 
REQUEST		POST Add Pet	1644861185708	1644861185713	OK	 
REQUEST		Get Owners Info	1644861185714	1644861185722	OK	 
REQUEST		GET Add Pet	1644861185742	1644861185746	OK	 
REQUEST		Get Find Owners Page	1644861185796	1644861185798	OK	 
REQUEST		POST Add Pet	1644861185848	1644861185858	OK	 
REQUEST		Get Owners Info	1644861185859	1644861185865	OK	 
REQUEST		GET Vets List	1644861186095	1644861186099	OK	 
REQUEST		POST Add Pet	1644861186193	1644861186197	OK	 
REQUEST		Get Owners Info	1644861186198	1644861186207	OK	 
REQUEST		POST Add Owner	1644861186332	1644861186335	OK	 
REQUEST		Get Owners Info	1644861186336	1644861186340	OK	 
REQUEST		GET Find Owners by Lastname	1644861186441	1644861186453	OK	 
REQUEST		GET Owners Info	1644861186454	1644861186458	OK	 
USER	DemoAdvanced	START	1644861186522
REQUEST		Open Home Page	1644861186522	1644861186526	OK	 
REQUEST		POST Update Owner	1644861186799	1644861186802	OK	 
REQUEST		GET Owners Info	1644861186803	1644861186807	OK	 
REQUEST		GET Add Pet	1644861186916	1644861186920	OK	 
REQUEST		POST Add Pet	1644861186956	1644861186961	OK	 
REQUEST		Get Owners Info	1644861186962	1644861186967	OK	 
REQUEST		GET Vets List	1644861187026	1644861187029	OK	 
REQUEST		POST Add Pet	1644861187064	1644861187069	OK	 
REQUEST		Get Owners Info	1644861187070	1644861187074	OK	 
REQUEST		POST Add Pet	1644861187116	1644861187121	OK	 
REQUEST		Get Owners Info	1644861187121	1644861187126	OK	 
REQUEST		GET Edit Pet Page	1644861187214	1644861187219	OK	 
REQUEST		Get Find Owners Page	1644861187339	1644861187344	OK	 
REQUEST		GET Edit Pet Page	1644861187339	1644861187346	OK	 
REQUEST		GET Vets List	1644861187468	1644861187471	OK	 
REQUEST		POST Add Pet	1644861187468	1644861187472	OK	 
REQUEST		Get Owners Info	1644861187473	1644861187477	OK	 
USER	DemoAdvanced	START	1644861187524
REQUEST		GET Edit Pet Page	1644861187523	1644861187530	OK	 
REQUEST		Open Home Page	1644861187524	1644861187531	OK	 
REQUEST		POST Add Pet	1644861187642	1644861187650	OK	 
REQUEST		GET Add Owner	1644861187647	1644861187650	OK	 
REQUEST		Get Owners Info	1644861187651	1644861187659	OK	 
REQUEST		Get Find Owners Page	1644861187853	1644861187855	OK	 
USER	DemoAdvanced	END	1644861187966
USER	DemoAdvanced	START	1644861187967
REQUEST		Open Home Page	1644861187967	1644861187971	OK	 
REQUEST		GET Edit Pet Page	1644861188047	1644861188053	OK	 
REQUEST		GET Add Pet	1644861188174	1644861188182	OK	 
REQUEST		POST Add Pet	1644861188181	1644861188186	OK	 
REQUEST		Get Owners Info	1644861188186	1644861188193	OK	 
REQUEST		GET Vets List	1644861188254	1644861188257	OK	 
REQUEST		GET Open Edit Owner Page	1644861188430	1644861188438	OK	 
REQUEST		GET Edit Pet Page	1644861188564	1644861188570	OK	 
REQUEST		GET Edit Pet Page	1644861188614	1644861188618	OK	 
USER	DemoAdvanced	END	1644861188658
REQUEST		GET Edit Pet Page	1644861188836	1644861188841	OK	 
USER	DemoAdvanced	END	1644861188850
REQUEST		POST Edit Pet Name	1644861188908	1644861188913	OK	 
REQUEST		GET Owners Info	1644861188913	1644861188924	OK	 
REQUEST		GET Add Owner	1644861188924	1644861188926	OK	 
REQUEST		Get Find Owners Page	1644861188985	1644861188988	OK	 
REQUEST		GET Edit Pet Page	1644861189049	1644861189053	OK	 
REQUEST		POST Edit Pet Name	1644861189092	1644861189097	OK	 
REQUEST		GET Owners Info	1644861189098	1644861189103	OK	 
REQUEST		Get Find Owners Page	1644861189122	1644861189125	OK	 
REQUEST		POST Edit Pet Name	1644861189182	1644861189188	OK	 
REQUEST		GET Owners Info	1644861189188	1644861189192	OK	 
REQUEST		POST Add Owner	1644861189225	1644861189228	OK	 
REQUEST		Get Owners Info	1644861189229	1644861189233	OK	 
REQUEST		GET Edit Pet Page	1644861189252	1644861189258	OK	 
REQUEST		GET Add Owner	1644861189290	1644861189293	OK	 
REQUEST		GET Edit Pet Page	1644861189617	1644861189622	OK	 
USER	DemoAdvanced	END	1644861189684
REQUEST		POST Edit Pet Name	1644861189717	1644861189723	OK	 
REQUEST		GET Owners Info	1644861189723	1644861189732	OK	 
REQUEST		POST Edit Pet Name	1644861189856	1644861189862	OK	 
REQUEST		GET Owners Info	1644861189862	1644861189867	OK	 
REQUEST		POST Add Pet	1644861189950	1644861189954	OK	 
REQUEST		Get Owners Info	1644861189954	1644861189960	OK	 
REQUEST		POST Edit Pet Name	1644861189983	1644861189987	OK	 
REQUEST		GET Owners Info	1644861189987	1644861189992	OK	 
REQUEST		POST Edit Pet Name	1644861190158	1644861190166	OK	 
REQUEST		GET Owners Info	1644861190166	1644861190174	OK	 
REQUEST		GET Add Owner	1644861190277	1644861190282	OK	 
REQUEST		POST Edit Pet Name	1644861190302	1644861190310	OK	 
REQUEST		GET Owners Info	1644861190310	1644861190317	OK	 
REQUEST		POST Update Owner	1644861190376	1644861190381	OK	 
REQUEST		GET Owners Info	1644861190381	1644861190386	OK	 
REQUEST		GET Add new visit	1644861190375	1644861190387	OK	 
REQUEST		GET Add Owner	1644861190553	1644861190557	OK	 
REQUEST		POST Add Owner	1644861190682	1644861190685	OK	 
REQUEST		Get Owners Info	1644861190686	1644861190693	OK	 
REQUEST		GET Add new visit	1644861190875	1644861190881	OK	 
REQUEST		POST Add Owner	1644861190914	1644861190919	OK	 
REQUEST		Get Owners Info	1644861190919	1644861190928	OK	 
REQUEST		POST Edit Pet Name	1644861190942	1644861190948	OK	 
REQUEST		GET Owners Info	1644861190949	1644861190963	OK	 
REQUEST		GET Add Pet	1644861191093	1644861191098	OK	 
REQUEST		GET Edit Pet Page	1644861191129	1644861191162	OK	 
REQUEST		GET Add new visit	1644861191135	1644861191167	OK	 
REQUEST		GET Add new visit	1644861191216	1644861191223	OK	 
REQUEST		GET Add new visit	1644861191294	1644861191298	OK	 
REQUEST		POST Edit Pet Name	1644861191500	1644861191539	OK	 
REQUEST		GET Owners Info	1644861191540	1644861191560	OK	 
REQUEST		GET Vets List	1644861191553	1644861191562	OK	 
REQUEST		POST Add Owner	1644861191614	1644861191620	OK	 
REQUEST		Get Owners Info	1644861191621	1644861191626	OK	 
REQUEST		GET Add new visit	1644861191651	1644861191656	OK	 
REQUEST		POST Add new visit	1644861191872	1644861191877	OK	 
REQUEST		GET Owners Info	1644861191877	1644861191883	OK	 
REQUEST		GET Add new visit	1644861191944	1644861191950	OK	 
REQUEST		GET Add new visit	1644861191980	1644861191990	OK	 
REQUEST		POST Add Owner	1644861192053	1644861192057	OK	 
REQUEST		Get Owners Info	1644861192058	1644861192064	OK	 
REQUEST		POST Add new visit	1644861192290	1644861192298	OK	 
REQUEST		GET Owners Info	1644861192299	1644861192312	OK	 
REQUEST		POST Add Pet	1644861192364	1644861192371	OK	 
REQUEST		Get Owners Info	1644861192372	1644861192383	OK	 
REQUEST		GET Add new visit	1644861192380	1644861192389	OK	 
REQUEST		POST Add new visit	1644861192462	1644861192466	OK	 
REQUEST		GET Owners Info	1644861192467	1644861192474	OK	 
REQUEST		GET Add Pet	1644861192479	1644861192487	OK	 
REQUEST		POST Add new visit	1644861192543	1644861192550	OK	 
REQUEST		GET Owners Info	1644861192550	1644861192557	OK	 
USER	DemoAdvanced	END	1644861192645
REQUEST		POST Add new visit	1644861192708	1644861192713	OK	 
REQUEST		GET Owners Info	1644861192713	1644861192721	OK	 
REQUEST		POST Add new visit	1644861192716	1644861192725	OK	 
REQUEST		GET Owners Info	1644861192725	1644861192732	OK	 
REQUEST		GET Add new visit	1644861192761	1644861192766	OK	 
REQUEST		GET Add Pet	1644861192784	1644861192789	OK	 
REQUEST		POST Edit Pet Name	1644861192867	1644861192872	OK	 
REQUEST		GET Owners Info	1644861192872	1644861192877	OK	 
USER	DemoAdvanced	END	1644861193353
REQUEST		GET Add Pet	1644861193417	1644861193421	OK	 
USER	DemoAdvanced	END	1644861193462
REQUEST		POST Add Pet	1644861193611	1644861193616	OK	 
REQUEST		Get Owners Info	1644861193617	1644861193621	OK	 
REQUEST		POST Add new visit	1644861193768	1644861193773	OK	 
REQUEST		GET Owners Info	1644861193773	1644861193779	OK	 
USER	DemoAdvanced	END	1644861193827
REQUEST		POST Add new visit	1644861193832	1644861193839	OK	 
REQUEST		POST Add new visit	1644861193837	1644861193841	OK	 
REQUEST		GET Owners Info	1644861193839	1644861193849	OK	 
REQUEST		GET Owners Info	1644861193842	1644861193854	OK	 
REQUEST		GET Edit Pet Page	1644861193936	1644861193940	OK	 
REQUEST		GET Add Pet	1644861193955	1644861193960	OK	 
REQUEST		POST Add new visit	1644861194009	1644861194013	OK	 
REQUEST		GET Owners Info	1644861194014	1644861194019	OK	 
USER	DemoAdvanced	END	1644861194255
USER	DemoAdvanced	END	1644861194414
REQUEST		POST Add Pet	1644861194490	1644861194498	OK	 
REQUEST		Get Owners Info	1644861194499	1644861194505	OK	 
USER	DemoAdvanced	END	1644861194534
REQUEST		GET Add new visit	1644861194741	1644861194748	OK	 
USER	DemoAdvanced	END	1644861195011
REQUEST		POST Add Pet	1644861195155	1644861195160	OK	 
REQUEST		Get Owners Info	1644861195160	1644861195166	OK	 
REQUEST		POST Edit Pet Name	1644861195231	1644861195238	OK	 
REQUEST		GET Owners Info	1644861195239	1644861195249	OK	 
REQUEST		GET Edit Pet Page	1644861195361	1644861195366	OK	 
USER	DemoAdvanced	END	1644861195486
REQUEST		GET Edit Pet Page	1644861195546	1644861195550	OK	 
USER	DemoAdvanced	END	1644861195663
USER	DemoAdvanced	END	1644861195695
REQUEST		POST Add Pet	1644861195876	1644861195881	OK	 
REQUEST		Get Owners Info	1644861195882	1644861195889	OK	 
REQUEST		POST Add new visit	1644861196335	1644861196339	OK	 
REQUEST		GET Owners Info	1644861196339	1644861196345	OK	 
REQUEST		POST Edit Pet Name	1644861196502	1644861196507	OK	 
REQUEST		GET Owners Info	1644861196508	1644861196519	OK	 
REQUEST		GET Edit Pet Page	1644861196740	1644861196746	OK	 
REQUEST		POST Edit Pet Name	1644861197017	1644861197025	OK	 
REQUEST		GET Owners Info	1644861197026	1644861197037	OK	 
REQUEST		GET Add new visit	1644861197050	1644861197056	OK	 
USER	DemoAdvanced	END	1644861197536
REQUEST		GET Edit Pet Page	1644861197816	1644861197820	OK	 
REQUEST		GET Add new visit	1644861198243	1644861198250	OK	 
REQUEST		POST Edit Pet Name	1644861198297	1644861198303	OK	 
REQUEST		GET Owners Info	1644861198303	1644861198312	OK	 
REQUEST		GET Add new visit	1644861198433	1644861198440	OK	 
REQUEST		POST Edit Pet Name	1644861198849	1644861198854	OK	 
REQUEST		GET Owners Info	1644861198854	1644861198864	OK	 
REQUEST		POST Add new visit	1644861199043	1644861199047	OK	 
REQUEST		GET Owners Info	1644861199048	1644861199058	OK	 
REQUEST		POST Add new visit	1644861199299	1644861199304	OK	 
REQUEST		GET Owners Info	1644861199304	1644861199314	OK	 
REQUEST		GET Add new visit	1644861199324	1644861199332	OK	 
REQUEST		POST Add new visit	1644861200262	1644861200268	OK	 
REQUEST		GET Owners Info	1644861200269	1644861200279	OK	 
USER	DemoAdvanced	END	1644861200334
REQUEST		GET Add new visit	1644861200334	1644861200345	OK	 
USER	DemoAdvanced	END	1644861200359
REQUEST		POST Add new visit	1644861200931	1644861200940	OK	 
REQUEST		GET Owners Info	1644861200940	1644861200946	OK	 
USER	DemoAdvanced	END	1644861201774
REQUEST		POST Add new visit	1644861201990	1644861201998	OK	 
REQUEST		GET Owners Info	1644861201998	1644861202004	OK	 
USER	DemoAdvanced	END	1644861202690
USER	DemoAdvanced	END	1644861203875
