RUN	demoAdvancedIk.DemoAdvanced	demoadvanced	1644838929039	 	3.6.1
USER	DemoAdvanced	START	1644838929944
REQUEST		request_0	1644838929965	1644838929987	OK	 
REQUEST		request_1	1644838932032	1644838932039	OK	 
REQUEST		request_2	1644838934045	1644838934187	OK	 
REQUEST		request_3	1644838935196	1644838935206	OK	 
REQUEST		request_4	1644838939216	1644838939236	OK	 
REQUEST		request_4 Redirect 1	1644838939241	1644838939425	OK	 
USER	DemoAdvanced	END	1644838940435
USER	DemoAdvanced	START	1644838941936
REQUEST		request_0	1644838941937	1644838941950	OK	 
REQUEST		request_1	1644838943954	1644838943961	OK	 
REQUEST		request_2	1644838945963	1644838945971	OK	 
REQUEST		request_3	1644838946975	1644838946984	OK	 
REQUEST		request_4	1644838950990	1644838951005	OK	 
REQUEST		request_4 Redirect 1	1644838951005	1644838951038	OK	 
USER	DemoAdvanced	END	1644838952043
USER	DemoAdvanced	START	1644838953933
REQUEST		request_0	1644838953934	1644838953949	OK	 
REQUEST		request_1	1644838955951	1644838955962	OK	 
REQUEST		request_2	1644838957966	1644838957976	OK	 
REQUEST		request_3	1644838958983	1644838958993	OK	 
REQUEST		request_4	1644838962997	1644838963005	OK	 
REQUEST		request_4 Redirect 1	1644838963005	1644838963013	OK	 
USER	DemoAdvanced	END	1644838964017
USER	DemoAdvanced	START	1644838965933
REQUEST		request_5	1644838965934	1644838965959	OK	 
REQUEST		request_6	1644838970964	1644838970982	OK	 
REQUEST		request_7	1644838975988	1644838976000	OK	 
USER	DemoAdvanced	START	1644838977933
REQUEST		request_0	1644838977934	1644838977952	OK	 
REQUEST		request_1	1644838979955	1644838979960	OK	 
REQUEST		request_2	1644838981965	1644838981973	OK	 
REQUEST		request_8	1644838982005	1644838982019	OK	 
REQUEST		request_3	1644838982979	1644838982987	OK	 
REQUEST		request_9	1644838985022	1644838985040	OK	 
REQUEST		request_9 Redirect 1	1644838985040	1644838985052	OK	 
REQUEST		request_4	1644838986992	1644838986999	OK	 
REQUEST		request_4 Redirect 1	1644838987000	1644838987013	OK	 
REQUEST		request_10	1644838987058	1644838987068	OK	 
USER	DemoAdvanced	END	1644838988016
REQUEST		request_11	1644838991073	1644838991086	OK	 
REQUEST		request_11 Redirect 1	1644838991087	1644838991096	OK	 
REQUEST		request_12	1644838996098	1644838996104	OK	 
REQUEST		request_13	1644838999106	1644838999114	OK	 
USER	DemoAdvanced	END	1644838999116
