RUN	demoAdvancedIk.DemoAdvanced	demoadvanced	1644859513640	 	3.6.1
USER	DemoAdvanced	START	1644859514721
REQUEST		request_0	1644859514744	1644859514765	OK	 
USER	DemoAdvanced	START	1644859514814
REQUEST		request_0	1644859514814	1644859514827	OK	 
USER	DemoAdvanced	START	1644859514904
REQUEST		request_0	1644859514904	1644859514914	OK	 
USER	DemoAdvanced	START	1644859514997
REQUEST		request_0	1644859514998	1644859515010	OK	 
USER	DemoAdvanced	START	1644859515088
REQUEST		request_0	1644859515088	1644859515099	OK	 
USER	DemoAdvanced	START	1644859515178
REQUEST		request_0	1644859515179	1644859515190	OK	 
USER	DemoAdvanced	START	1644859515275
REQUEST		request_0	1644859515275	1644859515286	OK	 
USER	DemoAdvanced	START	1644859515362
REQUEST		request_0	1644859515363	1644859515375	OK	 
USER	DemoAdvanced	START	1644859515458
REQUEST		request_0	1644859515459	1644859515464	OK	 
USER	DemoAdvanced	START	1644859515550
REQUEST		request_0	1644859515551	1644859515556	OK	 
USER	DemoAdvanced	START	1644859515643
REQUEST		request_0	1644859515643	1644859515648	OK	 
USER	DemoAdvanced	START	1644859515724
REQUEST		request_0	1644859515725	1644859515731	OK	 
USER	DemoAdvanced	START	1644859516724
REQUEST		request_0	1644859516725	1644859516730	OK	 
REQUEST		request_1	1644859516816	1644859516820	OK	 
REQUEST		request_1	1644859516832	1644859516836	OK	 
REQUEST		request_1	1644859516917	1644859516922	OK	 
REQUEST		request_1	1644859517013	1644859517017	OK	 
REQUEST		request_1	1644859517103	1644859517106	OK	 
REQUEST		request_1	1644859517192	1644859517197	OK	 
REQUEST		request_1	1644859517288	1644859517292	OK	 
REQUEST		request_1	1644859517378	1644859517381	OK	 
REQUEST		request_1	1644859517466	1644859517469	OK	 
REQUEST		request_1	1644859517557	1644859517560	OK	 
REQUEST		request_1	1644859517650	1644859517654	OK	 
USER	DemoAdvanced	START	1644859517722
REQUEST		request_0	1644859517722	1644859517726	OK	 
REQUEST		request_1	1644859517736	1644859517738	OK	 
USER	DemoAdvanced	START	1644859518722
REQUEST		request_0	1644859518722	1644859518726	OK	 
REQUEST		request_1	1644859518734	1644859518737	OK	 
REQUEST		request_2	1644859518827	1644859518838	OK	 
REQUEST		request_2	1644859518838	1644859518851	OK	 
REQUEST		request_2	1644859518926	1644859518933	OK	 
REQUEST		request_2	1644859519023	1644859519030	OK	 
REQUEST		request_2	1644859519108	1644859519114	OK	 
REQUEST		request_2	1644859519198	1644859519208	OK	 
REQUEST		request_2	1644859519295	1644859519302	OK	 
REQUEST		request_2	1644859519384	1644859519392	OK	 
REQUEST		request_2	1644859519474	1644859519480	OK	 
REQUEST		request_2	1644859519562	1644859519570	OK	 
REQUEST		request_2	1644859519660	1644859519669	OK	 
USER	DemoAdvanced	START	1644859519723
REQUEST		request_0	1644859519723	1644859519729	OK	 
REQUEST		request_1	1644859519728	1644859519731	OK	 
REQUEST		request_2	1644859519745	1644859519753	OK	 
REQUEST		request_3	1644859519845	1644859519851	OK	 
REQUEST		request_3	1644859519857	1644859519863	OK	 
REQUEST		request_3	1644859519938	1644859519944	OK	 
REQUEST		request_3	1644859520034	1644859520040	OK	 
REQUEST		request_3	1644859520117	1644859520123	OK	 
REQUEST		request_3	1644859520211	1644859520216	OK	 
REQUEST		request_3	1644859520304	1644859520310	OK	 
REQUEST		request_3	1644859520393	1644859520399	OK	 
REQUEST		request_3	1644859520482	1644859520487	OK	 
REQUEST		request_3	1644859520573	1644859520583	OK	 
REQUEST		request_3	1644859520672	1644859520678	OK	 
USER	DemoAdvanced	START	1644859520721
REQUEST		request_0	1644859520721	1644859520726	OK	 
REQUEST		request_1	1644859520731	1644859520733	OK	 
REQUEST		request_2	1644859520743	1644859520749	OK	 
REQUEST		request_3	1644859520757	1644859520762	OK	 
USER	DemoAdvanced	START	1644859521724
REQUEST		request_0	1644859521724	1644859521729	OK	 
REQUEST		request_1	1644859521736	1644859521745	OK	 
REQUEST		request_2	1644859521736	1644859521748	OK	 
REQUEST		request_3	1644859521753	1644859521758	OK	 
USER	DemoAdvanced	START	1644859522724
REQUEST		request_0	1644859522724	1644859522728	OK	 
REQUEST		request_1	1644859522728	1644859522731	OK	 
REQUEST		request_2	1644859522739	1644859522746	OK	 
REQUEST		request_3	1644859522754	1644859522760	OK	 
USER	DemoAdvanced	START	1644859523724
REQUEST		request_0	1644859523724	1644859523730	OK	 
REQUEST		request_1	1644859523734	1644859523736	OK	 
REQUEST		request_3	1644859523751	1644859523757	OK	 
REQUEST		request_2	1644859523751	1644859523758	OK	 
REQUEST		request_4	1644859523859	1644859523865	OK	 
REQUEST		request_4	1644859523866	1644859523871	OK	 
REQUEST		request_4 Redirect 1	1644859523867	1644859523889	OK	 
REQUEST		request_4 Redirect 1	1644859523871	1644859523890	OK	 
REQUEST		request_4	1644859523949	1644859523955	OK	 
REQUEST		request_4 Redirect 1	1644859523955	1644859523969	OK	 
REQUEST		request_4	1644859524042	1644859524047	OK	 
REQUEST		request_4 Redirect 1	1644859524048	1644859524066	OK	 
REQUEST		request_4	1644859524125	1644859524130	OK	 
REQUEST		request_4 Redirect 1	1644859524130	1644859524144	OK	 
REQUEST		request_4	1644859524219	1644859524224	OK	 
REQUEST		request_4 Redirect 1	1644859524225	1644859524239	OK	 
REQUEST		request_4	1644859524312	1644859524320	OK	 
REQUEST		request_4 Redirect 1	1644859524320	1644859524338	OK	 
REQUEST		request_4	1644859524401	1644859524407	OK	 
REQUEST		request_4 Redirect 1	1644859524407	1644859524421	OK	 
REQUEST		request_4	1644859524492	1644859524498	OK	 
REQUEST		request_4 Redirect 1	1644859524498	1644859524512	OK	 
REQUEST		request_4	1644859524585	1644859524590	OK	 
REQUEST		request_4 Redirect 1	1644859524590	1644859524606	OK	 
REQUEST		request_4	1644859524681	1644859524686	OK	 
REQUEST		request_4 Redirect 1	1644859524687	1644859524702	OK	 
REQUEST		request_1	1644859524734	1644859524737	OK	 
REQUEST		request_2	1644859524737	1644859524741	OK	 
REQUEST		request_3	1644859524762	1644859524769	OK	 
REQUEST		request_4	1644859524768	1644859524772	OK	 
REQUEST		request_4 Redirect 1	1644859524772	1644859524790	OK	 
USER	DemoAdvanced	END	1644859524897
USER	DemoAdvanced	END	1644859524897
USER	DemoAdvanced	END	1644859524975
USER	DemoAdvanced	END	1644859525071
USER	DemoAdvanced	END	1644859525145
USER	DemoAdvanced	END	1644859525245
USER	DemoAdvanced	END	1644859525345
USER	DemoAdvanced	END	1644859525427
USER	DemoAdvanced	END	1644859525515
USER	DemoAdvanced	END	1644859525611
USER	DemoAdvanced	END	1644859525707
REQUEST		request_1	1644859525734	1644859525737	OK	 
REQUEST		request_2	1644859525742	1644859525747	OK	 
REQUEST		request_3	1644859525747	1644859525752	OK	 
REQUEST		request_4	1644859525763	1644859525768	OK	 
REQUEST		request_4 Redirect 1	1644859525768	1644859525783	OK	 
USER	DemoAdvanced	END	1644859525795
REQUEST		request_2	1644859526738	1644859526744	OK	 
REQUEST		request_3	1644859526752	1644859526756	OK	 
REQUEST		request_4	1644859526764	1644859526769	OK	 
REQUEST		request_4 Redirect 1	1644859526770	1644859526784	OK	 
USER	DemoAdvanced	END	1644859526785
REQUEST		request_2	1644859527743	1644859527749	OK	 
REQUEST		request_3	1644859527748	1644859527753	OK	 
REQUEST		request_4	1644859527763	1644859527767	OK	 
REQUEST		request_4 Redirect 1	1644859527768	1644859527786	OK	 
USER	DemoAdvanced	END	1644859527790
REQUEST		request_3	1644859528755	1644859528760	OK	 
REQUEST		request_4	1644859528775	1644859528780	OK	 
USER	DemoAdvanced	END	1644859528791
REQUEST		request_4 Redirect 1	1644859528781	1644859528800	OK	 
REQUEST		request_4	1644859529757	1644859529762	OK	 
REQUEST		request_4 Redirect 1	1644859529763	1644859529777	OK	 
USER	DemoAdvanced	END	1644859529806
REQUEST		request_4	1644859530762	1644859530767	OK	 
USER	DemoAdvanced	END	1644859530781
REQUEST		request_4 Redirect 1	1644859530767	1644859530782	OK	 
REQUEST		request_4	1644859531758	1644859531765	OK	 
REQUEST		request_4 Redirect 1	1644859531766	1644859531779	OK	 
USER	DemoAdvanced	END	1644859531786
REQUEST		request_4	1644859532765	1644859532770	OK	 
REQUEST		request_4 Redirect 1	1644859532770	1644859532783	OK	 
USER	DemoAdvanced	END	1644859532785
USER	DemoAdvanced	END	1644859533788
