RUN	demoAdvancedIk.DemoAdvanced	demoadvanced	1644852865624	 	3.6.1
USER	DemoAdvanced	START	1644852866524
USER	DemoAdvanced	START	1644852866616
REQUEST		request_0	1644852866616	1644852866628	KO	xpath((.//h2[contains(text(),'Welcome')],Map())).find.exists preparation crashed: Could not parse response into a DOM Document: n.s.s.t.XPathException: org.xml.sax.SAXParseException; lineNumber: 1; columnNumber: 3; The markup in the document preceding the root element must be well-formed.
REQUEST		request_0	1644852866545	1644852866573	KO	xpath((.//h2[contains(text(),'Welcome')],Map())).find.exists preparation crashed: Could not parse response into a DOM Document: n.s.s.t.XPathException: org.xml.sax.SAXParseException; lineNumber: 1; columnNumber: 3; The markup in the document preceding the root element must be well-formed.
USER	DemoAdvanced	START	1644852866708
REQUEST		request_0	1644852866708	1644852866721	KO	xpath((.//h2[contains(text(),'Welcome')],Map())).find.exists preparation crashed: Could not parse response into a DOM Document: n.s.s.t.XPathException: org.xml.sax.SAXParseException; lineNumber: 1; columnNumber: 3; The markup in the document preceding the root element must be well-formed.
USER	DemoAdvanced	START	1644852866799
REQUEST		request_0	1644852866799	1644852866810	KO	xpath((.//h2[contains(text(),'Welcome')],Map())).find.exists preparation crashed: Could not parse response into a DOM Document: n.s.s.t.XPathException: org.xml.sax.SAXParseException; lineNumber: 1; columnNumber: 3; The markup in the document preceding the root element must be well-formed.
USER	DemoAdvanced	START	1644852866897
REQUEST		request_0	1644852866898	1644852866909	KO	xpath((.//h2[contains(text(),'Welcome')],Map())).find.exists preparation crashed: Could not parse response into a DOM Document: n.s.s.t.XPathException: org.xml.sax.SAXParseException; lineNumber: 1; columnNumber: 3; The markup in the document preceding the root element must be well-formed.
USER	DemoAdvanced	START	1644852866988
REQUEST		request_5	1644852866989	1644852867003	OK	 
USER	DemoAdvanced	START	1644852867080
REQUEST		request_0	1644852867081	1644852867092	KO	xpath((.//h2[contains(text(),'Welcome')],Map())).find.exists preparation crashed: Could not parse response into a DOM Document: n.s.s.t.XPathException: org.xml.sax.SAXParseException; lineNumber: 1; columnNumber: 3; The markup in the document preceding the root element must be well-formed.
USER	DemoAdvanced	START	1644852867176
REQUEST		request_0	1644852867176	1644852867189	KO	xpath((.//h2[contains(text(),'Welcome')],Map())).find.exists preparation crashed: Could not parse response into a DOM Document: n.s.s.t.XPathException: org.xml.sax.SAXParseException; lineNumber: 1; columnNumber: 3; The markup in the document preceding the root element must be well-formed.
USER	DemoAdvanced	START	1644852867270
REQUEST		request_0	1644852867271	1644852867276	KO	xpath((.//h2[contains(text(),'Welcome')],Map())).find.exists preparation crashed: Could not parse response into a DOM Document: n.s.s.t.XPathException: org.xml.sax.SAXParseException; lineNumber: 1; columnNumber: 3; The markup in the document preceding the root element must be well-formed.
USER	DemoAdvanced	START	1644852867358
REQUEST		request_0	1644852867359	1644852867363	KO	xpath((.//h2[contains(text(),'Welcome')],Map())).find.exists preparation crashed: Could not parse response into a DOM Document: n.s.s.t.XPathException: org.xml.sax.SAXParseException; lineNumber: 1; columnNumber: 3; The markup in the document preceding the root element must be well-formed.
USER	DemoAdvanced	START	1644852867451
REQUEST		request_5	1644852867452	1644852867463	OK	 
USER	DemoAdvanced	START	1644852867530
REQUEST		request_0	1644852867530	1644852867535	KO	xpath((.//h2[contains(text(),'Welcome')],Map())).find.exists preparation crashed: Could not parse response into a DOM Document: n.s.s.t.XPathException: org.xml.sax.SAXParseException; lineNumber: 1; columnNumber: 3; The markup in the document preceding the root element must be well-formed.
USER	DemoAdvanced	START	1644852868530
REQUEST		request_0	1644852868530	1644852868535	KO	xpath((.//h2[contains(text(),'Welcome')],Map())).find.exists preparation crashed: Could not parse response into a DOM Document: n.s.s.t.XPathException: org.xml.sax.SAXParseException; lineNumber: 1; columnNumber: 3; The markup in the document preceding the root element must be well-formed.
REQUEST		request_1	1644852868701	1644852868706	OK	 
REQUEST		request_1	1644852868701	1644852868706	OK	 
REQUEST		request_1	1644852868723	1644852868727	OK	 
REQUEST		request_1	1644852868813	1644852868816	OK	 
REQUEST		request_1	1644852868911	1644852868915	OK	 
REQUEST		request_1	1644852869094	1644852869100	OK	 
REQUEST		request_1	1644852869191	1644852869195	OK	 
REQUEST		request_1	1644852869280	1644852869284	OK	 
REQUEST		request_1	1644852869366	1644852869371	OK	 
USER	DemoAdvanced	START	1644852869530
REQUEST		request_0	1644852869530	1644852869537	KO	xpath((.//h2[contains(text(),'Welcome')],Map())).find.exists preparation crashed: Could not parse response into a DOM Document: n.s.s.t.XPathException: org.xml.sax.SAXParseException; lineNumber: 1; columnNumber: 3; The markup in the document preceding the root element must be well-formed.
REQUEST		request_1	1644852869540	1644852869544	OK	 
USER	DemoAdvanced	START	1644852870530
REQUEST		request_0	1644852870530	1644852870537	KO	xpath((.//h2[contains(text(),'Welcome')],Map())).find.exists preparation crashed: Could not parse response into a DOM Document: n.s.s.t.XPathException: org.xml.sax.SAXParseException; lineNumber: 1; columnNumber: 3; The markup in the document preceding the root element must be well-formed.
REQUEST		request_1	1644852870540	1644852870543	OK	 
REQUEST		request_2	1644852870716	1644852870724	OK	 
REQUEST		request_2	1644852870714	1644852870724	OK	 
REQUEST		request_2	1644852870730	1644852870740	OK	 
REQUEST		request_2	1644852870819	1644852870827	OK	 
REQUEST		request_2	1644852870918	1644852870924	OK	 
REQUEST		request_2	1644852871103	1644852871107	OK	 
REQUEST		request_2	1644852871198	1644852871203	OK	 
REQUEST		request_2	1644852871286	1644852871290	OK	 
REQUEST		request_2	1644852871374	1644852871379	OK	 
USER	DemoAdvanced	START	1644852871531
REQUEST		request_0	1644852871532	1644852871537	KO	xpath((.//h2[contains(text(),'Welcome')],Map())).find.exists preparation crashed: Could not parse response into a DOM Document: n.s.s.t.XPathException: org.xml.sax.SAXParseException; lineNumber: 1; columnNumber: 3; The markup in the document preceding the root element must be well-formed.
REQUEST		request_1	1644852871541	1644852871545	OK	 
REQUEST		request_2	1644852871546	1644852871551	OK	 
REQUEST		request_3	1644852871730	1644852871736	OK	 
REQUEST		request_3	1644852871730	1644852871737	OK	 
REQUEST		request_3	1644852871746	1644852871752	OK	 
REQUEST		request_3	1644852871830	1644852871836	OK	 
REQUEST		request_3	1644852871930	1644852871936	OK	 
ERROR	request_6: Failed to build request: No attribute named 'pet_type' is defined 	1644852872033
REQUEST		request_5	1644852872038	1644852872046	OK	 
REQUEST		request_3	1644852872110	1644852872115	OK	 
REQUEST		request_3	1644852872205	1644852872218	OK	 
REQUEST		request_3	1644852872293	1644852872299	OK	 
REQUEST		request_3	1644852872384	1644852872394	OK	 
ERROR	request_6: Failed to build request: No attribute named 'pet_type' is defined 	1644852872470
REQUEST		request_5	1644852872471	1644852872478	OK	 
USER	DemoAdvanced	START	1644852872520
REQUEST		request_5	1644852872520	1644852872528	OK	 
REQUEST		request_1	1644852872542	1644852872545	OK	 
REQUEST		request_2	1644852872546	1644852872554	OK	 
REQUEST		request_3	1644852872554	1644852872559	OK	 
USER	DemoAdvanced	START	1644852873529
REQUEST		request_5	1644852873529	1644852873535	OK	 
REQUEST		request_1	1644852873541	1644852873546	OK	 
REQUEST		request_2	1644852873550	1644852873554	OK	 
REQUEST		request_3	1644852873559	1644852873564	OK	 
USER	DemoAdvanced	START	1644852874530
REQUEST		request_0	1644852874530	1644852874535	KO	xpath((.//h2[contains(text(),'Welcome')],Map())).find.exists preparation crashed: Could not parse response into a DOM Document: n.s.s.t.XPathException: org.xml.sax.SAXParseException; lineNumber: 1; columnNumber: 3; The markup in the document preceding the root element must be well-formed.
REQUEST		request_2	1644852874551	1644852874557	OK	 
REQUEST		request_3	1644852874560	1644852874564	OK	 
USER	DemoAdvanced	START	1644852875530
REQUEST		request_0	1644852875531	1644852875534	KO	xpath((.//h2[contains(text(),'Welcome')],Map())).find.exists preparation crashed: Could not parse response into a DOM Document: n.s.s.t.XPathException: org.xml.sax.SAXParseException; lineNumber: 1; columnNumber: 3; The markup in the document preceding the root element must be well-formed.
REQUEST		request_2	1644852875551	1644852875559	OK	 
REQUEST		request_3	1644852875562	1644852875570	OK	 
REQUEST		request_4	1644852875740	1644852875747	OK	 
REQUEST		request_4	1644852875741	1644852875745	OK	 
REQUEST		request_4 Redirect 1	1644852875748	1644852875759	OK	 
REQUEST		request_4	1644852875754	1644852875764	OK	 
REQUEST		request_4 Redirect 1	1644852875748	1644852875764	OK	 
REQUEST		request_4 Redirect 1	1644852875764	1644852875778	OK	 
REQUEST		request_4	1644852875838	1644852875844	OK	 
REQUEST		request_4 Redirect 1	1644852875845	1644852875854	OK	 
REQUEST		request_4	1644852875939	1644852875944	OK	 
REQUEST		request_4 Redirect 1	1644852875944	1644852875959	OK	 
REQUEST		request_4	1644852876118	1644852876123	OK	 
REQUEST		request_4 Redirect 1	1644852876124	1644852876133	OK	 
REQUEST		request_4	1644852876222	1644852876227	OK	 
REQUEST		request_4 Redirect 1	1644852876228	1644852876236	OK	 
REQUEST		request_4	1644852876302	1644852876307	OK	 
REQUEST		request_4 Redirect 1	1644852876307	1644852876325	OK	 
REQUEST		request_4	1644852876397	1644852876403	OK	 
REQUEST		request_4 Redirect 1	1644852876403	1644852876417	OK	 
REQUEST		request_1	1644852876539	1644852876543	OK	 
REQUEST		request_3	1644852876563	1644852876568	OK	 
REQUEST		request_4	1644852876563	1644852876568	OK	 
REQUEST		request_4 Redirect 1	1644852876569	1644852876581	OK	 
REQUEST		request_0	1644852876761	1644852876765	KO	xpath((.//h2[contains(text(),'Welcome')],Map())).find.exists preparation crashed: Could not parse response into a DOM Document: n.s.s.t.XPathException: org.xml.sax.SAXParseException; lineNumber: 1; columnNumber: 3; The markup in the document preceding the root element must be well-formed.
REQUEST		request_0	1644852876765	1644852876769	KO	xpath((.//h2[contains(text(),'Welcome')],Map())).find.exists preparation crashed: Could not parse response into a DOM Document: n.s.s.t.XPathException: org.xml.sax.SAXParseException; lineNumber: 1; columnNumber: 3; The markup in the document preceding the root element must be well-formed.
REQUEST		request_5	1644852876783	1644852876791	OK	 
REQUEST		request_5	1644852876858	1644852876863	OK	 
REQUEST		request_0	1644852876963	1644852876976	KO	xpath((.//h2[contains(text(),'Welcome')],Map())).find.exists preparation crashed: Could not parse response into a DOM Document: n.s.s.t.XPathException: org.xml.sax.SAXParseException; lineNumber: 1; columnNumber: 3; The markup in the document preceding the root element must be well-formed.
ERROR	request_6: Failed to build request: No attribute named 'pet_type' is defined 	1644852877053
USER	DemoAdvanced	END	1644852877056
REQUEST		request_0	1644852877138	1644852877141	KO	xpath((.//h2[contains(text(),'Welcome')],Map())).find.exists preparation crashed: Could not parse response into a DOM Document: n.s.s.t.XPathException: org.xml.sax.SAXParseException; lineNumber: 1; columnNumber: 3; The markup in the document preceding the root element must be well-formed.
REQUEST		request_5	1644852877240	1644852877246	OK	 
REQUEST		request_0	1644852877327	1644852877337	KO	xpath((.//h2[contains(text(),'Welcome')],Map())).find.exists preparation crashed: Could not parse response into a DOM Document: n.s.s.t.XPathException: org.xml.sax.SAXParseException; lineNumber: 1; columnNumber: 3; The markup in the document preceding the root element must be well-formed.
REQUEST		request_0	1644852877420	1644852877467	KO	xpath((.//h2[contains(text(),'Welcome')],Map())).find.exists preparation crashed: Could not parse response into a DOM Document: n.s.s.t.XPathException: org.xml.sax.SAXParseException; lineNumber: 1; columnNumber: 3; The markup in the document preceding the root element must be well-formed.
ERROR	request_6: Failed to build request: No attribute named 'pet_type' is defined 	1644852877479
USER	DemoAdvanced	END	1644852877480
ERROR	request_6: Failed to build request: No attribute named 'pet_type' is defined 	1644852877530
REQUEST		request_5	1644852877531	1644852877539	OK	 
REQUEST		request_1	1644852877538	1644852877547	OK	 
REQUEST		request_4	1644852877568	1644852877574	OK	 
REQUEST		request_4 Redirect 1	1644852877574	1644852877583	OK	 
REQUEST		request_0	1644852877586	1644852877589	KO	xpath((.//h2[contains(text(),'Welcome')],Map())).find.exists preparation crashed: Could not parse response into a DOM Document: n.s.s.t.XPathException: org.xml.sax.SAXParseException; lineNumber: 1; columnNumber: 3; The markup in the document preceding the root element must be well-formed.
ERROR	request_6: Failed to build request: No attribute named 'pet_type' is defined 	1644852878538
REQUEST		request_5	1644852878538	1644852878546	OK	 
REQUEST		request_2	1644852878544	1644852878549	OK	 
REQUEST		request_4	1644852878567	1644852878573	OK	 
REQUEST		request_4 Redirect 1	1644852878574	1644852878584	OK	 
REQUEST		request_0	1644852878585	1644852878587	KO	xpath((.//h2[contains(text(),'Welcome')],Map())).find.exists preparation crashed: Could not parse response into a DOM Document: n.s.s.t.XPathException: org.xml.sax.SAXParseException; lineNumber: 1; columnNumber: 3; The markup in the document preceding the root element must be well-formed.
REQUEST		request_1	1644852878768	1644852878771	OK	 
REQUEST		request_1	1644852878771	1644852878773	OK	 
REQUEST		request_1	1644852878979	1644852878984	OK	 
REQUEST		request_1	1644852879148	1644852879153	OK	 
REQUEST		request_1	1644852879342	1644852879345	OK	 
REQUEST		request_1	1644852879470	1644852879473	OK	 
REQUEST		request_2	1644852879551	1644852879558	OK	 
REQUEST		request_3	1644852879554	1644852879560	OK	 
REQUEST		request_4	1644852879574	1644852879581	OK	 
REQUEST		request_0	1644852879588	1644852879590	KO	xpath((.//h2[contains(text(),'Welcome')],Map())).find.exists preparation crashed: Could not parse response into a DOM Document: n.s.s.t.XPathException: org.xml.sax.SAXParseException; lineNumber: 1; columnNumber: 3; The markup in the document preceding the root element must be well-formed.
REQUEST		request_4 Redirect 1	1644852879581	1644852879597	OK	 
REQUEST		request_1	1644852879595	1644852879600	OK	 
REQUEST		request_3	1644852880562	1644852880568	OK	 
REQUEST		request_4	1644852880572	1644852880578	OK	 
REQUEST		request_4 Redirect 1	1644852880578	1644852880587	OK	 
REQUEST		request_1	1644852880589	1644852880591	OK	 
REQUEST		request_0	1644852880599	1644852880601	KO	