RUN	demoAdvancedIk.DemoAdvanced	demoadvanced	1644861731015	 	3.6.1
USER	DemoAdvanced	START	1644861731927
REQUEST		Open Home Page	1644861731946	1644861731966	OK	 
USER	DemoAdvanced	START	1644861732127
REQUEST		Open Home Page	1644861732127	1644861732140	OK	 
USER	DemoAdvanced	START	1644861732329
REQUEST		Open Home Page	1644861732329	1644861732340	OK	 
USER	DemoAdvanced	START	1644861732532
REQUEST		Open Home Page	1644861732533	1644861732543	OK	 
USER	DemoAdvanced	START	1644861732731
REQUEST		Open Home Page	1644861732732	1644861732743	OK	 
REQUEST		Get Find Owners Page	1644861733104	1644861733109	OK	 
REQUEST		Get Find Owners Page	1644861733501	1644861733504	OK	 
REQUEST		Get Find Owners Page	1644861733778	1644861733781	OK	 
REQUEST		Get Find Owners Page	1644861734141	1644861734144	OK	 
REQUEST		Get Find Owners Page	1644861734337	1644861734340	OK	 
REQUEST		GET Add Owner	1644861734467	1644861734471	OK	 
REQUEST		GET Add Owner	1644861735146	1644861735150	OK	 
REQUEST		GET Add Owner	1644861735188	1644861735191	OK	 
REQUEST		GET Find Owners by Lastname	1644861735277	1644861735282	OK	 
REQUEST		GET Owners Info	1644861735290	1644861735298	OK	 
REQUEST		GET Add Owner	1644861735731	1644861735735	OK	 
REQUEST		POST Add Owner	1644861735930	1644861735934	OK	 
REQUEST		Get Owners Info	1644861735935	1644861735941	OK	 
REQUEST		GET Open Edit Owner Page	1644861736308	1644861736313	OK	 
REQUEST		POST Add Owner	1644861736794	1644861736798	OK	 
REQUEST		Get Owners Info	1644861736799	1644861736805	OK	 
REQUEST		POST Add Owner	1644861737069	1644861737073	OK	 
REQUEST		Get Owners Info	1644861737074	1644861737080	OK	 
REQUEST		GET Add Pet	1644861737415	1644861737420	OK	 
REQUEST		POST Add Owner	1644861737536	1644861737539	OK	 
REQUEST		Get Owners Info	1644861737539	1644861737545	OK	 
REQUEST		POST Update Owner	1644861738312	1644861738317	OK	 
REQUEST		GET Owners Info	1644861738317	1644861738327	OK	 
REQUEST		GET Add Pet	1644861738561	1644861738566	OK	 
REQUEST		GET Add Pet	1644861738627	1644861738632	OK	 
REQUEST		GET Add Pet	1644861738750	1644861738756	OK	 
REQUEST		POST Add Pet	1644861739166	1644861739172	OK	 
REQUEST		Get Owners Info	1644861739173	1644861739179	OK	 
REQUEST		GET Vets List	1644861739414	1644861739418	OK	 
REQUEST		POST Add Pet	1644861739804	1644861739817	OK	 
REQUEST		Get Owners Info	1644861739818	1644861739825	OK	 
REQUEST		POST Add Pet	1644861740055	1644861740060	OK	 
REQUEST		Get Owners Info	1644861740062	1644861740070	OK	 
REQUEST		POST Add Pet	1644861740288	1644861740293	OK	 
REQUEST		Get Owners Info	1644861740294	1644861740300	OK	 
REQUEST		Open Home Page	1644861740544	1644861740548	OK	 
REQUEST		GET Edit Pet Page	1644861740872	1644861740879	OK	 
REQUEST		GET Edit Pet Page	1644861741074	1644861741080	OK	 
REQUEST		Get Find Owners Page	1644861741627	1644861741632	OK	 
REQUEST		GET Edit Pet Page	1644861741649	1644861741660	OK	 
REQUEST		POST Edit Pet Name	1644861742054	1644861742060	OK	 
REQUEST		GET Owners Info	1644861742060	1644861742070	OK	 
REQUEST		GET Edit Pet Page	1644861742127	1644861742132	OK	 
REQUEST		POST Edit Pet Name	1644861742311	1644861742315	OK	 
REQUEST		GET Owners Info	1644861742316	1644861742322	OK	 
USER	DemoAdvanced	START	1644861742930
REQUEST		Open Home Page	1644861742931	1644861742942	OK	 
REQUEST		GET Add Owner	1644861742977	1644861742982	OK	 
REQUEST		POST Edit Pet Name	1644861743177	1644861743184	OK	 
REQUEST		GET Owners Info	1644861743184	1644861743193	OK	 
REQUEST		GET Add new visit	1644861743216	1644861743224	OK	 
REQUEST		POST Edit Pet Name	1644861744037	1644861744044	OK	 
REQUEST		GET Owners Info	1644861744044	1644861744051	OK	 
REQUEST		GET Add new visit	1644861744236	1644861744244	OK	 
REQUEST		Get Find Owners Page	1644861744307	1644861744309	OK	 
REQUEST		POST Add Owner	1644861744597	1644861744616	OK	 
REQUEST		Get Owners Info	1644861744616	1644861744625	OK	 
REQUEST		GET Add new visit	1644861744685	1644861744697	OK	 
REQUEST		POST Add new visit	1644861745063	1644861745068	OK	 
REQUEST		GET Owners Info	1644861745068	1644861745076	OK	 
REQUEST		POST Add new visit	1644861745264	1644861745269	OK	 
REQUEST		GET Owners Info	1644861745269	1644861745278	OK	 
REQUEST		GET Add new visit	1644861746002	1644861746009	OK	 
REQUEST		GET Add Owner	1644861746178	1644861746184	OK	 
REQUEST		GET Add Pet	1644861746241	1644861746247	OK	 
REQUEST		Open Home Page	1644861746459	1644861746463	OK	 
REQUEST		Open Home Page	1644861746530	1644861746533	OK	 
REQUEST		POST Add new visit	1644861746647	1644861746651	OK	 
REQUEST		GET Owners Info	1644861746652	1644861746658	OK	 
REQUEST		POST Add Owner	1644861747492	1644861747495	OK	 
REQUEST		Get Owners Info	1644861747495	1644861747502	OK	 
REQUEST		POST Add Pet	1644861747822	1644861747828	OK	 
REQUEST		Get Owners Info	1644861747829	1644861747836	OK	 
REQUEST		POST Add new visit	1644861747898	1644861747903	OK	 
REQUEST		GET Owners Info	1644861747904	1644861747910	OK	 
REQUEST		Get Find Owners Page	1644861747994	1644861747997	OK	 
REQUEST		Get Find Owners Page	1644861748013	1644861748016	OK	 
REQUEST		Open Home Page	1644861748187	1644861748190	OK	 
REQUEST		GET Edit Pet Page	1644861748942	1644861748949	OK	 
REQUEST		GET Find Owners by Lastname	1644861749180	1644861749187	OK	 
REQUEST		GET Owners Info	1644861749188	1644861749196	OK	 
REQUEST		GET Add Pet	1644861749471	1644861749476	OK	 
REQUEST		Open Home Page	1644861749753	1644861749756	OK	 
REQUEST		GET Find Owners by Lastname	1644861749886	1644861749891	OK	 
REQUEST		GET Owners Info	1644861749892	1644861749900	OK	 
REQUEST		Get Find Owners Page	1644861749904	1644861749907	OK	 
REQUEST		POST Edit Pet Name	1644861750189	1644861750198	OK	 
REQUEST		GET Owners Info	1644861750199	1644861750207	OK	 
REQUEST		GET Open Edit Owner Page	1644861750459	1644861750464	OK	 
REQUEST		GET Add Owner	1644861750962	1644861750966	OK	 
REQUEST		GET Open Edit Owner Page	1644861751017	1644861751023	OK	 
REQUEST		POST Add Pet	1644861751094	1644861751101	OK	 
REQUEST		Get Owners Info	1644861751102	1644861751113	OK	 
REQUEST		Get Find Owners Page	1644861751601	1644861751604	OK	 
REQUEST		POST Update Owner	1644861751601	1644861751606	OK	 
REQUEST		GET Owners Info	1644861751607	1644861751620	OK	 
REQUEST		GET Add new visit	1644861751703	1644861751710	OK	 
REQUEST		POST Add Owner	1644861752052	1644861752056	OK	 
REQUEST		Get Owners Info	1644861752056	1644861752062	OK	 
REQUEST		GET Edit Pet Page	1644861752251	1644861752256	OK	 
REQUEST		POST Update Owner	1644861752653	1644861752657	OK	 
REQUEST		GET Owners Info	1644861752658	1644861752668	OK	 
REQUEST		GET Add Owner	1644861753467	1644861753471	OK	 
REQUEST		GET Vets List	1644861753495	1644861753498	OK	 
REQUEST		POST Add new visit	1644861753683	1644861753689	OK	 
REQUEST		GET Owners Info	1644861753689	1644861753697	OK	 
REQUEST		POST Edit Pet Name	1644861753840	1644861753845	OK	 
REQUEST		GET Owners Info	1644861753846	1644861753852	OK	 
REQUEST		GET Add Pet	1644861753950	1644861753955	OK	 
REQUEST		GET Vets List	1644861754095	1644861754098	OK	 
REQUEST		POST Add Owner	1644861754631	1644861754635	OK	 
REQUEST		Get Owners Info	1644861754636	1644861754643	OK	 
REQUEST		Open Home Page	1644861754850	1644861754853	OK	 
REQUEST		GET Add new visit	1644861754888	1644861754896	OK	 
USER	DemoAdvanced	START	1644861754931
REQUEST		Open Home Page	1644861754932	1644861754943	OK	 
REQUEST		POST Add Pet	1644861755284	1644861755290	OK	 
REQUEST		Get Owners Info	1644861755291	1644861755298	OK	 
REQUEST		Open Home Page	1644861755447	1644861755451	OK	 
REQUEST		Open Home Page	1644861755680	1644861755682	OK	 
REQUEST		GET Add Pet	1644861756053	1644861756056	OK	 
REQUEST		Get Find Owners Page	1644861756254	1644861756257	OK	 
REQUEST		Get Find Owners Page	1644861756417	1644861756420	OK	 
REQUEST		GET Edit Pet Page	1644861756425	1644861756429	OK	 
REQUEST		POST Add new visit	1644861756606	1644861756610	OK	 
REQUEST		GET Owners Info	1644861756611	1644861756617	OK	 
REQUEST		Get Find Owners Page	1644861757120	1644861757123	OK	 
REQUEST		Get Find Owners Page	1644861757178	1644861757182	OK	 
REQUEST		GET Add Owner	1644861757693	1644861757697	OK	 
REQUEST		GET Add Owner	1644861757952	1644861757955	OK	 
REQUEST		POST Edit Pet Name	1644861757952	1644861757958	OK	 
REQUEST		GET Owners Info	1644861757958	1644861757967	OK	 
REQUEST		POST Add Pet	1644861757968	1644861757973	OK	 
REQUEST		Get Owners Info	1644861757974	1644861757987	OK	 
REQUEST		Open Home Page	1644861757993	1644861757995	OK	 
REQUEST		GET Add Owner	1644861758785	1644861758787	OK	 
REQUEST		GET Add Owner	1644861758823	1644861758827	OK	 
REQUEST		POST Add Owner	1644861759019	1644861759021	OK	 
REQUEST		Get Owners Info	1644861759022	1644861759028	OK	 
REQUEST		GET Edit Pet Page	1644861759215	1644861759221	OK	 
REQUEST		POST Add Owner	1644861759462	1644861759465	OK	 
REQUEST		Get Owners Info	1644861759465	1644861759474	OK	 
REQUEST		Get Find Owners Page	1644861759650	1644861759652	OK	 
REQUEST		GET Add new visit	1644861759668	1644861759677	OK	 
REQUEST		POST Add Owner	1644861760002	1644861760005	OK	 
REQUEST		Get Owners Info	1644861760005	1644861760012	OK	 
REQUEST		GET Add Pet	1644861760317	1644861760322	OK	 
REQUEST		POST Edit Pet Name	1644861760391	1644861760400	OK	 
REQUEST		GET Owners Info	1644861760401	1644861760408	OK	 
REQUEST		GET Add Pet	1644861760477	1644861760482	OK	 
REQUEST		POST Add Owner	1644861760702	1644861760705	OK	 
REQUEST		Get Owners Info	1644861760705	1644861760713	OK	 
REQUEST		GET Find Owners by Lastname	1644861760895	1644861760901	OK	 
REQUEST		GET Owners Info	1644861760903	1644861760913	OK	 
REQUEST		POST Add new visit	1644861761178	1644861761183	OK	 
REQUEST		GET Owners Info	1644861761184	1644861761192	OK	 
REQUEST		GET Add Pet	1644861761194	1644861761199	OK	 
REQUEST		POST Add Pet	1644861761905	1644861761910	OK	 
REQUEST		Get Owners Info	1644861761910	1644861761917	OK	 
REQUEST		GET Add new visit	1644861762024	1644861762031	OK	 
REQUEST		Open Home Page	1644861762247	1644861762251	OK	 
REQUEST		GET Add Pet	1644861762380	1644861762397	OK	 
REQUEST		POST Add Pet	1644861762441	1644861762449	OK	 
REQUEST		Get Owners Info	1644861762449	1644861762462	OK	 
REQUEST		GET Open Edit Owner Page	1644861762566	1644861762572	OK	 
REQUEST		POST Add Pet	1644861762804	1644861762809	OK	 
REQUEST		Get Owners Info	1644861762810	1644861762822	OK	 
REQUEST		GET Edit Pet Page	1644861763036	1644861763048	OK	 
REQUEST		POST Add new visit	1644861763169	1644861763174	OK	 
REQUEST		GET Owners Info	1644861763174	1644861763180	OK	 
REQUEST		Get Find Owners Page	1644861763400	1644861763405	OK	 
REQUEST		POST Update Owner	1644861763607	1644861763618	OK	 
REQUEST		GET Owners Info	1644861763619	1644861763635	OK	 
REQUEST		GET Edit Pet Page	1644861764035	1644861764040	OK	 
REQUEST		POST Add Pet	1644861764194	1644861764198	OK	 
REQUEST		Get Owners Info	1644861764199	1644861764211	OK	 
REQUEST		GET Edit Pet Page	1644861764274	1644861764279	OK	 
REQUEST		POST Edit Pet Name	1644861764716	1644861764723	OK	 
REQUEST		GET Owners Info	1644861764723	1644861764730	OK	 
REQUEST		GET Vets List	1644861764783	1644861764787	OK	 
REQUEST		Open Home Page	1644861764899	1644861764902	OK	 
REQUEST		GET Add Owner	1644861765103	1644861765108	OK	 
REQUEST		POST Edit Pet Name	1644861765593	1644861765599	OK	 
REQUEST		GET Owners Info	1644861765599	1644861765606	OK	 
REQUEST		POST Edit Pet Name	1644861765871	1644861765877	OK	 
REQUEST		GET Owners Info	1644861765878	1644861765884	OK	 
REQUEST		GET Edit Pet Page	1644861766078	1644861766085	OK	 
REQUEST		Get Find Owners Page	1644861766105	1644861766108	OK	 
REQUEST		Open Home Page	1644861766150	1644861766153	OK	 
REQUEST		GET Add new visit	1644861766205	1644861766215	OK	 
REQUEST		POST Add Owner	1644861766355	1644861766358	OK	 
REQUEST		Get Owners Info	1644861766358	1644861766364	OK	 
USER	DemoAdvanced	START	1644861766929
REQUEST		Open Home Page	1644861766929	1644861766949	OK	 
REQUEST		GET Add new visit	1644861767008	1644861767018	OK	 
REQUEST		POST Add new visit	1644861767366	1644861767372	OK	 
REQUEST		GET Owners Info	1644861767372	1644861767383	OK	 
REQUEST		POST Edit Pet Name	1644861767385	1644861767394	OK	 
REQUEST		GET Owners Info	1644861767395	1644861767408	OK	 
REQUEST		GET Add new visit	1644861767545	1644861767554	OK	 
REQUEST		GET Add Pet	1644861767810	1644861767816	OK	 
REQUEST		GET Add Owner	1644861767835	1644861767840	OK	 
REQUEST		Get Find Owners Page	1644861767920	1644861767925	OK	 
REQUEST		POST Add new visit	1644861768226	1644861768231	OK	 
REQUEST		GET Owners Info	1644861768231	1644861768241	OK	 
REQUEST		Get Find Owners Page	1644861768272	1644861768277	OK	 
REQUEST		GET Add new visit	1644861768618	1644861768625	OK	 
REQUEST		Open Home Page	1644861769015	1644861769018	OK	 
REQUEST		POST Add new visit	1644861769023	1644861769030	OK	 
REQUEST		POST Add Pet	1644861769025	1644861769033	OK	 
REQUEST		GET Owners Info	1644861769030	1644861769038	OK	 
REQUEST		Get Owners Info	1644861769034	1644861769043	OK	 
REQUEST		POST Add Owner	1644861769508	1644861769511	OK	 
REQUEST		Get Owners Info	1644861769512	1644861769519	OK	 
REQUEST		POST Add new visit	1644861769833	1644861769838	OK	 
REQUEST		GET Owners Info	1644861769839	1644861769846	OK	 
REQUEST		GET Add Owner	1644861769865	1644861769869	OK	 
REQUEST		Open Home Page	1644861769993	1644861769996	OK	 
REQUEST		GET Add Owner	1644861770180	1644861770183	OK	 
REQUEST		Open Home Page	1644861770409	1644861770412	OK	 
REQUEST		GET Edit Pet Page	1644861770426	1644861770434	OK	 
REQUEST		Get Find Owners Page	1644861770862	1644861770865	OK	 
REQUEST		POST Add Owner	1644861771115	1644861771118	OK	 
REQUEST		Get Owners Info	1644861771119	1644861771126	OK	 
REQUEST		GET Add Pet	1644861771342	1644861771346	OK	 
REQUEST		Open Home Page	1644861771569	1644861771573	OK	 
REQUEST		POST Edit Pet Name	1644861771677	1644861771683	OK	 
REQUEST		GET Owners Info	1644861771683	1644861771691	OK	 
REQUEST		POST Add Owner	1644861771695	1644861771698	OK	 
REQUEST		Get Owners Info	1644861771699	1644861771705	OK	 
REQUEST		Get Find Owners Page	1644861771816	1644861771819	OK	 
REQUEST		Get Find Owners Page	1644861772346	1644861772350	OK	 
REQUEST		GET Find Owners by Lastname	1644861772435	1644861772440	OK	 
REQUEST		GET Owners Info	1644861772441	1644861772456	OK	 
REQUEST		GET Add Pet	1644861772527	1644861772533	OK	 
REQUEST		GET Add new visit	1644861772774	1644861772783	OK	 
REQUEST		POST Add Pet	1644861772982	1644861772994	OK	 
REQUEST		Get Owners Info	1644861772995	1644861773002	OK	 
REQUEST		GET Add Pet	1644861773159	1644861773165	OK	 
REQUEST		GET Add Owner	1644861773436	1644861773439	OK	 
REQUEST		Get Find Owners Page	1644861773488	1644861773495	OK	 
REQUEST		POST Add new visit	1644861773802	1644861773807	OK	 
REQUEST		GET Owners Info	1644861773808	1644861773814	OK	 
REQUEST		GET Open Edit Owner Page	1644861773964	1644861773969	OK	 
REQUEST		GET Edit Pet Page	1644861774182	1644861774186	OK	 
REQUEST		POST Add Pet	1644861774221	1644861774227	OK	 
REQUEST		Get Owners Info	1644861774227	1644861774236	OK	 
REQUEST		GET Add Owner	1644861774333	1644861774336	OK	 
REQUEST		POST Add Pet	1644861774437	1644861774443	OK	 
REQUEST		Get Owners Info	1644861774443	1644861774450	OK	 
REQUEST		POST Add Owner	1644861774679	1644861774684	OK	 
REQUEST		Get Owners Info	1644861774684	1644861774691	OK	 
REQUEST		Open Home Page	1644861774955	1644861774958	OK	 
REQUEST		GET Add Owner	1644861775143	1644861775147	OK	 
REQUEST		POST Add Owner	1644861775508	1644861775512	OK	 
REQUEST		Get Owners Info	1644861775513	1644861775520	OK	 
REQUEST		GET Edit Pet Page	1644861775607	1644861775613	OK	 
REQUEST		POST Edit Pet Name	1644861775904	1644861775910	OK	 
REQUEST		GET Owners Info	1644861775910	1644861775918	OK	 
REQUEST		POST Update Owner	1644861775961	1644861775968	OK	 
REQUEST		GET Owners Info	1644861775968	1644861775975	OK	 
REQUEST		GET Edit Pet Page	1644861776023	1644861776030	OK	 
REQUEST		POST Add Owner	1644861776285	1644861776290	OK	 
REQUEST		Get Owners Info	1644861776291	1644861776302	OK	 
REQUEST		Get Find Owners Page	1644861776367	1644861776372	OK	 
REQUEST		GET Add Pet	1644861776689	1644861776693	OK	 
REQUEST		GET Vets List	1644861777075	1644861777078	OK	 
REQUEST		GET Add new visit	1644861777117	1644861777125	OK	 
REQUEST		GET Add Pet	1644861777235	1644861777240	OK	 
REQUEST		POST Edit Pet Name	1644861777350	1644861777355	OK	 
REQUEST		GET Owners Info	1644861777355	1644861777363	OK	 
REQUEST		POST Edit Pet Name	1644861777498	1644861777503	OK	 
REQUEST		GET Owners Info	1644861777504	1644861777516	OK	 
REQUEST		POST Add Pet	1644861777735	1644861777741	OK	 
REQUEST		Get Owners Info	1644861777742	1644861777750	OK	 
REQUEST		GET Add Owner	1644861777967	1644861777970	OK	 
REQUEST		GET Add Pet	1644861778058	1644861778062	OK	 
REQUEST		POST Add new visit	1644861778553	1644861778557	OK	 
REQUEST		GET Owners Info	1644861778558	1644861778565	OK	 
REQUEST		POST Add Pet	1644861778685	1644861778692	OK	 
REQUEST		Get Owners Info	1644861778692	1644861778700	OK	 
REQUEST		GET Add new visit	1644861778695	1644861778704	OK	 
REQUEST		Open Home Page	1644861778723	1644861778727	OK	 
USER	DemoAdvanced	START	1644861778931
REQUEST		Open Home Page	1644861778931	1644861778936	OK	 
REQUEST		GET Add new visit	1644861778967	1644861778974	OK	 
REQUEST		POST Add Owner	1644861779239	1644861779242	OK	 
REQUEST		Get Owners Info	1644861779242	1644861779250	OK	 
REQUEST		GET Edit Pet Page	1644861779689	1644861779695	OK	 
REQUEST		POST Add Pet	1644861779774	1644861779780	OK	 
REQUEST		Get Owners Info	1644861779781	1644861779787	OK	 
REQUEST		Open Home Page	1644861780245	1644861780248	OK	 
REQUEST		POST Add new visit	1644861780402	1644861780411	OK	 
REQUEST		Get Find Owners Page	1644861780420	1644861780423	OK	 
REQUEST		GET Owners Info	1644861780412	1644861780424	OK	 
REQUEST		GET Edit Pet Page	1644861780446	1644861780451	OK	 
REQUEST		GET Add Pet	1644861780464	1644861780469	OK	 
REQUEST		POST Add new visit	1644861780633	1644861780639	OK	 
REQUEST		GET Owners Info	1644861780639	1644861780646	OK	 
REQUEST		Get Find Owners Page	1644861780683	1644861780686	OK	 
REQUEST		POST Edit Pet Name	1644861781305	1644861781311	OK	 
REQUEST		GET Owners Info	1644861781311	1644861781319	OK	 
REQUEST		GET Edit Pet Page	1644861781372	1644861781376	OK	 
REQUEST		POST Add Pet	1644861782059	1644861782064	OK	 
REQUEST		Get Owners Info	1644861782064	1644861782072	OK	 
REQUEST		Get Find Owners Page	1644861782103	1644861782106	OK	 
REQUEST		Open Home Page	1644861782109	1644861782111	OK	 
REQUEST		POST Edit Pet Name	1644861782135	1644861782140	OK	 
REQUEST		GET Add Owner	1644861782139	1644861782142	OK	 
REQUEST		GET Owners Info	1644861782140	1644861782148	OK	 
REQUEST		GET Add Owner	1644861782343	1644861782346	OK	 
REQUEST		Open Home Page	1644861782362	1644861782366	OK	 
REQUEST		POST Edit Pet Name	1644861782398	1644861782404	OK	 
REQUEST		GET Owners Info	1644861782404	1644861782410	OK	 
REQUEST		GET Add new visit	1644861782985	1644861782993	OK	 
REQUEST		POST Add Owner	1644861783515	1644861783520	OK	 
REQUEST		Get Owners Info	1644861783520	1644861783531	OK	 
REQUEST		GET Add new visit	1644861783567	1644861783575	OK	 
REQUEST		Get Find Owners Page	1644861783593	1644861783596	OK	 
REQUEST		GET Edit Pet Page	1644861783630	1644861783638	OK	 
REQUEST		GET Find Owners by Lastname	1644861783647	1644861783653	OK	 
REQUEST		GET Owners Info	1644861783654	1644861783665	OK	 
REQUEST		Get Find Owners Page	1644861783718	1644861783721	OK	 
REQUEST		POST Add Owner	1644861783764	1644861783768	OK	 
REQUEST		Get Owners Info	1644861783769	1644861783777	OK	 
REQUEST		GET Add new visit	1644861783890	1644861783899	OK	 
REQUEST		POST Add new visit	1644861784303	1644861784309	OK	 
REQUEST		GET Owners Info	1644861784309	1644861784316	OK	 
REQUEST		GET Open Edit Owner Page	1644861784751	1644861784756	OK	 
REQUEST		POST Add new visit	1644861785021	1644861785027	OK	 
REQUEST		GET Owners Info	1644861785028	1644861785037	OK	 
REQUEST		GET Add Owner	1644861785247	1644861785249	OK	 
REQUEST		GET Add Pet	1644861785297	1644861785302	OK	 
REQUEST		POST Edit Pet Name	1644861785315	1644861785321	OK	 
REQUEST		GET Owners Info	1644861785321	1644861785329	OK	 
REQUEST		Open Home Page	1644861785378	1644861785382	OK	 
REQUEST		GET Find Owners by Lastname	1644861785576	1644861785581	OK	 
REQUEST		GET Owners Info	1644861785582	1644861785590	OK	 
REQUEST		GET Add Pet	1644861785606	1644861785612	OK	 
REQUEST		POST Add new visit	1644861785673	1644861785683	OK	 
REQUEST		GET Owners Info	1644861785683	1644861785694	OK	 
REQUEST		POST Update Owner	1644861785954	1644861785958	OK	 
REQUEST		GET Owners Info	1644861785958	1644861785967	OK	 
REQUEST		Open Home Page	1644861786595	1644861786609	OK	 
REQUEST		Get Find Owners Page	1644861786681	1644861786697	OK	 
REQUEST		GET Add new visit	1644861786792	1644861786801	OK	 
REQUEST		Open Home Page	1644861786983	1644861786985	OK	 
REQUEST		POST Add Owner	1644861787016	1644861787019	OK	 
REQUEST		Get Owners Info	1644861787019	1644861787026	OK	 
REQUEST		POST Add Pet	1644861787041	1644861787050	OK	 
REQUEST		Get Owners Info	1644861787050	1644861787057	OK	 
REQUEST		POST Add Pet	1644861787083	1644861787088	OK	 
REQUEST		Get Owners Info	1644861787088	1644861787098	OK	 
REQUEST		GET Open Edit Owner Page	1644861787343	1644861787348	OK	 
REQUEST		GET Vets List	1644861787710	1644861787714	OK	 
REQUEST		Get Find Owners Page	1644861788196	1644861788198	OK	 
REQUEST		GET Edit Pet Page	1644861788192	1644861788199	OK	 
REQUEST		POST Add new visit	1644861788272	1644861788276	OK	 
REQUEST		GET Owners Info	1644861788277	1644861788286	OK	 
REQUEST		GET Add Owner	1644861788372	1644861788375	OK	 
REQUEST		Get Find Owners Page	1644861788414	1644861788416	OK	 
REQUEST		POST Update Owner	1644861788608	1644861788611	OK	 
REQUEST		GET Owners Info	1644861788612	1644861788619	OK	 
REQUEST		GET Edit Pet Page	1644861788734	1644861788738	OK	 
REQUEST		Open Home Page	1644861788810	1644861788812	OK	 
REQUEST		GET Add Pet	1644861788841	1644861788846	OK	 
REQUEST		POST Edit Pet Name	1644861789436	1644861789443	OK	 
REQUEST		GET Owners Info	1644861789444	1644861789455	OK	 
REQUEST		GET Find Owners by Lastname	1644861789680	1644861789686	OK	 
REQUEST		GET Owners Info	1644861789687	1644861789695	OK	 
REQUEST		GET Vets List	1644861789757	1644861789760	OK	 
REQUEST		GET Add Owner	1644861789761	1644861789764	OK	 
REQUEST		POST Edit Pet Name	1644861789818	1644861789824	OK	 
REQUEST		GET Owners Info	1644861789825	1644861789833	OK	 
REQUEST		POST Add Pet	1644861789945	1644861789950	OK	 
REQUEST		Get Owners Info	1644861789951	1644861789959	OK	 
REQUEST		POST Add Owner	1644861790126	1644861790129	OK	 
REQUEST		Get Owners Info	1644861790130	1644861790144	OK	 
REQUEST		Open Home Page	1644861790164	1644861790166	OK	 
REQUEST		Get Find Owners Page	1644861790619	1644861790622	OK	 
REQUEST		GET Add new visit	1644861790833	1644861790844	OK	 
USER	DemoAdvanced	START	1644861790929
REQUEST		Open Home Page	1644861790930	1644861790934	OK	 
REQUEST		GET Edit Pet Page	1644861791174	1644861791181	OK	 
REQUEST		GET Open Edit Owner Page	1644861791449	1644861791453	OK	 
REQUEST		GET Add new visit	1644861791509	1644861791516	OK	 
REQUEST		POST Add Owner	1644861791687	1644861791690	OK	 
REQUEST		GET Add Owner	1644861791687	1644861791690	OK	 
REQUEST		Get Owners Info	1644861791690	1644861791698	OK	 
REQUEST		Get Find Owners Page	1644861791740	1644861791743	OK	 
REQUEST		Open Home Page	1644861791759	1644861791763	OK	 
REQUEST		GET Add Pet	1644861791819	1644861791824	OK	 
REQUEST		Get Find Owners Page	1644861792188	1644861792191	OK	 
REQUEST		POST Add new visit	1644861792530	1644861792535	OK	 
REQUEST		POST Update Owner	1644861792539	1644861792544	OK	 
REQUEST		GET Owners Info	1644861792535	1644861792544	OK	 
REQUEST		GET Owners Info	1644861792544	1644861792553	OK	 
REQUEST		POST Add new visit	1644861792750	1644861792754	OK	 
REQUEST		GET Owners Info	1644861792755	1644861792762	OK	 
REQUEST		POST Add Owner	1644861792985	1644861792988	OK	 
REQUEST		Get Owners Info	1644861792989	1644861792998	OK	 
REQUEST		POST Add Pet	1644861793038	1644861793045	OK	 
REQUEST		Get Owners Info	1644861793045	1644861793053	OK	 
REQUEST		POST Edit Pet Name	1644861793070	1644861793076	OK	 
REQUEST		GET Owners Info	1644861793077	1644861793084	OK	 
REQUEST		GET Add Pet	1644861793372	1644861793377	OK	 
REQUEST		GET Find Owners by Lastname	1644861793383	1644861793387	OK	 
REQUEST		GET Owners Info	1644861793388	1644861793401	OK	 
REQUEST		Get Find Owners Page	1644861793402	1644861793404	OK	 
REQUEST		GET Add Owner	1644861793669	1644861793671	OK	 
REQUEST		Open Home Page	1644861793746	1644861793748	OK	 
REQUEST		GET Vets List	1644861793899	1644861793903	OK	 
USER	DemoAdvanced	END	1644861794054
REQUEST		GET Add new visit	1644861794583	1644861794593	OK	 
REQUEST		POST Add Pet	1644861794632	1644861794638	OK	 
REQUEST		Get Owners Info	1644861794639	1644861794649	OK	 
REQUEST		GET Add Owner	1644861794652	1644861794655	OK	 
REQUEST		GET Edit Pet Page	1644861794922	1644861794928	OK	 
REQUEST		GET Add Pet	1644861794979	1644861794986	OK	 
REQUEST		POST Add Owner	1644861795207	1644861795211	OK	 
REQUEST		Open Home Page	1644861795214	1644861795217	OK	 
REQUEST		Get Owners Info	1644861795212	1644861795222	OK	 
REQUEST		GET Open Edit Owner Page	1644861795312	1644861795317	OK	 
REQUEST		Get Find Owners Page	1644861795733	1644861795735	OK	 
REQUEST		GET Edit Pet Page	1644861795835	1644861795841	OK	 
REQUEST		GET Add Pet	1644861796233	1644861796237	OK	 
REQUEST		POST Edit Pet Name	1644861796347	1644861796354	OK	 
REQUEST		GET Owners Info	1644861796355	1644861796367	OK	 
REQUEST		POST Add Owner	1644861796412	1644861796415	OK	 
REQUEST		Get Owners Info	1644861796416	1644861796424	OK	 
REQUEST		POST Update Owner	1644861796456	1644861796460	OK	 
REQUEST		GET Owners Info	1644861796460	1644861796468	OK	 
REQUEST		POST Add new visit	1644861796570	1644861796574	OK	 
REQUEST		GET Owners Info	1644861796574	1644861796581	OK	 
REQUEST		Get Find Owners Page	1644861796628	1644861796631	OK	 
REQUEST		POST Add Pet	1644861796745	1644861796749	OK	 
REQUEST		Get Owners Info	1644861796750	1644861796757	OK	 
REQUEST		GET Add Owner	1644861797546	1644861797549	OK	 
REQUEST		POST Edit Pet Name	1644861797678	1644861797687	OK	 
REQUEST		GET Owners Info	1644861797688	1644861797695	OK	 
REQUEST		GET Edit Pet Page	1644861797839	1644861797845	OK	 
REQUEST		GET Vets List	1644861797957	1644861797960	OK	 
REQUEST		GET Add new visit	1644861798058	1644861798068	OK	 
REQUEST		GET Add Pet	1644861798108	1644861798111	OK	 
REQUEST		POST Add Pet	1644861798222	1644861798227	OK	 
REQUEST		Get Owners Info	1644861798227	1644861798235	OK	 
REQUEST		Open Home Page	1644861798296	1644861798299	OK	 
REQUEST		GET Add Owner	1644861798412	1644861798417	OK	 
REQUEST		Get Find Owners Page	1644861799316	1644861799318	OK	 
REQUEST		GET Add new visit	1644861799366	1644861799375	OK	 
REQUEST		POST Add Owner	1644861799387	1644861799390	OK	 
REQUEST		Get Owners Info	1644861799390	1644861799401	OK	 
REQUEST		POST Edit Pet Name	1644861799553	1644861799559	OK	 
REQUEST		GET Edit Pet Page	1644861799564	1644861799568	OK	 
REQUEST		GET Owners Info	1644861799559	1644861799569	OK	 
REQUEST		POST Add Pet	1644861799605	1644861799610	OK	 
REQUEST		Get Owners Info	1644861799611	1644861799621	OK	 
REQUEST		Open Home Page	1644861799752	1644861799755	OK	 
REQUEST		POST Add new visit	1644861799845	1644861799849	OK	 
REQUEST		GET Owners Info	1644861799849	1644861799856	OK	 
REQUEST		POST Add Owner	1644861800206	1644861800209	OK	 
REQUEST		Get Owners Info	1644861800209	1644861800216	OK	 
REQUEST		GET Add Pet	1644861800558	1644861800562	OK	 
REQUEST		POST Add new visit	1644861800942	1644861800949	OK	 
REQUEST		GET Owners Info	1644861800949	1644861800960	OK	 
REQUEST		GET Add Owner	1644861801036	1644861801038	OK	 
REQUEST		GET Add new visit	1644861801234	1644861801242	OK	 
REQUEST		Get Find Owners Page	1644861801407	1644861801411	OK	 
REQUEST		GET Edit Pet Page	1644861801426	1644861801435	OK	 
USER	DemoAdvanced	END	1644861801505
REQUEST		POST Edit Pet Name	1644861801500	1644861801509	OK	 
REQUEST		GET Owners Info	1644861801509	1644861801520	OK	 
REQUEST		POST Add Pet	1644861801960	1644861801970	OK	 
REQUEST		GET Add Pet	1644861801962	1644861801973	OK	 
REQUEST		Get Owners Info	1644861801972	1644861801979	OK	 
REQUEST		POST Add Owner	1644861802500	1644861802504	OK	 
REQUEST		Get Owners Info	1644861802505	1644861802514	OK	 
REQUEST		POST Add new visit	1644861802601	1644861802605	OK	 
REQUEST		GET Owners Info	1644861802606	1644861802623	OK	 
USER	DemoAdvanced	END	1644861802948
REQUEST		GET Add Owner	1644861803217	1644861803221	OK	 
REQUEST		GET Edit Pet Page	1644861803274	1644861803280	OK	 
REQUEST		POST Edit Pet Name	1644861803288	1644861803293	OK	 
REQUEST		GET Owners Info	1644861803293	1644861803302	OK	 
REQUEST		GET Add new visit	1644861803480	1644861803491	OK	 
REQUEST		POST Add Pet	1644861803504	1644861803511	OK	 
REQUEST		Get Owners Info	1644861803512	1644861803525	OK	 
REQUEST		GET Add Pet	1644861803780	1644861803786	OK	 
USER	DemoAdvanced	END	1644861804553
REQUEST		GET Edit Pet Page	1644861804626	1644861804632	OK	 
REQUEST		GET Add new visit	1644861804662	1644861804672	OK	 
REQUEST		POST Add new visit	1644861804723	1644861804729	OK	 
REQUEST		GET Owners Info	1644861804729	1644861804738	OK	 
REQUEST		POST Add Owner	1644861804814	1644861804817	OK	 
REQUEST		Get Owners Info	1644861804818	1644861804825	OK	 
REQUEST		POST Add Pet	1644861805241	1644861805246	OK	 
REQUEST		Get Owners Info	1644861805247	1644861805255	OK	 
REQUEST		POST Edit Pet Name	1644861805248	1644861805258	OK	 
REQUEST		GET Owners Info	1644861805258	1644861805272	OK	 
REQUEST		POST Edit Pet Name	1644861805748	1644861805754	OK	 
REQUEST		GET Owners Info	1644861805754	1644861805763	OK	 
REQUEST		POST Add new visit	1644861805944	1644861805950	OK	 
REQUEST		GET Owners Info	1644861805950	1644861805961	OK	 
USER	DemoAdvanced	END	1644861806252
REQUEST		GET Edit Pet Page	1644861806386	1644861806393	OK	 
REQUEST		GET Add Pet	1644861806790	1644861806796	OK	 
REQUEST		GET Add new visit	1644861806995	1644861807003	OK	 
REQUEST		Open Home Page	1644861807269	1644861807273	OK	 
REQUEST		GET Add new visit	1644861807382	1644861807393	OK	 
REQUEST		POST Edit Pet Name	1644861807508	1644861807514	OK	 
REQUEST		GET Owners Info	1644861807515	1644861807523	OK	 
REQUEST		POST Add Pet	1644861808067	1644861808073	OK	 
REQUEST		Get Owners Info	1644861808073	1644861808081	OK	 
REQUEST		POST Add new visit	1644861808470	1644861808474	OK	 
REQUEST		GET Owners Info	1644861808475	1644861808489	OK	 
REQUEST		POST Add new visit	1644861808891	1644861808895	OK	 
REQUEST		GET Add new visit	1644861808890	1644861808901	OK	 
REQUEST		GET Owners Info	1644861808895	1644861808908	OK	 
REQUEST		GET Edit Pet Page	1644861809179	1644861809184	OK	 
REQUEST		Get Find Owners Page	1644861809259	1644861809262	OK	 
REQUEST		Open Home Page	1644861809874	1644861809876	OK	 
REQUEST		Open Home Page	1644861809977	1644861809980	OK	 
REQUEST		POST Edit Pet Name	1644861810394	1644861810400	OK	 
REQUEST		GET Owners Info	1644861810400	1644861810412	OK	 
REQUEST		POST Add new visit	1644861810478	1644861810486	OK	 
REQUEST		GET Owners Info	1644861810486	1644861810497	OK	 
REQUEST		GET Add Owner	1644861810555	1644861810560	OK	 
REQUEST		Get Find Owners Page	1644861811193	1644861811196	OK	 
REQUEST		POST Add Owner	1644861811652	1644861811655	OK	 
REQUEST		Get Owners Info	1644861811655	1644861811664	OK	 
USER	DemoAdvanced	END	1644861811806
REQUEST		Get Find Owners Page	1644861811816	1644861811818	OK	 
REQUEST		GET Add new visit	1644861812053	1644861812067	OK	 
REQUEST		GET Find Owners by Lastname	1644861813097	1644861813104	OK	 
REQUEST		GET Owners Info	1644861813104	1644861813112	OK	 
REQUEST		GET Add Pet	1644861813340	1644861813346	OK	 
REQUEST		GET Add Owner	1644861813610	1644861813615	OK	 
REQUEST		POST Add new visit	1644861813630	1644861813636	OK	 
REQUEST		GET Owners Info	1644861813636	1644861813647	OK	 
REQUEST		GET Open Edit Owner Page	1644861814348	1644861814353	OK	 
REQUEST		POST Add Owner	1644861814923	1644861814930	OK	 
REQUEST		Get Owners Info	1644861814931	1644861814940	OK	 
REQUEST		POST Add Pet	1644861814990	1644861814995	OK	 
REQUEST		Get Owners Info	1644861814996	1644861815005	OK	 
REQUEST		Open Home Page	1644861815406	1644861815408	OK	 
REQUEST		POST Update Owner	1644861815565	1644861815570	OK	 
REQUEST		GET Owners Info	1644861815571	1644861815579	OK	 
REQUEST		GET Edit Pet Page	1644861816012	1644861816020	OK	 
REQUEST		GET Add Pet	1644861816356	1644861816362	OK	 
REQUEST		Get Find Owners Page	1644861816913	1644861816917	OK	 
REQUEST		GET Vets List	1644861817338	1644861817341	OK	 
REQUEST		POST Add Pet	1644861817575	1644861817582	OK	 
REQUEST		Get Owners Info	1644861817583	1644861817591	OK	 
REQUEST		POST Edit Pet Name	1644861817755	1644861817760	OK	 
REQUEST		GET Owners Info	1644861817760	1644861817768	OK	 
REQUEST		GET Find Owners by Lastname	1644861818357	1644861818367	OK	 
REQUEST		GET Owners Info	1644861818368	1644861818381	OK	 
USER	DemoAdvanced	END	1644861818439
REQUEST		GET Edit Pet Page	1644861819027	1644861819032	OK	 
REQUEST		GET Add new visit	1644861819601	1644861819612	OK	 
REQUEST		GET Open Edit Owner Page	1644861820122	1644861820128	OK	 
REQUEST		POST Edit Pet Name	1644861820826	1644861820833	OK	 
REQUEST		GET Owners Info	1644861820833	1644861820841	OK	 
REQUEST		POST Add new visit	1644861821061	1644861821065	OK	 
REQUEST		GET Owners Info	1644861821066	1644861821078	OK	 
REQUEST		POST Update Owner	1644861822027	1644861822032	OK	 
REQUEST		GET Owners Info	1644861822032	1644861822041	OK	 
REQUEST		Open Home Page	1644861822149	1644861822154	OK	 
REQUEST		GET Add new visit	1644861822444	1644861822454	OK	 
REQUEST		GET Vets List	1644861823046	1644861823049	OK	 
REQUEST		Get Find Owners Page	1644861823221	1644861823224	OK	 
REQUEST		GET Add Owner	1644861824293	1644861824297	OK	 
REQUEST		POST Add new visit	1644861824411	1644861824419	OK	 
REQUEST		Open Home Page	1644861824419	1644861824426	OK	 
REQUEST		GET Owners Info	1644861824419	1644861824428	OK	 
REQUEST		Get Find Owners Page	1644861825858	1644861825861	OK	 
REQUEST		POST Add Owner	1644861826086	1644861826089	OK	 
REQUEST		Get Owners Info	1644861826089	1644861826103	OK	 
REQUEST		Open Home Page	1644861826353	1644861826356	OK	 
REQUEST		GET Add Pet	1644861827446	1644861827457	OK	 
REQUEST		GET Find Owners by Lastname	1644861827461	1644861827469	OK	 
REQUEST		GET Owners Info	1644861827470	1644861827480	OK	 
REQUEST		Get Find Owners Page	1644861827609	1644861827614	OK	 
REQUEST		POST Add Pet	1644861828519	1644861828524	OK	 
REQUEST		Get Owners Info	1644861828524	1644861828533	OK	 
REQUEST		GET Open Edit Owner Page	1644861829200	1644861829206	OK	 
REQUEST		GET Add Owner	1644861829410	1644861829412	OK	 
REQUEST		GET Edit Pet Page	1644861830297	1644861830302	OK	 
REQUEST		POST Update Owner	1644861830646	1644861830650	OK	 
REQUEST		GET Owners Info	1644861830651	1644861830664	OK	 
REQUEST		POST Add Owner	1644861831080	1644861831083	OK	 
REQUEST		Get Owners Info	1644861831083	1644861831092	OK	 
REQUEST		POST Edit Pet Name	1644861831870	1644861831876	OK	 
REQUEST		GET Owners Info	1644861831876	1644861831885	OK	 
REQUEST		GET Vets List	1644861832303	1644861832308	OK	 
REQUEST		GET Add Pet	1644861832863	1644861832869	OK	 
REQUEST		GET Add new visit	1644861833565	1644861833575	OK	 
REQUEST		Open Home Page	1644861834112	1644861834116	OK	 
REQUEST		POST Add Pet	1644861834641	1644861834648	OK	 
REQUEST		Get Owners Info	1644861834649	1644861834673	OK	 
REQUEST		POST Add new visit	1644861835268	1644861835273	OK	 
REQUEST		GET Owners Info	1644861835274	1644861835281	OK	 
REQUEST		Get Find Owners Page	1644861835554	1644861835559	OK	 
REQUEST		GET Edit Pet Page	1644861836010	1644861836015	OK	 
REQUEST		GET Add Owner	1644861836958	1644861836961	OK	 
USER	DemoAdvanced	END	1644861837081
REQUEST		POST Edit Pet Name	1644861837135	1644861837140	OK	 
REQUEST		GET Owners Info	1644861837140	1644861837149	OK	 
REQUEST		GET Add new visit	1644861838929	1644861838940	OK	 
REQUEST		POST Add Owner	1644861838960	1644861838964	OK	 
REQUEST		Get Owners Info	1644861838964	1644861838973	OK	 
REQUEST		GET Add Pet	1644861840102	1644861840107	OK	 
REQUEST		POST Add new visit	1644861840232	1644861840238	OK	 
REQUEST		GET Owners Info	1644861840238	1644861840247	OK	 
USER	DemoAdvanced	END	1644861841570
REQUEST		POST Add Pet	1644861842076	1644861842081	OK	 
REQUEST		Get Owners Info	1644861842082	1644861842090	OK	 
REQUEST		GET Edit Pet Page	1644861843433	1644861843439	OK	 
REQUEST		POST Edit Pet Name	1644861845133	1644861845139	OK	 
REQUEST		GET Owners Info	1644861845139	1644861845148	OK	 
REQUEST		GET Add new visit	1644861846660	1644861846674	OK	 
REQUEST		POST Add new visit	1644861847866	1644861847871	OK	 
REQUEST		GET Owners Info	1644861847872	1644861847884	OK	 
REQUEST		Open Home Page	1644861849541	1644861849545	OK	 
REQUEST		Get Find Owners Page	1644861851366	1644861851370	OK	 
REQUEST		GET Add Owner	1644861853162	1644861853166	OK	 
REQUEST		POST Add Owner	1644861854568	1644861854570	OK	 
REQUEST		Get Owners Info	1644861854571	1644861854581	OK	 
REQUEST		GET Add Pet	1644861855776	1644861855781	OK	 
REQUEST		POST Add Pet	1644861857323	1644861857329	OK	 
REQUEST		Get Owners Info	1644861857330	1644861857338	OK	 
REQUEST		GET Edit Pet Page	1644861859199	1644861859205	OK	 
REQUEST		POST Edit Pet Name	1644861860328	1644861860334	OK	 
REQUEST		GET Owners Info	1644861860335	1644861860344	OK	 
REQUEST		GET Add new visit	1644861862297	1644861862309	OK	 
REQUEST		POST Add new visit	1644861863381	1644861863385	OK	 
REQUEST		GET Owners Info	1644861863385	1644861863394	OK	 
USER	DemoAdvanced	END	1644861865110
