RUN	demoAdvancedIk.DemoAdvanced	demoadvanced	1644862252243	 	3.6.1
USER	DemoAdvanced	START	1644862253283
REQUEST		Open Home Page	1644862253309	1644862253334	OK	 
USER	DemoAdvanced	START	1644862253485
REQUEST		Open Home Page	1644862253485	1644862253496	OK	 
USER	DemoAdvanced	START	1644862253686
REQUEST		Open Home Page	1644862253687	1644862253698	OK	 
USER	DemoAdvanced	START	1644862253887
REQUEST		Open Home Page	1644862253887	1644862253899	OK	 
USER	DemoAdvanced	START	1644862254088
REQUEST		Open Home Page	1644862254088	1644862254099	OK	 
REQUEST		Get Find Owners Page	1644862254812	1644862254817	OK	 
REQUEST		Get Find Owners Page	1644862254857	1644862254859	OK	 
REQUEST		Get Find Owners Page	1644862255081	1644862255086	OK	 
REQUEST		Get Find Owners Page	1644862255112	1644862255115	OK	 
REQUEST		Get Find Owners Page	1644862255480	1644862255484	OK	 
REQUEST		GET Add Owner	1644862256064	1644862256068	OK	 
REQUEST		GET Find Owners by Lastname	1644862256554	1644862256561	OK	 
REQUEST		GET Add Owner	1644862256562	1644862256565	OK	 
REQUEST		GET Add Owner	1644862256578	1644862256582	OK	 
REQUEST		GET Owners Info	1644862256569	1644862256584	OK	 
REQUEST		GET Find Owners by Lastname	1644862256737	1644862256744	OK	 
REQUEST		GET Owners Info	1644862256746	1644862256763	OK	 
REQUEST		POST Add Owner	1644862257611	1644862257615	OK	 
REQUEST		Get Owners Info	1644862257616	1644862257625	OK	 
REQUEST		POST Add Owner	1644862257969	1644862257973	OK	 
REQUEST		Get Owners Info	1644862257973	1644862257988	OK	 
REQUEST		POST Add Owner	1644862258059	1644862258062	OK	 
REQUEST		Get Owners Info	1644862258062	1644862258077	OK	 
REQUEST		GET Open Edit Owner Page	1644862258153	1644862258158	OK	 
REQUEST		GET Open Edit Owner Page	1644862258558	1644862258562	OK	 
REQUEST		GET Add Pet	1644862259349	1644862259357	OK	 
REQUEST		GET Add Pet	1644862259906	1644862259911	OK	 
REQUEST		GET Add Pet	1644862259937	1644862259942	OK	 
REQUEST		POST Update Owner	1644862260091	1644862260095	OK	 
REQUEST		GET Owners Info	1644862260096	1644862260106	OK	 
REQUEST		POST Update Owner	1644862260245	1644862260250	OK	 
REQUEST		GET Owners Info	1644862260250	1644862260263	OK	 
REQUEST		POST Add Pet	1644862260582	1644862260592	OK	 
REQUEST		Get Owners Info	1644862260594	1644862260609	OK	 
REQUEST		POST Add Pet	1644862261153	1644862261159	OK	 
REQUEST		Get Owners Info	1644862261160	1644862261169	OK	 
REQUEST		POST Add Pet	1644862261249	1644862261257	OK	 
REQUEST		Get Owners Info	1644862261259	1644862261268	OK	 
REQUEST		GET Vets List	1644862261339	1644862261344	OK	 
REQUEST		GET Edit Pet Page	1644862262028	1644862262034	OK	 
REQUEST		GET Edit Pet Page	1644862262189	1644862262196	OK	 
REQUEST		GET Vets List	1644862262202	1644862262205	OK	 
REQUEST		Open Home Page	1644862262730	1644862262733	OK	 
REQUEST		GET Edit Pet Page	1644862262888	1644862262894	OK	 
REQUEST		POST Edit Pet Name	1644862263238	1644862263243	OK	 
REQUEST		GET Owners Info	1644862263244	1644862263253	OK	 
REQUEST		POST Edit Pet Name	1644862263445	1644862263453	OK	 
REQUEST		GET Owners Info	1644862263453	1644862263464	OK	 
REQUEST		Open Home Page	1644862264024	1644862264026	OK	 
REQUEST		POST Edit Pet Name	1644862264244	1644862264258	OK	 
REQUEST		GET Owners Info	1644862264259	1644862264272	OK	 
REQUEST		Get Find Owners Page	1644862264270	1644862264276	OK	 
USER	DemoAdvanced	START	1644862264280
REQUEST		Open Home Page	1644862264280	1644862264293	OK	 
REQUEST		GET Add new visit	1644862264514	1644862264530	OK	 
REQUEST		GET Add new visit	1644862265321	1644862265331	OK	 
REQUEST		Get Find Owners Page	1644862265405	1644862265408	OK	 
REQUEST		GET Add Owner	1644862265502	1644862265506	OK	 
REQUEST		GET Add new visit	1644862265531	1644862265541	OK	 
REQUEST		Get Find Owners Page	1644862265891	1644862265894	OK	 
REQUEST		POST Add new visit	1644862266256	1644862266261	OK	 
REQUEST		GET Owners Info	1644862266262	1644862266277	OK	 
REQUEST		GET Add Owner	1644862266485	1644862266488	OK	 
REQUEST		POST Add Owner	1644862266672	1644862266675	OK	 
REQUEST		Get Owners Info	1644862266675	1644862266685	OK	 
REQUEST		POST Add new visit	1644862266782	1644862266789	OK	 
REQUEST		GET Owners Info	1644862266789	1644862266804	OK	 
REQUEST		POST Add new visit	1644862266967	1644862266974	OK	 
REQUEST		GET Owners Info	1644862266974	1644862266985	OK	 
REQUEST		GET Add Owner	1644862267194	1644862267197	OK	 
REQUEST		Open Home Page	1644862268253	1644862268257	OK	 
REQUEST		GET Add Pet	1644862268297	1644862268303	OK	 
REQUEST		POST Add Owner	1644862268328	1644862268331	OK	 
REQUEST		Get Owners Info	1644862268332	1644862268341	OK	 
REQUEST		Open Home Page	1644862268547	1644862268551	OK	 
REQUEST		Open Home Page	1644862268629	1644862268632	OK	 
REQUEST		POST Add Owner	1644862268770	1644862268773	OK	 
REQUEST		Get Owners Info	1644862268774	1644862268786	OK	 
REQUEST		POST Add Pet	1644862269398	1644862269403	OK	 
REQUEST		Get Owners Info	1644862269404	1644862269413	OK	 
REQUEST		Get Find Owners Page	1644862269971	1644862269975	OK	 
REQUEST		Get Find Owners Page	1644862270098	1644862270100	OK	 
REQUEST		GET Add Pet	1644862270206	1644862270210	OK	 
REQUEST		GET Add Pet	1644862270507	1644862270511	OK	 
REQUEST		Get Find Owners Page	1644862270613	1644862270617	OK	 
REQUEST		GET Edit Pet Page	1644862270737	1644862270743	OK	 
REQUEST		GET Add Owner	1644862271310	1644862271315	OK	 
REQUEST		GET Add Owner	1644862271580	1644862271582	OK	 
REQUEST		POST Add Pet	1644862271649	1644862271654	OK	 
REQUEST		Get Owners Info	1644862271655	1644862271668	OK	 
REQUEST		GET Find Owners by Lastname	1644862271761	1644862271767	OK	 
REQUEST		GET Owners Info	1644862271768	1644862271781	OK	 
REQUEST		POST Edit Pet Name	1644862271958	1644862271964	OK	 
REQUEST		GET Owners Info	1644862271964	1644862271978	OK	 
REQUEST		POST Add Pet	1644862272401	1644862272409	OK	 
REQUEST		Get Owners Info	1644862272410	1644862272421	OK	 
REQUEST		GET Edit Pet Page	1644862273015	1644862273020	OK	 
REQUEST		GET Add new visit	1644862273045	1644862273056	OK	 
REQUEST		POST Add Owner	1644862273097	1644862273100	OK	 
REQUEST		Get Owners Info	1644862273100	1644862273113	OK	 
REQUEST		POST Add Owner	1644862273224	1644862273227	OK	 
REQUEST		Get Owners Info	1644862273228	1644862273238	OK	 
REQUEST		GET Open Edit Owner Page	1644862273641	1644862273645	OK	 
REQUEST		GET Edit Pet Page	1644862273903	1644862273910	OK	 
REQUEST		POST Add new visit	1644862274203	1644862274208	OK	 
REQUEST		GET Owners Info	1644862274208	1644862274217	OK	 
REQUEST		GET Add Pet	1644862274485	1644862274490	OK	 
REQUEST		POST Edit Pet Name	1644862274760	1644862274767	OK	 
REQUEST		GET Owners Info	1644862274767	1644862274776	OK	 
REQUEST		POST Update Owner	1644862274826	1644862274832	OK	 
REQUEST		GET Owners Info	1644862274832	1644862274845	OK	 
REQUEST		GET Add Pet	1644862274951	1644862274955	OK	 
REQUEST		POST Edit Pet Name	1644862275781	1644862275786	OK	 
REQUEST		GET Owners Info	1644862275786	1644862275796	OK	 
REQUEST		GET Vets List	1644862275976	1644862275983	OK	 
REQUEST		Open Home Page	1644862276203	1644862276207	OK	 
USER	DemoAdvanced	START	1644862276282
REQUEST		Open Home Page	1644862276282	1644862276294	OK	 
REQUEST		GET Add new visit	1644862276358	1644862276369	OK	 
REQUEST		POST Add Pet	1644862276453	1644862276459	OK	 
REQUEST		Get Owners Info	1644862276460	1644862276473	OK	 
REQUEST		POST Add Pet	1644862276922	1644862276927	OK	 
REQUEST		Get Owners Info	1644862276928	1644862276941	OK	 
REQUEST		Open Home Page	1644862277015	1644862277018	OK	 
REQUEST		Get Find Owners Page	1644862277244	1644862277248	OK	 
REQUEST		Get Find Owners Page	1644862277445	1644862277447	OK	 
REQUEST		GET Add new visit	1644862277545	1644862277556	OK	 
REQUEST		POST Add new visit	1644862277632	1644862277638	OK	 
REQUEST		GET Owners Info	1644862277639	1644862277649	OK	 
REQUEST		Get Find Owners Page	1644862278151	1644862278154	OK	 
REQUEST		GET Edit Pet Page	1644862278162	1644862278168	OK	 
REQUEST		GET Find Owners by Lastname	1644862278303	1644862278314	OK	 
REQUEST		GET Owners Info	1644862278315	1644862278324	OK	 
REQUEST		GET Edit Pet Page	1644862278728	1644862278734	OK	 
REQUEST		POST Add new visit	1644862278972	1644862278976	OK	 
REQUEST		GET Owners Info	1644862278976	1644862278989	OK	 
REQUEST		Open Home Page	1644862279224	1644862279227	OK	 
REQUEST		POST Edit Pet Name	1644862279281	1644862279293	OK	 
REQUEST		GET Owners Info	1644862279293	1644862279303	OK	 
REQUEST		GET Find Owners by Lastname	1644862279336	1644862279341	OK	 
REQUEST		GET Owners Info	1644862279342	1644862279357	OK	 
REQUEST		GET Open Edit Owner Page	1644862279495	1644862279500	OK	 
REQUEST		GET Add Owner	1644862279744	1644862279747	OK	 
REQUEST		POST Edit Pet Name	1644862280003	1644862280011	OK	 
REQUEST		GET Owners Info	1644862280011	1644862280022	OK	 
REQUEST		Open Home Page	1644862280161	1644862280164	OK	 
REQUEST		GET Open Edit Owner Page	1644862280657	1644862280661	OK	 
REQUEST		Get Find Owners Page	1644862280758	1644862280761	OK	 
REQUEST		GET Add new visit	1644862280777	1644862280787	OK	 
REQUEST		POST Update Owner	1644862280945	1644862280949	OK	 
REQUEST		GET Owners Info	1644862280950	1644862280961	OK	 
REQUEST		Get Find Owners Page	1644862281429	1644862281432	OK	 
REQUEST		POST Add Owner	1644862281663	1644862281673	OK	 
REQUEST		Get Owners Info	1644862281674	1644862281695	OK	 
REQUEST		GET Add new visit	1644862281836	1644862281848	OK	 
REQUEST		GET Vets List	1644862282143	1644862282146	OK	 
REQUEST		POST Update Owner	1644862282198	1644862282202	OK	 
REQUEST		GET Owners Info	1644862282203	1644862282213	OK	 
REQUEST		GET Find Owners by Lastname	1644862282478	1644862282489	OK	 
REQUEST		GET Owners Info	1644862282490	1644862282525	OK	 
REQUEST		POST Add new visit	1644862282714	1644862282721	OK	 
REQUEST		GET Owners Info	1644862282721	1644862282731	OK	 
REQUEST		GET Add Pet	1644862282825	1644862282832	OK	 
REQUEST		GET Find Owners by Lastname	1644862283354	1644862283358	OK	 
REQUEST		GET Owners Info	1644862283359	1644862283370	OK	 
REQUEST		Open Home Page	1644862283386	1644862283389	OK	 
REQUEST		POST Add new visit	1644862283534	1644862283537	OK	 
REQUEST		GET Owners Info	1644862283538	1644862283547	OK	 
REQUEST		GET Vets List	1644862283753	1644862283756	OK	 
REQUEST		GET Open Edit Owner Page	1644862284416	1644862284421	OK	 
REQUEST		Open Home Page	1644862284510	1644862284513	OK	 
REQUEST		POST Add Pet	1644862284714	1644862284720	OK	 
REQUEST		Get Owners Info	1644862284721	1644862284735	OK	 
REQUEST		Get Find Owners Page	1644862284872	1644862284875	OK	 
REQUEST		Open Home Page	1644862284987	1644862284990	OK	 
REQUEST		GET Open Edit Owner Page	1644862285276	1644862285285	OK	 
REQUEST		Open Home Page	1644862285508	1644862285511	OK	 
REQUEST		Get Find Owners Page	1644862285670	1644862285673	OK	 
REQUEST		POST Update Owner	1644862286110	1644862286115	OK	 
REQUEST		GET Owners Info	1644862286115	1644862286125	OK	 
REQUEST		GET Find Owners by Lastname	1644862286170	1644862286174	OK	 
REQUEST		GET Owners Info	1644862286175	1644862286185	OK	 
REQUEST		GET Edit Pet Page	1644862286571	1644862286578	OK	 
REQUEST		POST Update Owner	1644862286621	1644862286625	OK	 
REQUEST		GET Owners Info	1644862286626	1644862286640	OK	 
REQUEST		Get Find Owners Page	1644862286788	1644862286790	OK	 
REQUEST		GET Open Edit Owner Page	1644862287233	1644862287237	OK	 
REQUEST		Get Find Owners Page	1644862287465	1644862287467	OK	 
REQUEST		GET Add Owner	1644862287669	1644862287672	OK	 
REQUEST		GET Vets List	1644862288047	1644862288051	OK	 
REQUEST		POST Edit Pet Name	1644862288053	1644862288059	OK	 
REQUEST		GET Owners Info	1644862288059	1644862288071	OK	 
USER	DemoAdvanced	START	1644862288278
REQUEST		Open Home Page	1644862288279	1644862288291	OK	 
REQUEST		GET Vets List	1644862288619	1644862288622	OK	 
REQUEST		GET Add Owner	1644862288658	1644862288661	OK	 
REQUEST		GET Add Owner	1644862288721	1644862288724	OK	 
REQUEST		POST Add Owner	1644862288917	1644862288920	OK	 
REQUEST		Get Owners Info	1644862288921	1644862288931	OK	 
REQUEST		POST Update Owner	1644862289035	1644862289039	OK	 
REQUEST		GET Owners Info	1644862289040	1644862289049	OK	 
REQUEST		Open Home Page	1644862289403	1644862289405	OK	 
REQUEST		Get Find Owners Page	1644862289805	1644862289809	OK	 
REQUEST		POST Add Owner	1644862289951	1644862289954	OK	 
REQUEST		Open Home Page	1644862289960	1644862289963	OK	 
REQUEST		Get Owners Info	1644862289954	1644862289965	OK	 
REQUEST		GET Add new visit	1644862290045	1644862290061	OK	 
REQUEST		GET Add Pet	1644862290520	1644862290526	OK	 
REQUEST		POST Add Owner	1644862290527	1644862290530	OK	 
REQUEST		Get Owners Info	1644862290530	1644862290540	OK	 
REQUEST		GET Vets List	1644862290541	1644862290544	OK	 
REQUEST		Get Find Owners Page	1644862290738	1644862290740	OK	 
REQUEST		Get Find Owners Page	1644862291114	1644862291117	OK	 
REQUEST		POST Add new visit	1644862291257	1644862291263	OK	 
REQUEST		GET Owners Info	1644862291263	1644862291278	OK	 
REQUEST		GET Add Pet	1644862291599	1644862291604	OK	 
REQUEST		POST Add Pet	1644862291628	1644862291633	OK	 
REQUEST		Get Owners Info	1644862291635	1644862291645	OK	 
REQUEST		GET Add Owner	1644862291772	1644862291775	OK	 
REQUEST		GET Find Owners by Lastname	1644862291783	1644862291789	OK	 
REQUEST		GET Add Pet	1644862291789	1644862291794	OK	 
REQUEST		GET Owners Info	1644862291790	1644862291801	OK	 
REQUEST		Open Home Page	1644862291919	1644862291922	OK	 
REQUEST		GET Add Owner	1644862292261	1644862292264	OK	 
REQUEST		GET Edit Pet Page	1644862292992	1644862292998	OK	 
REQUEST		Open Home Page	1644862293213	1644862293217	OK	 
REQUEST		Get Find Owners Page	1644862293271	1644862293277	OK	 
REQUEST		GET Open Edit Owner Page	1644862293282	1644862293286	OK	 
REQUEST		POST Add Pet	1644862293302	1644862293308	OK	 
REQUEST		Get Owners Info	1644862293309	1644862293320	OK	 
REQUEST		POST Add Owner	1644862293344	1644862293347	OK	 
REQUEST		Get Owners Info	1644862293348	1644862293357	OK	 
REQUEST		POST Add Pet	1644862293530	1644862293537	OK	 
REQUEST		Get Owners Info	1644862293538	1644862293550	OK	 
REQUEST		POST Add Owner	1644862293776	1644862293780	OK	 
REQUEST		Get Owners Info	1644862293781	1644862293800	OK	 
REQUEST		POST Edit Pet Name	1644862294585	1644862294593	OK	 
REQUEST		GET Find Owners by Lastname	1644862294597	1644862294603	OK	 
REQUEST		GET Owners Info	1644862294604	1644862294618	OK	 
REQUEST		GET Owners Info	1644862294595	1644862294621	OK	 
REQUEST		Get Find Owners Page	1644862294632	1644862294635	OK	 
REQUEST		POST Update Owner	1644862294758	1644862294763	OK	 
REQUEST		GET Owners Info	1644862294763	1644862294777	OK	 
REQUEST		GET Add Pet	1644862294885	1644862294891	OK	 
REQUEST		GET Edit Pet Page	1644862295070	1644862295077	OK	 
REQUEST		GET Add Pet	1644862295101	1644862295105	OK	 
REQUEST		GET Edit Pet Page	1644862295220	1644862295227	OK	 
REQUEST		GET Add Owner	1644862295932	1644862295935	OK	 
REQUEST		GET Add new visit	1644862296070	1644862296081	OK	 
REQUEST		POST Add Pet	1644862296173	1644862296181	OK	 
REQUEST		Get Owners Info	1644862296181	1644862296192	OK	 
REQUEST		POST Add Pet	1644862296201	1644862296207	OK	 
REQUEST		Get Owners Info	1644862296207	1644862296217	OK	 
REQUEST		POST Edit Pet Name	1644862296333	1644862296341	OK	 
REQUEST		GET Owners Info	1644862296341	1644862296356	OK	 
REQUEST		GET Open Edit Owner Page	1644862296414	1644862296418	OK	 
REQUEST		GET Vets List	1644862296524	1644862296537	OK	 
REQUEST		POST Edit Pet Name	1644862296561	1644862296568	OK	 
REQUEST		GET Owners Info	1644862296568	1644862296581	OK	 
REQUEST		POST Add Owner	1644862297007	1644862297010	OK	 
REQUEST		Get Owners Info	1644862297010	1644862297024	OK	 
REQUEST		POST Add new visit	1644862297551	1644862297555	OK	 
REQUEST		GET Owners Info	1644862297556	1644862297570	OK	 
REQUEST		POST Update Owner	1644862297576	1644862297580	OK	 
REQUEST		GET Owners Info	1644862297580	1644862297592	OK	 
REQUEST		GET Edit Pet Page	1644862298013	1644862298020	OK	 
REQUEST		GET Add Pet	1644862298077	1644862298082	OK	 
REQUEST		GET Add new visit	1644862298073	1644862298084	OK	 
REQUEST		GET Edit Pet Page	1644862298191	1644862298199	OK	 
REQUEST		GET Add new visit	1644862298191	1644862298203	OK	 
REQUEST		Open Home Page	1644862298401	1644862298405	OK	 
REQUEST		Open Home Page	1644862298982	1644862298985	OK	 
REQUEST		GET Vets List	1644862299034	1644862299036	OK	 
REQUEST		POST Add new visit	1644862299420	1644862299424	OK	 
REQUEST		GET Owners Info	1644862299425	1644862299441	OK	 
REQUEST		POST Add Pet	1644862299471	1644862299478	OK	 
REQUEST		Get Owners Info	1644862299478	1644862299491	OK	 
REQUEST		POST Add new visit	1644862299499	1644862299506	OK	 
REQUEST		GET Owners Info	1644862299506	1644862299516	OK	 
REQUEST		POST Edit Pet Name	1644862299591	1644862299601	OK	 
REQUEST		GET Owners Info	1644862299601	1644862299611	OK	 
REQUEST		POST Edit Pet Name	1644862299902	1644862299910	OK	 
REQUEST		GET Owners Info	1644862299911	1644862299920	OK	 
REQUEST		Get Find Owners Page	1644862299949	1644862299952	OK	 
USER	DemoAdvanced	START	1644862300289
REQUEST		Open Home Page	1644862300289	1644862300293	OK	 
REQUEST		Get Find Owners Page	1644862300403	1644862300404	OK	 
REQUEST		Open Home Page	1644862300727	1644862300730	OK	 
REQUEST		Open Home Page	1644862301017	1644862301019	OK	 
REQUEST		GET Add new visit	1644862301191	1644862301206	OK	 
REQUEST		Open Home Page	1644862301287	1644862301289	OK	 
REQUEST		GET Add new visit	1644862301291	1644862301305	OK	 
REQUEST		GET Edit Pet Page	1644862301449	1644862301456	OK	 
REQUEST		GET Add Owner	1644862301495	1644862301499	OK	 
REQUEST		GET Find Owners by Lastname	1644862301604	1644862301618	OK	 
REQUEST		GET Owners Info	1644862301619	1644862301629	OK	 
REQUEST		Get Find Owners Page	1644862302121	1644862302124	OK	 
REQUEST		Get Find Owners Page	1644862302151	1644862302154	OK	 
REQUEST		POST Add new visit	1644862302458	1644862302462	OK	 
REQUEST		GET Owners Info	1644862302462	1644862302471	OK	 
REQUEST		POST Add new visit	1644862302474	1644862302477	OK	 
REQUEST		GET Owners Info	1644862302478	1644862302487	OK	 
REQUEST		Get Find Owners Page	1644862302609	1644862302612	OK	 
REQUEST		GET Open Edit Owner Page	1644862302740	1644862302744	OK	 
REQUEST		POST Edit Pet Name	1644862302930	1644862302935	OK	 
REQUEST		GET Owners Info	1644862302936	1644862302949	OK	 
REQUEST		POST Add Owner	1644862303102	1644862303104	OK	 
REQUEST		Get Owners Info	1644862303105	1644862303115	OK	 
REQUEST		Get Find Owners Page	1644862303231	1644862303329	OK	 
REQUEST		GET Find Owners by Lastname	1644862303406	1644862303412	OK	 
REQUEST		GET Owners Info	1644862303413	1644862303423	OK	 
REQUEST		GET Add Owner	1644862303727	1644862303729	OK	 
REQUEST		GET Add Owner	1644862303743	1644862303745	OK	 
REQUEST		Open Home Page	1644862304011	1644862304015	OK	 
REQUEST		GET Add new visit	1644862304026	1644862304041	OK	 
REQUEST		GET Add Pet	1644862304335	1644862304343	OK	 
REQUEST		Open Home Page	1644862304349	1644862304351	OK	 
REQUEST		POST Update Owner	1644862304559	1644862304566	OK	 
REQUEST		GET Owners Info	1644862304566	1644862304582	OK	 
REQUEST		POST Add Owner	1644862304797	1644862304802	OK	 
REQUEST		Get Owners Info	1644862304802	1644862304813	OK	 
REQUEST		POST Add Owner	1644862305051	1644862305054	OK	 
REQUEST		Get Owners Info	1644862305054	1644862305063	OK	 
REQUEST		GET Add Owner	1644862305110	1644862305113	OK	 
REQUEST		GET Open Edit Owner Page	1644862305219	1644862305224	OK	 
REQUEST		Get Find Owners Page	1644862305415	1644862305419	OK	 
REQUEST		POST Add new visit	1644862305544	1644862305549	OK	 
REQUEST		GET Owners Info	1644862305550	1644862305560	OK	 
REQUEST		GET Vets List	1644862305783	1644862305787	OK	 
REQUEST		Get Find Owners Page	1644862306157	1644862306159	OK	 
REQUEST		POST Add Pet	1644862306337	1644862306346	OK	 
REQUEST		Get Owners Info	1644862306347	1644862306359	OK	 
REQUEST		POST Add Owner	1644862306593	1644862306598	OK	 
REQUEST		GET Add Pet	1644862306593	1644862306599	OK	 
REQUEST		Get Owners Info	1644862306598	1644862306617	OK	 
REQUEST		GET Add Pet	1644862306645	1644862306652	OK	 
REQUEST		GET Add Owner	1644862306719	1644862306723	OK	 
REQUEST		Open Home Page	1644862306998	1644862307000	OK	 
REQUEST		Open Home Page	1644862307045	1644862307047	OK	 
REQUEST		POST Update Owner	1644862307065	1644862307072	OK	 
REQUEST		GET Owners Info	1644862307072	1644862307082	OK	 
REQUEST		GET Add Owner	1644862307194	1644862307197	OK	 
REQUEST		GET Edit Pet Page	1644862307522	1644862307529	OK	 
REQUEST		POST Add Pet	1644862308013	1644862308020	OK	 
REQUEST		POST Add Owner	1644862308029	1644862308034	OK	 
REQUEST		Get Owners Info	1644862308020	1644862308035	OK	 
REQUEST		Get Owners Info	1644862308034	1644862308045	OK	 
REQUEST		GET Add Pet	1644862308099	1644862308105	OK	 
REQUEST		GET Vets List	1644862308116	1644862308119	OK	 
REQUEST		POST Add Pet	1644862308361	1644862308369	OK	 
REQUEST		Get Owners Info	1644862308370	1644862308381	OK	 
REQUEST		Get Find Owners Page	1644862308645	1644862308652	OK	 
REQUEST		POST Edit Pet Name	1644862308698	1644862308707	OK	 
REQUEST		GET Owners Info	1644862308707	1644862308720	OK	 
REQUEST		POST Add Owner	1644862308780	1644862308784	OK	 
REQUEST		Get Owners Info	1644862308785	1644862308795	OK	 
REQUEST		Get Find Owners Page	1644862308815	1644862308819	OK	 
REQUEST		Open Home Page	1644862309444	1644862309447	OK	 
REQUEST		GET Add Pet	1644862309899	1644862309904	OK	 
REQUEST		GET Edit Pet Page	1644862309928	1644862309933	OK	 
REQUEST		POST Add Pet	1644862310049	1644862310056	OK	 
REQUEST		Get Owners Info	1644862310058	1644862310074	OK	 
REQUEST		GET Add Owner	1644862310121	1644862310124	OK	 
REQUEST		GET Add Pet	1644862310165	1644862310171	OK	 
REQUEST		GET Edit Pet Page	1644862310166	1644862310176	OK	 
REQUEST		GET Add Owner	1644862310334	1644862310337	OK	 
REQUEST		GET Add new visit	1644862310444	1644862310456	OK	 
REQUEST		Get Find Owners Page	1644862310597	1644862310601	OK	 
REQUEST		POST Add Pet	1644862311222	1644862311228	OK	 
REQUEST		Get Owners Info	1644862311229	1644862311240	OK	 
REQUEST		POST Edit Pet Name	1644862311395	1644862311403	OK	 
REQUEST		GET Owners Info	1644862311403	1644862311415	OK	 
REQUEST		GET Edit Pet Page	1644862311464	1644862311470	OK	 
REQUEST		POST Add Owner	1644862311741	1644862311744	OK	 
REQUEST		Get Owners Info	1644862311745	1644862311755	OK	 
REQUEST		POST Add Owner	1644862311772	1644862311775	OK	 
REQUEST		Get Owners Info	1644862311775	1644862311785	OK	 
REQUEST		POST Add Pet	1644862311831	1644862311836	OK	 
REQUEST		Get Owners Info	1644862311837	1644862311850	OK	 
REQUEST		POST Edit Pet Name	1644862311958	1644862311965	OK	 
REQUEST		GET Owners Info	1644862311965	1644862311982	OK	 
REQUEST		POST Add new visit	1644862312181	1644862312186	OK	 
REQUEST		GET Owners Info	1644862312186	1644862312201	OK	 
REQUEST		GET Add Owner	1644862312281	1644862312287	OK	 
USER	DemoAdvanced	START	1644862312289
REQUEST		Open Home Page	1644862312289	1644862312294	OK	 
REQUEST		GET Edit Pet Page	1644862313001	1644862313010	OK	 
REQUEST		GET Edit Pet Page	1644862313075	1644862313081	OK	 
REQUEST		GET Add new visit	1644862313123	1644862313134	OK	 
REQUEST		POST Edit Pet Name	1644862313296	1644862313303	OK	 
REQUEST		GET Owners Info	1644862313303	1644862313315	OK	 
REQUEST		GET Add Pet	1644862313322	1644862313330	OK	 
REQUEST		GET Add new visit	1644862313392	1644862313403	OK	 
REQUEST		POST Add Owner	1644862313565	1644862313569	OK	 
REQUEST		Get Owners Info	1644862313570	1644862313583	OK	 
REQUEST		GET Add Pet	1644862313632	1644862313638	OK	 
REQUEST		Open Home Page	1644862313800	1644862313804	OK	 
REQUEST		Get Find Owners Page	1644862313866	1644862313868	OK	 
REQUEST		POST Edit Pet Name	1644862314397	1644862314404	OK	 
REQUEST		GET Owners Info	1644862314404	1644862314418	OK	 
REQUEST		POST Add new visit	1644862314895	1644862314899	OK	 
REQUEST		POST Add Pet	1644862314902	1644862314906	OK	 
REQUEST		GET Owners Info	1644862314899	1644862314912	OK	 
REQUEST		Get Owners Info	1644862314907	1644862314917	OK	 
REQUEST		POST Add Pet	1644862314924	1644862314930	OK	 
REQUEST		Get Owners Info	1644862314930	1644862314940	OK	 
REQUEST		POST Edit Pet Name	1644862314940	1644862314946	OK	 
REQUEST		GET Owners Info	1644862314946	1644862314957	OK	 
REQUEST		POST Add new visit	1644862315043	1644862315048	OK	 
REQUEST		GET Owners Info	1644862315048	1644862315058	OK	 
REQUEST		GET Add Pet	1644862315179	1644862315184	OK	 
REQUEST		GET Add new visit	1644862315266	1644862315300	OK	 
REQUEST		GET Add Owner	1644862315300	1644862315305	OK	 
REQUEST		Get Find Owners Page	1644862315531	1644862315535	OK	 
REQUEST		GET Edit Pet Page	1644862316220	1644862316228	OK	 
REQUEST		GET Add new visit	1644862316308	1644862316319	OK	 
REQUEST		POST Add new visit	1644862316323	1644862316328	OK	 
REQUEST		GET Owners Info	1644862316329	1644862316339	OK	 
REQUEST		GET Add new visit	1644862316503	1644862316516	OK	 
USER	DemoAdvanced	END	1644862316561
REQUEST		GET Edit Pet Page	1644862316675	1644862316681	OK	 
REQUEST		Open Home Page	1644862316693	1644862316696	OK	 
REQUEST		GET Add Owner	1644862316764	1644862316767	OK	 
REQUEST		POST Add Pet	1644862317013	1644862317020	OK	 
REQUEST		Get Owners Info	1644862317020	1644862317033	OK	 
REQUEST		POST Add Owner	1644862317219	1644862317223	OK	 
REQUEST		Get Owners Info	1644862317223	1644862317234	OK	 
REQUEST		Open Home Page	1644862317571	1644862317576	OK	 
REQUEST		POST Edit Pet Name	1644862317582	1644862317589	OK	 
REQUEST		GET Owners Info	1644862317589	1644862317600	OK	 
REQUEST		POST Edit Pet Name	1644862317771	1644862317778	OK	 
REQUEST		GET Owners Info	1644862317779	1644862317792	OK	 
REQUEST		POST Add new visit	1644862317916	1644862317922	OK	 
REQUEST		GET Owners Info	1644862317922	1644862317932	OK	 
REQUEST		POST Add new visit	1644862318271	1644862318277	OK	 
REQUEST		GET Owners Info	1644862318277	1644862318290	OK	 
REQUEST		Get Find Owners Page	1644862318352	1644862318354	OK	 
REQUEST		GET Add Pet	1644862318606	1644862318611	OK	 
REQUEST		Get Find Owners Page	1644862318675	1644862318678	OK	 
REQUEST		POST Add Owner	1644862318762	1644862318766	OK	 
REQUEST		Get Owners Info	1644862318766	1644862318778	OK	 
REQUEST		GET Edit Pet Page	1644862318867	1644862318873	OK	 
REQUEST		Open Home Page	1644862319431	1644862319435	OK	 
REQUEST		GET Add new visit	1644862319488	1644862319500	OK	 
REQUEST		GET Add new visit	1644862319552	1644862319565	OK	 
USER	DemoAdvanced	END	1644862319606
REQUEST		GET Add Owner	1644862320101	1644862320103	OK	 
REQUEST		POST Add Pet	1644862320192	1644862320199	OK	 
REQUEST		Get Owners Info	1644862320199	1644862320213	OK	 
REQUEST		POST Edit Pet Name	1644862320396	1644862320403	OK	 
REQUEST		GET Owners Info	1644862320403	1644862320414	OK	 
REQUEST		GET Add Owner	1644862320542	1644862320544	OK	 
REQUEST		GET Add Pet	1644862320619	1644862320626	OK	 
REQUEST		Get Find Owners Page	1644862320634	1644862320637	OK	 
REQUEST		POST Add new visit	1644862320858	1644862320863	OK	 
REQUEST		GET Owners Info	1644862320863	1644862320873	OK	 
REQUEST		POST Add Owner	1644862321245	1644862321249	OK	 
REQUEST		Get Owners Info	1644862321250	1644862321260	OK	 
REQUEST		POST Add new visit	1644862321391	1644862321395	OK	 
REQUEST		GET Owners Info	1644862321396	1644862321406	OK	 
REQUEST		GET Edit Pet Page	1644862321604	1644862321611	OK	 
REQUEST		GET Add new visit	1644862321712	1644862321724	OK	 
REQUEST		POST Add Pet	1644862321752	1644862321757	OK	 
REQUEST		Get Owners Info	1644862321758	1644862321775	OK	 
REQUEST		POST Add Owner	1644862321824	1644862321827	OK	 
REQUEST		Get Owners Info	1644862321828	1644862321843	OK	 
USER	DemoAdvanced	END	1644862322024
REQUEST		GET Add Owner	1644862322298	1644862322302	OK	 
USER	DemoAdvanced	END	1644862322742
REQUEST		POST Add new visit	1644862322921	1644862322926	OK	 
REQUEST		GET Owners Info	1644862322926	1644862322937	OK	 
REQUEST		POST Edit Pet Name	1644862322940	1644862322946	OK	 
REQUEST		GET Owners Info	1644862322946	1644862322958	OK	 
REQUEST		GET Add Pet	1644862323165	1644862323171	OK	 
REQUEST		GET Edit Pet Page	1644862323260	1644862323266	OK	 
REQUEST		POST Add Owner	1644862323475	1644862323481	OK	 
REQUEST		Get Owners Info	1644862323482	1644862323492	OK	 
REQUEST		GET Add Pet	1644862323813	1644862323818	OK	 
REQUEST		GET Add new visit	1644862324058	1644862324070	OK	 
REQUEST		POST Edit Pet Name	1644862324413	1644862324419	OK	 
REQUEST		GET Owners Info	1644862324419	1644862324430	OK	 
USER	DemoAdvanced	END	1644862324468
REQUEST		GET Add Pet	1644862324944	1644862324952	OK	 
REQUEST		POST Add Pet	1644862325043	1644862325048	OK	 
REQUEST		Get Owners Info	1644862325049	1644862325064	OK	 
REQUEST		POST Add new visit	1644862325522	1644862325527	OK	 
REQUEST		GET Owners Info	1644862325528	1644862325540	OK	 
REQUEST		POST Add Pet	1644862325611	1644862325616	OK	 
REQUEST		Get Owners Info	1644862325617	1644862325627	OK	 
REQUEST		GET Add new visit	1644862325955	1644862325967	OK	 
REQUEST		POST Add Pet	1644862326326	1644862326331	OK	 
REQUEST		Get Owners Info	1644862326332	1644862326342	OK	 
REQUEST		GET Edit Pet Page	1644862326748	1644862326756	OK	 
REQUEST		Open Home Page	1644862326992	1644862326995	OK	 
REQUEST		GET Edit Pet Page	1644862327171	1644862327180	OK	 
REQUEST		POST Add new visit	1644862327515	1644862327521	OK	 
REQUEST		GET Owners Info	1644862327521	1644862327535	OK	 
REQUEST		GET Edit Pet Page	1644862328170	1644862328175	OK	 
REQUEST		POST Edit Pet Name	1644862328269	1644862328275	OK	 
REQUEST		GET Owners Info	1644862328276	1644862328287	OK	 
REQUEST		POST Edit Pet Name	1644862328299	1644862328305	OK	 
REQUEST		GET Owners Info	1644862328306	1644862328317	OK	 
REQUEST		Get Find Owners Page	1644862328770	1644862328773	OK	 
REQUEST		Open Home Page	1644862329537	1644862329539	OK	 
REQUEST		GET Add new visit	1644862329787	1644862329800	OK	 
REQUEST		GET Add new visit	1644862329798	1644862329810	OK	 
REQUEST		POST Edit Pet Name	1644862329805	1644862329811	OK	 
REQUEST		GET Owners Info	1644862329811	1644862329823	OK	 
REQUEST		GET Find Owners by Lastname	1644862330196	1644862330203	OK	 
REQUEST		GET Owners Info	1644862330204	1644862330219	OK	 
REQUEST		Get Find Owners Page	1644862331041	1644862331045	OK	 
REQUEST		POST Add new visit	1644862331041	1644862331047	OK	 
REQUEST		GET Owners Info	1644862331048	1644862331058	OK	 
REQUEST		GET Add new visit	1644862331112	1644862331126	OK	 
REQUEST		GET Open Edit Owner Page	1644862331734	1644862331739	OK	 
REQUEST		POST Add new visit	1644862331780	1644862331784	OK	 
REQUEST		GET Owners Info	1644862331785	1644862331796	OK	 
REQUEST		GET Add Owner	1644862332290	1644862332293	OK	 
REQUEST		Open Home Page	1644862332704	1644862332708	OK	 
REQUEST		POST Add new visit	1644862332998	1644862333003	OK	 
REQUEST		GET Owners Info	1644862333003	1644862333021	OK	 
REQUEST		POST Update Owner	1644862333131	1644862333136	OK	 
REQUEST		GET Owners Info	1644862333136	1644862333148	OK	 
REQUEST		Open Home Page	1644862333426	1644862333430	OK	 
REQUEST		POST Add Owner	1644862334203	1644862334205	OK	 
REQUEST		Get Owners Info	1644862334205	1644862334224	OK	 
USER	DemoAdvanced	END	1644862334413
REQUEST		Get Find Owners Page	1644862334686	1644862334691	OK	 
REQUEST		GET Vets List	1644862334980	1644862334984	OK	 
REQUEST		Get Find Owners Page	1644862335189	1644862335192	OK	 
REQUEST		GET Add Owner	1644862335728	1644862335731	OK	 
REQUEST		GET Add Pet	1644862336181	1644862336186	OK	 
REQUEST		Open Home Page	1644862336341	1644862336344	OK	 
REQUEST		GET Find Owners by Lastname	1644862336764	1644862336769	OK	 
REQUEST		GET Owners Info	1644862336770	1644862336781	OK	 
REQUEST		POST Add Owner	1644862337398	1644862337402	OK	 
REQUEST		Get Owners Info	1644862337402	1644862337417	OK	 
REQUEST		Get Find Owners Page	1644862337477	1644862337479	OK	 
REQUEST		POST Add Pet	1644862337721	1644862337726	OK	 
REQUEST		Get Owners Info	1644862337727	1644862337740	OK	 
REQUEST		GET Open Edit Owner Page	1644862338221	1644862338226	OK	 
REQUEST		GET Add Owner	1644862339293	1644862339296	OK	 
REQUEST		GET Add Pet	1644862339406	1644862339411	OK	 
REQUEST		POST Update Owner	1644862339697	1644862339701	OK	 
REQUEST		GET Owners Info	1644862339702	1644862339718	OK	 
REQUEST		GET Edit Pet Page	1644862339744	1644862339750	OK	 
REQUEST		POST Add Owner	1644862340361	1644862340365	OK	 
REQUEST		Get Owners Info	1644862340365	1644862340376	OK	 
REQUEST		POST Add Pet	1644862341148	1644862341159	OK	 
REQUEST		Get Owners Info	1644862341159	1644862341170	OK	 
REQUEST		POST Edit Pet Name	1644862341280	1644862341287	OK	 
REQUEST		GET Owners Info	1644862341287	1644862341298	OK	 
REQUEST		GET Vets List	1644862341506	1644862341509	OK	 
REQUEST		GET Add Pet	1644862342007	1644862342014	OK	 
REQUEST		GET Edit Pet Page	1644862342603	1644862342610	OK	 
REQUEST		GET Add new visit	1644862342719	1644862342733	OK	 
REQUEST		Open Home Page	1644862342911	1644862342915	OK	 
REQUEST		POST Add Pet	1644862343335	1644862343341	OK	 
REQUEST		Get Owners Info	1644862343342	1644862343354	OK	 
REQUEST		POST Add new visit	1644862343758	1644862343765	OK	 
REQUEST		GET Owners Info	1644862343766	1644862343778	OK	 
REQUEST		POST Edit Pet Name	1644862344427	1644862344433	OK	 
REQUEST		GET Owners Info	1644862344434	1644862344453	OK	 
REQUEST		Get Find Owners Page	1644862344558	1644862344562	OK	 
REQUEST		Open Home Page	1644862345144	1644862345145	OK	 
REQUEST		GET Edit Pet Page	1644862345256	1644862345263	OK	 
REQUEST		GET Add new visit	1644862346306	1644862346318	OK	 
REQUEST		Get Find Owners Page	1644862346464	1644862346467	OK	 
REQUEST		GET Add Owner	1644862346519	1644862346523	OK	 
REQUEST		POST Edit Pet Name	1644862347111	1644862347117	OK	 
REQUEST		GET Owners Info	1644862347117	1644862347129	OK	 
REQUEST		POST Add Owner	1644862347678	1644862347681	OK	 
REQUEST		Get Owners Info	1644862347681	1644862347692	OK	 
REQUEST		POST Add new visit	1644862348012	1644862348018	OK	 
REQUEST		GET Owners Info	1644862348018	1644862348036	OK	 
REQUEST		GET Add new visit	1644862348411	1644862348424	OK	 
REQUEST		GET Add Owner	1644862348438	1644862348441	OK	 
REQUEST		GET Add Pet	1644862349096	1644862349103	OK	 
USER	DemoAdvanced	END	1644862349477
REQUEST		POST Add new visit	1644862349638	1644862349644	OK	 
REQUEST		GET Owners Info	1644862349644	1644862349662	OK	 
REQUEST		POST Add Owner	1644862350269	1644862350273	OK	 
REQUEST		Get Owners Info	1644862350273	1644862350287	OK	 
REQUEST		POST Add Pet	1644862350967	1644862350974	OK	 
REQUEST		Get Owners Info	1644862350974	1644862350991	OK	 
REQUEST		Open Home Page	1644862351484	1644862351488	OK	 
REQUEST		GET Add Pet	1644862352188	1644862352195	OK	 
REQUEST		GET Edit Pet Page	1644862352232	1644862352240	OK	 
REQUEST		Get Find Owners Page	1644862353453	1644862353456	OK	 
REQUEST		POST Add Pet	1644862353535	1644862353541	OK	 
REQUEST		Get Owners Info	1644862353541	1644862353554	OK	 
REQUEST		POST Edit Pet Name	1644862353979	1644862353997	OK	 
REQUEST		GET Owners Info	1644862353997	1644862354025	OK	 
REQUEST		GET Edit Pet Page	1644862354615	1644862354622	OK	 
REQUEST		GET Add Owner	1644862355239	1644862355243	OK	 
REQUEST		GET Add new visit	1644862355346	1644862355365	OK	 
REQUEST		POST Edit Pet Name	1644862356045	1644862356054	OK	 
REQUEST		GET Owners Info	1644862356054	1644862356067	OK	 
REQUEST		POST Add new visit	1644862356686	1644862356693	OK	 
REQUEST		GET Owners Info	1644862356693	1644862356704	OK	 
REQUEST		POST Add Owner	1644862356772	1644862356776	OK	 
REQUEST		Get Owners Info	1644862356776	1644862356788	OK	 
REQUEST		GET Add new visit	1644862357373	1644862357387	OK	 
REQUEST		Open Home Page	1644862357914	1644862357918	OK	 
REQUEST		GET Add Pet	1644862358042	1644862358048	OK	 
REQUEST		POST Add new visit	1644862358957	1644862358964	OK	 
REQUEST		GET Owners Info	1644862358964	1644862358976	OK	 
REQUEST		POST Add Pet	1644862359177	1644862359183	OK	 
REQUEST		Get Owners Info	1644862359183	1644862359200	OK	 
REQUEST		Get Find Owners Page	1644862359404	1644862359407	OK	 
USER	DemoAdvanced	END	1644862360319
REQUEST		GET Edit Pet Page	1644862360469	1644862360477	OK	 
REQUEST		GET Add Owner	1644862360774	1644862360777	OK	 
REQUEST		POST Edit Pet Name	1644862361909	1644862361916	OK	 
REQUEST		GET Owners Info	1644862361916	1644862361934	OK	 
REQUEST		POST Add Owner	1644862362500	1644862362504	OK	 
REQUEST		Get Owners Info	1644862362504	1644862362518	OK	 
REQUEST		GET Add new visit	1644862363049	1644862363064	OK	 
REQUEST		POST Add new visit	1644862364350	1644862364355	OK	 
REQUEST		GET Add Pet	1644862364360	1644862364366	OK	 
REQUEST		GET Owners Info	1644862364356	1644862364370	OK	 
REQUEST		Open Home Page	1644862366096	1644862366099	OK	 
REQUEST		POST Add Pet	1644862366158	1644862366164	OK	 
REQUEST		Get Owners Info	1644862366164	1644862366179	OK	 
REQUEST		GET Edit Pet Page	1644862367381	1644862367386	OK	 
REQUEST		Get Find Owners Page	1644862367875	1644862367878	OK	 
REQUEST		POST Edit Pet Name	1644862369374	1644862369381	OK	 
REQUEST		GET Find Owners by Lastname	1644862369385	1644862369394	OK	 
REQUEST		GET Owners Info	1644862369381	1644862369397	OK	 
REQUEST		GET Owners Info	1644862369395	1644862369414	OK	 
REQUEST		GET Add new visit	1644862370500	1644862370515	OK	 
REQUEST		GET Open Edit Owner Page	1644862371190	1644862371195	OK	 
REQUEST		POST Add new visit	1644862372008	1644862372014	OK	 
REQUEST		GET Owners Info	1644862372014	1644862372030	OK	 
REQUEST		POST Update Owner	1644862372601	1644862372607	OK	 
REQUEST		GET Owners Info	1644862372607	1644862372624	OK	 
USER	DemoAdvanced	END	1644862373333
REQUEST		GET Vets List	1644862373857	1644862373861	OK	 
USER	DemoAdvanced	END	1644862375051
