RUN	demoAdvancedIk.DemoAdvanced	demoadvanced	1644845034867	 	3.6.1
USER	DemoAdvanced	START	1644845035889
REQUEST		request_0	1644845035908	1644845035947	OK	 
REQUEST		request_1	1644845037992	1644845038005	OK	 
REQUEST		request_2	1644845040012	1644845040031	OK	 
REQUEST		request_3	1644845041040	1644845041049	OK	 
REQUEST		request_4	1644845045059	1644845045074	OK	 
REQUEST		request_4 Redirect 1	1644845045076	1644845045087	OK	 
REQUEST		request_5	1644845046091	1644845046102	OK	 
USER	DemoAdvanced	START	1644845047879
REQUEST		request_0	1644845047879	1644845047895	OK	 
REQUEST		request_1	1644845049899	1644845049906	OK	 
REQUEST		request_6	1644845051106	1644845051121	OK	 
REQUEST		request_2	1644845051910	1644845051915	OK	 
REQUEST		request_3	1644845052920	1644845052927	OK	 
REQUEST		request_7	1644845056124	1644845056141	OK	 
REQUEST		request_4	1644845056930	1644845056936	OK	 
REQUEST		request_4 Redirect 1	1644845056937	1644845056948	OK	 
REQUEST		request_0	1644845057950	1644845057954	OK	 
USER	DemoAdvanced	START	1644845059879
REQUEST		request_0	1644845059880	1644845059894	OK	 
REQUEST		request_1	1644845059959	1644845059963	OK	 
REQUEST		request_1	1644845061899	1644845061904	OK	 
REQUEST		request_2	1644845061966	1644845061974	OK	 
REQUEST		request_8	1644845062149	1644845062163	OK	 
REQUEST		request_3	1644845062980	1644845062990	OK	 
REQUEST		request_2	1644845063906	1644845063920	OK	 
REQUEST		request_3	1644845064925	1644845064936	OK	 
REQUEST		request_9	1644845065169	1644845065180	OK	 
REQUEST		request_9 Redirect 1	1644845065180	1644845065197	OK	 
REQUEST		request_4	1644845066993	1644845067001	OK	 
REQUEST		request_4 Redirect 1	1644845067001	1644845067011	OK	 
REQUEST		request_10	1644845067200	1644845067214	OK	 
REQUEST		request_0	1644845068013	1644845068018	OK	 
REQUEST		request_4	1644845068939	1644845068945	OK	 
REQUEST		request_4 Redirect 1	1644845068945	1644845068955	OK	 
REQUEST		request_0	1644845069959	1644845069962	OK	 
REQUEST		request_1	1644845070023	1644845070030	OK	 
REQUEST		request_11	1644845071216	1644845071227	OK	 
REQUEST		request_11 Redirect 1	1644845071227	1644845071247	OK	 
USER	DemoAdvanced	START	1644845071875
REQUEST		request_0	1644845071875	1644845071899	OK	 
REQUEST		request_1	1644845071966	1644845071969	OK	 
REQUEST		request_2	1644845072036	1644845072045	OK	 
REQUEST		request_3	1644845073048	1644845073058	OK	 
REQUEST		request_1	1644845073904	1644845073908	OK	 
REQUEST		request_2	1644845073975	1644845073982	OK	 
REQUEST		request_3	1644845074984	1644845074996	OK	 
REQUEST		request_2	1644845075912	1644845075921	OK	 
REQUEST		request_12	1644845076252	1644845076265	OK	 
REQUEST		request_3	1644845076924	1644845076937	OK	 
REQUEST		request_4	1644845077064	1644845077073	OK	 
REQUEST		request_4 Redirect 1	1644845077073	1644845077089	OK	 
REQUEST		request_0	1644845078091	1644845078099	OK	 
REQUEST		request_4	1644845078999	1644845079007	OK	 
REQUEST		request_4 Redirect 1	1644845079008	1644845079018	OK	 
REQUEST		request_13	1644845079267	1644845079273	OK	 
REQUEST		request_0	1644845079274	1644845079277	OK	 
REQUEST		request_0	1644845080024	1644845080028	OK	 
REQUEST		request_1	1644845080101	1644845080145	OK	 
REQUEST		request_4	1644845080938	1644845080944	OK	 
REQUEST		request_4 Redirect 1	1644845080944	1644845080955	OK	 
REQUEST		request_1	1644845081283	1644845081288	OK	 
REQUEST		request_0	1644845081958	1644845081961	OK	 
REQUEST		request_1	1644845082032	1644845082036	OK	 
REQUEST		request_2	1644845082148	1644845082157	OK	 
REQUEST		request_3	1644845083158	1644845083169	OK	 
REQUEST		request_2	1644845083294	1644845083300	OK	 
USER	DemoAdvanced	START	1644845083874
REQUEST		request_0	1644845083875	1644845083888	OK	 
REQUEST		request_1	1644845083966	1644845083970	OK	 
REQUEST		request_2	1644845084041	1644845084046	OK	 
REQUEST		request_3	1644845084306	1644845084316	OK	 
REQUEST		request_3	1644845085049	1644845085059	OK	 
REQUEST		request_1	1644845085889	1644845085896	OK	 
REQUEST		request_2	1644845085973	1644845085980	OK	 
REQUEST		request_3	1644845086982	1644845086988	OK	 
REQUEST		request_4	1644845087174	1644845087181	OK	 
REQUEST		request_4 Redirect 1	1644845087181	1644845087196	OK	 
REQUEST		request_2	1644845087897	1644845087906	OK	 
REQUEST		request_0	1644845088202	1644845088211	OK	 
REQUEST		request_4	1644845088320	1644845088328	OK	 
REQUEST		request_4 Redirect 1	1644845088328	1644845088339	OK	 
REQUEST		request_3	1644845088909	1644845088920	OK	 
REQUEST		request_4	1644845089064	1644845089071	OK	 
REQUEST		request_4 Redirect 1	1644845089072	1644845089085	OK	 
REQUEST		request_0	1644845089340	1644845089345	OK	 
REQUEST		request_0	1644845090089	1644845090092	OK	 
REQUEST		request_1	1644845090213	1644845090218	OK	 
REQUEST		request_4	1644845090992	1644845090996	OK	 
REQUEST		request_4 Redirect 1	1644845090996	1644845091004	OK	 
REQUEST		request_1	1644845091348	1644845091352	OK	 
REQUEST		request_0	1644845092007	1644845092011	OK	 
REQUEST		request_1	1644845092097	1644845092101	OK	 
REQUEST		request_2	1644845092223	1644845092230	OK	 
REQUEST		request_4	1644845092922	1644845092928	OK	 
REQUEST		request_4 Redirect 1	1644845092928	1644845092937	OK	 
REQUEST		request_3	1644845093231	1644845093238	OK	 
REQUEST		request_2	1644845093354	1644845093360	OK	 
REQUEST		request_0	1644845093942	1644845093946	OK	 
REQUEST		request_1	1644845094013	1644845094016	OK	 
REQUEST		request_2	1644845094104	1644845094109	OK	 
REQUEST		request_3	1644845094365	1644845094372	OK	 
REQUEST		request_3	1644845095115	1644845095123	OK	 
REQUEST		request_1	1644845095949	1644845095953	OK	 
REQUEST		request_2	1644845096021	1644845096025	OK	 
REQUEST		request_3	1644845097027	1644845097033	OK	 
REQUEST		request_4	1644845097240	1644845097251	OK	 
REQUEST		request_4 Redirect 1	1644845097251	1644845097260	OK	 
REQUEST		request_2	1644845097956	1644845097964	OK	 
REQUEST		request_5	1644845098262	1644845098274	OK	 
REQUEST		request_4	1644845098374	1644845098381	OK	 
REQUEST		request_4 Redirect 1	1644845098382	1644845098394	OK	 
REQUEST		request_3	1644845098969	1644845098979	OK	 
REQUEST		request_4	1644845099125	1644845099131	OK	 
REQUEST		request_4 Redirect 1	1644845099131	1644845099143	OK	 
USER	DemoAdvanced	END	1644845099400
REQUEST		request_0	1644845100148	1644845100154	OK	 
REQUEST		request_4	1644845101038	1644845101046	OK	 
REQUEST		request_4 Redirect 1	1644845101046	1644845101056	OK	 
REQUEST		request_5	1644845102061	1644845102070	OK	 
REQUEST		request_1	1644845102157	1644845102162	OK	 
REQUEST		request_4	1644845102982	1644845102992	OK	 
REQUEST		request_4 Redirect 1	1644845102992	1644845103008	OK	 
REQUEST		request_6	1644845103280	1644845103295	OK	 
REQUEST		request_5	1644845104013	1644845104030	OK	 
REQUEST		request_2	1644845104168	1644845104177	OK	 
REQUEST		request_3	1644845105183	1644845105192	OK	 
REQUEST		request_6	1644845107071	1644845107081	OK	 
REQUEST		request_7	1644845108300	1644845108312	OK	 
REQUEST		request_6	1644845109035	1644845109045	OK	 
REQUEST		request_4	1644845109198	1644845109204	OK	 
REQUEST		request_4 Redirect 1	1644845109204	1644845109219	OK	 
REQUEST		request_0	1644845110222	1644845110228	OK	 
REQUEST		request_7	1644845112086	1644845112096	OK	 
REQUEST		request_1	1644845112234	1644845112238	OK	 
REQUEST		request_7	1644845114050	1644845114063	OK	 
REQUEST		request_2	1644845114244	1644845114254	OK	 
REQUEST		request_8	1644845114315	1644845114324	OK	 
REQUEST		request_3	1644845115258	1644845115278	OK	 
REQUEST		request_9	1644845117327	1644845117336	OK	 
REQUEST		request_9 Redirect 1	1644845117337	1644845117348	OK	 
REQUEST		request_8	1644845118098	1644845118108	OK	 
REQUEST		request_4	1644845119284	1644845119294	OK	 
REQUEST		request_4 Redirect 1	1644845119295	1644845119304	OK	 
REQUEST		request_10	1644845119352	1644845119366	OK	 
REQUEST		request_8	1644845120067	1644845120081	OK	 
USER	DemoAdvanced	END	1644845120310
REQUEST		request_9	1644845121112	1644845121125	OK	 
REQUEST		request_9 Redirect 1	1644845121125	1644845121135	OK	 
REQUEST		request_9	1644845123085	1644845123104	OK	 
REQUEST		request_9 Redirect 1	1644845123104	1644845123118	OK	 
REQUEST		request_10	1644845123139	1644845123148	OK	 
REQUEST		request_11	1644845123369	1644845123376	OK	 
REQUEST		request_11 Redirect 1	1644845123376	1644845123387	OK	 
REQUEST		request_10	1644845125119	1644845125131	OK	 
REQUEST		request_11	1644845127151	1644845127157	OK	 
REQUEST		request_11 Redirect 1	1644845127158	1644845127170	OK	 
REQUEST		request_12	1644845128392	1644845128398	OK	 
REQUEST		request_11	1644845129132	1644845129186	OK	 
REQUEST		request_11 Redirect 1	1644845129186	1644845129191	OK	 
REQUEST		request_13	1644845131402	1644845131406	OK	 
USER	DemoAdvanced	END	1644845131406
REQUEST		request_12	1644845132171	1644845132174	OK	 
REQUEST		request_12	1644845134195	1644845134200	OK	 
REQUEST		request_13	1644845135175	1644845135179	OK	 
USER	DemoAdvanced	END	1644845135179
REQUEST		request_13	1644845137202	1644845137205	OK	 
REQUEST		request_5	1644845137205	1644845137213	OK	 
REQUEST		request_6	1644845142215	1644845142223	OK	 
REQUEST		request_7	1644845147229	1644845147237	OK	 
REQUEST		request_8	1644845153239	1644845153248	OK	 
REQUEST		request_9	1644845156254	1644845156264	OK	 
REQUEST		request_9 Redirect 1	1644845156265	1644845156271	OK	 
REQUEST		request_10	1644845158274	1644845158281	OK	 
REQUEST		request_11	1644845162286	1644845162291	OK	 
REQUEST		request_11 Redirect 1	1644845162291	1644845162298	OK	 
REQUEST		request_12	1644845167300	1644845167304	OK	 
REQUEST		request_13	1644845170306	1644845170309	OK	 
USER	DemoAdvanced	END	1644845170310
