RUN	demoAdvancedIk.DemoAdvanced	demoadvanced	1644839699499	 	3.6.1
USER	DemoAdvanced	START	1644839700203
REQUEST		request_0	1644839700222	1644839700241	OK	 
REQUEST		request_1	1644839702282	1644839702288	OK	 
REQUEST		request_2	1644839704291	1644839704301	OK	 
REQUEST		request_3	1644839705309	1644839705316	OK	 
REQUEST		request_4	1644839709326	1644839709334	OK	 
REQUEST		request_4 Redirect 1	1644839709336	1644839709345	OK	 
REQUEST		request_0	1644839710351	1644839710355	OK	 
USER	DemoAdvanced	START	1644839712196
REQUEST		request_0	1644839712196	1644839712208	OK	 
REQUEST		request_1	1644839712359	1644839712364	OK	 
REQUEST		request_1	1644839714212	1644839714219	OK	 
REQUEST		request_2	1644839714368	1644839714382	OK	 
REQUEST		request_3	1644839715384	1644839715393	OK	 
REQUEST		request_2	1644839716222	1644839716231	OK	 
REQUEST		request_3	1644839717232	1644839717241	OK	 
REQUEST		request_4	1644839719398	1644839719408	OK	 
REQUEST		request_4 Redirect 1	1644839719409	1644839719420	OK	 
REQUEST		request_0	1644839720423	1644839720430	OK	 
REQUEST		request_4	1644839721246	1644839721255	OK	 
REQUEST		request_4 Redirect 1	1644839721255	1644839721265	OK	 
REQUEST		request_5	1644839722268	1644839722277	OK	 
REQUEST		request_1	1644839722435	1644839722438	OK	 
USER	DemoAdvanced	START	1644839724196
REQUEST		request_0	1644839724196	1644839724209	OK	 
REQUEST		request_2	1644839724440	1644839724450	OK	 
REQUEST		request_3	1644839725456	1644839725465	OK	 
REQUEST		request_1	1644839726211	1644839726215	OK	 
REQUEST		request_6	1644839727282	1644839727294	OK	 
REQUEST		request_2	1644839728216	1644839728223	OK	 
REQUEST		request_3	1644839729226	1644839729233	OK	 
REQUEST		request_4	1644839729468	1644839729475	OK	 
REQUEST		request_4 Redirect 1	1644839729475	1644839729484	OK	 
REQUEST		request_0	1644839730491	1644839730496	OK	 
REQUEST		request_7	1644839732298	1644839732309	OK	 
REQUEST		request_1	1644839732502	1644839732509	OK	 
REQUEST		request_4	1644839733236	1644839733244	OK	 
REQUEST		request_4 Redirect 1	1644839733244	1644839733252	OK	 
REQUEST		request_0	1644839734255	1644839734259	OK	 
REQUEST		request_2	1644839734513	1644839734521	OK	 
REQUEST		request_3	1644839735524	1644839735537	OK	 
USER	DemoAdvanced	START	1644839736194
REQUEST		request_0	1644839736195	1644839736208	OK	 
REQUEST		request_1	1644839736261	1644839736265	OK	 
REQUEST		request_1	1644839738212	1644839738216	OK	 
REQUEST		request_2	1644839738270	1644839738278	OK	 
REQUEST		request_8	1644839738312	1644839738325	OK	 
REQUEST		request_3	1644839739283	1644839739291	OK	 
REQUEST		request_4	1644839739542	1644839739549	OK	 
REQUEST		request_4 Redirect 1	1644839739549	1644839739557	OK	 
REQUEST		request_2	1644839740218	1644839740224	OK	 
REQUEST		request_0	1644839740558	1644839740562	OK	 
REQUEST		request_3	1644839741227	1644839741236	OK	 
REQUEST		request_9	1644839741330	1644839741345	OK	 
REQUEST		request_9 Redirect 1	1644839741345	1644839741355	OK	 
REQUEST		request_1	1644839742566	1644839742571	OK	 
REQUEST		request_4	1644839743298	1644839743307	OK	 
REQUEST		request_4 Redirect 1	1644839743307	1644839743314	OK	 
REQUEST		request_10	1644839743361	1644839743371	OK	 
REQUEST		request_0	1644839744318	1644839744323	OK	 
REQUEST		request_2	1644839744578	1644839744585	OK	 
REQUEST		request_4	1644839745240	1644839745246	OK	 
REQUEST		request_4 Redirect 1	1644839745246	1644839745253	OK	 
REQUEST		request_3	1644839745592	1644839745601	OK	 
REQUEST		request_0	1644839746257	1644839746261	OK	 
REQUEST		request_1	1644839746327	1644839746331	OK	 
REQUEST		request_11	1644839747376	1644839747383	OK	 
REQUEST		request_11 Redirect 1	1644839747384	1644839747396	OK	 
USER	DemoAdvanced	START	1644839748194
REQUEST		request_5	1644839748194	1644839748215	OK	 
REQUEST		request_1	1644839748262	1644839748270	OK	 
REQUEST		request_2	1644839748333	1644839748340	OK	 
REQUEST		request_3	1644839749343	1644839749349	OK	 
REQUEST		request_4	1644839749602	1644839749608	OK	 
REQUEST		request_4 Redirect 1	1644839749608	1644839749614	OK	 
REQUEST		request_2	1644839750273	1644839750282	OK	 
REQUEST		request_0	1644839750618	1644839750622	OK	 
REQUEST		request_3	1644839751288	1644839751295	OK	 
REQUEST		request_12	1644839752401	1644839752410	OK	 
REQUEST		request_1	1644839752626	1644839752631	OK	 
REQUEST		request_6	1644839753217	1644839753230	OK	 
REQUEST		request_4	1644839753355	1644839753362	OK	 
REQUEST		request_4 Redirect 1	1644839753362	1644839753369	OK	 
REQUEST		request_0	1644839754372	1644839754374	OK	 
REQUEST		request_2	1644839754634	1644839754641	OK	 
REQUEST		request_4	1644839755297	1644839755307	OK	 
REQUEST		request_4 Redirect 1	1644839755307	1644839755314	OK	 
REQUEST		request_13	1644839755417	1644839755421	OK	 
REQUEST		request_0	1644839755423	1644839755427	OK	 
REQUEST		request_3	1644839755646	1644839755653	OK	 
REQUEST		request_5	1644839756320	1644839756328	OK	 
REQUEST		request_1	1644839756380	1644839756383	OK	 
REQUEST		request_1	1644839757432	1644839757437	OK	 
REQUEST		request_7	1644839758231	1644839758249	OK	 
REQUEST		request_2	1644839758386	1644839758392	OK	 
REQUEST		request_3	1644839759396	1644839759402	OK	 
REQUEST		request_2	1644839759443	1644839759451	OK	 
REQUEST		request_4	1644839759655	1644839759660	OK	 
REQUEST		request_4 Redirect 1	1644839759660	1644839759667	OK	 
REQUEST		request_3	1644839760454	1644839760461	OK	 
USER	DemoAdvanced	END	1644839760672
REQUEST		request_6	1644839761330	1644839761339	OK	 
REQUEST		request_4	1644839763407	1644839763413	OK	 
REQUEST		request_4 Redirect 1	1644839763413	1644839763422	OK	 
REQUEST		request_8	1644839764251	1644839764263	OK	 
REQUEST		request_5	1644839764425	1644839764433	OK	 
REQUEST		request_4	1644839764466	1644839764474	OK	 
REQUEST		request_4 Redirect 1	1644839764474	1644839764482	OK	 
REQUEST		request_0	1644839765486	1644839765490	OK	 
REQUEST		request_7	1644839766342	1644839766357	OK	 
REQUEST		request_9	1644839767267	1644839767275	OK	 
REQUEST		request_9 Redirect 1	1644839767276	1644839767282	OK	 
REQUEST		request_1	1644839767492	1644839767497	OK	 
REQUEST		request_10	1644839769284	1644839769292	OK	 
REQUEST		request_6	1644839769437	1644839769446	OK	 
REQUEST		request_2	1644839769500	1644839769508	OK	 
REQUEST		request_3	1644839770509	1644839770515	OK	 
REQUEST		request_8	1644839772360	1644839772371	OK	 
REQUEST		request_11	1644839773296	1644839773303	OK	 
REQUEST		request_11 Redirect 1	1644839773303	1644839773312	OK	 
REQUEST		request_7	1644839774449	1644839774460	OK	 
REQUEST		request_4	1644839774517	1644839774523	OK	 
REQUEST		request_4 Redirect 1	1644839774524	1644839774530	OK	 
REQUEST		request_9	1644839775377	1644839775387	OK	 
REQUEST		request_9 Redirect 1	1644839775387	1644839775394	OK	 
USER	DemoAdvanced	END	1644839775535
REQUEST		request_10	1644839777401	1644839777413	OK	 
REQUEST		request_12	1644839778317	1644839778322	OK	 
REQUEST		request_8	1644839780466	1644839780479	OK	 
REQUEST		request_13	1644839781323	1644839781326	OK	 
REQUEST		request_0	1644839781327	1644839781330	OK	 
REQUEST		request_11	1644839781414	1644839781420	OK	 
REQUEST		request_11 Redirect 1	1644839781420	1644839781429	OK	 
REQUEST		request_1	1644839783332	1644839783337	OK	 
REQUEST		request_9	1644839783484	1644839783493	OK	 
REQUEST		request_9 Redirect 1	1644839783494	1644839783502	OK	 
REQUEST		request_2	1644839785341	1644839785347	OK	 
REQUEST		request_10	1644839785506	1644839785513	OK	 
REQUEST		request_3	1644839786350	1644839786358	OK	 
REQUEST		request_12	1644839786432	1644839786436	OK	 
REQUEST		request_13	1644839789441	1644839789445	OK	 
REQUEST		request_0	1644839789446	1644839789453	OK	 
REQUEST		request_11	1644839789519	1644839789524	OK	 
REQUEST		request_11 Redirect 1	1644839789524	1644839789530	OK	 
REQUEST		request_4	1644839790363	1644839790390	OK	 
REQUEST		request_4 Redirect 1	1644839790390	1644839790396	OK	 
REQUEST		request_0	1644839791398	1644839791400	OK	 
REQUEST		request_1	1644839791458	1644839791462	OK	 
REQUEST		request_1	1644839793406	1644839793410	OK	 
REQUEST		request_2	1644839793465	1644839793471	OK	 
REQUEST		request_3	1644839794472	1644839794479	OK	 
REQUEST		request_12	1644839794532	1644839794537	OK	 
REQUEST		request_2	1644839795412	1644839795418	OK	 
REQUEST		request_3	1644839796421	1644839796427	OK	 
REQUEST		request_13	1644839797542	1644839797545	OK	 
USER	DemoAdvanced	END	1644839797545
REQUEST		request_4	1644839798483	1644839798490	OK	 
REQUEST		request_4 Redirect 1	1644839798490	1644839798512	OK	 
USER	DemoAdvanced	END	1644839799513
REQUEST		request_4	1644839800430	1644839800435	OK	 
REQUEST		request_4 Redirect 1	1644839800436	1644839800447	OK	 
REQUEST		request_0	1644839801452	1644839801457	OK	 
REQUEST		request_1	1644839803463	1644839803466	OK	 
REQUEST		request_2	1644839805471	1644839805478	OK	 
REQUEST		request_3	1644839806482	1644839806488	OK	 
REQUEST		request_4	1644839810489	1644839810494	OK	 
REQUEST		request_4 Redirect 1	1644839810494	1644839810503	OK	 
USER	DemoAdvanced	END	1644839811504
