RUN	demoAdvancedIk.DemoAdvanced	demoadvanced	1644854585648	 	3.6.1
USER	DemoAdvanced	START	1644854586603
REQUEST		request_0	1644854586630	1644854586652	OK	 
USER	DemoAdvanced	START	1644854586695
REQUEST		request_0	1644854586695	1644854586707	OK	 
USER	DemoAdvanced	START	1644854586787
REQUEST		request_0	1644854586788	1644854586799	OK	 
USER	DemoAdvanced	START	1644854586876
REQUEST		request_0	1644854586877	1644854586889	OK	 
USER	DemoAdvanced	START	1644854586968
REQUEST		request_0	1644854586969	1644854586981	OK	 
USER	DemoAdvanced	START	1644854587061
REQUEST		request_5	1644854587062	1644854587076	OK	 
USER	DemoAdvanced	START	1644854587154
REQUEST		request_0	1644854587155	1644854587166	OK	 
USER	DemoAdvanced	START	1644854587244
REQUEST		request_0	1644854587245	1644854587257	OK	 
USER	DemoAdvanced	START	1644854587337
REQUEST		request_0	1644854587338	1644854587342	OK	 
USER	DemoAdvanced	START	1644854587431
REQUEST		request_5	1644854587431	1644854587439	OK	 
USER	DemoAdvanced	START	1644854587522
REQUEST		request_0	1644854587523	1644854587528	OK	 
USER	DemoAdvanced	START	1644854587608
REQUEST		request_0	1644854587609	1644854587613	OK	 
USER	DemoAdvanced	START	1644854588604
REQUEST		request_0	1644854588605	1644854588611	OK	 
REQUEST		request_1	1644854588692	1644854588698	OK	 
REQUEST		request_1	1644854588711	1644854588714	OK	 
REQUEST		request_1	1644854588801	1644854588804	OK	 
REQUEST		request_1	1644854588892	1644854588895	OK	 
REQUEST		request_1	1644854588983	1644854588986	OK	 
REQUEST		request_1	1644854589170	1644854589174	OK	 
REQUEST		request_1	1644854589261	1644854589265	OK	 
REQUEST		request_1	1644854589345	1644854589350	OK	 
REQUEST		request_1	1644854589533	1644854589536	OK	 
USER	DemoAdvanced	START	1644854589604
REQUEST		request_0	1644854589605	1644854589610	OK	 
REQUEST		request_1	1644854589619	1644854589622	OK	 
USER	DemoAdvanced	START	1644854590606
REQUEST		request_0	1644854590607	1644854590611	OK	 
REQUEST		request_1	1644854590614	1644854590616	OK	 
REQUEST		request_2	1644854590703	1644854590708	OK	 
REQUEST		request_2	1644854590715	1644854590724	OK	 
REQUEST		request_2	1644854590808	1644854590815	OK	 
REQUEST		request_2	1644854590897	1644854590904	OK	 
REQUEST		request_2	1644854590990	1644854590997	OK	 
REQUEST		request_2	1644854591176	1644854591181	OK	 
REQUEST		request_2	1644854591266	1644854591271	OK	 
REQUEST		request_2	1644854591353	1644854591358	OK	 
REQUEST		request_2	1644854591541	1644854591547	OK	 
USER	DemoAdvanced	START	1644854591605
REQUEST		request_0	1644854591605	1644854591613	OK	 
REQUEST		request_1	1644854591614	1644854591617	OK	 
REQUEST		request_2	1644854591627	1644854591634	OK	 
REQUEST		request_3	1644854591712	1644854591723	OK	 
REQUEST		request_3	1644854591727	1644854591733	OK	 
REQUEST		request_3	1644854591820	1644854591825	OK	 
REQUEST		request_3	1644854591905	1644854591911	OK	 
REQUEST		request_3	1644854592000	1644854592004	OK	 
REQUEST		request_6	1644854592086	1644854592100	OK	 
REQUEST		request_3	1644854592185	1644854592190	OK	 
REQUEST		request_3	1644854592274	1644854592280	OK	 
REQUEST		request_3	1644854592359	1644854592366	OK	 
REQUEST		request_6	1644854592445	1644854592458	OK	 
REQUEST		request_3	1644854592549	1644854592554	OK	 
USER	DemoAdvanced	START	1644854592604
REQUEST		request_0	1644854592605	1644854592611	OK	 
REQUEST		request_1	1644854592614	1644854592617	OK	 
REQUEST		request_2	1644854592621	1644854592625	OK	 
REQUEST		request_3	1644854592639	1644854592646	OK	 
USER	DemoAdvanced	START	1644854593604
REQUEST		request_0	1644854593604	1644854593613	OK	 
REQUEST		request_1	1644854593617	1644854593624	OK	 
REQUEST		request_2	1644854593621	1644854593628	OK	 
REQUEST		request_3	1644854593627	1644854593633	OK	 
USER	DemoAdvanced	START	1644854594615
REQUEST		request_1	1644854594614	1644854594618	OK	 
REQUEST		request_5	1644854594615	1644854594627	OK	 
REQUEST		request_2	1644854594621	1644854594631	OK	 
REQUEST		request_3	1644854594633	1644854594642	OK	 
USER	DemoAdvanced	START	1644854595604
REQUEST		request_0	1644854595605	1644854595615	OK	 
REQUEST		request_1	1644854595615	1644854595621	OK	 
REQUEST		request_2	1644854595628	1644854595634	OK	 
REQUEST		request_3	1644854595635	1644854595641	OK	 
REQUEST		request_4	1644854595728	1644854595733	OK	 
REQUEST		request_4	1644854595735	1644854595742	OK	 
REQUEST		request_4 Redirect 1	1644854595742	1644854595759	OK	 
REQUEST		request_4 Redirect 1	1644854595736	1644854595762	OK	 
REQUEST		request_4	1644854595826	1644854595839	OK	 
REQUEST		request_4 Redirect 1	1644854595839	1644854595860	OK	 
REQUEST		request_4	1644854595913	1644854595922	OK	 
REQUEST		request_4 Redirect 1	1644854595922	1644854595942	OK	 
REQUEST		request_4	1644854596006	1644854596018	OK	 
REQUEST		request_4 Redirect 1	1644854596019	1644854596044	OK	 
REQUEST		request_4	1644854596281	1644854596305	OK	 
REQUEST		request_4	1644854596191	1644854596314	OK	 
REQUEST		request_4 Redirect 1	1644854596314	1644854596455	OK	 
REQUEST		request_4 Redirect 1	1644854596305	1644854596515	OK	 
REQUEST		request_4	1644854596368	1644854596529	OK	 
REQUEST		request_4	1644854596648	1644854596713	OK	 
REQUEST		request_4	1644854596558	1644854596744	OK	 
REQUEST		request_3	1644854596642	1644854596916	OK	 
REQUEST		request_4 Redirect 1	1644854596529	1644854597068	OK	 
REQUEST		request_0	1644854596762	1644854597068	OK	 
REQUEST		request_0	1644854596862	1644854597068	OK	 
REQUEST		request_5	1644854596765	1644854597093	OK	 
REQUEST		request_2	1644854596622	1644854597093	OK	 
REQUEST		request_4 Redirect 1	1644854596744	1644854597094	OK	 
REQUEST		request_0	1644854596946	1644854597093	OK	 
REQUEST		request_0	1644854597047	1644854597101	OK	 
REQUEST		request_4 Redirect 1	1644854596713	1644854597108	OK	 
REQUEST		request_7	1644854597102	1644854597160	OK	 
REQUEST		request_0	1644854597458	1644854597495	OK	 
REQUEST		request_7	1644854597459	1644854597500	OK	 
REQUEST		request_0	1644854597519	1644854597523	OK	 
REQUEST		request_4	1644854597640	1644854597680	OK	 
REQUEST		request_2	1644854597623	1644854597685	OK	 
REQUEST		request_1	1644854597618	1644854597732	OK	 
REQUEST		request_4 Redirect 1	1644854597680	1644854597741	OK	 
REQUEST		request_0	1644854598071	1644854598074	OK	 
REQUEST		request_5	1644854598098	1644854598104	OK	 
REQUEST		request_3	1644854598097	1644854598104	OK	 
REQUEST		request_0	1644854598115	1644854598120	OK	 
REQUEST		request_4	1644854598643	1644854598651	OK	 
REQUEST		request_4 Redirect 1	1644854598652	1644854598673	OK	 
REQUEST		request_3	1644854598686	1644854598695	OK	 
REQUEST		request_0	1644854598745	1644854598747	OK	 
REQUEST		request_1	1644854599070	1644854599074	OK	 
REQUEST		request_1	1644854599070	1644854599074	OK	 
REQUEST		request_1	1644854599099	1644854599103	OK	 
REQUEST		request_1	1644854599103	1644854599111	OK	 
REQUEST		request_1	1644854599502	1644854599505	OK	 
REQUEST		request_1	1644854599525	1644854599528	OK	 
REQUEST		request_6	1644854599629	1644854599639	OK	 
REQUEST		request_4	1644854599645	1644854599652	OK	 
REQUEST		request_4 Redirect 1	1644854599652	1644854599670	OK	 
REQUEST		request_5	1644854599677	1644854599688	OK	 
REQUEST		request_2	1644854599737	1644854599745	OK	 
REQUEST		request_1	1644854600122	1644854600153	OK	 
REQUEST		request_1	1644854600079	1644854600155	OK	 
REQUEST		request_0	1644854600677	1644854600681	OK	 
REQUEST		request_1	1644854600752	1644854600757	OK	 
REQUEST		request_3	1644854600751	1644854600760	OK	 
REQUEST		request_4	1644854600921	1644854600932	OK	 
REQUEST		request_4 Redirect 1	1644854600932	1644854600958	OK	 
REQUEST		request_2	1644854601076	1644854601083	OK	 
REQUEST		request_2	1644854601076	1644854601083	OK	 
REQUEST		request_2	1644854601108	1644854601114	OK	 
REQUEST		request_2	1644854601116	1644854601123	OK	 
REQUEST		request_2	1644854601510	1644854601517	OK	 
REQUEST		request_2	1644854601533	1644854601538	OK	 
REQUEST		request_0	1644854601962	1644854601967	OK	 
REQUEST		request_3	1644854602088	1644854602104	OK	 
REQUEST		request_3	1644854602088	1644854602104	OK	 
REQUEST		request_6	1644854602100	1644854602111	OK	 
REQUEST		request_4	1644854602110	1644854602119	OK	 
REQUEST		request_3	1644854602125	1644854602133	OK	 
REQUEST		request_3	1644854602118	1644854602135	OK	 
REQUEST		request_4 Redirect 1	1644854602119	1644854602143	OK	 
REQUEST		request_2	1644854602160	1644854602170	OK	 
REQUEST		request_2	1644854602158	1644854602171	OK	 
REQUEST		request_3	1644854602522	1644854602527	OK	 
REQUEST		request_3	1644854602544	1644854602551	OK	 
REQUEST		request_1	1644854602683	1644854602686	OK	 
REQUEST		request_4	1644854602697	1644854602702	OK	 
REQUEST		request_4 Redirect 1	1644854602702	1644854602715	OK	 
REQUEST		request_2	1644854602763	1644854602768	OK	 
REQUEST		request_6	1644854603110	1644854603122	OK	 
REQUEST		request_0	1644854603146	1644854603150	OK	 
REQUEST		request_8	1644854603165	1644854603175	OK	 
REQUEST		request_3	1644854603176	1644854603183	OK	 
REQUEST		request_3	1644854603176	1644854603183	OK	 
REQUEST		request_8	1644854603502	1644854603526	OK	 
REQUEST		request_0	1644854603721	1644854603723	OK	 
REQUEST		request_3	1644854603769	1644854603784	OK	 
REQUEST		request_1	1644854603969	1644854603973	OK	 
REQUEST		request_7	1644854604643	1644854604651	OK	 
REQUEST		request_2	1644854604691	1644854604700	OK	 
REQUEST		request_6	1644854604691	1644854604704	OK	 
REQUEST		request_4	1644854604764	1644854604771	OK	 
REQUEST		request_4 Redirect 1	1644854604772	1644854604785	OK	 
REQUEST		request_1	1644854605151	1644854605154	OK	 
REQUEST		request_3	1644854605703	1644854605709	OK	 
REQUEST		request_1	1644854605726	1644854605729	OK	 
REQUEST		request_5	1644854605791	1644854605800	OK	 
REQUEST		request_2	1644854605976	1644854605980	OK	 
REQUEST		request_4	1644854606108	1644854606113	OK	 
REQUEST		request_4	1644854606108	1644854606120	OK	 
REQUEST		request_4 Redirect 1	1644854606114	1644854606136	OK	 
REQUEST		request_4	1644854606134	1644854606144	OK	 
REQUEST		request_4 Redirect 1	1644854606120	1644854606159	OK	 
REQUEST		request_4	1644854606139	1644854606160	OK	 
REQUEST		request_4 Redirect 1	1644854606145	1644854606160	OK	 
REQUEST		request_4 Redirect 1	1644854606160	1644854606178	OK	 
REQUEST		request_9	1644854606177	1644854606185	OK	 
REQUEST		request_9 Redirect 1	1644854606185	1644854606205	OK	 
REQUEST		request_4	1644854606533	1644854606538	OK	 
REQUEST		request_9	1644854606530	1644854606538	OK	 
REQUEST		request_9 Redirect 1	1644854606538	1644854606563	OK	 
REQUEST		request_4	1644854606558	1644854606567	OK	 
REQUEST		request_4 Redirect 1	1644854606538	1644854606570	OK	 
REQUEST		request_4 Redirect 1	1644854606567	1644854606585	OK	 
REQUEST		request_3	1644854606984	1644854606991	OK	 
REQUEST		request_7	1644854607114	1644854607124	OK	 
REQUEST		request_0	1644854607141	1644854607145	OK	 
REQUEST		request_2	1644854607159	1644854607165	OK	 
REQUEST		request_0	1644854607162	1644854607166	OK	 
REQUEST		request_0	1644854607165	1644854607168	OK	 
REQUEST		request_0	1644854607183	1644854607186	OK	 
REQUEST		request_4	1644854607184	1644854607190	OK	 
REQUEST		request_4	1644854607184	1644854607190	OK	 
REQUEST		request_4 Redirect 1	1644854607191	1644854607225	OK	 
REQUEST		request_4 Redirect 1	1644854607191	1644854607229	OK	 
REQUEST		request_0	1644854607576	1644854607578	OK	 
REQUEST		request_0	1644854607586	1644854607589	OK	 
REQUEST		request_2	1644854607735	1644854607739	OK	 
REQUEST		request_4	1644854607786	1644854607792	OK	 
REQUEST		request_4 Redirect 1	1644854607792	1644854607813	OK	 
REQUEST		request_7	1644854608124	1644854608134	OK	 
REQUEST		request_3	1644854608167	1644854608173	OK	 
REQUEST		request_10	1644854608210	1644854608230	OK	 
REQUEST		request_0	1644854608231	1644854608233	OK	 
REQUEST		request_5	1644854608234	1644854608241	OK	 
REQUEST		request_10	1644854608564	1644854608579	OK	 
REQUEST		request_3	1644854608745	1644854608750	OK	 
REQUEST		request_5	1644854608818	1644854608824	OK	 
REQUEST		request_1	1644854609146	1644854609150	OK	 
REQUEST		request_1	1644854609168	1644854609171	OK	 
REQUEST		request_1	1644854609169	1644854609171	OK	 
REQUEST		request_1	1644854609192	1644854609198	OK	 
REQUEST		request_1	1644854609584	1644854609586	OK	 
REQUEST		request_1	1644854609594	1644854609597	OK	 
REQUEST		request_7	1644854609709	1644854609715	OK	 
REQUEST		request_4	1644854609714	1644854609719	OK	 
REQUEST		request_4 Redirect 1	1644854609719	1644854609734	OK	 
REQUEST		request_1	1644854610239	1644854610241	OK	 
REQUEST		request_8	1644854610658	1644854610665	OK	 
REQUEST		request_5	1644854610739	1644854610746	OK	 
REQUEST		request_6	1644854610801	1644854610808	OK	 
REQUEST		request_4	1644854610993	1644854610998	OK	 
REQUEST		request_4 Redirect 1	1644854610998	1644854611016	OK	 
REQUEST		request_2	1644854611155	1644854611161	OK	 
REQUEST		request_2	1644854611177	1644854611185	OK	 
REQUEST		request_2	1644854611177	1644854611185	OK	 
REQUEST		request_2	1644854611202	1644854611207	OK	 
REQUEST		request_2	1644854611592	1644854611599	OK	 
REQUEST		request_2	1644854611602	1644854611609	OK	 
REQUEST		request_0	1644854612019	1644854612026	OK	 
REQUEST		request_3	1644854612163	1644854612169	OK	 
REQUEST		request_4	1644854612177	1644854612181	OK	 
REQUEST		request_3	1644854612188	1644854612196	OK	 
REQUEST		request_4 Redirect 1	1644854612182	1644854612204	OK	 
REQUEST		request_3	1644854612191	1644854612205	OK	 
REQUEST		request_3	1644854612212	1644854612217	OK	 
REQUEST		request_11	1644854612237	1644854612244	OK	 
REQUEST		request_2	1644854612246	1644854612253	OK	 
REQUEST		request_11 Redirect 1	1644854612244	1644854612264	OK	 
REQUEST		request_11	1644854612584	1644854612591	OK	 
REQUEST		request_11 Redirect 1	1644854612591	1644854612605	OK	 
REQUEST		request_3	1644854612602	1644854612611	OK	 
REQUEST		request_3	1644854612611	1644854612616	OK	 
REQUEST		request_4	1644854612755	1644854612761	OK	 
REQUEST		request_4 Redirect 1	1644854612761	1644854612774	OK	 
REQUEST		request_8	1644854613127	1644854613138	OK	 
REQUEST		request_0	1644854613210	1644854613214	OK	 
REQUEST		request_6	1644854613246	1644854613253	OK	 
REQUEST		request_3	1644854613258	1644854613265	OK	 
REQUEST		request_9	1644854613671	1644854613682	OK	 
REQUEST		request_9 Redirect 1	1644854613682	1644854613696	OK	 
REQUEST		request_0	1644854613778	1644854613780	OK	 
REQUEST		request_6	1644854613830	1644854613836	OK	 
REQUEST		request_1	1644854614029	1644854614033	OK	 
REQUEST		request_8	1644854614137	1644854614145	OK	 
REQUEST		request_1	1644854615216	1644854615219	OK	 
REQUEST		request_10	1644854615699	1644854615720	OK	 
REQUEST		request_8	1644854615717	1644854615726	OK	 
REQUEST		request_6	1644854615747	1644854615755	OK	 
REQUEST		request_1	1644854615783	1644854615786	OK	 
REQUEST		request_7	1644854615812	1644854615820	OK	 
REQUEST		request_2	1644854616037	1644854616044	OK	 
REQUEST		request_9	1644854616143	1644854616152	OK	 
REQUEST		request_9 Redirect 1	1644854616152	1644854616166	OK	 
REQUEST		request_4	1644854616175	1644854616179	OK	 
REQUEST		request_4 Redirect 1	1644854616179	1644854616192	OK	 
REQUEST		request_4	1644854616199	1644854616204	OK	 
REQUEST		request_4	1644854616208	1644854616213	OK	 
REQUEST		request_4	1644854616222	1644854616225	OK	 
REQUEST		request_4 Redirect 1	1644854616204	1644854616230	OK	 
REQUEST		request_4 Redirect 1	1644854616213	1644854616231	OK	 
REQUEST		request_4 Redirect 1	1644854616226	1644854616248	OK	 
REQUEST		request_4	1644854616617	1644854616621	OK	 
REQUEST		request_4	1644854616616	1644854616622	OK	 
REQUEST		request_4 Redirect 1	1644854616621	1644854616639	OK	 
REQUEST		request_4 Redirect 1	1644854616622	1644854616640	OK	 
REQUEST		request_3	1644854617049	1644854617056	OK	 
REQUEST		request_9	1644854617149	1644854617156	OK	 
REQUEST		request_9 Redirect 1	1644854617157	1644854617169	OK	 
REQUEST		request_5	1644854617195	1644854617202	OK	 
REQUEST		request_2	1644854617224	1644854617230	OK	 
REQUEST		request_0	1644854617232	1644854617235	OK	 
REQUEST		request_0	1644854617236	1644854617237	OK	 
REQUEST		request_0	1644854617255	1644854617257	OK	 
REQUEST		request_12	1644854617269	1644854617275	OK	 
REQUEST		request_4	1644854617269	1644854617276	OK	 
REQUEST		request_4 Redirect 1	1644854617276	1644854617287	OK	 
REQUEST		request_12	1644854617608	1644854617610	OK	 
REQUEST		request_0	1644854617643	1644854617645	OK	 
REQUEST		request_0	1644854617643	1644854617645	OK	 
REQUEST		request_2	1644854617791	1644854617795	OK	 
REQUEST		request_10	1644854618167	1644854618182	OK	 
REQUEST		request_3	1644854618234	1644854618245	OK	 
REQUEST		request_7	1644854618258	1644854618265	OK	 
REQUEST		request_0	1644854618291	1644854618294	OK	 
REQUEST		request_9	1644854618731	1644854618739	OK	 
REQUEST		request_9 Redirect 1	1644854618739	1644854618752	OK	 
REQUEST		request_3	1644854618802	1644854618808	OK	 
REQUEST		request_7	1644854618841	1644854618850	OK	 
REQUEST		request_10	1644854619175	1644854619189	OK	 
REQUEST		request_1	1644854619243	1644854619245	OK	 
REQUEST		request_1	1644854619240	1644854619245	OK	 
REQUEST		request_1	1644854619261	1644854619263	OK	 
REQUEST		request_1	1644854619650	1644854619653	OK	 
REQUEST		request_1	1644854619650	1644854619654	OK	 
REQUEST		request_11	1644854619725	1644854619734	OK	 
REQUEST		request_11 Redirect 1	1644854619734	1644854619746	OK	 
REQUEST		request_13	1644854620276	1644854620283	OK	 
REQUEST		request_0	1644854620285	1644854620287	OK	 
REQUEST		request_1	1644854620299	1644854620301	OK	 
REQUEST		request_13	1644854620616	1644854620620	OK	 
REQUEST		request_0	1644854620621	1644854620623	OK	 
REQUEST		request_7	1644854620759	1644854620765	OK	 
REQUEST		request_10	1644854620758	1644854620773	OK	 
REQUEST		request_4	1644854621060	1644854621065	OK	 
REQUEST		request_4 Redirect 1	1644854621065	1644854621080	OK	 
REQUEST		request_2	1644854621248	1644854621259	OK	 
REQUEST		request_2	1644854621248	1644854621259	OK	 
REQUEST		request_2	1644854621269	1644854621273	OK	 
REQUEST		request_2	1644854621660	1644854621665	OK	 
REQUEST		request_2	1644854621659	1644854621670	OK	 
REQUEST		request_8	1644854621824	1644854621836	OK	 
REQUEST		request_5	1644854622085	1644854622090	OK	 
REQUEST		request_11	1644854622185	1644854622190	OK	 
REQUEST		request_11 Redirect 1	1644854622190	1644854622202	OK	 
REQUEST		request_6	1644854622208	1644854622217	OK	 
REQUEST		request_4	1644854622250	1644854622254	OK	 
REQUEST		request_3	1644854622260	1644854622266	OK	 
REQUEST		request_3	1644854622260	1644854622270	OK	 
REQUEST		request_4 Redirect 1	1644854622255	1644854622281	OK	 
REQUEST		request_3	1644854622277	1644854622282	OK	 
REQUEST		request_1	1644854622292	1644854622295	OK	 
REQUEST		request_2	1644854622302	1644854622312	OK	 
REQUEST		request_1	1644854622626	1644854622630	OK	 
REQUEST		request_3	1644854622669	1644854622675	OK	 
REQUEST		request_3	1644854622675	1644854622680	OK	 
REQUEST		request_4	1644854622810	1644854622816	OK	 
REQUEST		request_4 Redirect 1	1644854622816	1644854622833	OK	 
REQUEST		request_11	1644854623194	1644854623200	OK	 
REQUEST		request_11 Redirect 1	1644854623200	1644854623211	OK	 
REQUEST		request_0	1644854623286	1644854623288	OK	 
REQUEST		request_3	1644854623315	1644854623324	OK	 
REQUEST		request_5	1644854623840	1644854623847	OK	 
REQUEST		request_8	1644854624269	1644854624280	OK	 
REQUEST		request_2	1644854624296	1644854624302	OK	 
REQUEST		request_2	1644854624634	1644854624639	OK	 
REQUEST		request_12	1644854624752	1644854624757	OK	 
REQUEST		request_11	1644854624778	1644854624783	OK	 
REQUEST		request_11 Redirect 1	1644854624783	1644854624798	OK	 
REQUEST		request_9	1644854624841	1644854624849	OK	 
REQUEST		request_8	1644854624853	1644854624858	OK	 
REQUEST		request_9 Redirect 1	1644854624849	1644854624861	OK	 
REQUEST		request_1	1644854625291	1644854625295	OK	 
REQUEST		request_3	1644854625308	1644854625311	OK	 
REQUEST		request_3	1644854625643	1644854625647	OK	 
REQUEST		request_4	1644854626269	1644854626281	OK	 
REQUEST		request_4	1644854626285	1644854626293	OK	 
REQUEST		request_4	1644854626276	1644854626293	OK	 
REQUEST		request_4 Redirect 1	1644854626281	1644854626309	OK	 
REQUEST		request_4 Redirect 1	1644854626294	1644854626347	OK	 
REQUEST		request_4 Redirect 1	1644854626294	1644854626354	OK	 
REQUEST		request_4	1644854626680	1644854626692	OK	 
REQUEST		request_4	1644854626686	1644854626694	OK	 
REQUEST		request_4 Redirect 1	1644854626694	1644854626721	OK	 
REQUEST		request_4 Redirect 1	1644854626692	1644854626725	OK	 
REQUEST		request_8	1644854626769	1644854626781	OK	 
REQUEST		request_10	1644854626866	1644854626882	OK	 
REQUEST		request_6	1644854627093	1644854627101	OK	 
REQUEST		request_12	1644854627208	1644854627212	OK	 
REQUEST		request_7	1644854627219	1644854627227	OK	 
REQUEST		request_9	1644854627285	1644854627297	OK	 
REQUEST		request_0	1644854627311	1644854627314	OK	 
REQUEST		request_2	1644854627297	1644854627320	OK	 
REQUEST		request_4	1644854627326	1644854627333	OK	 
REQUEST		request_9 Redirect 1	1644854627297	1644854627344	OK	 
REQUEST		request_4 Redirect 1	1644854627333	1644854627350	OK	 
REQUEST		request_0	1644854627349	1644854627353	OK	 
REQUEST		request_0	1644854627358	1644854627360	OK	 
REQUEST		request_0	1644854627727	1644854627734	OK	 
REQUEST		request_5	1644854627723	1644854627736	OK	 
REQUEST		request_13	1644854627759	1644854627762	OK	 
REQUEST		request_5	1644854627763	1644854627772	OK	 
REQUEST		request_9	1644854627864	1644854627872	OK	 
REQUEST		request_9 Redirect 1	1644854627872	1644854627886	OK	 
REQUEST		request_12	1644854628216	1644854628219	OK	 
REQUEST		request_3	1644854628325	1644854628331	OK	 
REQUEST		request_0	1644854628356	1644854628358	OK	 
REQUEST		request_6	1644854628850	1644854628857	OK	 
REQUEST		request_1	1644854629316	1644854629322	OK	 
REQUEST		request_4	1644854629317	1644854629322	OK	 
REQUEST		request_4 Redirect 1	1644854629322	1644854629334	OK	 
REQUEST		request_1	1644854629358	1644854629360	OK	 
REQUEST		request_10	1644854629349	1644854629362	OK	 
REQUEST		request_1	1644854629365	1644854629367	OK	 
REQUEST		request_4	1644854629651	1644854629658	OK	 
REQUEST		request_4 Redirect 1	1644854629658	1644854629671	OK	 
REQUEST		request_1	1644854629736	1644854629739	OK	 
REQUEST		request_9	1644854629784	1644854629796	OK	 
REQUEST		request_12	1644854629799	1644854629804	OK	 
REQUEST		request_9 Redirect 1	1644854629796	1644854629810	OK	 
REQUEST		request_10	1644854629891	1644854629909	OK	 
REQUEST		request_13	1644854630214	1644854630218	OK	 
REQUEST		request_0	1644854630219	1644854630221	OK	 
REQUEST		request_0	1644854630340	1644854630343	OK	 
REQUEST		request_1	1644854630361	1644854630365	OK	 
REQUEST		request_5	1644854630674	1644854630692	OK	 
REQUEST		request_11	1644854630885	1644854630891	OK	 
REQUEST		request_11 Redirect 1	1644854630891	1644854630909	OK	 
REQUEST		request_13	1644854631224	1644854631228	OK	 
REQUEST		request_0	1644854631228	1644854631230	OK	 
REQUEST		request_2	1644854631325	1644854631331	OK	 
REQUEST		request_2	1644854631367	1644854631372	OK	 
REQUEST		request_2	1644854631365	1644854631372	OK	 
REQUEST		request_2	1644854631742	1644854631747	OK	 
REQUEST		request_10	1644854631814	1644854631827	OK	 
REQUEST		request_7	1644854632106	1644854632113	OK	 
REQUEST		request_1	1644854632226	1644854632229	OK	 
REQUEST		request_4	1644854632334	1644854632339	OK	 
REQUEST		request_3	1644854632334	1644854632343	OK	 
REQUEST		request_1	1644854632348	1644854632350	OK	 
REQUEST		request_4 Redirect 1	1644854632339	1644854632351	OK	 
REQUEST		request_3	1644854632376	1644854632380	OK	 
REQUEST		request_2	1644854632369	1644854632380	OK	 
REQUEST		request_3	1644854632376	1644854632382	OK	 
REQUEST		request_6	1644854632741	1644854632747	OK	 
REQUEST		request_3	1644854632751	1644854632755	OK	 
REQUEST		request_6	1644854632776	1644854632788	OK	 
REQUEST		request_13	1644854632809	1644854632812	OK	 
REQUEST		request_5	1644854632813	1644854632817	OK	 
REQUEST		request_1	1644854633234	1644854633237	OK	 
REQUEST		request_8	1644854633233	1644854633241	OK	 
REQUEST		request_5	1644854633357	1644854633370	OK	 
REQUEST		request_11	1644854633364	1644854633372	OK	 
REQUEST		request_11 Redirect 1	1644854633372	1644854633389	OK	 
REQUEST		request_3	1644854633385	1644854633390	OK	 
REQUEST		request_7	1644854633859	1644854633865	OK	 
REQUEST		request_11	1644854633915	1644854633920	OK	 
REQUEST		request_11 Redirect 1	1644854633920	1644854633933	OK	 
REQUEST		request_2	1644854634233	1644854634238	OK	 
REQUEST		request_2	1644854634353	1644854634357	OK	 
REQUEST		request_3	1644854635241	1644854635247	OK	 
REQUEST		request_2	1644854635241	1644854635247	OK	 
REQUEST		request_3	1644854635361	1644854635368	OK	 
REQUEST		request_6	1644854635698	1644854635704	OK	 
REQUEST		request_11	1644854635833	1644854635838	OK	 
REQUEST		request_11 Redirect 1	1644854635838	1644854635850	OK	 
REQUEST		request_12	1644854635914	1644854635918	OK	 
REQUEST		request_9	1644854636243	1644854636251	OK	 
REQUEST		request_3	1644854636249	1644854636253	OK	 
REQUEST		request_9 Redirect 1	1644854636251	1644854636264	OK	 
REQUEST		request_4	1644854636344	1644854636349	OK	 
REQUEST		request_4 Redirect 1	1644854636349	1644854636365	OK	 
REQUEST		request_4	1644854636381	1644854636386	OK	 
REQUEST		request_4	1644854636388	1644854636393	OK	 
REQUEST		request_4 Redirect 1	1644854636386	1644854636400	OK	 
REQUEST		request_4 Redirect 1	1644854636393	1644854636406	OK	 
REQUEST		request_4	1644854636758	1644854636762	OK	 
REQUEST		request_4 Redirect 1	1644854636762	1644854636775	OK	 
REQUEST		request_0	1644854637371	1644854637375	OK	 
REQUEST		request_4	1644854637394	1644854637398	OK	 
REQUEST		request_0	1644854637401	1644854637411	OK	 
REQUEST		request_4 Redirect 1	1644854637398	1644854637459	OK	 
REQUEST		request_0	1644854637409	1644854637459	OK	 
REQUEST		request_7	1644854637753	1644854637761	OK	 
REQUEST		request_5	1644854637781	1644854637787	OK	 
REQUEST		request_7	1644854637789	1644854637794	OK	 
REQUEST		request_6	1644854637822	1644854637829	OK	 
REQUEST		request_8	1644854638114	1644854638125	OK	 
REQUEST		request_10	1644854638266	1644854638283	OK	 
REQUEST		request_6	1644854638372	1644854638386	OK	 
REQUEST		request_12	1644854638390	1644854638393	OK	 
REQUEST		request_0	1644854638466	1644854638468	OK	 
REQUEST		request_13	1644854638924	1644854638926	OK	 
REQUEST		request_0	1644854638926	1644854638929	OK	 
REQUEST		request_12	1644854638939	1644854638941	OK	 
REQUEST		request_4	1644854639249	1644854639256	OK	 
REQUEST		request_4 Redirect 1	1644854639256	1644854639269	OK	 
REQUEST		request_4	1644854639373	1644854639378	OK	 
REQUEST		request_1	1644854639379	1644854639384	OK	 
REQUEST		request_4 Redirect 1	1644854639378	1644854639392	OK	 
REQUEST		request_1	1644854639415	1644854639419	OK	 
REQUEST		request_1	1644854639465	1644854639467	OK	 
REQUEST		request_8	1644854639868	1644854639876	OK	 
REQUEST		request_4	1644854640258	1644854640263	OK	 
REQUEST		request_0	1644854640273	1644854640275	OK	 
REQUEST		request_4 Redirect 1	1644854640263	1644854640278	OK	 
REQUEST		request_0	1644854640397	1644854640400	OK	 
REQUEST		request_1	1644854640472	1644854640476	OK	 
REQUEST		request_7	1644854640708	1644854640714	OK	 
REQUEST		request_12	1644854640856	1644854640860	OK	 
REQUEST		request_1	1644854640933	1644854640935	OK	 
REQUEST		request_9	1644854641130	1644854641137	OK	 
REQUEST		request_9 Redirect 1	1644854641137	1644854641149	OK	 
REQUEST		request_0	1644854641284	1644854641286	OK	 
REQUEST		request_2	1644854641388	1644854641395	OK	 
REQUEST		request_13	1644854641397	1644854641400	OK	 
REQUEST		request_0	1644854641400	1644854641411	OK	 
REQUEST		request_2	1644854641424	1644854641434	OK	 
REQUEST		request_2	1644854641472	1644854641477	OK	 
REQUEST		request_13	1644854641944	1644854641947	OK	 
REQUEST		request_5	1644854641947	1644854641954	OK	 
REQUEST		request_1	1644854642281	1644854642283	OK	 
REQUEST		request_11	1644854642289	1644854642294	OK	 
REQUEST		request_11 Redirect 1	1644854642294	1644854642307	OK	 
REQUEST		request_1	1644854642402	1644854642405	OK	 
REQUEST		request_3	1644854642400	1644854642406	OK	 
REQUEST		request_3	1644854642438	1644854642444	OK	 
REQUEST		request_3	1644854642481	1644854642487	OK	 
REQUEST		request_2	1644854642481	1644854642488	OK	 
REQUEST		request_6	1644854642791	1644854642798	OK	 
REQUEST		request_7	1644854642833	1644854642840	OK	 
REQUEST		request_9	1644854642880	1644854642887	OK	 
REQUEST		request_9 Redirect 1	1644854642887	1644854642904	OK	 
REQUEST		request_2	1644854642940	1644854642945	OK	 
REQUEST		request_10	1644854643154	1644854643170	OK	 
REQUEST		request_1	1644854643291	1644854643294	OK	 
REQUEST		request_7	1644854643392	1644854643399	OK	 
REQUEST		request_1	1644854643412	1644854643415	OK	 
REQUEST		request_3	1644854643493	1644854643499	OK	 
REQUEST		request_8	1644854643763	1644854643770	OK	 
REQUEST		request_8	1644854643795	1644854643801	OK	 
REQUEST		request_13	1644854643864	1644854643867	OK	 
REQUEST		request_5	1644854643867	1644854643876	OK	 
REQUEST		request_3	1644854643947	1644854643951	OK	 
REQUEST		request_2	1644854644288	1644854644295	OK	 
REQUEST		request_2	1644854644410	1644854644416	OK	 
REQUEST		request_10	1644854644907	1644854644931	OK	 
REQUEST		request_3	1644854645299	1644854645310	OK	 
REQUEST		request_2	1644854645298	1644854645310	OK	 
REQUEST		request_3	1644854645419	1644854645424	OK	 
REQUEST		request_2	1644854645419	1644854645425	OK	 
REQUEST		request_3	1644854646313	1644854646318	OK	 
REQUEST		request_4	1644854646411	1644854646416	OK	 
REQUEST		request_4 Redirect 1	1644854646416	1644854646430	OK	 
REQUEST		request_3	1644854646430	1644854646437	OK	 
REQUEST		request_4	1644854646448	1644854646453	OK	 
REQUEST		request_4 Redirect 1	1644854646453	1644854646465	OK	 
REQUEST		request_4	1644854646494	1644854646500	OK	 
REQUEST		request_4 Redirect 1	1644854646500	1644854646518	OK	 
REQUEST		request_8	1644854646720	1644854646729	OK	 
REQUEST		request_9	1644854646772	1644854646781	OK	 
REQUEST		request_9 Redirect 1	1644854646781	1644854646794	OK	 
REQUEST		request_9	1644854646806	1644854646813	OK	 
REQUEST		request_9 Redirect 1	1644854646813	1644854646831	OK	 
REQUEST		request_6	1644854646958	1644854646963	OK	 
REQUEST		request_11	1644854647173	1644854647179	OK	 
REQUEST		request_11 Redirect 1	1644854647179	1644854647195	OK	 
REQUEST		request_12	1644854647311	1644854647315	OK	 
USER	DemoAdvanced	END	1644854647433
USER	DemoAdvanced	END	1644854647472
REQUEST		request_4	1644854647500	1644854647504	OK	 
REQUEST		request_4 Redirect 1	1644854647505	1644854647516	OK	 
USER	DemoAdvanced	END	1644854647521
REQUEST		request_7	1644854647802	1644854647808	OK	 
REQUEST		request_4	1644854647955	1644854647963	OK	 
REQUEST		request_4 Redirect 1	1644854647963	1644854647976	OK	 
USER	DemoAdvanced	END	1644854648517
REQUEST		request_10	1644854648798	1644854648812	OK	 
REQUEST		request_8	1644854648841	1644854648852	OK	 
REQUEST		request_10	1644854648834	1644854648855	OK	 
REQUEST		request_6	1644854648880	1644854648888	OK	 
REQUEST		request_11	1644854648933	1644854648938	OK	 
REQUEST		request_11 Redirect 1	1644854648938	1644854648954	OK	 
REQUEST		request_0	1644854648981	1644854648985	OK	 
REQUEST		request_4	1644854649314	1644854649319	OK	 
REQUEST		request_4 Redirect 1	1644854649319	1644854649331	OK	 
REQUEST		request_8	1644854649404	1644854649411	OK	 
REQUEST		request_4	1644854649430	1644854649439	OK	 
REQUEST		request_4 Redirect 1	1644854649439	1644854649453	OK	 
REQUEST		request_9	1644854649732	1644854649740	OK	 
REQUEST		request_9 Redirect 1	1644854649740	1644854649753	OK	 
REQUEST		request_13	1644854650319	1644854650322	OK	 
USER	DemoAdvanced	END	1644854650322
REQUEST		request_4	1644854650322	1644854650327	OK	 
USER	DemoAdvanced	END	1644854650337
REQUEST		request_4 Redirect 1	1644854650327	1644854650344	OK	 
REQUEST		request_4	1644854650440	1644854650444	OK	 
USER	DemoAdvanced	END	1644854650455
REQUEST		request_4 Redirect 1	1644854650444	1644854650458	OK	 
REQUEST		request_1	1644854650990	1644854650994	OK	 
USER	DemoAdvanced	END	1644854651346
USER	DemoAdvanced	END	1644854651463
REQUEST		request_10	1644854651754	1644854651767	OK	 
REQUEST		request_9	1644854651857	1644854651864	OK	 
REQUEST		request_9 Redirect 1	1644854651864	1644854651880	OK	 
REQUEST		request_7	1644854651968	1644854651981	OK	 
REQUEST		request_12	1644854652196	1644854652200	OK	 
REQUEST		request_9	1644854652416	1644854652425	OK	 
REQUEST		request_9 Redirect 1	1644854652425	1644854652439	OK	 
REQUEST		request_11	1644854652819	1644854652825	OK	 
REQUEST		request_11 Redirect 1	1644854652825	1644854652842	OK	 
REQUEST		request_11	1644854652860	1644854652864	OK	 
REQUEST		request_11 Redirect 1	1644854652864	1644854652879	OK	 
REQUEST		request_2	1644854652997	1644854653003	OK	 
REQUEST		request_8	1644854653811	1644854653818	OK	 
REQUEST		request_10	1644854653883	1644854653898	OK	 
REQUEST		request_7	1644854653894	1644854653900	OK	 
REQUEST		request_12	1644854653955	1644854653957	OK	 
REQUEST		request_3	1644854654004	1644854654010	OK	 
REQUEST		request_10	1644854654441	1644854654454	OK	 
REQUEST		request_13	1644854655204	1644854655206	OK	 
USER	DemoAdvanced	END	1644854655207
REQUEST		request_11	1644854655771	1644854655781	OK	 
REQUEST		request_11 Redirect 1	1644854655781	1644854655794	OK	 
REQUEST		request_9	1644854656820	1644854656832	OK	 
REQUEST		request_9 Redirect 1	1644854656832	1644854656851	OK	 
REQUEST		request_13	1644854656961	1644854656965	OK	 
USER	DemoAdvanced	END	1644854656965
REQUEST		request_12	1644854657843	1644854657847	OK	 
REQUEST		request_12	1644854657882	1644854657885	OK	 
REQUEST		request_11	1644854657901	1644854657907	OK	 
REQUEST		request_11 Redirect 1	1644854657907	1644854657924	OK	 
REQUEST		request_8	1644854657985	1644854657995	OK	 
REQUEST		request_4	1644854658012	1644854658018	OK	 
REQUEST		request_4 Redirect 1	1644854658018	1644854658031	OK	 
REQUEST		request_11	1644854658458	1644854658463	OK	 
REQUEST		request_11 Redirect 1	1644854658463	1644854658476	OK	 
REQUEST		request_10	1644854658854	1644854658869	OK	 
USER	DemoAdvanced	END	1644854659032
REQUEST		request_8	1644854659903	1644854659912	OK	 
REQUEST		request_12	1644854660795	1644854660799	OK	 
REQUEST		request_13	1644854660848	1644854660851	OK	 
USER	DemoAdvanced	END	1644854660852
REQUEST		request_13	1644854660887	1644854660890	OK	 
USER	DemoAdvanced	END	1644854660890
REQUEST		request_9	1644854660997	1644854661011	OK	 
REQUEST		request_9 Redirect 1	1644854661011	1644854661029	OK	 
REQUEST		request_11	1644854662874	1644854662880	OK	 
REQUEST		request_11 Redirect 1	1644854662880	1644854662892	OK	 
REQUEST		request_9	1644854662918	1644854662926	OK	 
REQUEST		request_12	1644854662928	1644854662934	OK	 
REQUEST		request_9 Redirect 1	1644854662926	1644854662945	OK	 
REQUEST		request_10	1644854663032	1644854663049	OK	 
REQUEST		request_12	1644854663477	1644854663480	OK	 
REQUEST		request_13	1644854663803	1644854663807	OK	 
USER	DemoAdvanced	END	1644854663807
REQUEST		request_10	1644854664950	1644854664964	OK	 
REQUEST		request_13	1644854665936	1644854665939	OK	 
USER	DemoAdvanced	END	1644854665940
REQUEST		request_13	1644854666485	1644854666488	OK	 
USER	DemoAdvanced	END	1644854666489
REQUEST		request_11	1644854667050	1644854667055	OK	 
REQUEST		request_11 Redirect 1	1644854667056	1644854667076	OK	 
REQUEST		request_12	1644854667894	1644854667897	OK	 
REQUEST		request_11	1644854668969	1644854668974	OK	 
REQUEST		request_11 Redirect 1	1644854668974	1644854668992	OK	 
REQUEST		request_13	1644854670902	1644854670904	OK	 
USER	DemoAdvanced	END	1644854670904
REQUEST		request_12	1644854672080	1644854672084	OK	 
REQUEST		request_12	1644854673994	1644854673997	OK	 
REQUEST		request_13	1644854675086	1644854675088	OK	 
USER	DemoAdvanced	END	1644854675088
REQUEST		request_13	1644854677001	1644854677004	OK	 
USER	DemoAdvanced	END	1644854677005
