RUN	demoAdvancedIk.DemoAdvanced	demoadvanced	1644852938167	 	3.6.1
USER	DemoAdvanced	START	1644852938919
REQUEST		request_5	1644852938941	1644852938967	OK	 
USER	DemoAdvanced	START	1644852939012
REQUEST		request_5	1644852939013	1644852939026	OK	 
USER	DemoAdvanced	START	1644852939104
USER	DemoAdvanced	START	1644852939196
REQUEST		request_0	1644852939104	1644852939116	KO	xpath((//h2[contains(text(),'Welcome')],Map())).find.exists preparation crashed: Could not parse response into a DOM Document: n.s.s.t.XPathException: org.xml.sax.SAXParseException; lineNumber: 1; columnNumber: 3; The markup in the document preceding the root element must be well-formed.
REQUEST		request_0	1644852939196	1644852939209	KO	xpath((//h2[contains(text(),'Welcome')],Map())).find.exists preparation crashed: Could not parse response into a DOM Document: n.s.s.t.XPathException: org.xml.sax.SAXParseException; lineNumber: 1; columnNumber: 3; The markup in the document preceding the root element must be well-formed.
USER	DemoAdvanced	START	1644852939283
REQUEST		request_5	1644852939284	1644852939298	OK	 
USER	DemoAdvanced	START	1644852939377
REQUEST		request_0	1644852939377	1644852939388	KO	xpath((//h2[contains(text(),'Welcome')],Map())).find.exists preparation crashed: Could not parse response into a DOM Document: n.s.s.t.XPathException: org.xml.sax.SAXParseException; lineNumber: 1; columnNumber: 3; The markup in the document preceding the root element must be well-formed.
USER	DemoAdvanced	START	1644852939468
REQUEST		request_0	1644852939469	1644852939479	KO	xpath((//h2[contains(text(),'Welcome')],Map())).find.exists preparation crashed: Could not parse response into a DOM Document: n.s.s.t.XPathException: org.xml.sax.SAXParseException; lineNumber: 1; columnNumber: 3; The markup in the document preceding the root element must be well-formed.
USER	DemoAdvanced	START	1644852939559
REQUEST		request_0	1644852939559	1644852939577	KO	xpath((//h2[contains(text(),'Welcome')],Map())).find.exists preparation crashed: Could not parse response into a DOM Document: n.s.s.t.XPathException: org.xml.sax.SAXParseException; lineNumber: 1; columnNumber: 3; The markup in the document preceding the root element must be well-formed.
USER	DemoAdvanced	START	1644852939653
REQUEST		request_0	1644852939654	1644852939660	KO	xpath((//h2[contains(text(),'Welcome')],Map())).find.exists preparation crashed: Could not parse response into a DOM Document: n.s.s.t.XPathException: org.xml.sax.SAXParseException; lineNumber: 1; columnNumber: 3; The markup in the document preceding the root element must be well-formed.
USER	DemoAdvanced	START	1644852939744
REQUEST		request_0	1644852939745	1644852939759	KO	xpath((//h2[contains(text(),'Welcome')],Map())).find.exists preparation crashed: Could not parse response into a DOM Document: n.s.s.t.XPathException: org.xml.sax.SAXParseException; lineNumber: 1; columnNumber: 3; The markup in the document preceding the root element must be well-formed.
USER	DemoAdvanced	START	1644852939837
REQUEST		request_0	1644852939837	1644852939843	KO	xpath((//h2[contains(text(),'Welcome')],Map())).find.exists preparation crashed: Could not parse response into a DOM Document: n.s.s.t.XPathException: org.xml.sax.SAXParseException; lineNumber: 1; columnNumber: 3; The markup in the document preceding the root element must be well-formed.
USER	DemoAdvanced	START	1644852939932
REQUEST		request_0	1644852939933	1644852939937	KO	xpath((//h2[contains(text(),'Welcome')],Map())).find.exists preparation crashed: Could not parse response into a DOM Document: n.s.s.t.XPathException: org.xml.sax.SAXParseException; lineNumber: 1; columnNumber: 3; The markup in the document preceding the root element must be well-formed.
USER	DemoAdvanced	START	1644852940923
REQUEST		request_0	1644852940924	1644852940930	KO	xpath((//h2[contains(text(),'Welcome')],Map())).find.exists preparation crashed: Could not parse response into a DOM Document: n.s.s.t.XPathException: org.xml.sax.SAXParseException; lineNumber: 1; columnNumber: 3; The markup in the document preceding the root element must be well-formed.
REQUEST		request_1	1644852941230	1644852941234	OK	 
REQUEST		request_1	1644852941230	1644852941234	OK	 
REQUEST		request_1	1644852941391	1644852941399	OK	 
REQUEST		request_1	1644852941483	1644852941487	OK	 
REQUEST		request_1	1644852941583	1644852941587	OK	 
REQUEST		request_1	1644852941662	1644852941665	OK	 
REQUEST		request_1	1644852941762	1644852941765	OK	 
REQUEST		request_1	1644852941846	1644852941851	OK	 
USER	DemoAdvanced	START	1644852941923
REQUEST		request_0	1644852941924	1644852941930	KO	xpath((//h2[contains(text(),'Welcome')],Map())).find.exists preparation crashed: Could not parse response into a DOM Document: n.s.s.t.XPathException: org.xml.sax.SAXParseException; lineNumber: 1; columnNumber: 3; The markup in the document preceding the root element must be well-formed.
REQUEST		request_1	1644852941942	1644852941945	OK	 
USER	DemoAdvanced	START	1644852942922
REQUEST		request_5	1644852942922	1644852942937	OK	 
REQUEST		request_1	1644852942936	1644852942939	OK	 
REQUEST		request_2	1644852943242	1644852943249	OK	 
REQUEST		request_2	1644852943242	1644852943251	OK	 
REQUEST		request_2	1644852943400	1644852943405	OK	 
REQUEST		request_2	1644852943489	1644852943502	OK	 
REQUEST		request_2	1644852943592	1644852943599	OK	 
REQUEST		request_2	1644852943667	1644852943674	OK	 
REQUEST		request_2	1644852943767	1644852943775	OK	 
REQUEST		request_2	1644852943854	1644852943866	OK	 
USER	DemoAdvanced	START	1644852943921
REQUEST		request_0	1644852943921	1644852943928	KO	xpath((//h2[contains(text(),'Welcome')],Map())).find.exists preparation crashed: Could not parse response into a DOM Document: n.s.s.t.XPathException: org.xml.sax.SAXParseException; lineNumber: 1; columnNumber: 3; The markup in the document preceding the root element must be well-formed.
REQUEST		request_1	1644852943936	1644852943940	OK	 
REQUEST		request_2	1644852943951	1644852943957	OK	 
REQUEST		request_6	1644852944010	1644852944020	OK	 
REQUEST		request_5	1644852944026	1644852944034	OK	 
REQUEST		request_6	1644852944030	1644852944042	OK	 
REQUEST		request_5	1644852944044	1644852944057	OK	 
REQUEST		request_3	1644852944257	1644852944268	OK	 
REQUEST		request_3	1644852944257	1644852944269	OK	 
REQUEST		request_6	1644852944302	1644852944308	OK	 
REQUEST		request_5	1644852944309	1644852944319	OK	 
REQUEST		request_3	1644852944407	1644852944411	OK	 
REQUEST		request_3	1644852944504	1644852944509	OK	 
REQUEST		request_3	1644852944602	1644852944607	OK	 
REQUEST		request_3	1644852944677	1644852944684	OK	 
REQUEST		request_3	1644852944778	1644852944785	OK	 
REQUEST		request_3	1644852944871	1644852944876	OK	 
USER	DemoAdvanced	START	1644852944931
REQUEST		request_5	1644852944931	1644852944939	OK	 
REQUEST		request_2	1644852944942	1644852944947	OK	 
REQUEST		request_3	1644852944962	1644852944967	OK	 
USER	DemoAdvanced	START	1644852945931
REQUEST		request_0	1644852945931	1644852945935	KO	xpath((//h2[contains(text(),'Welcome')],Map())).find.exists preparation crashed: Could not parse response into a DOM Document: n.s.s.t.XPathException: org.xml.sax.SAXParseException; lineNumber: 1; columnNumber: 3; The markup in the document preceding the root element must be well-formed.
REQUEST		request_1	1644852945930	1644852945938	OK	 
REQUEST		request_2	1644852945946	1644852945951	OK	 
REQUEST		request_3	1644852945952	1644852945957	OK	 
USER	DemoAdvanced	START	1644852946930
REQUEST		request_5	1644852946931	1644852946939	OK	 
REQUEST		request_3	1644852946956	1644852946961	OK	 
USER	DemoAdvanced	START	1644852947932
REQUEST		request_0	1644852947932	1644852947940	KO	xpath((//h2[contains(text(),'Welcome')],Map())).find.exists preparation crashed: Could not parse response into a DOM Document: n.s.s.t.XPathException: org.xml.sax.SAXParseException; lineNumber: 1; columnNumber: 3; The markup in the document preceding the root element must be well-formed.
REQUEST		request_1	1644852947942	1644852947946	OK	 
REQUEST		request_6	1644852947943	1644852947952	OK	 
REQUEST		request_2	1644852947943	1644852947953	OK	 
REQUEST		request_5	1644852947954	1644852947963	OK	 
REQUEST		request_4	1644852948271	1644852948276	OK	 
REQUEST		request_4	1644852948276	1644852948286	OK	 
REQUEST		request_4 Redirect 1	1644852948278	1644852948289	OK	 
REQUEST		request_4 Redirect 1	1644852948286	1644852948298	OK	 
REQUEST		request_4	1644852948414	1644852948419	OK	 
REQUEST		request_4 Redirect 1	1644852948420	1644852948432	OK	 
REQUEST		request_4	1644852948514	1644852948523	OK	 
REQUEST		request_4 Redirect 1	1644852948524	1644852948551	OK	 
REQUEST		request_4	1644852948610	1644852948643	OK	 
REQUEST		request_4	1644852948685	1644852948709	OK	 
REQUEST		request_4 Redirect 1	1644852948644	1644852948733	OK	 
REQUEST		request_4 Redirect 1	1644852948709	1644852948752	OK	 
REQUEST		request_4	1644852948787	1644852948794	OK	 
REQUEST		request_4 Redirect 1	1644852948795	1644852948811	OK	 
REQUEST		request_4	1644852948877	1644852948884	OK	 
REQUEST		request_4 Redirect 1	1644852948885	1644852948898	OK	 
REQUEST		request_3	1644852948957	1644852948965	OK	 
REQUEST		request_4	1644852948969	1644852948982	OK	 
REQUEST		request_4 Redirect 1	1644852948982	1644852948992	OK	 
REQUEST		request_6	1644852949036	1644852949047	OK	 
USER	DemoAdvanced	END	1644852949052
REQUEST		request_6	1644852949063	1644852949072	OK	 
USER	DemoAdvanced	END	1644852949074
REQUEST		request_0	1644852949295	1644852949297	KO	xpath((//h2[contains(text(),'Welcome')],Map())).find.exists preparation crashed: Could not parse response into a DOM Document: n.s.s.t.XPathException: org.xml.sax.SAXParseException; lineNumber: 1; columnNumber: 3; The markup in the document preceding the root element must be well-formed.
REQUEST		request_0	1644852949305	1644852949308	KO	xpath((//h2[contains(text(),'Welcome')],Map())).find.exists preparation crashed: Could not parse response into a DOM Document: n.s.s.t.XPathException: org.xml.sax.SAXParseException; lineNumber: 1; columnNumber: 3; The markup in the document preceding the root element must be well-formed.
REQUEST		request_6	1644852949322	1644852949335	OK	 
USER	DemoAdvanced	END	1644852949336
REQUEST		request_0	1644852949436	1644852949438	KO	xpath((//h2[contains(text(),'Welcome')],Map())).find.exists preparation crashed: Could not parse response into a DOM Document: n.s.s.t.XPathException: org.xml.sax.SAXParseException; lineNumber: 1; columnNumber: 3; The markup in the document preceding the root element must be well-formed.
REQUEST		request_0	1644852949553	1644852949556	KO	xpath((//h2[contains(text(),'Welcome')],Map())).find.exists preparation crashed: Could not parse response into a DOM Document: n.s.s.t.XPathException: org.xml.sax.SAXParseException; lineNumber: 1; columnNumber: 3; The markup in the document preceding the root element must be well-formed.
REQUEST		request_0	1644852949756	1644852949768	KO	xpath((//h2[contains(text(),'Welcome')],Map())).find.exists preparation crashed: Could not parse response into a DOM Document: n.s.s.t.XPathException: org.xml.sax.SAXParseException; lineNumber: 1; columnNumber: 3; The markup in the document preceding the root element must be well-formed.
REQUEST		request_5	1644852949738	1644852949772	OK	 
REQUEST		request_0	1644852949817	1644852949846	KO	xpath((//h2[contains(text(),'Welcome')],Map())).find.exists preparation crashed: Could not parse response into a DOM Document: n.s.s.t.XPathException: org.xml.sax.SAXParseException; lineNumber: 1; columnNumber: 3; The markup in the document preceding the root element must be well-formed.
REQUEST		request_0	1644852949902	1644852949905	KO	xpath((//h2[contains(text(),'Welcome')],Map())).find.exists preparation crashed: Could not parse response into a DOM Document: n.s.s.t.XPathException: org.xml.sax.SAXParseException; lineNumber: 1; columnNumber: 3; The markup in the document preceding the root element must be well-formed.
REQUEST		request_1	1644852949943	1644852949949	OK	 
REQUEST		request_2	1644852949950	1644852949955	OK	 
REQUEST		request_6	1644852949944	1644852949958	OK	 
REQUEST		request_5	1644852949959	1644852949968	OK	 
REQUEST		request_4	1644852949962	1644852949977	OK	 
REQUEST		request_4 Redirect 1	1644852949977	1644852949994	OK	 
REQUEST		request_0	1644852949998	1644852950002	KO	xpath((//h2[contains(text(),'Welcome')],Map())).find.exists preparation crashed: Could not parse response into a DOM Document: n.s.s.t.XPathException: org.xml.sax.SAXParseException; lineNumber: 1; columnNumber: 3; The markup in the document preceding the root element must be well-formed.
REQUEST		request_3	1644852950960	1644852950972	OK	 
REQUEST		request_4	1644852950968	1644852950980	OK	 
REQUEST		request_4 Redirect 1	1644852950980	1644852950992	OK	 
REQUEST		request_0	1644852950999	1644852951004	KO	xpath((//h2[contains(text(),'Welcome')],Map())).find.exists preparation crashed: Could not parse response into a DOM Document: n.s.s.t.XPathException: org.xml.sax.SAXParseException; lineNumber: 1; columnNumber: 3; The markup in the document preceding the root element must be well-formed.
REQUEST		request_1	1644852951301	1644852951305	OK	 
REQUEST		request_1	1644852951315	1644852951318	OK	 
REQUEST		request_1	1644852951446	1644852951503	OK	 
REQUEST		request_1	1644852951560	1644852951571	OK	 
REQUEST		request_1	1644852951773	1644852951778	OK	 
REQUEST		request_1	1644852951849	1644852951853	OK	 
REQUEST		request_1	1644852951908	1644852951915	OK	 
REQUEST		request_1	1644852952005	1644852952104	OK	 
REQUEST		request_2	1644852951953	1644852952151	OK	 
REQUEST		request_6	1644852951942	1644852952298	OK	 
REQUEST		request_0	1644852951998	1644852952298	KO	xpath((//h2[contains(text(),'Welcome')],Map())).find.exists preparation crashed: Could not parse response into a DOM Document: n.s.s.t.XPathException: org.xml.sax.SAXParseException; lineNumber: 1; columnNumber: 3; The markup in the document preceding the root element must be well-formed.
REQUEST		request_5	1644852952300	1644852952307	OK	 
REQUEST		request_4	1644852952970	1644852952977	OK	 
REQUEST		request_6	1644852952967	1644852952978	OK	 
USER	DemoAdvanced	END	1644852952979
REQUEST		request_4 Redirect 1	1644852952978	1644852952990	OK	 
REQUEST		request_1	1644852953010	1644852953014	OK	 
REQUEST		request_3	1644852953156	1644852953162	OK	 
REQUEST		request_2	1644852953308	1644852953314	OK	 
REQUEST		request_2	1644852953323	1644852953332	OK	 
REQUEST		request_2	1644852953507	1644852953512	OK	 
REQUEST		request_2	1644852953576	1644852953581	OK	 
REQUEST		request_2	1644852953782	1644852953789	OK	 
REQUEST		request_2	1644852953856	1644852953862	OK	 
REQUEST		request_2	1644852953917	1644852953923	OK	 
REQUEST		request_0	1644852953995	1644852953997	KO	xpath((//h2[contains(text(),'Welcome')],Map())).find.exists preparation crashed: Could not parse response into a DOM Document: n.s.s.t.XPathException: org.xml.sax.SAXParseException; lineNumber: 1; columnNumber: 3; The markup in the document preceding the root element must be well-formed.
REQUEST		request_2	1644852954166	1644852954192	OK	 
REQUEST		request_1	1644852954301	1644852954306	OK	 
REQUEST		request_3	1644852954315	1644852954321	OK	 
REQUEST		request_3	1644852954335	1644852954340	OK	 
REQUEST		request_3	1644852954517	1644852954523	OK	 
REQUEST		request_3	1644852954585	1644852954590	OK	 
REQUEST		request_6	1644852954777	1644852954784	OK	 
REQUEST		request_5	1644852954785	1644852954791	OK	 
REQUEST		request_3	1644852954793	1644852954798	OK	 
REQUEST		request_3	1644852954867	1644852954872	OK	 
REQUEST		request_3	1644852954926	1644852954934	OK	 
REQUEST		request_6	1644852954972	1644852954980	OK	 
USER	DemoAdvanced	END	1644852954981
REQUEST		request_4	1644852954979	1644852954985	OK	 
REQUEST		request_4 Redirect 1	1644852954985	1644852955004	OK	 
REQUEST		request_2	1644852955018	1644852955023	OK	 
REQUEST		request_3	1644852955195	1644852955204	OK	 
REQUEST		request_1	1644852956001	1644852956004	OK	 
REQUEST		request_0	1644852956010	1644852956012	KO	xpath((//h2[contains(text(),'Welcome')],Map())).find.exists preparation crashed: Could not parse response into a DOM Document: n.s.s.t.XPathException: org.xml.sax.SAXParseException; lineNumber: 1; columnNumber: 3; The markup in the document preceding the root element must be well-formed.
REQUEST		request_3	1644852956028	1644852956035	OK	 
REQUEST		request_2	1644852956311	1644852956318	OK	 
REQUEST		request_4	1644852957168	1644852957172	OK	 
REQUEST		request_4 Redirect 1	1644852957172	1644852957181	OK	 
REQUEST		request_6	1644852957311	1644852957316	OK	 
USER	DemoAdvanced	END	1644852957317
REQUEST		request_3	1644852957319	1644852957324	OK	 
REQUEST		request_2	1644852958010	1644852958015	OK	 
REQUEST		request_1	1644852958018	1644852958022	OK	 
REQUEST		request_0	1644852958186	1644852958191	KO	xpath((//h2[contains(text(),'Welcome')],Map())).find.exists preparation crashed: Could not parse response into a DOM Document: n.s.s.t.XPathException: org.xml.sax.SAXParseException; lineNumber: 1; columnNumber: 3; The markup in the document preceding the root element must be well-formed.
REQUEST		request_4	1644852958326	1644852958331	OK	 
REQUEST		request_4 Redirect 1	1644852958331	1644852958341	OK	 
REQUEST		request_4	1644852958343	1644852958347	OK	 
REQUEST		request_4 Redirect 1	1644852958348	1644852958359	OK	 
REQUEST		request_4	1644852958526	1644852958530	OK	 
REQUEST		request_4 Redirect 1	1644852958531	1644852958543	OK	 
REQUEST		request_4	1644852958595	1644852958600	OK	 
REQUEST		request_4 Redirect 1	1644852958600	1644852958608	OK	 
REQUEST		request_4	1644852958801	1644852958807	OK	 
REQUEST		request_4 Redirect 1	1644852958807	1644852958815	OK	 
REQUEST		request_4	1644852958877	1644852958882	OK	 
REQUEST		request_4 Redirect 1	1644852958882	1644852958893	OK	 
REQUEST		request_4	1644852958936	1644852958941	OK	 
REQUEST		request_4 Redirect 1	1644852958941	1644852958949	OK	 
REQUEST		request_3	1644852959018	1644852959022	OK	 
REQUEST		request_4	1644852959205	1644852959209	OK	 
REQUEST		request_4 Redirect 1	1644852959209	1644852959217	OK	 
REQUEST		request_5	1644852959344	1644852959350	OK	 
REQUEST		request_0	1644852959362	1644852959366	KO	xpath((//h2[contains(text(),'Welcome')],Map())).find.exists preparation crashed: Could not parse response into a DOM Document: n.s.s.t.XPathException: org.xml.sax.SAXParseException; lineNumber: 1; columnNumber: 3; The markup in the document preceding the root element must be well-formed.
REQUEST		request_5	1644852959549	1644852959554	OK	 
REQUEST		request_5	1644852959610	1644852959616	OK	 
REQUEST		request_6	1644852959795	1644852959801	OK	 
USER	DemoAdvanced	END	1644852959802
REQUEST		request_5	1644852959817	1644852959824	OK	 
REQUEST		request_5	1644852959895	1644852959899	OK	 
REQUEST		request_0	1644852959952	1644852959957	KO	xpath((//h2[contains(text(),'Welcome')],Map())).find.exists preparation crashed: Could not parse response into a DOM Document: n.s.s.t.XPathException: org.xml.sax.SAXParseException; lineNumber: 1; columnNumber: 3; The markup in the document preceding the root element must be well-formed.
REQUEST		request_2	1644852960026	1644852960032	OK	 
REQUEST		request_4	1644852960035	1644852960039	OK	 
REQUEST		request_4 Redirect 1	1644852960039	1644852960047	OK	 
REQUEST		request_1	1644852960198	1644852960201	OK	 
REQUEST		request_0	1644852960222	1644852960225	KO	xpath((//h2[contains(text(),'Welcome')],Map())).find.exists preparation crashed: Could not parse response into a DOM Document: n.s.s.t.XPathException: org.xml.sax.SAXParseException; lineNumber: 1; columnNumber: 3; The markup in the document preceding the root element must be well-formed.
REQUEST		request_3	1644852961038	1644852961043	OK	 
REQUEST		request_5	1644852961053	1644852961057	OK	 
REQUEST		request_4	1644852961326	1644852961331	OK	 
REQUEST		request_4 Redirect 1	1644852961331	1644852961340	OK	 
REQUEST		request_1	1644852961371	1644852961374	OK	 
REQUEST		request_1	1644852961959	1644852961962	OK	 
REQUEST		request_2	1644852962207	1644852962213	OK	 
REQUEST		request_1	1644852962230	1644852962233	OK	 
REQUEST		request_0	1644852962343	1644852962346	KO	xpath((//h2[contains(text(),'Welcome')],Map())).find.exists preparation crashed: Could not parse response into a DOM Document: n.s.s.t.XPathException: org.xml.sax.SAXParseException; lineNumber: 1; columnNumber: 3; The markup in the document preceding the root element must be well-formed.
REQUEST		request_4	1644852963026	1644852963031	OK	 
REQUEST		request_4 Redirect 1	1644852963031	1644852963039	OK	 
REQUEST		request_3	1644852963217	1644852963224	OK	 
REQUEST		request_2	1644852963377	1644852963381	OK	 
REQUEST		request_2	1644852963967	1644852963971	OK	 
REQUEST		request_5	1644852964042	1644852964048	OK	 
REQUEST		request_2	1644852964238	1644852964244	OK	 
REQUEST		request_1	1644852964351	1644852964357	OK	 
REQUEST		request_6	1644852964351	1644852964358	OK	 
REQUEST		request_5	1644852964359	1644852964366	OK	 
REQUEST		request_3	1644852964386	1644852964393	OK	 
REQUEST		request_6	1644852964560	1644852964566	OK	 
REQUEST		request_5	1644852964567	1644852964573	OK	 
REQUEST		request_6	1644852964620	1644852964630	OK	 
REQUEST		request_5	1644852964630	1644852964635	OK	 
REQUEST		request_6	1644852964829	1644852964835	OK	 
REQUEST		request_5	1644852964835	1644852964840	OK	 
REQUEST		request_6	1644852964902	1644852964908	OK	 
REQUEST		request_5	1644852964909	1644852964913	OK	 
REQUEST		request_3	1644852964977	1644852964986	OK	 
REQUEST		request_4	1644852965045	1644852965049	OK	 
REQUEST		request_4 Redirect 1	1644852965049	1644852965062	OK	 
REQUEST		request_3	1644852965245	1644852965249	OK	 
REQUEST		request_6	1644852966059	1644852966065	OK	 
REQUEST		request_5	1644852966065	1644852966071	OK	 
REQUEST		request_0	1644852966067	1644852966070	KO	xpath((//h2[contains(text(),'Welcome')],Map())).find.exists preparation crashed: Could not parse response into a DOM Document: n.s.s.t.XPathException: org.xml.sax.SAXParseException; lineNumber: 1; columnNumber: 3; The markup in the document preceding the root element must be well-formed.
REQUEST		request_2	1644852966361	1644852966367	OK	 
REQUEST		request_4	1644852967230	1644852967234	OK	 
REQUEST		request_4 Redirect 1	1644852967235	1644852967243	OK	 
REQUEST		request_3	1644852967368	1644852967373	OK	 
REQUEST		request_1	1644852968076	1644852968080	OK	 
REQUEST		request_0	1644852968248	1644852968253	KO	xpath((//h2[contains(text(),'Welcome')],Map())).find.exists preparation crashed: Could not parse response into a DOM Document: n.s.s.t.XPathException: org.xml.sax.SAXParseException; lineNumber: 1; columnNumber: 3; The markup in the document preceding the root element must be well-formed.
REQUEST		request_4	1644852968395	1644852968398	OK	 
REQUEST		request_4 Redirect 1	1644852968399	1644852968406	OK	 
REQUEST		request_4	1644852968992	1644852968996	OK	 
REQUEST		request_4 Redirect 1	1644852968997	1644852969009	OK	 
REQUEST		request_6	1644852969054	1644852969060	OK	 
REQUEST		request_5	1644852969061	1644852969066	OK	 
REQUEST		request_4	1644852969252	1644852969256	OK	 
REQUEST		request_4 Redirect 1	1644852969256	1644852969273	OK	 
REQUEST		request_6	1644852969371	1644852969377	OK	 
USER	DemoAdvanced	END	1644852969378
REQUEST		request_0	1644852969411	1644852969416	KO	xpath((//h2[contains(text(),'Welcome')],Map())).find.exists preparation crashed: Could not parse response into a DOM Document: n.s.s.t.XPathException: org.xml.sax.SAXParseException; lineNumber: 1; columnNumber: 3; The markup in the document preceding the root element must be well-formed.
REQUEST		request_6	1644852969577	1644852969583	OK	 
USER	DemoAdvanced	END	1644852969584
REQUEST		request_6	1644852969636	1644852969642	OK	 
USER	DemoAdvanced	END	1644852969643
REQUEST		request_6	1644852969844	1644852969851	OK	 
USER	DemoAdvanced	END	1644852969852
REQUEST		request_6	1644852969917	1644852969931	OK	 
USER	DemoAdvanced	END	1644852969932
REQUEST		request_5	1644852970011	1644852970016	OK	 
REQUEST		request_2	1644852970084	1644852970089	OK	 
REQUEST		request_1	1644852970254	1644852970257	OK	 
REQUEST		request_0	1644852970278	1644852970281	KO	xpath((//h2[contains(text(),'Welcome')],Map())).find.exists preparation crashed: Could not parse response into a DOM Document: n.s.s.t.XPathException: org.xml.sax.SAXParseException; lineNumber: 1; columnNumber: 3; The markup in the document preceding the root element must be well-formed.
REQUEST		request_6	1644852971076	1644852971086	OK	 
USER	DemoAdvanced	END	1644852971088
REQUEST		request_3	1644852971092	1644852971099	OK	 
REQUEST		request_4	1644852971379	1644852971384	OK	 
REQUEST		request_4 Redirect 1	1644852971385	1644852971394	OK	 
REQUEST		request_1	1644852971422	1644852971426	OK	 
REQUEST		request_2	1644852972258	1644852972263	OK	 
REQUEST		request_1	1644852972286	1644852972290	OK	 
REQUEST		request_0	1644852972395	1644852972400	KO	xpath((//h2[contains(text(),'Welcome')],Map())).find.exists preparation crashed: Could not parse response into a DOM Document: n.s.s.t.XPathException: org.xml.sax.SAXParseException; lineNumber: 1; columnNumber: 3; The markup in the document preceding the root element must be well-formed.
REQUEST		request_3	1644852973268	1644852973274	OK	 
REQUEST		request_2	1644852973432	1644852973437	OK	 
REQUEST		request_6	1644852974069	1644852974076	OK	 
USER	DemoAdvanced	END	1644852974077
REQUEST		request_2	1644852974294	1644852974298	OK	 
REQUEST		request_1	1644852974405	1644852974410	OK	 
REQUEST		request_3	1644852974442	1644852974446	OK	 
REQUEST		request_6	1644852975018	1644852975023	OK	 
REQUEST		request_5	1644852975024	1644852975029	OK	 
REQUEST		request_4	1644852975101	1644852975106	OK	 
REQUEST		request_4 Redirect 1	1644852975107	1644852975120	OK	 
REQUEST		request_3	1644852975300	1644852975306	OK	 
REQUEST		request_0	1644852976124	1644852976127	KO	xpath((//h2[contains(text(),'Welcome')],Map())).find.exists preparation crashed: Could not parse response into a DOM Document: n.s.s.t.XPathException: org.xml.sax.SAXParseException; lineNumber: 1; columnNumber: 3; The markup in the document preceding the root element must be well-formed.
REQUEST		request_2	1644852976412	1644852976419	OK	 
REQUEST		request_4	1644852977277	1644852977283	OK	 
REQUEST		request_4 Redirect 1	1644852977283	1644852977295	OK	 
REQUEST		request_3	1644852977423	1644852977430	OK	 
REQUEST		request_1	1644852978133	1644852978136	OK	 
REQUEST		request_0	1644852978299	1644852978304	KO	xpath((//h2[contains(text(),'Welcome')],Map())).find.exists preparation crashed: Could not parse response into a DOM Document: n.s.s.t.XPathException: org.xml.sax.SAXParseException; lineNumber: 1; columnNumber: 3; The markup in the document preceding the root element must be well-formed.
REQUEST		request_4	1644852978449	1644852978454	OK	 
REQUEST		request_4 Redirect 1	1644852978454	1644852978462	OK	 
REQUEST		request_4	1644852979310	1644852979314	OK	 
REQUEST		request_4 Redirect 1	1644852979314	1644852979322	OK	 
REQUEST		request_5	1644852979466	1644852979473	OK	 
REQUEST		request_6	1644852980033	1644852980039	OK	 
USER	DemoAdvanced	END	1644852980040
REQUEST		request_2	1644852980140	1644852980144	OK	 
REQUEST		request_1	1644852980311	1644852980315	OK	 
REQUEST		request_0	1644852980328	1644852980330	KO	xpath((//h2[contains(text(),'Welcome')],Map())).find.exists preparation crashed: Could not parse response into a DOM Document: n.s.s.t.XPathException: org.xml.sax.SAXParseException; lineNumber: 1; columnNumber: 3; The markup in the document preceding the root element must be well-formed.
REQUEST		request_3	1644852981150	1644852981154	OK	 
REQUEST		request_4	1644852981450	1644852981510	OK	 
REQUEST		request_4 Redirect 1	1644852981510	1644852981541	OK	 
REQUEST		request_2	1644852982316	1644852982323	OK	 
REQUEST		request_1	1644852982335	1644852982338	OK	 
REQUEST		request_0	1644852982545	1644852982549	KO	xpath((//h2[contains(text(),'Welcome')],Map())).find.exists preparation crashed: Could not parse response into a DOM Document: n.s.s.t.XPathException: org.xml.sax.SAXParseException; lineNumber: 1; columnNumber: 3; The markup in the document preceding the root element must be well-formed.
REQUEST		request_3	1644852983327	1644852983342	OK	 
REQUEST		request_2	1644852984344	1644852984348	OK	 
REQUEST		request_6	1644852984478	1644852984486	OK	 
REQUEST		request_5	1644852984487	1644852984493	OK	 
REQUEST		request_1	1644852984551	1644852984555	OK	 
REQUEST		request_4	1644852985158	1644852985164	OK	 
REQUEST		request_4 Redirect 1	1644852985164	1644852985172	OK	 
REQUEST		request_3	1644852985352	1644852985360	OK	 
REQUEST		request_0	1644852986177	1644852986179	KO	xpath((//h2[contains(text(),'Welcome')],Map())).find.exists preparation crashed: Could not parse response into a DOM Document: n.s.s.t.XPathException: org.xml.sax.SAXParseException; lineNumber: 1; columnNumber: 3; The markup in the document preceding the root element must be well-formed.
REQUEST		request_2	1644852986556	1644852986562	OK	 
REQUEST		request_4	1644852987348	1644852987353	OK	 
REQUEST		request_4 Redirect 1	1644852987353	1644852987367	OK	 
REQUEST		request_3	1644852987567	1644852987574	OK	 
REQUEST		request_1	1644852988184	1644852988187	OK	 
REQUEST		request_0	1644852988371	1644852988374	KO	xpath((//h2[contains(text(),'Welcome')],Map())).find.exists preparation crashed: Could not parse response into a DOM Document: n.s.s.t.XPathException: org.xml.sax.SAXParseException; lineNumber: 1; columnNumber: 3; The markup in the document preceding the root element must be well-formed.
REQUEST		request_4	1644852989366	1644852989371	OK	 
REQUEST		request_4 Redirect 1	1644852989371	1644852989381	OK	 
REQUEST		request_6	1644852989498	1644852989505	OK	 
USER	DemoAdvanced	END	1644852989506
REQUEST		request_2	1644852990192	1644852990196	OK	 
REQUEST		request_1	1644852990380	1644852990385	OK	 
REQUEST		request_0	1644852990385	1644852990390	KO	xpath((//h2[contains(text(),'Welcome')],Map())).find.exists preparation crashed: Could not parse response into a DOM Document: n.s.s.t.XPathException: org.xml.sax.SAXParseException; lineNumber: 1; columnNumber: 3; The markup in the document preceding the root element must be well-formed.
REQUEST		request_3	1644852991200	1644852991204	OK	 
REQUEST		request_4	1644852991578	1644852991582	OK	 
REQUEST		request_4 Redirect 1	1644852991582	1644852991592	OK	 
REQUEST		request_2	1644852992391	1644852992397	OK	 
REQUEST		request_1	1644852992396	1644852992398	OK	 
REQUEST		request_0	1644852992593	1644852992596	KO	xpath((//h2[contains(text(),'Welcome')],Map())).find.exists preparation crashed: Could not parse response into a DOM Document: n.s.s.t.XPathException: org.xml.sax.SAXParseException; lineNumber: 1; columnNumber: 3; The markup in the document preceding the root element must be well-formed.
REQUEST		request_3	1644852993401	1644852993407	OK	 
REQUEST		request_2	1644852994401	1644852994405	OK	 
REQUEST		request_1	1644852994598	1644852994606	OK	 
REQUEST		request_4	1644852995210	1644852995214	OK	 
REQUEST		request_4 Redirect 1	1644852995214	1644852995223	OK	 
REQUEST		request_3	1644852995410	1644852995414	OK	 
REQUEST		request_5	1644852996224	1644852996241	OK	 
REQUEST		request_2	1644852996610	1644852996623	OK	 
REQUEST		request_4	1644852997410	1644852997415	OK	 
REQUEST		request_4 Redirect 1	1644852997415	1644852997426	OK	 
REQUEST		request_3	1644852997624	1644852997630	OK	 
REQUEST		request_0	1644852998431	1644852998435	KO	xpath((//h2[contains(text(),'Welcome')],Map())).find.exists preparation crashed: Could not parse response into a DOM Document: n.s.s.t.XPathException: org.xml.sax.SAXParseException; lineNumber: 1; columnNumber: 3; The markup in the document preceding the root element must be well-formed.
REQUEST		request_4	1644852999416	1644852999421	OK	 
REQUEST		request_4 Redirect 1	1644852999422	1644852999433	OK	 
USER	DemoAdvanced	END	1644853000436
REQUEST		request_1	1644853000437	1644853000440	OK	 
REQUEST		request_6	1644853001242	1644853001250	OK	 
REQUEST		request_5	1644853001251	1644853001256	OK	 
REQUEST		request_4	1644853001631	1644853001636	OK	 
REQUEST		request_4 Redirect 1	1644853001637	1644853001646	OK	 
REQUEST		request_2	1644853002445	1644853002450	OK	 
USER	DemoAdvanced	END	1644853002650
REQUEST		request_3	1644853003455	1644853003461	OK	 
REQUEST		request_6	1644853006280	1644853006323	OK	 
USER	DemoAdvanced	END	1644853006324
REQUEST		request_4	1644853007463	1644853007467	OK	 
REQUEST		request_4 Redirect 1	1644853007467	1644853007480	OK	 
USER	DemoAdvanced	END	1644853008486
