RUN	demoAdvancedIk.DemoAdvanced	demoadvanced	1644833137090	 	3.6.1
USER	DemoAdvanced	START	1644833138076
REQUEST		request_0	1644833138091	1644833138111	OK	 
REQUEST		request_1	1644833140149	1644833140155	OK	 
REQUEST		request_2	1644833142162	1644833142169	OK	 
REQUEST		request_2 Redirect 1	1644833142172	1644833142182	OK	 
REQUEST		request_3	1644833143186	1644833143195	OK	 
REQUEST		request_4	1644833147204	1644833147213	OK	 
REQUEST		request_4 Redirect 1	1644833147214	1644833147223	OK	 
REQUEST		request_5	1644833148229	1644833148242	OK	 
REQUEST		request_6	1644833153250	1644833153266	OK	 
REQUEST		request_7	1644833158270	1644833158282	OK	 
REQUEST		request_7 Redirect 1	1644833158282	1644833158293	OK	 
REQUEST		request_8	1644833164299	1644833164312	OK	 
REQUEST		request_9	1644833167315	1644833167330	OK	 
REQUEST		request_9 Redirect 1	1644833167331	1644833167339	OK	 
REQUEST		request_10	1644833169346	1644833169359	OK	 
REQUEST		request_11	1644833173363	1644833173373	OK	 
REQUEST		request_11 Redirect 1	1644833173373	1644833173387	OK	 
REQUEST		request_12	1644833178393	1644833178402	OK	 
REQUEST		request_13	1644833181408	1644833181414	OK	 
USER	DemoAdvanced	END	1644833181415
